[4.762s] Invoking command in '/home/nano/ros2_uav_ws/build/px4_offboard': CMAKE_PREFIX_PATH=/home/nano/ros2_uav_ws/install/px4_msgs:/home/nano/ros2_uav_ws/install/v4l2_camera:/home/nano/ros2_uav_ws/install/px4_ros_com LD_LIBRARY_PATH=/home/nano/ros2_uav_ws/install/px4_msgs/lib:/home/nano/ros2_uav_ws/install/v4l2_camera/lib:/home/nano/ros2_uav_ws/install/px4_ros_com/lib:/opt/ros/humble/opt/rviz_ogre_vendor/lib:/opt/ros/humble/lib/aarch64-linux-gnu:/opt/ros/humble/lib PYTHONPATH=/home/nano/ros2_uav_ws/build/px4_offboard/prefix_override:/home/nano/.local/lib/python3.10/site-packages/colcon_core/task/python/colcon_distutils_commands:/home/nano/ros2_uav_ws/install/px4_offboard/lib/python3.10/site-packages:${PYTHONPATH} /usr/bin/python3 -W ignore:setup.py install is deprecated setup.py develop --editable --build-directory /home/nano/ros2_uav_ws/build/px4_offboard/build --no-deps symlink_data
[6.587s] running develop
[6.588s] /home/nano/.local/lib/python3.10/site-packages/setuptools/command/develop.py:42: EasyInstallDeprecationWarning: easy_install command is deprecated.
[6.589s] !!
[6.589s] 
[6.589s]         ********************************************************************************
[6.590s]         Please avoid running ``setup.py`` and ``easy_install``.
[6.590s]         Instead, use pypa/build, pypa/installer or other
[6.591s]         standards-based tools.
[6.591s] 
[6.591s]         See https://github.com/pypa/setuptools/issues/917 for details.
[6.592s]         ********************************************************************************
[6.592s] 
[6.592s] !!
[6.593s]   easy_install.initialize_options(self)
[7.883s] running egg_info
[7.884s] creating px4_offboard.egg-info
[7.977s] writing px4_offboard.egg-info/PKG-INFO
[7.979s] writing dependency_links to px4_offboard.egg-info/dependency_links.txt
[7.980s] writing entry points to px4_offboard.egg-info/entry_points.txt
[7.981s] writing requirements to px4_offboard.egg-info/requires.txt
[7.982s] writing top-level names to px4_offboard.egg-info/top_level.txt
[7.982s] writing manifest file 'px4_offboard.egg-info/SOURCES.txt'
[8.176s] reading manifest file 'px4_offboard.egg-info/SOURCES.txt'
[8.179s] writing manifest file 'px4_offboard.egg-info/SOURCES.txt'
[8.279s] running build_ext
[8.279s] Creating /home/nano/ros2_uav_ws/install/px4_offboard/lib/python3.10/site-packages/px4-offboard.egg-link (link to .)
[8.283s] Installing control script to /home/nano/ros2_uav_ws/install/px4_offboard/lib/px4_offboard
[8.284s] Installing offboard_control script to /home/nano/ros2_uav_ws/install/px4_offboard/lib/px4_offboard
[8.286s] Installing processes script to /home/nano/ros2_uav_ws/install/px4_offboard/lib/px4_offboard
[8.287s] Installing velocity_control script to /home/nano/ros2_uav_ws/install/px4_offboard/lib/px4_offboard
[8.288s] Installing visualizer script to /home/nano/ros2_uav_ws/install/px4_offboard/lib/px4_offboard
[8.289s] 
[8.289s] Installed /home/nano/ros2_uav_ws/build/px4_offboard
[8.290s] running symlink_data
[8.290s] creating /home/nano/ros2_uav_ws/install/px4_offboard/share/ament_index
[8.291s] creating /home/nano/ros2_uav_ws/install/px4_offboard/share/ament_index/resource_index
[8.292s] creating /home/nano/ros2_uav_ws/install/px4_offboard/share/ament_index/resource_index/packages
[8.292s] symbolically linking /home/nano/ros2_uav_ws/build/px4_offboard/resource/px4_offboard -> /home/nano/ros2_uav_ws/install/px4_offboard/share/ament_index/resource_index/packages
[8.293s] symbolically linking /home/nano/ros2_uav_ws/build/px4_offboard/resource/visualize.rviz -> /home/nano/ros2_uav_ws/install/px4_offboard/share/ament_index/resource_index/packages
[8.295s] symbolically linking /home/nano/ros2_uav_ws/build/px4_offboard/package.xml -> /home/nano/ros2_uav_ws/install/px4_offboard/share/px4_offboard
[8.295s] symbolically linking /home/nano/ros2_uav_ws/build/px4_offboard/launch/offboard_velocity_control.launch.py -> /home/nano/ros2_uav_ws/install/px4_offboard/share/px4_offboard
[8.299s] symbolically linking /home/nano/ros2_uav_ws/build/px4_offboard/resource/visualize.rviz -> /home/nano/ros2_uav_ws/install/px4_offboard/share/px4_offboard
[8.483s] Invoked command in '/home/nano/ros2_uav_ws/build/px4_offboard' returned '0': CMAKE_PREFIX_PATH=/home/nano/ros2_uav_ws/install/px4_msgs:/home/nano/ros2_uav_ws/install/v4l2_camera:/home/nano/ros2_uav_ws/install/px4_ros_com LD_LIBRARY_PATH=/home/nano/ros2_uav_ws/install/px4_msgs/lib:/home/nano/ros2_uav_ws/install/v4l2_camera/lib:/home/nano/ros2_uav_ws/install/px4_ros_com/lib:/opt/ros/humble/opt/rviz_ogre_vendor/lib:/opt/ros/humble/lib/aarch64-linux-gnu:/opt/ros/humble/lib PYTHONPATH=/home/nano/ros2_uav_ws/build/px4_offboard/prefix_override:/home/nano/.local/lib/python3.10/site-packages/colcon_core/task/python/colcon_distutils_commands:/home/nano/ros2_uav_ws/install/px4_offboard/lib/python3.10/site-packages:${PYTHONPATH} /usr/bin/python3 -W ignore:setup.py install is deprecated setup.py develop --editable --build-directory /home/nano/ros2_uav_ws/build/px4_offboard/build --no-deps symlink_data
