[1.784s] DEBUG:colcon:Command line arguments: ['/home/nano/.local/bin/colcon', 'build']
[1.785s] DEBUG:colcon:Parsed command line arguments: Namespace(log_base=None, log_level=None, verb_name='build', build_base='build', install_base='install', merge_install=False, symlink_install=False, test_result_base=None, continue_on_error=False, executor='parallel', parallel_workers=4, event_handlers=None, ignore_user_meta=False, metas=['./colcon.meta'], base_paths=['.'], packages_ignore=None, packages_ignore_regex=None, paths=None, packages_up_to=None, packages_up_to_regex=None, packages_above=None, packages_above_and_dependencies=None, packages_above_depth=None, packages_select_by_dep=None, packages_skip_by_dep=None, packages_skip_up_to=None, packages_select_build_failed=False, packages_skip_build_finished=False, packages_select_test_failures=False, packages_skip_test_passed=False, packages_select=None, packages_skip=None, packages_select_regex=None, packages_skip_regex=None, packages_start=None, packages_end=None, cmake_args=None, cmake_target=None, cmake_target_skip_unavailable=False, cmake_clean_cache=False, cmake_clean_first=False, cmake_force_configure=False, ament_cmake_args=None, catkin_cmake_args=None, catkin_skip_building_tests=False, verb_parser=<colcon_defaults.argument_parser.defaults.DefaultArgumentsDecorator object at 0xffffbceafdf0>, verb_extension=<colcon_core.verb.build.BuildVerb object at 0xffffbcddd090>, main=<bound method BuildVerb.main of <colcon_core.verb.build.BuildVerb object at 0xffffbcddd090>>)
[1.999s] Level 1:colcon.colcon_core.package_discovery:discover_packages(colcon_meta) check parameters
[2.000s] Level 1:colcon.colcon_core.package_discovery:discover_packages(recursive) check parameters
[2.000s] Level 1:colcon.colcon_core.package_discovery:discover_packages(ignore) check parameters
[2.000s] Level 1:colcon.colcon_core.package_discovery:discover_packages(path) check parameters
[2.001s] Level 1:colcon.colcon_core.package_discovery:discover_packages(colcon_meta) discover
[2.001s] Level 1:colcon.colcon_core.package_discovery:discover_packages(recursive) discover
[2.001s] INFO:colcon.colcon_core.package_discovery:Crawling recursively for packages in '/home/nano/ros2_uav_ws'
[2.001s] Level 1:colcon.colcon_core.package_identification:_identify(.) by extensions ['ignore', 'ignore_ament_install']
[2.002s] Level 1:colcon.colcon_core.package_identification:_identify(.) by extension 'ignore'
[2.003s] Level 1:colcon.colcon_core.package_identification:_identify(.) by extension 'ignore_ament_install'
[2.003s] Level 1:colcon.colcon_core.package_identification:_identify(.) by extensions ['colcon_pkg']
[2.003s] Level 1:colcon.colcon_core.package_identification:_identify(.) by extension 'colcon_pkg'
[2.004s] Level 1:colcon.colcon_core.package_identification:_identify(.) by extensions ['colcon_meta']
[2.004s] Level 1:colcon.colcon_core.package_identification:_identify(.) by extension 'colcon_meta'
[2.004s] Level 1:colcon.colcon_core.package_identification:_identify(.) by extensions ['ros']
[2.004s] Level 1:colcon.colcon_core.package_identification:_identify(.) by extension 'ros'
[2.070s] Level 1:colcon.colcon_core.package_identification:_identify(.) by extensions ['cmake', 'python']
[2.070s] Level 1:colcon.colcon_core.package_identification:_identify(.) by extension 'cmake'
[2.070s] Level 1:colcon.colcon_core.package_identification:_identify(.) by extension 'python'
[2.071s] Level 1:colcon.colcon_core.package_identification:_identify(.) by extensions ['python_setup_py']
[2.071s] Level 1:colcon.colcon_core.package_identification:_identify(.) by extension 'python_setup_py'
[2.071s] Level 1:colcon.colcon_core.package_identification:_identify(build) by extensions ['ignore', 'ignore_ament_install']
[2.072s] Level 1:colcon.colcon_core.package_identification:_identify(build) by extension 'ignore'
[2.072s] Level 1:colcon.colcon_core.package_identification:_identify(build) ignored
[2.072s] Level 1:colcon.colcon_core.package_identification:_identify(install) by extensions ['ignore', 'ignore_ament_install']
[2.073s] Level 1:colcon.colcon_core.package_identification:_identify(install) by extension 'ignore'
[2.073s] Level 1:colcon.colcon_core.package_identification:_identify(install) ignored
[2.074s] Level 1:colcon.colcon_core.package_identification:_identify(log) by extensions ['ignore', 'ignore_ament_install']
[2.074s] Level 1:colcon.colcon_core.package_identification:_identify(log) by extension 'ignore'
[2.074s] Level 1:colcon.colcon_core.package_identification:_identify(log) ignored
[2.075s] Level 1:colcon.colcon_core.package_identification:_identify(src) by extensions ['ignore', 'ignore_ament_install']
[2.076s] Level 1:colcon.colcon_core.package_identification:_identify(src) by extension 'ignore'
[2.076s] Level 1:colcon.colcon_core.package_identification:_identify(src) by extension 'ignore_ament_install'
[2.076s] Level 1:colcon.colcon_core.package_identification:_identify(src) by extensions ['colcon_pkg']
[2.076s] Level 1:colcon.colcon_core.package_identification:_identify(src) by extension 'colcon_pkg'
[2.076s] Level 1:colcon.colcon_core.package_identification:_identify(src) by extensions ['colcon_meta']
[2.076s] Level 1:colcon.colcon_core.package_identification:_identify(src) by extension 'colcon_meta'
[2.077s] Level 1:colcon.colcon_core.package_identification:_identify(src) by extensions ['ros']
[2.077s] Level 1:colcon.colcon_core.package_identification:_identify(src) by extension 'ros'
[2.077s] Level 1:colcon.colcon_core.package_identification:_identify(src) by extensions ['cmake', 'python']
[2.077s] Level 1:colcon.colcon_core.package_identification:_identify(src) by extension 'cmake'
[2.077s] Level 1:colcon.colcon_core.package_identification:_identify(src) by extension 'python'
[2.078s] Level 1:colcon.colcon_core.package_identification:_identify(src) by extensions ['python_setup_py']
[2.078s] Level 1:colcon.colcon_core.package_identification:_identify(src) by extension 'python_setup_py'
[2.081s] Level 1:colcon.colcon_core.package_identification:_identify(src/ROS2_PX4_Offboard_Example) by extensions ['ignore', 'ignore_ament_install']
[2.082s] Level 1:colcon.colcon_core.package_identification:_identify(src/ROS2_PX4_Offboard_Example) by extension 'ignore'
[2.082s] Level 1:colcon.colcon_core.package_identification:_identify(src/ROS2_PX4_Offboard_Example) by extension 'ignore_ament_install'
[2.083s] Level 1:colcon.colcon_core.package_identification:_identify(src/ROS2_PX4_Offboard_Example) by extensions ['colcon_pkg']
[2.083s] Level 1:colcon.colcon_core.package_identification:_identify(src/ROS2_PX4_Offboard_Example) by extension 'colcon_pkg'
[2.083s] Level 1:colcon.colcon_core.package_identification:_identify(src/ROS2_PX4_Offboard_Example) by extensions ['colcon_meta']
[2.084s] Level 1:colcon.colcon_core.package_identification:_identify(src/ROS2_PX4_Offboard_Example) by extension 'colcon_meta'
[2.084s] Level 1:colcon.colcon_core.package_identification:_identify(src/ROS2_PX4_Offboard_Example) by extensions ['ros']
[2.084s] Level 1:colcon.colcon_core.package_identification:_identify(src/ROS2_PX4_Offboard_Example) by extension 'ros'
[2.084s] Level 1:colcon.colcon_core.package_identification:_identify(src/ROS2_PX4_Offboard_Example) by extensions ['cmake', 'python']
[2.085s] Level 1:colcon.colcon_core.package_identification:_identify(src/ROS2_PX4_Offboard_Example) by extension 'cmake'
[2.085s] Level 1:colcon.colcon_core.package_identification:_identify(src/ROS2_PX4_Offboard_Example) by extension 'python'
[2.085s] Level 1:colcon.colcon_core.package_identification:_identify(src/ROS2_PX4_Offboard_Example) by extensions ['python_setup_py']
[2.085s] Level 1:colcon.colcon_core.package_identification:_identify(src/ROS2_PX4_Offboard_Example) by extension 'python_setup_py'
[2.086s] Level 1:colcon.colcon_core.package_identification:_identify(src/ROS2_PX4_Offboard_Example/px4_offboard) by extensions ['ignore', 'ignore_ament_install']
[2.087s] Level 1:colcon.colcon_core.package_identification:_identify(src/ROS2_PX4_Offboard_Example/px4_offboard) by extension 'ignore'
[2.087s] Level 1:colcon.colcon_core.package_identification:_identify(src/ROS2_PX4_Offboard_Example/px4_offboard) by extension 'ignore_ament_install'
[2.088s] Level 1:colcon.colcon_core.package_identification:_identify(src/ROS2_PX4_Offboard_Example/px4_offboard) by extensions ['colcon_pkg']
[2.088s] Level 1:colcon.colcon_core.package_identification:_identify(src/ROS2_PX4_Offboard_Example/px4_offboard) by extension 'colcon_pkg'
[2.088s] Level 1:colcon.colcon_core.package_identification:_identify(src/ROS2_PX4_Offboard_Example/px4_offboard) by extensions ['colcon_meta']
[2.088s] Level 1:colcon.colcon_core.package_identification:_identify(src/ROS2_PX4_Offboard_Example/px4_offboard) by extension 'colcon_meta'
[2.088s] Level 1:colcon.colcon_core.package_identification:_identify(src/ROS2_PX4_Offboard_Example/px4_offboard) by extensions ['ros']
[2.089s] Level 1:colcon.colcon_core.package_identification:_identify(src/ROS2_PX4_Offboard_Example/px4_offboard) by extension 'ros'
[2.100s] DEBUG:colcon.colcon_core.package_identification:Package 'src/ROS2_PX4_Offboard_Example/px4_offboard' with type 'ros.ament_python' and name 'px4_offboard'
[2.104s] Level 1:colcon.colcon_core.package_identification:_identify(src/nano_test_pkg) by extensions ['ignore', 'ignore_ament_install']
[2.104s] Level 1:colcon.colcon_core.package_identification:_identify(src/nano_test_pkg) by extension 'ignore'
[2.105s] Level 1:colcon.colcon_core.package_identification:_identify(src/nano_test_pkg) by extension 'ignore_ament_install'
[2.105s] Level 1:colcon.colcon_core.package_identification:_identify(src/nano_test_pkg) by extensions ['colcon_pkg']
[2.105s] Level 1:colcon.colcon_core.package_identification:_identify(src/nano_test_pkg) by extension 'colcon_pkg'
[2.105s] Level 1:colcon.colcon_core.package_identification:_identify(src/nano_test_pkg) by extensions ['colcon_meta']
[2.105s] Level 1:colcon.colcon_core.package_identification:_identify(src/nano_test_pkg) by extension 'colcon_meta'
[2.106s] Level 1:colcon.colcon_core.package_identification:_identify(src/nano_test_pkg) by extensions ['ros']
[2.106s] Level 1:colcon.colcon_core.package_identification:_identify(src/nano_test_pkg) by extension 'ros'
[2.109s] DEBUG:colcon.colcon_core.package_identification:Package 'src/nano_test_pkg' with type 'ros.ament_python' and name 'nano_test_pkg'
[2.111s] Level 1:colcon.colcon_core.package_identification:_identify(src/px4_msgs) by extensions ['ignore', 'ignore_ament_install']
[2.111s] Level 1:colcon.colcon_core.package_identification:_identify(src/px4_msgs) by extension 'ignore'
[2.112s] Level 1:colcon.colcon_core.package_identification:_identify(src/px4_msgs) by extension 'ignore_ament_install'
[2.112s] Level 1:colcon.colcon_core.package_identification:_identify(src/px4_msgs) by extensions ['colcon_pkg']
[2.112s] Level 1:colcon.colcon_core.package_identification:_identify(src/px4_msgs) by extension 'colcon_pkg'
[2.113s] Level 1:colcon.colcon_core.package_identification:_identify(src/px4_msgs) by extensions ['colcon_meta']
[2.113s] Level 1:colcon.colcon_core.package_identification:_identify(src/px4_msgs) by extension 'colcon_meta'
[2.113s] Level 1:colcon.colcon_core.package_identification:_identify(src/px4_msgs) by extensions ['ros']
[2.113s] Level 1:colcon.colcon_core.package_identification:_identify(src/px4_msgs) by extension 'ros'
[2.117s] DEBUG:colcon.colcon_core.package_identification:Package 'src/px4_msgs' with type 'ros.ament_cmake' and name 'px4_msgs'
[2.119s] Level 1:colcon.colcon_core.package_identification:_identify(src/px4_ros_com) by extensions ['ignore', 'ignore_ament_install']
[2.119s] Level 1:colcon.colcon_core.package_identification:_identify(src/px4_ros_com) by extension 'ignore'
[2.120s] Level 1:colcon.colcon_core.package_identification:_identify(src/px4_ros_com) by extension 'ignore_ament_install'
[2.120s] Level 1:colcon.colcon_core.package_identification:_identify(src/px4_ros_com) by extensions ['colcon_pkg']
[2.120s] Level 1:colcon.colcon_core.package_identification:_identify(src/px4_ros_com) by extension 'colcon_pkg'
[2.120s] Level 1:colcon.colcon_core.package_identification:_identify(src/px4_ros_com) by extensions ['colcon_meta']
[2.120s] Level 1:colcon.colcon_core.package_identification:_identify(src/px4_ros_com) by extension 'colcon_meta'
[2.121s] Level 1:colcon.colcon_core.package_identification:_identify(src/px4_ros_com) by extensions ['ros']
[2.121s] Level 1:colcon.colcon_core.package_identification:_identify(src/px4_ros_com) by extension 'ros'
[2.127s] DEBUG:colcon.colcon_core.package_identification:Package 'src/px4_ros_com' with type 'ros.ament_cmake' and name 'px4_ros_com'
[2.128s] Level 1:colcon.colcon_core.package_identification:_identify(src/v4l2_camera) by extensions ['ignore', 'ignore_ament_install']
[2.128s] Level 1:colcon.colcon_core.package_identification:_identify(src/v4l2_camera) by extension 'ignore'
[2.128s] Level 1:colcon.colcon_core.package_identification:_identify(src/v4l2_camera) by extension 'ignore_ament_install'
[2.128s] Level 1:colcon.colcon_core.package_identification:_identify(src/v4l2_camera) by extensions ['colcon_pkg']
[2.129s] Level 1:colcon.colcon_core.package_identification:_identify(src/v4l2_camera) by extension 'colcon_pkg'
[2.129s] Level 1:colcon.colcon_core.package_identification:_identify(src/v4l2_camera) by extensions ['colcon_meta']
[2.129s] Level 1:colcon.colcon_core.package_identification:_identify(src/v4l2_camera) by extension 'colcon_meta'
[2.129s] Level 1:colcon.colcon_core.package_identification:_identify(src/v4l2_camera) by extensions ['ros']
[2.129s] Level 1:colcon.colcon_core.package_identification:_identify(src/v4l2_camera) by extension 'ros'
[2.134s] DEBUG:colcon.colcon_core.package_identification:Package 'src/v4l2_camera' with type 'ros.ament_cmake' and name 'v4l2_camera'
[2.134s] Level 1:colcon.colcon_core.package_discovery:discover_packages(recursive) using defaults
[2.134s] Level 1:colcon.colcon_core.package_discovery:discover_packages(ignore) discover
[2.134s] Level 1:colcon.colcon_core.package_discovery:discover_packages(ignore) using defaults
[2.134s] Level 1:colcon.colcon_core.package_discovery:discover_packages(path) discover
[2.134s] Level 1:colcon.colcon_core.package_discovery:discover_packages(path) using defaults
[2.298s] Level 5:colcon.colcon_core.verb:set package 'nano_test_pkg' build argument 'cmake_args' from command line to 'None'
[2.299s] Level 5:colcon.colcon_core.verb:set package 'nano_test_pkg' build argument 'cmake_target' from command line to 'None'
[2.299s] Level 5:colcon.colcon_core.verb:set package 'nano_test_pkg' build argument 'cmake_target_skip_unavailable' from command line to 'False'
[2.299s] Level 5:colcon.colcon_core.verb:set package 'nano_test_pkg' build argument 'cmake_clean_cache' from command line to 'False'
[2.299s] Level 5:colcon.colcon_core.verb:set package 'nano_test_pkg' build argument 'cmake_clean_first' from command line to 'False'
[2.299s] Level 5:colcon.colcon_core.verb:set package 'nano_test_pkg' build argument 'cmake_force_configure' from command line to 'False'
[2.299s] Level 5:colcon.colcon_core.verb:set package 'nano_test_pkg' build argument 'ament_cmake_args' from command line to 'None'
[2.300s] Level 5:colcon.colcon_core.verb:set package 'nano_test_pkg' build argument 'catkin_cmake_args' from command line to 'None'
[2.300s] Level 5:colcon.colcon_core.verb:set package 'nano_test_pkg' build argument 'catkin_skip_building_tests' from command line to 'False'
[2.300s] DEBUG:colcon.colcon_core.verb:Building package 'nano_test_pkg' with the following arguments: {'ament_cmake_args': None, 'build_base': '/home/nano/ros2_uav_ws/build/nano_test_pkg', 'catkin_cmake_args': None, 'catkin_skip_building_tests': False, 'cmake_args': None, 'cmake_clean_cache': False, 'cmake_clean_first': False, 'cmake_force_configure': False, 'cmake_target': None, 'cmake_target_skip_unavailable': False, 'install_base': '/home/nano/ros2_uav_ws/install/nano_test_pkg', 'merge_install': False, 'path': '/home/nano/ros2_uav_ws/src/nano_test_pkg', 'symlink_install': False, 'test_result_base': None}
[2.302s] Level 5:colcon.colcon_core.verb:set package 'px4_msgs' build argument 'cmake_args' from command line to 'None'
[2.302s] Level 5:colcon.colcon_core.verb:set package 'px4_msgs' build argument 'cmake_target' from command line to 'None'
[2.302s] Level 5:colcon.colcon_core.verb:set package 'px4_msgs' build argument 'cmake_target_skip_unavailable' from command line to 'False'
[2.302s] Level 5:colcon.colcon_core.verb:set package 'px4_msgs' build argument 'cmake_clean_cache' from command line to 'False'
[2.302s] Level 5:colcon.colcon_core.verb:set package 'px4_msgs' build argument 'cmake_clean_first' from command line to 'False'
[2.302s] Level 5:colcon.colcon_core.verb:set package 'px4_msgs' build argument 'cmake_force_configure' from command line to 'False'
[2.303s] Level 5:colcon.colcon_core.verb:set package 'px4_msgs' build argument 'ament_cmake_args' from command line to 'None'
[2.303s] Level 5:colcon.colcon_core.verb:set package 'px4_msgs' build argument 'catkin_cmake_args' from command line to 'None'
[2.303s] Level 5:colcon.colcon_core.verb:set package 'px4_msgs' build argument 'catkin_skip_building_tests' from command line to 'False'
[2.303s] DEBUG:colcon.colcon_core.verb:Building package 'px4_msgs' with the following arguments: {'ament_cmake_args': None, 'build_base': '/home/nano/ros2_uav_ws/build/px4_msgs', 'catkin_cmake_args': None, 'catkin_skip_building_tests': False, 'cmake_args': None, 'cmake_clean_cache': False, 'cmake_clean_first': False, 'cmake_force_configure': False, 'cmake_target': None, 'cmake_target_skip_unavailable': False, 'install_base': '/home/nano/ros2_uav_ws/install/px4_msgs', 'merge_install': False, 'path': '/home/nano/ros2_uav_ws/src/px4_msgs', 'symlink_install': False, 'test_result_base': None}
[2.305s] Level 5:colcon.colcon_core.verb:set package 'v4l2_camera' build argument 'cmake_args' from command line to 'None'
[2.305s] Level 5:colcon.colcon_core.verb:set package 'v4l2_camera' build argument 'cmake_target' from command line to 'None'
[2.305s] Level 5:colcon.colcon_core.verb:set package 'v4l2_camera' build argument 'cmake_target_skip_unavailable' from command line to 'False'
[2.305s] Level 5:colcon.colcon_core.verb:set package 'v4l2_camera' build argument 'cmake_clean_cache' from command line to 'False'
[2.305s] Level 5:colcon.colcon_core.verb:set package 'v4l2_camera' build argument 'cmake_clean_first' from command line to 'False'
[2.305s] Level 5:colcon.colcon_core.verb:set package 'v4l2_camera' build argument 'cmake_force_configure' from command line to 'False'
[2.306s] Level 5:colcon.colcon_core.verb:set package 'v4l2_camera' build argument 'ament_cmake_args' from command line to 'None'
[2.306s] Level 5:colcon.colcon_core.verb:set package 'v4l2_camera' build argument 'catkin_cmake_args' from command line to 'None'
[2.306s] Level 5:colcon.colcon_core.verb:set package 'v4l2_camera' build argument 'catkin_skip_building_tests' from command line to 'False'
[2.306s] DEBUG:colcon.colcon_core.verb:Building package 'v4l2_camera' with the following arguments: {'ament_cmake_args': None, 'build_base': '/home/nano/ros2_uav_ws/build/v4l2_camera', 'catkin_cmake_args': None, 'catkin_skip_building_tests': False, 'cmake_args': None, 'cmake_clean_cache': False, 'cmake_clean_first': False, 'cmake_force_configure': False, 'cmake_target': None, 'cmake_target_skip_unavailable': False, 'install_base': '/home/nano/ros2_uav_ws/install/v4l2_camera', 'merge_install': False, 'path': '/home/nano/ros2_uav_ws/src/v4l2_camera', 'symlink_install': False, 'test_result_base': None}
[2.307s] Level 5:colcon.colcon_core.verb:set package 'px4_offboard' build argument 'cmake_args' from command line to 'None'
[2.308s] Level 5:colcon.colcon_core.verb:set package 'px4_offboard' build argument 'cmake_target' from command line to 'None'
[2.308s] Level 5:colcon.colcon_core.verb:set package 'px4_offboard' build argument 'cmake_target_skip_unavailable' from command line to 'False'
[2.308s] Level 5:colcon.colcon_core.verb:set package 'px4_offboard' build argument 'cmake_clean_cache' from command line to 'False'
[2.308s] Level 5:colcon.colcon_core.verb:set package 'px4_offboard' build argument 'cmake_clean_first' from command line to 'False'
[2.308s] Level 5:colcon.colcon_core.verb:set package 'px4_offboard' build argument 'cmake_force_configure' from command line to 'False'
[2.309s] Level 5:colcon.colcon_core.verb:set package 'px4_offboard' build argument 'ament_cmake_args' from command line to 'None'
[2.309s] Level 5:colcon.colcon_core.verb:set package 'px4_offboard' build argument 'catkin_cmake_args' from command line to 'None'
[2.309s] Level 5:colcon.colcon_core.verb:set package 'px4_offboard' build argument 'catkin_skip_building_tests' from command line to 'False'
[2.309s] DEBUG:colcon.colcon_core.verb:Building package 'px4_offboard' with the following arguments: {'ament_cmake_args': None, 'build_base': '/home/nano/ros2_uav_ws/build/px4_offboard', 'catkin_cmake_args': None, 'catkin_skip_building_tests': False, 'cmake_args': None, 'cmake_clean_cache': False, 'cmake_clean_first': False, 'cmake_force_configure': False, 'cmake_target': None, 'cmake_target_skip_unavailable': False, 'install_base': '/home/nano/ros2_uav_ws/install/px4_offboard', 'merge_install': False, 'path': '/home/nano/ros2_uav_ws/src/ROS2_PX4_Offboard_Example/px4_offboard', 'symlink_install': False, 'test_result_base': None}
[2.311s] Level 5:colcon.colcon_core.verb:set package 'px4_ros_com' build argument 'cmake_args' from command line to 'None'
[2.311s] Level 5:colcon.colcon_core.verb:set package 'px4_ros_com' build argument 'cmake_target' from command line to 'None'
[2.311s] Level 5:colcon.colcon_core.verb:set package 'px4_ros_com' build argument 'cmake_target_skip_unavailable' from command line to 'False'
[2.311s] Level 5:colcon.colcon_core.verb:set package 'px4_ros_com' build argument 'cmake_clean_cache' from command line to 'False'
[2.311s] Level 5:colcon.colcon_core.verb:set package 'px4_ros_com' build argument 'cmake_clean_first' from command line to 'False'
[2.311s] Level 5:colcon.colcon_core.verb:set package 'px4_ros_com' build argument 'cmake_force_configure' from command line to 'False'
[2.311s] Level 5:colcon.colcon_core.verb:set package 'px4_ros_com' build argument 'ament_cmake_args' from command line to 'None'
[2.311s] Level 5:colcon.colcon_core.verb:set package 'px4_ros_com' build argument 'catkin_cmake_args' from command line to 'None'
[2.312s] Level 5:colcon.colcon_core.verb:set package 'px4_ros_com' build argument 'catkin_skip_building_tests' from command line to 'False'
[2.312s] DEBUG:colcon.colcon_core.verb:Building package 'px4_ros_com' with the following arguments: {'ament_cmake_args': None, 'build_base': '/home/nano/ros2_uav_ws/build/px4_ros_com', 'catkin_cmake_args': None, 'catkin_skip_building_tests': False, 'cmake_args': None, 'cmake_clean_cache': False, 'cmake_clean_first': False, 'cmake_force_configure': False, 'cmake_target': None, 'cmake_target_skip_unavailable': False, 'install_base': '/home/nano/ros2_uav_ws/install/px4_ros_com', 'merge_install': False, 'path': '/home/nano/ros2_uav_ws/src/px4_ros_com', 'symlink_install': False, 'test_result_base': None}
[2.312s] INFO:colcon.colcon_core.executor:Executing jobs using 'parallel' executor
[2.316s] DEBUG:colcon.colcon_parallel_executor.executor.parallel:run_until_complete
[2.317s] INFO:colcon.colcon_ros.task.ament_cmake.build:Building ROS package in '/home/nano/ros2_uav_ws/src/px4_msgs' with build type 'ament_cmake'
[2.318s] INFO:colcon.colcon_cmake.task.cmake.build:Building CMake package in '/home/nano/ros2_uav_ws/src/px4_msgs'
[2.345s] INFO:colcon.colcon_core.plugin_system:Skipping extension 'colcon_core.shell.bat': Not used on non-Windows systems
[2.347s] INFO:colcon.colcon_core.shell:Skip shell extension 'powershell' for command environment: Not usable outside of PowerShell
[2.348s] DEBUG:colcon.colcon_core.shell:Skip shell extension 'dsv' for command environment
[2.383s] INFO:colcon.colcon_ros.task.ament_python.build:Building ROS package in '/home/nano/ros2_uav_ws/src/nano_test_pkg' with build type 'ament_python'
[2.383s] Level 1:colcon.colcon_core.shell:create_environment_hook('nano_test_pkg', 'ament_prefix_path')
[2.385s] INFO:colcon.colcon_core.shell:Creating environment hook '/home/nano/ros2_uav_ws/install/nano_test_pkg/share/nano_test_pkg/hook/ament_prefix_path.ps1'
[2.391s] INFO:colcon.colcon_core.shell:Creating environment descriptor '/home/nano/ros2_uav_ws/install/nano_test_pkg/share/nano_test_pkg/hook/ament_prefix_path.dsv'
[2.395s] INFO:colcon.colcon_core.shell:Creating environment hook '/home/nano/ros2_uav_ws/install/nano_test_pkg/share/nano_test_pkg/hook/ament_prefix_path.sh'
[2.400s] INFO:colcon.colcon_core.shell:Skip shell extension 'powershell' for command environment: Not usable outside of PowerShell
[2.400s] DEBUG:colcon.colcon_core.shell:Skip shell extension 'dsv' for command environment
[2.418s] INFO:colcon.colcon_ros.task.ament_cmake.build:Building ROS package in '/home/nano/ros2_uav_ws/src/v4l2_camera' with build type 'ament_cmake'
[2.419s] INFO:colcon.colcon_cmake.task.cmake.build:Building CMake package in '/home/nano/ros2_uav_ws/src/v4l2_camera'
[2.420s] INFO:colcon.colcon_core.shell:Skip shell extension 'powershell' for command environment: Not usable outside of PowerShell
[2.421s] DEBUG:colcon.colcon_core.shell:Skip shell extension 'dsv' for command environment
[2.467s] DEBUG:colcon.colcon_core.event_handler.log_command:Invoking command in '/home/nano/ros2_uav_ws/build/px4_msgs': CMAKE_PREFIX_PATH=/opt/ros/humble /usr/bin/cmake --build /home/nano/ros2_uav_ws/build/px4_msgs -- -j4 -l4
[4.381s] INFO:colcon.colcon_core.task.python.build:Building Python package in '/home/nano/ros2_uav_ws/src/nano_test_pkg'
[4.383s] INFO:colcon.colcon_core.shell:Skip shell extension 'powershell' for command environment: Not usable outside of PowerShell
[4.383s] DEBUG:colcon.colcon_core.shell:Skip shell extension 'dsv' for command environment
[4.426s] DEBUG:colcon.colcon_core.event_handler.log_command:Invoking command in '/home/nano/ros2_uav_ws/build/v4l2_camera': CMAKE_PREFIX_PATH=/opt/ros/humble /usr/bin/cmake /home/nano/ros2_uav_ws/src/v4l2_camera -DCMAKE_INSTALL_PREFIX=/home/nano/ros2_uav_ws/install/v4l2_camera
[14.769s] DEBUG:colcon.colcon_core.event_handler.log_command:Invoking command in '/home/nano/ros2_uav_ws/src/nano_test_pkg': PYTHONPATH=/home/nano/ros2_uav_ws/build/nano_test_pkg/prefix_override:/home/nano/.local/lib/python3.10/site-packages/colcon_core/task/python/colcon_distutils_commands:/home/nano/ros2_uav_ws/install/nano_test_pkg/lib/python3.10/site-packages:${PYTHONPATH} /usr/bin/python3 -W ignore:setup.py install is deprecated setup.py egg_info --egg-base ../../build/nano_test_pkg build --build-base /home/nano/ros2_uav_ws/build/nano_test_pkg/build install --record /home/nano/ros2_uav_ws/build/nano_test_pkg/install.log --single-version-externally-managed install_data
[17.365s] DEBUG:colcon.colcon_core.event_handler.log_command:Invoked command in '/home/nano/ros2_uav_ws/build/px4_msgs' returned '0': CMAKE_PREFIX_PATH=/opt/ros/humble /usr/bin/cmake --build /home/nano/ros2_uav_ws/build/px4_msgs -- -j4 -l4
[19.623s] DEBUG:colcon.colcon_core.event_handler.log_command:Invoked command in '/home/nano/ros2_uav_ws/src/nano_test_pkg' returned '0': PYTHONPATH=/home/nano/ros2_uav_ws/build/nano_test_pkg/prefix_override:/home/nano/.local/lib/python3.10/site-packages/colcon_core/task/python/colcon_distutils_commands:/home/nano/ros2_uav_ws/install/nano_test_pkg/lib/python3.10/site-packages:${PYTHONPATH} /usr/bin/python3 -W ignore:setup.py install is deprecated setup.py egg_info --egg-base ../../build/nano_test_pkg build --build-base /home/nano/ros2_uav_ws/build/nano_test_pkg/build install --record /home/nano/ros2_uav_ws/build/nano_test_pkg/install.log --single-version-externally-managed install_data
[20.785s] Level 1:colcon.colcon_core.environment:checking '/home/nano/ros2_uav_ws/install/nano_test_pkg' for CMake module files
[20.790s] Level 1:colcon.colcon_core.environment:checking '/home/nano/ros2_uav_ws/install/nano_test_pkg' for CMake config files
[20.797s] Level 1:colcon.colcon_core.environment:checking '/home/nano/ros2_uav_ws/install/nano_test_pkg/lib'
[20.798s] Level 1:colcon.colcon_core.environment:checking '/home/nano/ros2_uav_ws/install/nano_test_pkg/bin'
[20.800s] Level 1:colcon.colcon_core.environment:checking '/home/nano/ros2_uav_ws/install/nano_test_pkg/lib/pkgconfig/nano_test_pkg.pc'
[20.802s] Level 1:colcon.colcon_core.environment:checking '/home/nano/ros2_uav_ws/install/nano_test_pkg/lib/python3.10/site-packages'
[20.803s] Level 1:colcon.colcon_core.shell:create_environment_hook('nano_test_pkg', 'pythonpath')
[20.805s] INFO:colcon.colcon_core.shell:Creating environment hook '/home/nano/ros2_uav_ws/install/nano_test_pkg/share/nano_test_pkg/hook/pythonpath.ps1'
[20.809s] INFO:colcon.colcon_core.shell:Creating environment descriptor '/home/nano/ros2_uav_ws/install/nano_test_pkg/share/nano_test_pkg/hook/pythonpath.dsv'
[20.814s] INFO:colcon.colcon_core.shell:Creating environment hook '/home/nano/ros2_uav_ws/install/nano_test_pkg/share/nano_test_pkg/hook/pythonpath.sh'
[20.820s] Level 1:colcon.colcon_core.environment:checking '/home/nano/ros2_uav_ws/install/nano_test_pkg/bin'
[20.821s] Level 1:colcon.colcon_core.environment:create_environment_scripts_only(nano_test_pkg)
[20.824s] INFO:colcon.colcon_core.shell:Creating package script '/home/nano/ros2_uav_ws/install/nano_test_pkg/share/nano_test_pkg/package.ps1'
[20.834s] INFO:colcon.colcon_core.shell:Creating package descriptor '/home/nano/ros2_uav_ws/install/nano_test_pkg/share/nano_test_pkg/package.dsv'
[20.840s] INFO:colcon.colcon_core.shell:Creating package script '/home/nano/ros2_uav_ws/install/nano_test_pkg/share/nano_test_pkg/package.sh'
[20.849s] INFO:colcon.colcon_core.shell:Creating package script '/home/nano/ros2_uav_ws/install/nano_test_pkg/share/nano_test_pkg/package.bash'
[20.857s] INFO:colcon.colcon_core.shell:Creating package script '/home/nano/ros2_uav_ws/install/nano_test_pkg/share/nano_test_pkg/package.zsh'
[20.865s] Level 1:colcon.colcon_core.environment:create_file_with_runtime_dependencies(/home/nano/ros2_uav_ws/install/nano_test_pkg/share/colcon-core/packages/nano_test_pkg)
[25.070s] DEBUG:colcon.colcon_core.event_handler.log_command:Invoked command in '/home/nano/ros2_uav_ws/build/v4l2_camera' returned '0': CMAKE_PREFIX_PATH=/opt/ros/humble /usr/bin/cmake /home/nano/ros2_uav_ws/src/v4l2_camera -DCMAKE_INSTALL_PREFIX=/home/nano/ros2_uav_ws/install/v4l2_camera
[25.080s] DEBUG:colcon.colcon_core.event_handler.log_command:Invoking command in '/home/nano/ros2_uav_ws/build/v4l2_camera': CMAKE_PREFIX_PATH=/opt/ros/humble /usr/bin/cmake --build /home/nano/ros2_uav_ws/build/v4l2_camera -- -j4 -l4
[59.604s] DEBUG:colcon.colcon_core.event_handler.log_command:Invoking command in '/home/nano/ros2_uav_ws/build/px4_msgs': CMAKE_PREFIX_PATH=/opt/ros/humble /usr/bin/cmake --install /home/nano/ros2_uav_ws/build/px4_msgs
[65.002s] Level 1:colcon.colcon_core.environment:create_environment_scripts_only(px4_msgs)
[65.004s] Level 1:colcon.colcon_core.environment:checking '/home/nano/ros2_uav_ws/install/px4_msgs' for CMake module files
[65.024s] Level 1:colcon.colcon_core.environment:checking '/home/nano/ros2_uav_ws/install/px4_msgs' for CMake config files
[65.034s] DEBUG:colcon.colcon_core.event_handler.log_command:Invoked command in '/home/nano/ros2_uav_ws/build/px4_msgs' returned '0': CMAKE_PREFIX_PATH=/opt/ros/humble /usr/bin/cmake --install /home/nano/ros2_uav_ws/build/px4_msgs
[65.047s] Level 1:colcon.colcon_core.shell:create_environment_hook('px4_msgs', 'cmake_prefix_path')
[65.049s] INFO:colcon.colcon_core.shell:Creating environment hook '/home/nano/ros2_uav_ws/install/px4_msgs/share/px4_msgs/hook/cmake_prefix_path.ps1'
[65.059s] INFO:colcon.colcon_core.shell:Creating environment descriptor '/home/nano/ros2_uav_ws/install/px4_msgs/share/px4_msgs/hook/cmake_prefix_path.dsv'
[65.062s] INFO:colcon.colcon_core.shell:Creating environment hook '/home/nano/ros2_uav_ws/install/px4_msgs/share/px4_msgs/hook/cmake_prefix_path.sh'
[65.068s] Level 1:colcon.colcon_core.environment:checking '/home/nano/ros2_uav_ws/install/px4_msgs/lib'
[65.068s] Level 1:colcon.colcon_core.shell:create_environment_hook('px4_msgs', 'ld_library_path_lib')
[65.070s] INFO:colcon.colcon_core.shell:Creating environment hook '/home/nano/ros2_uav_ws/install/px4_msgs/share/px4_msgs/hook/ld_library_path_lib.ps1'
[65.073s] INFO:colcon.colcon_core.shell:Creating environment descriptor '/home/nano/ros2_uav_ws/install/px4_msgs/share/px4_msgs/hook/ld_library_path_lib.dsv'
[65.077s] INFO:colcon.colcon_core.shell:Creating environment hook '/home/nano/ros2_uav_ws/install/px4_msgs/share/px4_msgs/hook/ld_library_path_lib.sh'
[65.080s] Level 1:colcon.colcon_core.environment:checking '/home/nano/ros2_uav_ws/install/px4_msgs/bin'
[65.081s] Level 1:colcon.colcon_core.environment:checking '/home/nano/ros2_uav_ws/install/px4_msgs/lib/pkgconfig/px4_msgs.pc'
[65.083s] Level 1:colcon.colcon_core.environment:checking '/home/nano/ros2_uav_ws/install/px4_msgs/lib/python3.10/site-packages'
[65.084s] Level 1:colcon.colcon_core.environment:checking '/home/nano/ros2_uav_ws/install/px4_msgs/bin'
[65.086s] INFO:colcon.colcon_core.shell:Creating package script '/home/nano/ros2_uav_ws/install/px4_msgs/share/px4_msgs/package.ps1'
[65.090s] INFO:colcon.colcon_core.shell:Creating package descriptor '/home/nano/ros2_uav_ws/install/px4_msgs/share/px4_msgs/package.dsv'
[65.094s] INFO:colcon.colcon_core.shell:Creating package script '/home/nano/ros2_uav_ws/install/px4_msgs/share/px4_msgs/package.sh'
[65.097s] INFO:colcon.colcon_core.shell:Creating package script '/home/nano/ros2_uav_ws/install/px4_msgs/share/px4_msgs/package.bash'
[65.100s] INFO:colcon.colcon_core.shell:Creating package script '/home/nano/ros2_uav_ws/install/px4_msgs/share/px4_msgs/package.zsh'
[65.103s] Level 1:colcon.colcon_core.environment:create_file_with_runtime_dependencies(/home/nano/ros2_uav_ws/install/px4_msgs/share/colcon-core/packages/px4_msgs)
[102.374s] Level 1:colcon.colcon_core.environment:create_environment_scripts_only(px4_msgs)
[102.375s] Level 1:colcon.colcon_core.environment:checking '/home/nano/ros2_uav_ws/install/px4_msgs' for CMake module files
[102.380s] Level 1:colcon.colcon_core.environment:checking '/home/nano/ros2_uav_ws/install/px4_msgs' for CMake config files
[102.388s] Level 1:colcon.colcon_core.shell:create_environment_hook('px4_msgs', 'cmake_prefix_path')
[102.389s] INFO:colcon.colcon_core.shell:Creating environment hook '/home/nano/ros2_uav_ws/install/px4_msgs/share/px4_msgs/hook/cmake_prefix_path.ps1'
[102.392s] INFO:colcon.colcon_core.shell:Creating environment descriptor '/home/nano/ros2_uav_ws/install/px4_msgs/share/px4_msgs/hook/cmake_prefix_path.dsv'
[102.395s] INFO:colcon.colcon_core.shell:Creating environment hook '/home/nano/ros2_uav_ws/install/px4_msgs/share/px4_msgs/hook/cmake_prefix_path.sh'
[102.399s] Level 1:colcon.colcon_core.environment:checking '/home/nano/ros2_uav_ws/install/px4_msgs/lib'
[102.399s] Level 1:colcon.colcon_core.shell:create_environment_hook('px4_msgs', 'ld_library_path_lib')
[102.401s] INFO:colcon.colcon_core.shell:Creating environment hook '/home/nano/ros2_uav_ws/install/px4_msgs/share/px4_msgs/hook/ld_library_path_lib.ps1'
[102.403s] INFO:colcon.colcon_core.shell:Creating environment descriptor '/home/nano/ros2_uav_ws/install/px4_msgs/share/px4_msgs/hook/ld_library_path_lib.dsv'
[102.405s] INFO:colcon.colcon_core.shell:Creating environment hook '/home/nano/ros2_uav_ws/install/px4_msgs/share/px4_msgs/hook/ld_library_path_lib.sh'
[102.408s] Level 1:colcon.colcon_core.environment:checking '/home/nano/ros2_uav_ws/install/px4_msgs/bin'
[102.409s] Level 1:colcon.colcon_core.environment:checking '/home/nano/ros2_uav_ws/install/px4_msgs/lib/pkgconfig/px4_msgs.pc'
[102.410s] Level 1:colcon.colcon_core.environment:checking '/home/nano/ros2_uav_ws/install/px4_msgs/lib/python3.10/site-packages'
[102.412s] Level 1:colcon.colcon_core.environment:checking '/home/nano/ros2_uav_ws/install/px4_msgs/bin'
[102.414s] INFO:colcon.colcon_core.shell:Creating package script '/home/nano/ros2_uav_ws/install/px4_msgs/share/px4_msgs/package.ps1'
[102.418s] INFO:colcon.colcon_core.shell:Creating package descriptor '/home/nano/ros2_uav_ws/install/px4_msgs/share/px4_msgs/package.dsv'
[102.422s] INFO:colcon.colcon_core.shell:Creating package script '/home/nano/ros2_uav_ws/install/px4_msgs/share/px4_msgs/package.sh'
[102.425s] INFO:colcon.colcon_core.shell:Creating package script '/home/nano/ros2_uav_ws/install/px4_msgs/share/px4_msgs/package.bash'
[102.428s] INFO:colcon.colcon_core.shell:Creating package script '/home/nano/ros2_uav_ws/install/px4_msgs/share/px4_msgs/package.zsh'
[102.431s] Level 1:colcon.colcon_core.environment:create_file_with_runtime_dependencies(/home/nano/ros2_uav_ws/install/px4_msgs/share/colcon-core/packages/px4_msgs)
[102.433s] INFO:colcon.colcon_ros.task.ament_python.build:Building ROS package in '/home/nano/ros2_uav_ws/src/ROS2_PX4_Offboard_Example/px4_offboard' with build type 'ament_python'
[102.434s] Level 1:colcon.colcon_core.shell:create_environment_hook('px4_offboard', 'ament_prefix_path')
[102.436s] INFO:colcon.colcon_core.shell:Creating environment hook '/home/nano/ros2_uav_ws/install/px4_offboard/share/px4_offboard/hook/ament_prefix_path.ps1'
[102.446s] INFO:colcon.colcon_core.shell:Creating environment descriptor '/home/nano/ros2_uav_ws/install/px4_offboard/share/px4_offboard/hook/ament_prefix_path.dsv'
[102.448s] INFO:colcon.colcon_core.shell:Creating environment hook '/home/nano/ros2_uav_ws/install/px4_offboard/share/px4_offboard/hook/ament_prefix_path.sh'
[102.452s] INFO:colcon.colcon_core.shell:Skip shell extension 'powershell' for command environment: Not usable outside of PowerShell
[102.453s] DEBUG:colcon.colcon_core.shell:Skip shell extension 'dsv' for command environment
[102.475s] INFO:colcon.colcon_ros.task.ament_cmake.build:Building ROS package in '/home/nano/ros2_uav_ws/src/px4_ros_com' with build type 'ament_cmake'
[102.476s] INFO:colcon.colcon_cmake.task.cmake.build:Building CMake package in '/home/nano/ros2_uav_ws/src/px4_ros_com'
[102.477s] INFO:colcon.colcon_core.shell:Skip shell extension 'powershell' for command environment: Not usable outside of PowerShell
[102.478s] DEBUG:colcon.colcon_core.shell:Skip shell extension 'dsv' for command environment
[103.966s] INFO:colcon.colcon_core.task.python.build:Building Python package in '/home/nano/ros2_uav_ws/src/ROS2_PX4_Offboard_Example/px4_offboard'
[103.967s] INFO:colcon.colcon_core.shell:Skip shell extension 'powershell' for command environment: Not usable outside of PowerShell
[103.967s] DEBUG:colcon.colcon_core.shell:Skip shell extension 'dsv' for command environment
[104.012s] DEBUG:colcon.colcon_core.event_handler.log_command:Invoking command in '/home/nano/ros2_uav_ws/build/px4_ros_com': AMENT_PREFIX_PATH=/home/nano/ros2_uav_ws/install/px4_msgs:${AMENT_PREFIX_PATH} CMAKE_PREFIX_PATH=/home/nano/ros2_uav_ws/install/px4_msgs:/opt/ros/humble LD_LIBRARY_PATH=/home/nano/ros2_uav_ws/install/px4_msgs/lib:${LD_LIBRARY_PATH} PYTHONPATH=/home/nano/ros2_uav_ws/install/px4_msgs/local/lib/python3.10/dist-packages:${PYTHONPATH} /usr/bin/cmake --build /home/nano/ros2_uav_ws/build/px4_ros_com -- -j4 -l4
[107.501s] DEBUG:colcon.colcon_core.event_handler.log_command:Invoked command in '/home/nano/ros2_uav_ws/build/px4_ros_com' returned '0': AMENT_PREFIX_PATH=/home/nano/ros2_uav_ws/install/px4_msgs:${AMENT_PREFIX_PATH} CMAKE_PREFIX_PATH=/home/nano/ros2_uav_ws/install/px4_msgs:/opt/ros/humble LD_LIBRARY_PATH=/home/nano/ros2_uav_ws/install/px4_msgs/lib:${LD_LIBRARY_PATH} PYTHONPATH=/home/nano/ros2_uav_ws/install/px4_msgs/local/lib/python3.10/dist-packages:${PYTHONPATH} /usr/bin/cmake --build /home/nano/ros2_uav_ws/build/px4_ros_com -- -j4 -l4
[107.816s] DEBUG:colcon.colcon_core.event_handler.log_command:Invoking command in '/home/nano/ros2_uav_ws/build/px4_ros_com': AMENT_PREFIX_PATH=/home/nano/ros2_uav_ws/install/px4_msgs:${AMENT_PREFIX_PATH} CMAKE_PREFIX_PATH=/home/nano/ros2_uav_ws/install/px4_msgs:/opt/ros/humble LD_LIBRARY_PATH=/home/nano/ros2_uav_ws/install/px4_msgs/lib:${LD_LIBRARY_PATH} PYTHONPATH=/home/nano/ros2_uav_ws/install/px4_msgs/local/lib/python3.10/dist-packages:${PYTHONPATH} /usr/bin/cmake --install /home/nano/ros2_uav_ws/build/px4_ros_com
[108.388s] Level 1:colcon.colcon_core.environment:create_environment_scripts_only(px4_ros_com)
[108.390s] Level 1:colcon.colcon_core.environment:checking '/home/nano/ros2_uav_ws/install/px4_ros_com' for CMake module files
[108.397s] Level 1:colcon.colcon_core.environment:checking '/home/nano/ros2_uav_ws/install/px4_ros_com' for CMake config files
[108.401s] Level 1:colcon.colcon_core.shell:create_environment_hook('px4_ros_com', 'cmake_prefix_path')
[108.405s] DEBUG:colcon.colcon_core.event_handler.log_command:Invoked command in '/home/nano/ros2_uav_ws/build/px4_ros_com' returned '0': AMENT_PREFIX_PATH=/home/nano/ros2_uav_ws/install/px4_msgs:${AMENT_PREFIX_PATH} CMAKE_PREFIX_PATH=/home/nano/ros2_uav_ws/install/px4_msgs:/opt/ros/humble LD_LIBRARY_PATH=/home/nano/ros2_uav_ws/install/px4_msgs/lib:${LD_LIBRARY_PATH} PYTHONPATH=/home/nano/ros2_uav_ws/install/px4_msgs/local/lib/python3.10/dist-packages:${PYTHONPATH} /usr/bin/cmake --install /home/nano/ros2_uav_ws/build/px4_ros_com
[108.406s] INFO:colcon.colcon_core.shell:Creating environment hook '/home/nano/ros2_uav_ws/install/px4_ros_com/share/px4_ros_com/hook/cmake_prefix_path.ps1'
[108.416s] INFO:colcon.colcon_core.shell:Creating environment descriptor '/home/nano/ros2_uav_ws/install/px4_ros_com/share/px4_ros_com/hook/cmake_prefix_path.dsv'
[108.421s] INFO:colcon.colcon_core.shell:Creating environment hook '/home/nano/ros2_uav_ws/install/px4_ros_com/share/px4_ros_com/hook/cmake_prefix_path.sh'
[108.428s] Level 1:colcon.colcon_core.environment:checking '/home/nano/ros2_uav_ws/install/px4_ros_com/lib'
[108.429s] Level 1:colcon.colcon_core.shell:create_environment_hook('px4_ros_com', 'ld_library_path_lib')
[108.431s] INFO:colcon.colcon_core.shell:Creating environment hook '/home/nano/ros2_uav_ws/install/px4_ros_com/share/px4_ros_com/hook/ld_library_path_lib.ps1'
[108.435s] INFO:colcon.colcon_core.shell:Creating environment descriptor '/home/nano/ros2_uav_ws/install/px4_ros_com/share/px4_ros_com/hook/ld_library_path_lib.dsv'
[108.438s] INFO:colcon.colcon_core.shell:Creating environment hook '/home/nano/ros2_uav_ws/install/px4_ros_com/share/px4_ros_com/hook/ld_library_path_lib.sh'
[108.441s] Level 1:colcon.colcon_core.environment:checking '/home/nano/ros2_uav_ws/install/px4_ros_com/bin'
[108.442s] Level 1:colcon.colcon_core.environment:checking '/home/nano/ros2_uav_ws/install/px4_ros_com/lib/pkgconfig/px4_ros_com.pc'
[108.443s] Level 1:colcon.colcon_core.environment:checking '/home/nano/ros2_uav_ws/install/px4_ros_com/lib/python3.10/site-packages'
[108.444s] Level 1:colcon.colcon_core.environment:checking '/home/nano/ros2_uav_ws/install/px4_ros_com/bin'
[108.446s] INFO:colcon.colcon_core.shell:Creating package script '/home/nano/ros2_uav_ws/install/px4_ros_com/share/px4_ros_com/package.ps1'
[108.449s] INFO:colcon.colcon_core.shell:Creating package descriptor '/home/nano/ros2_uav_ws/install/px4_ros_com/share/px4_ros_com/package.dsv'
[108.452s] INFO:colcon.colcon_core.shell:Creating package script '/home/nano/ros2_uav_ws/install/px4_ros_com/share/px4_ros_com/package.sh'
[108.455s] INFO:colcon.colcon_core.shell:Creating package script '/home/nano/ros2_uav_ws/install/px4_ros_com/share/px4_ros_com/package.bash'
[108.459s] INFO:colcon.colcon_core.shell:Creating package script '/home/nano/ros2_uav_ws/install/px4_ros_com/share/px4_ros_com/package.zsh'
[108.462s] Level 1:colcon.colcon_core.environment:create_file_with_runtime_dependencies(/home/nano/ros2_uav_ws/install/px4_ros_com/share/colcon-core/packages/px4_ros_com)
[108.771s] Level 1:colcon.colcon_core.environment:create_environment_scripts_only(px4_ros_com)
[108.774s] Level 1:colcon.colcon_core.environment:checking '/home/nano/ros2_uav_ws/install/px4_ros_com' for CMake module files
[108.778s] Level 1:colcon.colcon_core.environment:checking '/home/nano/ros2_uav_ws/install/px4_ros_com' for CMake config files
[108.780s] Level 1:colcon.colcon_core.shell:create_environment_hook('px4_ros_com', 'cmake_prefix_path')
[108.781s] INFO:colcon.colcon_core.shell:Creating environment hook '/home/nano/ros2_uav_ws/install/px4_ros_com/share/px4_ros_com/hook/cmake_prefix_path.ps1'
[108.784s] INFO:colcon.colcon_core.shell:Creating environment descriptor '/home/nano/ros2_uav_ws/install/px4_ros_com/share/px4_ros_com/hook/cmake_prefix_path.dsv'
[108.786s] INFO:colcon.colcon_core.shell:Creating environment hook '/home/nano/ros2_uav_ws/install/px4_ros_com/share/px4_ros_com/hook/cmake_prefix_path.sh'
[108.789s] Level 1:colcon.colcon_core.environment:checking '/home/nano/ros2_uav_ws/install/px4_ros_com/lib'
[108.790s] Level 1:colcon.colcon_core.shell:create_environment_hook('px4_ros_com', 'ld_library_path_lib')
[108.792s] INFO:colcon.colcon_core.shell:Creating environment hook '/home/nano/ros2_uav_ws/install/px4_ros_com/share/px4_ros_com/hook/ld_library_path_lib.ps1'
[108.794s] INFO:colcon.colcon_core.shell:Creating environment descriptor '/home/nano/ros2_uav_ws/install/px4_ros_com/share/px4_ros_com/hook/ld_library_path_lib.dsv'
[108.797s] INFO:colcon.colcon_core.shell:Creating environment hook '/home/nano/ros2_uav_ws/install/px4_ros_com/share/px4_ros_com/hook/ld_library_path_lib.sh'
[108.801s] Level 1:colcon.colcon_core.environment:checking '/home/nano/ros2_uav_ws/install/px4_ros_com/bin'
[108.801s] Level 1:colcon.colcon_core.environment:checking '/home/nano/ros2_uav_ws/install/px4_ros_com/lib/pkgconfig/px4_ros_com.pc'
[108.803s] Level 1:colcon.colcon_core.environment:checking '/home/nano/ros2_uav_ws/install/px4_ros_com/lib/python3.10/site-packages'
[108.804s] Level 1:colcon.colcon_core.environment:checking '/home/nano/ros2_uav_ws/install/px4_ros_com/bin'
[108.806s] INFO:colcon.colcon_core.shell:Creating package script '/home/nano/ros2_uav_ws/install/px4_ros_com/share/px4_ros_com/package.ps1'
[108.810s] INFO:colcon.colcon_core.shell:Creating package descriptor '/home/nano/ros2_uav_ws/install/px4_ros_com/share/px4_ros_com/package.dsv'
[108.813s] INFO:colcon.colcon_core.shell:Creating package script '/home/nano/ros2_uav_ws/install/px4_ros_com/share/px4_ros_com/package.sh'
[108.816s] INFO:colcon.colcon_core.shell:Creating package script '/home/nano/ros2_uav_ws/install/px4_ros_com/share/px4_ros_com/package.bash'
[108.819s] INFO:colcon.colcon_core.shell:Creating package script '/home/nano/ros2_uav_ws/install/px4_ros_com/share/px4_ros_com/package.zsh'
[108.822s] Level 1:colcon.colcon_core.environment:create_file_with_runtime_dependencies(/home/nano/ros2_uav_ws/install/px4_ros_com/share/colcon-core/packages/px4_ros_com)
[109.346s] DEBUG:colcon.colcon_core.event_handler.log_command:Invoking command in '/home/nano/ros2_uav_ws/src/ROS2_PX4_Offboard_Example/px4_offboard': AMENT_PREFIX_PATH=/home/nano/ros2_uav_ws/install/px4_msgs:${AMENT_PREFIX_PATH} CMAKE_PREFIX_PATH=/home/nano/ros2_uav_ws/install/px4_msgs LD_LIBRARY_PATH=/home/nano/ros2_uav_ws/install/px4_msgs/lib:${LD_LIBRARY_PATH} PYTHONPATH=/home/nano/ros2_uav_ws/build/px4_offboard/prefix_override:/home/nano/.local/lib/python3.10/site-packages/colcon_core/task/python/colcon_distutils_commands:/home/nano/ros2_uav_ws/install/px4_offboard/lib/python3.10/site-packages:/home/nano/ros2_uav_ws/install/px4_msgs/local/lib/python3.10/dist-packages:${PYTHONPATH} /usr/bin/python3 -W ignore:setup.py install is deprecated setup.py egg_info --egg-base ../../../build/px4_offboard build --build-base /home/nano/ros2_uav_ws/build/px4_offboard/build install --record /home/nano/ros2_uav_ws/build/px4_offboard/install.log --single-version-externally-managed install_data
[113.330s] Level 1:colcon.colcon_core.environment:checking '/home/nano/ros2_uav_ws/install/px4_offboard' for CMake module files
[113.335s] Level 1:colcon.colcon_core.environment:checking '/home/nano/ros2_uav_ws/install/px4_offboard' for CMake config files
[113.338s] DEBUG:colcon.colcon_core.event_handler.log_command:Invoked command in '/home/nano/ros2_uav_ws/src/ROS2_PX4_Offboard_Example/px4_offboard' returned '0': AMENT_PREFIX_PATH=/home/nano/ros2_uav_ws/install/px4_msgs:${AMENT_PREFIX_PATH} CMAKE_PREFIX_PATH=/home/nano/ros2_uav_ws/install/px4_msgs LD_LIBRARY_PATH=/home/nano/ros2_uav_ws/install/px4_msgs/lib:${LD_LIBRARY_PATH} PYTHONPATH=/home/nano/ros2_uav_ws/build/px4_offboard/prefix_override:/home/nano/.local/lib/python3.10/site-packages/colcon_core/task/python/colcon_distutils_commands:/home/nano/ros2_uav_ws/install/px4_offboard/lib/python3.10/site-packages:/home/nano/ros2_uav_ws/install/px4_msgs/local/lib/python3.10/dist-packages:${PYTHONPATH} /usr/bin/python3 -W ignore:setup.py install is deprecated setup.py egg_info --egg-base ../../../build/px4_offboard build --build-base /home/nano/ros2_uav_ws/build/px4_offboard/build install --record /home/nano/ros2_uav_ws/build/px4_offboard/install.log --single-version-externally-managed install_data
[113.406s] Level 1:colcon.colcon_core.environment:checking '/home/nano/ros2_uav_ws/install/px4_offboard/lib'
[113.407s] Level 1:colcon.colcon_core.environment:checking '/home/nano/ros2_uav_ws/install/px4_offboard/bin'
[113.408s] Level 1:colcon.colcon_core.environment:checking '/home/nano/ros2_uav_ws/install/px4_offboard/lib/pkgconfig/px4_offboard.pc'
[113.409s] Level 1:colcon.colcon_core.environment:checking '/home/nano/ros2_uav_ws/install/px4_offboard/lib/python3.10/site-packages'
[113.409s] Level 1:colcon.colcon_core.shell:create_environment_hook('px4_offboard', 'pythonpath')
[113.411s] INFO:colcon.colcon_core.shell:Creating environment hook '/home/nano/ros2_uav_ws/install/px4_offboard/share/px4_offboard/hook/pythonpath.ps1'
[113.413s] INFO:colcon.colcon_core.shell:Creating environment descriptor '/home/nano/ros2_uav_ws/install/px4_offboard/share/px4_offboard/hook/pythonpath.dsv'
[113.415s] INFO:colcon.colcon_core.shell:Creating environment hook '/home/nano/ros2_uav_ws/install/px4_offboard/share/px4_offboard/hook/pythonpath.sh'
[113.418s] Level 1:colcon.colcon_core.environment:checking '/home/nano/ros2_uav_ws/install/px4_offboard/bin'
[113.419s] Level 1:colcon.colcon_core.environment:create_environment_scripts_only(px4_offboard)
[113.420s] INFO:colcon.colcon_core.shell:Creating package script '/home/nano/ros2_uav_ws/install/px4_offboard/share/px4_offboard/package.ps1'
[113.423s] INFO:colcon.colcon_core.shell:Creating package descriptor '/home/nano/ros2_uav_ws/install/px4_offboard/share/px4_offboard/package.dsv'
[113.426s] INFO:colcon.colcon_core.shell:Creating package script '/home/nano/ros2_uav_ws/install/px4_offboard/share/px4_offboard/package.sh'
[113.429s] INFO:colcon.colcon_core.shell:Creating package script '/home/nano/ros2_uav_ws/install/px4_offboard/share/px4_offboard/package.bash'
[113.432s] INFO:colcon.colcon_core.shell:Creating package script '/home/nano/ros2_uav_ws/install/px4_offboard/share/px4_offboard/package.zsh'
[113.434s] Level 1:colcon.colcon_core.environment:create_file_with_runtime_dependencies(/home/nano/ros2_uav_ws/install/px4_offboard/share/colcon-core/packages/px4_offboard)
[129.010s] DEBUG:colcon.colcon_core.event_handler.log_command:Invoked command in '/home/nano/ros2_uav_ws/build/v4l2_camera' returned '0': CMAKE_PREFIX_PATH=/opt/ros/humble /usr/bin/cmake --build /home/nano/ros2_uav_ws/build/v4l2_camera -- -j4 -l4
[129.212s] DEBUG:colcon.colcon_core.event_handler.log_command:Invoking command in '/home/nano/ros2_uav_ws/build/v4l2_camera': CMAKE_PREFIX_PATH=/opt/ros/humble /usr/bin/cmake --install /home/nano/ros2_uav_ws/build/v4l2_camera
[129.386s] Level 1:colcon.colcon_core.environment:create_environment_scripts_only(v4l2_camera)
[129.388s] Level 1:colcon.colcon_core.environment:checking '/home/nano/ros2_uav_ws/install/v4l2_camera' for CMake module files
[129.389s] DEBUG:colcon.colcon_core.event_handler.log_command:Invoked command in '/home/nano/ros2_uav_ws/build/v4l2_camera' returned '0': CMAKE_PREFIX_PATH=/opt/ros/humble /usr/bin/cmake --install /home/nano/ros2_uav_ws/build/v4l2_camera
[129.393s] Level 1:colcon.colcon_core.environment:checking '/home/nano/ros2_uav_ws/install/v4l2_camera' for CMake config files
[129.394s] Level 1:colcon.colcon_core.shell:create_environment_hook('v4l2_camera', 'cmake_prefix_path')
[129.395s] INFO:colcon.colcon_core.shell:Creating environment hook '/home/nano/ros2_uav_ws/install/v4l2_camera/share/v4l2_camera/hook/cmake_prefix_path.ps1'
[129.397s] INFO:colcon.colcon_core.shell:Creating environment descriptor '/home/nano/ros2_uav_ws/install/v4l2_camera/share/v4l2_camera/hook/cmake_prefix_path.dsv'
[129.399s] INFO:colcon.colcon_core.shell:Creating environment hook '/home/nano/ros2_uav_ws/install/v4l2_camera/share/v4l2_camera/hook/cmake_prefix_path.sh'
[129.401s] Level 1:colcon.colcon_core.environment:checking '/home/nano/ros2_uav_ws/install/v4l2_camera/lib'
[129.402s] Level 1:colcon.colcon_core.shell:create_environment_hook('v4l2_camera', 'ld_library_path_lib')
[129.403s] INFO:colcon.colcon_core.shell:Creating environment hook '/home/nano/ros2_uav_ws/install/v4l2_camera/share/v4l2_camera/hook/ld_library_path_lib.ps1'
[129.405s] INFO:colcon.colcon_core.shell:Creating environment descriptor '/home/nano/ros2_uav_ws/install/v4l2_camera/share/v4l2_camera/hook/ld_library_path_lib.dsv'
[129.407s] INFO:colcon.colcon_core.shell:Creating environment hook '/home/nano/ros2_uav_ws/install/v4l2_camera/share/v4l2_camera/hook/ld_library_path_lib.sh'
[129.409s] Level 1:colcon.colcon_core.environment:checking '/home/nano/ros2_uav_ws/install/v4l2_camera/bin'
[129.409s] Level 1:colcon.colcon_core.environment:checking '/home/nano/ros2_uav_ws/install/v4l2_camera/lib/pkgconfig/v4l2_camera.pc'
[129.410s] Level 1:colcon.colcon_core.environment:checking '/home/nano/ros2_uav_ws/install/v4l2_camera/lib/python3.10/site-packages'
[129.411s] Level 1:colcon.colcon_core.environment:checking '/home/nano/ros2_uav_ws/install/v4l2_camera/bin'
[129.412s] INFO:colcon.colcon_core.shell:Creating package script '/home/nano/ros2_uav_ws/install/v4l2_camera/share/v4l2_camera/package.ps1'
[129.414s] INFO:colcon.colcon_core.shell:Creating package descriptor '/home/nano/ros2_uav_ws/install/v4l2_camera/share/v4l2_camera/package.dsv'
[129.416s] INFO:colcon.colcon_core.shell:Creating package script '/home/nano/ros2_uav_ws/install/v4l2_camera/share/v4l2_camera/package.sh'
[129.418s] INFO:colcon.colcon_core.shell:Creating package script '/home/nano/ros2_uav_ws/install/v4l2_camera/share/v4l2_camera/package.bash'
[129.419s] INFO:colcon.colcon_core.shell:Creating package script '/home/nano/ros2_uav_ws/install/v4l2_camera/share/v4l2_camera/package.zsh'
[129.420s] Level 1:colcon.colcon_core.environment:create_file_with_runtime_dependencies(/home/nano/ros2_uav_ws/install/v4l2_camera/share/colcon-core/packages/v4l2_camera)
[129.628s] Level 1:colcon.colcon_core.environment:create_environment_scripts_only(v4l2_camera)
[129.630s] Level 1:colcon.colcon_core.environment:checking '/home/nano/ros2_uav_ws/install/v4l2_camera' for CMake module files
[129.634s] Level 1:colcon.colcon_core.environment:checking '/home/nano/ros2_uav_ws/install/v4l2_camera' for CMake config files
[129.637s] Level 1:colcon.colcon_core.shell:create_environment_hook('v4l2_camera', 'cmake_prefix_path')
[129.639s] INFO:colcon.colcon_core.shell:Creating environment hook '/home/nano/ros2_uav_ws/install/v4l2_camera/share/v4l2_camera/hook/cmake_prefix_path.ps1'
[129.641s] INFO:colcon.colcon_core.shell:Creating environment descriptor '/home/nano/ros2_uav_ws/install/v4l2_camera/share/v4l2_camera/hook/cmake_prefix_path.dsv'
[129.643s] INFO:colcon.colcon_core.shell:Creating environment hook '/home/nano/ros2_uav_ws/install/v4l2_camera/share/v4l2_camera/hook/cmake_prefix_path.sh'
[129.645s] Level 1:colcon.colcon_core.environment:checking '/home/nano/ros2_uav_ws/install/v4l2_camera/lib'
[129.646s] Level 1:colcon.colcon_core.shell:create_environment_hook('v4l2_camera', 'ld_library_path_lib')
[129.647s] INFO:colcon.colcon_core.shell:Creating environment hook '/home/nano/ros2_uav_ws/install/v4l2_camera/share/v4l2_camera/hook/ld_library_path_lib.ps1'
[129.649s] INFO:colcon.colcon_core.shell:Creating environment descriptor '/home/nano/ros2_uav_ws/install/v4l2_camera/share/v4l2_camera/hook/ld_library_path_lib.dsv'
[129.650s] INFO:colcon.colcon_core.shell:Creating environment hook '/home/nano/ros2_uav_ws/install/v4l2_camera/share/v4l2_camera/hook/ld_library_path_lib.sh'
[129.653s] Level 1:colcon.colcon_core.environment:checking '/home/nano/ros2_uav_ws/install/v4l2_camera/bin'
[129.653s] Level 1:colcon.colcon_core.environment:checking '/home/nano/ros2_uav_ws/install/v4l2_camera/lib/pkgconfig/v4l2_camera.pc'
[129.654s] Level 1:colcon.colcon_core.environment:checking '/home/nano/ros2_uav_ws/install/v4l2_camera/lib/python3.10/site-packages'
[129.655s] Level 1:colcon.colcon_core.environment:checking '/home/nano/ros2_uav_ws/install/v4l2_camera/bin'
[129.656s] INFO:colcon.colcon_core.shell:Creating package script '/home/nano/ros2_uav_ws/install/v4l2_camera/share/v4l2_camera/package.ps1'
[129.659s] INFO:colcon.colcon_core.shell:Creating package descriptor '/home/nano/ros2_uav_ws/install/v4l2_camera/share/v4l2_camera/package.dsv'
[129.662s] INFO:colcon.colcon_core.shell:Creating package script '/home/nano/ros2_uav_ws/install/v4l2_camera/share/v4l2_camera/package.sh'
[129.664s] INFO:colcon.colcon_core.shell:Creating package script '/home/nano/ros2_uav_ws/install/v4l2_camera/share/v4l2_camera/package.bash'
[129.666s] INFO:colcon.colcon_core.shell:Creating package script '/home/nano/ros2_uav_ws/install/v4l2_camera/share/v4l2_camera/package.zsh'
[129.668s] Level 1:colcon.colcon_core.environment:create_file_with_runtime_dependencies(/home/nano/ros2_uav_ws/install/v4l2_camera/share/colcon-core/packages/v4l2_camera)
[129.669s] DEBUG:colcon.colcon_parallel_executor.executor.parallel:closing loop
[129.671s] DEBUG:colcon.colcon_parallel_executor.executor.parallel:loop closed
[129.671s] DEBUG:colcon.colcon_parallel_executor.executor.parallel:run_until_complete finished with '0'
[129.672s] DEBUG:colcon.colcon_core.event_reactor:joining thread
[129.705s] INFO:colcon.colcon_core.plugin_system:Skipping extension 'colcon_notification.desktop_notification.terminal_notifier': Not used on non-Darwin systems
[129.706s] INFO:colcon.colcon_core.plugin_system:Skipping extension 'colcon_notification.desktop_notification.win32': Not used on non-Windows systems
[129.706s] INFO:colcon.colcon_notification.desktop_notification:Sending desktop notification using 'notify2'
[129.802s] DEBUG:colcon.colcon_core.event_reactor:joined thread
[129.805s] INFO:colcon.colcon_core.shell:Creating prefix script '/home/nano/ros2_uav_ws/install/local_setup.ps1'
[129.816s] INFO:colcon.colcon_core.shell:Creating prefix util module '/home/nano/ros2_uav_ws/install/_local_setup_util_ps1.py'
[129.828s] INFO:colcon.colcon_core.shell:Creating prefix chain script '/home/nano/ros2_uav_ws/install/setup.ps1'
[129.834s] INFO:colcon.colcon_core.shell:Creating prefix script '/home/nano/ros2_uav_ws/install/local_setup.sh'
[129.838s] INFO:colcon.colcon_core.shell:Creating prefix util module '/home/nano/ros2_uav_ws/install/_local_setup_util_sh.py'
[129.842s] INFO:colcon.colcon_core.shell:Creating prefix chain script '/home/nano/ros2_uav_ws/install/setup.sh'
[129.848s] INFO:colcon.colcon_core.shell:Creating prefix script '/home/nano/ros2_uav_ws/install/local_setup.bash'
[129.852s] INFO:colcon.colcon_core.shell:Creating prefix chain script '/home/nano/ros2_uav_ws/install/setup.bash'
[129.858s] INFO:colcon.colcon_core.shell:Creating prefix script '/home/nano/ros2_uav_ws/install/local_setup.zsh'
[129.862s] INFO:colcon.colcon_core.shell:Creating prefix chain script '/home/nano/ros2_uav_ws/install/setup.zsh'
