[0.857s] DEBUG:colcon:Command line arguments: ['/home/nano/.local/bin/colcon', 'build', '--symlink-install']
[0.858s] DEBUG:colcon:Parsed command line arguments: Namespace(log_base=None, log_level=None, verb_name='build', build_base='build', install_base='install', merge_install=False, symlink_install=True, test_result_base=None, continue_on_error=False, executor='parallel', parallel_workers=4, event_handlers=None, ignore_user_meta=False, metas=['./colcon.meta'], base_paths=['.'], packages_ignore=None, packages_ignore_regex=None, paths=None, packages_up_to=None, packages_up_to_regex=None, packages_above=None, packages_above_and_dependencies=None, packages_above_depth=None, packages_select_by_dep=None, packages_skip_by_dep=None, packages_skip_up_to=None, packages_select_build_failed=False, packages_skip_build_finished=False, packages_select_test_failures=False, packages_skip_test_passed=False, packages_select=None, packages_skip=None, packages_select_regex=None, packages_skip_regex=None, packages_start=None, packages_end=None, cmake_args=None, cmake_target=None, cmake_target_skip_unavailable=False, cmake_clean_cache=False, cmake_clean_first=False, cmake_force_configure=False, ament_cmake_args=None, catkin_cmake_args=None, catkin_skip_building_tests=False, verb_parser=<colcon_defaults.argument_parser.defaults.DefaultArgumentsDecorator object at 0xffff99bc8610>, verb_extension=<colcon_core.verb.build.BuildVerb object at 0xffff99cf9750>, main=<bound method BuildVerb.main of <colcon_core.verb.build.BuildVerb object at 0xffff99cf9750>>)
[1.217s] Level 1:colcon.colcon_core.package_discovery:discover_packages(colcon_meta) check parameters
[1.218s] Level 1:colcon.colcon_core.package_discovery:discover_packages(recursive) check parameters
[1.218s] Level 1:colcon.colcon_core.package_discovery:discover_packages(ignore) check parameters
[1.218s] Level 1:colcon.colcon_core.package_discovery:discover_packages(path) check parameters
[1.218s] Level 1:colcon.colcon_core.package_discovery:discover_packages(colcon_meta) discover
[1.219s] Level 1:colcon.colcon_core.package_discovery:discover_packages(recursive) discover
[1.219s] INFO:colcon.colcon_core.package_discovery:Crawling recursively for packages in '/home/nano/ros2_uav_ws'
[1.219s] Level 1:colcon.colcon_core.package_identification:_identify(.) by extensions ['ignore', 'ignore_ament_install']
[1.220s] Level 1:colcon.colcon_core.package_identification:_identify(.) by extension 'ignore'
[1.220s] Level 1:colcon.colcon_core.package_identification:_identify(.) by extension 'ignore_ament_install'
[1.220s] Level 1:colcon.colcon_core.package_identification:_identify(.) by extensions ['colcon_pkg']
[1.220s] Level 1:colcon.colcon_core.package_identification:_identify(.) by extension 'colcon_pkg'
[1.221s] Level 1:colcon.colcon_core.package_identification:_identify(.) by extensions ['colcon_meta']
[1.221s] Level 1:colcon.colcon_core.package_identification:_identify(.) by extension 'colcon_meta'
[1.221s] Level 1:colcon.colcon_core.package_identification:_identify(.) by extensions ['ros']
[1.221s] Level 1:colcon.colcon_core.package_identification:_identify(.) by extension 'ros'
[1.292s] Level 1:colcon.colcon_core.package_identification:_identify(.) by extensions ['cmake', 'python']
[1.292s] Level 1:colcon.colcon_core.package_identification:_identify(.) by extension 'cmake'
[1.293s] Level 1:colcon.colcon_core.package_identification:_identify(.) by extension 'python'
[1.293s] Level 1:colcon.colcon_core.package_identification:_identify(.) by extensions ['python_setup_py']
[1.293s] Level 1:colcon.colcon_core.package_identification:_identify(.) by extension 'python_setup_py'
[1.294s] Level 1:colcon.colcon_core.package_identification:_identify(build) by extensions ['ignore', 'ignore_ament_install']
[1.294s] Level 1:colcon.colcon_core.package_identification:_identify(build) by extension 'ignore'
[1.294s] Level 1:colcon.colcon_core.package_identification:_identify(build) ignored
[1.295s] Level 1:colcon.colcon_core.package_identification:_identify(install) by extensions ['ignore', 'ignore_ament_install']
[1.295s] Level 1:colcon.colcon_core.package_identification:_identify(install) by extension 'ignore'
[1.295s] Level 1:colcon.colcon_core.package_identification:_identify(install) ignored
[1.296s] Level 1:colcon.colcon_core.package_identification:_identify(log) by extensions ['ignore', 'ignore_ament_install']
[1.296s] Level 1:colcon.colcon_core.package_identification:_identify(log) by extension 'ignore'
[1.296s] Level 1:colcon.colcon_core.package_identification:_identify(log) ignored
[1.297s] Level 1:colcon.colcon_core.package_identification:_identify(src) by extensions ['ignore', 'ignore_ament_install']
[1.297s] Level 1:colcon.colcon_core.package_identification:_identify(src) by extension 'ignore'
[1.297s] Level 1:colcon.colcon_core.package_identification:_identify(src) by extension 'ignore_ament_install'
[1.298s] Level 1:colcon.colcon_core.package_identification:_identify(src) by extensions ['colcon_pkg']
[1.298s] Level 1:colcon.colcon_core.package_identification:_identify(src) by extension 'colcon_pkg'
[1.298s] Level 1:colcon.colcon_core.package_identification:_identify(src) by extensions ['colcon_meta']
[1.298s] Level 1:colcon.colcon_core.package_identification:_identify(src) by extension 'colcon_meta'
[1.298s] Level 1:colcon.colcon_core.package_identification:_identify(src) by extensions ['ros']
[1.298s] Level 1:colcon.colcon_core.package_identification:_identify(src) by extension 'ros'
[1.299s] Level 1:colcon.colcon_core.package_identification:_identify(src) by extensions ['cmake', 'python']
[1.299s] Level 1:colcon.colcon_core.package_identification:_identify(src) by extension 'cmake'
[1.299s] Level 1:colcon.colcon_core.package_identification:_identify(src) by extension 'python'
[1.299s] Level 1:colcon.colcon_core.package_identification:_identify(src) by extensions ['python_setup_py']
[1.300s] Level 1:colcon.colcon_core.package_identification:_identify(src) by extension 'python_setup_py'
[1.300s] Level 1:colcon.colcon_core.package_identification:_identify(src/ROS2_PX4_Offboard_Example) by extensions ['ignore', 'ignore_ament_install']
[1.300s] Level 1:colcon.colcon_core.package_identification:_identify(src/ROS2_PX4_Offboard_Example) by extension 'ignore'
[1.301s] Level 1:colcon.colcon_core.package_identification:_identify(src/ROS2_PX4_Offboard_Example) by extension 'ignore_ament_install'
[1.301s] Level 1:colcon.colcon_core.package_identification:_identify(src/ROS2_PX4_Offboard_Example) by extensions ['colcon_pkg']
[1.301s] Level 1:colcon.colcon_core.package_identification:_identify(src/ROS2_PX4_Offboard_Example) by extension 'colcon_pkg'
[1.301s] Level 1:colcon.colcon_core.package_identification:_identify(src/ROS2_PX4_Offboard_Example) by extensions ['colcon_meta']
[1.301s] Level 1:colcon.colcon_core.package_identification:_identify(src/ROS2_PX4_Offboard_Example) by extension 'colcon_meta'
[1.302s] Level 1:colcon.colcon_core.package_identification:_identify(src/ROS2_PX4_Offboard_Example) by extensions ['ros']
[1.302s] Level 1:colcon.colcon_core.package_identification:_identify(src/ROS2_PX4_Offboard_Example) by extension 'ros'
[1.302s] Level 1:colcon.colcon_core.package_identification:_identify(src/ROS2_PX4_Offboard_Example) by extensions ['cmake', 'python']
[1.302s] Level 1:colcon.colcon_core.package_identification:_identify(src/ROS2_PX4_Offboard_Example) by extension 'cmake'
[1.302s] Level 1:colcon.colcon_core.package_identification:_identify(src/ROS2_PX4_Offboard_Example) by extension 'python'
[1.303s] Level 1:colcon.colcon_core.package_identification:_identify(src/ROS2_PX4_Offboard_Example) by extensions ['python_setup_py']
[1.303s] Level 1:colcon.colcon_core.package_identification:_identify(src/ROS2_PX4_Offboard_Example) by extension 'python_setup_py'
[1.303s] Level 1:colcon.colcon_core.package_identification:_identify(src/ROS2_PX4_Offboard_Example/px4_offboard) by extensions ['ignore', 'ignore_ament_install']
[1.304s] Level 1:colcon.colcon_core.package_identification:_identify(src/ROS2_PX4_Offboard_Example/px4_offboard) by extension 'ignore'
[1.304s] Level 1:colcon.colcon_core.package_identification:_identify(src/ROS2_PX4_Offboard_Example/px4_offboard) by extension 'ignore_ament_install'
[1.304s] Level 1:colcon.colcon_core.package_identification:_identify(src/ROS2_PX4_Offboard_Example/px4_offboard) by extensions ['colcon_pkg']
[1.304s] Level 1:colcon.colcon_core.package_identification:_identify(src/ROS2_PX4_Offboard_Example/px4_offboard) by extension 'colcon_pkg'
[1.304s] Level 1:colcon.colcon_core.package_identification:_identify(src/ROS2_PX4_Offboard_Example/px4_offboard) by extensions ['colcon_meta']
[1.305s] Level 1:colcon.colcon_core.package_identification:_identify(src/ROS2_PX4_Offboard_Example/px4_offboard) by extension 'colcon_meta'
[1.305s] Level 1:colcon.colcon_core.package_identification:_identify(src/ROS2_PX4_Offboard_Example/px4_offboard) by extensions ['ros']
[1.305s] Level 1:colcon.colcon_core.package_identification:_identify(src/ROS2_PX4_Offboard_Example/px4_offboard) by extension 'ros'
[1.320s] DEBUG:colcon.colcon_core.package_identification:Package 'src/ROS2_PX4_Offboard_Example/px4_offboard' with type 'ros.ament_python' and name 'px4_offboard'
[1.321s] Level 1:colcon.colcon_core.package_identification:_identify(src/nano_test_pkg) by extensions ['ignore', 'ignore_ament_install']
[1.321s] Level 1:colcon.colcon_core.package_identification:_identify(src/nano_test_pkg) by extension 'ignore'
[1.322s] Level 1:colcon.colcon_core.package_identification:_identify(src/nano_test_pkg) by extension 'ignore_ament_install'
[1.322s] Level 1:colcon.colcon_core.package_identification:_identify(src/nano_test_pkg) by extensions ['colcon_pkg']
[1.322s] Level 1:colcon.colcon_core.package_identification:_identify(src/nano_test_pkg) by extension 'colcon_pkg'
[1.322s] Level 1:colcon.colcon_core.package_identification:_identify(src/nano_test_pkg) by extensions ['colcon_meta']
[1.323s] Level 1:colcon.colcon_core.package_identification:_identify(src/nano_test_pkg) by extension 'colcon_meta'
[1.323s] Level 1:colcon.colcon_core.package_identification:_identify(src/nano_test_pkg) by extensions ['ros']
[1.323s] Level 1:colcon.colcon_core.package_identification:_identify(src/nano_test_pkg) by extension 'ros'
[1.329s] DEBUG:colcon.colcon_core.package_identification:Package 'src/nano_test_pkg' with type 'ros.ament_python' and name 'nano_test_pkg'
[1.330s] Level 1:colcon.colcon_core.package_identification:_identify(src/px4_msgs) by extensions ['ignore', 'ignore_ament_install']
[1.330s] Level 1:colcon.colcon_core.package_identification:_identify(src/px4_msgs) by extension 'ignore'
[1.331s] Level 1:colcon.colcon_core.package_identification:_identify(src/px4_msgs) by extension 'ignore_ament_install'
[1.331s] Level 1:colcon.colcon_core.package_identification:_identify(src/px4_msgs) by extensions ['colcon_pkg']
[1.331s] Level 1:colcon.colcon_core.package_identification:_identify(src/px4_msgs) by extension 'colcon_pkg'
[1.331s] Level 1:colcon.colcon_core.package_identification:_identify(src/px4_msgs) by extensions ['colcon_meta']
[1.331s] Level 1:colcon.colcon_core.package_identification:_identify(src/px4_msgs) by extension 'colcon_meta'
[1.331s] Level 1:colcon.colcon_core.package_identification:_identify(src/px4_msgs) by extensions ['ros']
[1.332s] Level 1:colcon.colcon_core.package_identification:_identify(src/px4_msgs) by extension 'ros'
[1.335s] DEBUG:colcon.colcon_core.package_identification:Package 'src/px4_msgs' with type 'ros.ament_cmake' and name 'px4_msgs'
[1.336s] Level 1:colcon.colcon_core.package_identification:_identify(src/px4_ros_com) by extensions ['ignore', 'ignore_ament_install']
[1.336s] Level 1:colcon.colcon_core.package_identification:_identify(src/px4_ros_com) by extension 'ignore'
[1.336s] Level 1:colcon.colcon_core.package_identification:_identify(src/px4_ros_com) by extension 'ignore_ament_install'
[1.337s] Level 1:colcon.colcon_core.package_identification:_identify(src/px4_ros_com) by extensions ['colcon_pkg']
[1.337s] Level 1:colcon.colcon_core.package_identification:_identify(src/px4_ros_com) by extension 'colcon_pkg'
[1.337s] Level 1:colcon.colcon_core.package_identification:_identify(src/px4_ros_com) by extensions ['colcon_meta']
[1.337s] Level 1:colcon.colcon_core.package_identification:_identify(src/px4_ros_com) by extension 'colcon_meta'
[1.338s] Level 1:colcon.colcon_core.package_identification:_identify(src/px4_ros_com) by extensions ['ros']
[1.338s] Level 1:colcon.colcon_core.package_identification:_identify(src/px4_ros_com) by extension 'ros'
[1.344s] DEBUG:colcon.colcon_core.package_identification:Package 'src/px4_ros_com' with type 'ros.ament_cmake' and name 'px4_ros_com'
[1.344s] Level 1:colcon.colcon_core.package_identification:_identify(src/v4l2_camera) by extensions ['ignore', 'ignore_ament_install']
[1.345s] Level 1:colcon.colcon_core.package_identification:_identify(src/v4l2_camera) by extension 'ignore'
[1.345s] Level 1:colcon.colcon_core.package_identification:_identify(src/v4l2_camera) by extension 'ignore_ament_install'
[1.345s] Level 1:colcon.colcon_core.package_identification:_identify(src/v4l2_camera) by extensions ['colcon_pkg']
[1.345s] Level 1:colcon.colcon_core.package_identification:_identify(src/v4l2_camera) by extension 'colcon_pkg'
[1.346s] Level 1:colcon.colcon_core.package_identification:_identify(src/v4l2_camera) by extensions ['colcon_meta']
[1.346s] Level 1:colcon.colcon_core.package_identification:_identify(src/v4l2_camera) by extension 'colcon_meta'
[1.346s] Level 1:colcon.colcon_core.package_identification:_identify(src/v4l2_camera) by extensions ['ros']
[1.346s] Level 1:colcon.colcon_core.package_identification:_identify(src/v4l2_camera) by extension 'ros'
[1.349s] DEBUG:colcon.colcon_core.package_identification:Package 'src/v4l2_camera' with type 'ros.ament_cmake' and name 'v4l2_camera'
[1.350s] Level 1:colcon.colcon_core.package_discovery:discover_packages(recursive) using defaults
[1.350s] Level 1:colcon.colcon_core.package_discovery:discover_packages(ignore) discover
[1.350s] Level 1:colcon.colcon_core.package_discovery:discover_packages(ignore) using defaults
[1.350s] Level 1:colcon.colcon_core.package_discovery:discover_packages(path) discover
[1.350s] Level 1:colcon.colcon_core.package_discovery:discover_packages(path) using defaults
[1.482s] Level 5:colcon.colcon_core.verb:set package 'px4_msgs' build argument 'cmake_args' from command line to 'None'
[1.482s] Level 5:colcon.colcon_core.verb:set package 'px4_msgs' build argument 'cmake_target' from command line to 'None'
[1.482s] Level 5:colcon.colcon_core.verb:set package 'px4_msgs' build argument 'cmake_target_skip_unavailable' from command line to 'False'
[1.483s] Level 5:colcon.colcon_core.verb:set package 'px4_msgs' build argument 'cmake_clean_cache' from command line to 'False'
[1.483s] Level 5:colcon.colcon_core.verb:set package 'px4_msgs' build argument 'cmake_clean_first' from command line to 'False'
[1.483s] Level 5:colcon.colcon_core.verb:set package 'px4_msgs' build argument 'cmake_force_configure' from command line to 'False'
[1.483s] Level 5:colcon.colcon_core.verb:set package 'px4_msgs' build argument 'ament_cmake_args' from command line to 'None'
[1.483s] Level 5:colcon.colcon_core.verb:set package 'px4_msgs' build argument 'catkin_cmake_args' from command line to 'None'
[1.483s] Level 5:colcon.colcon_core.verb:set package 'px4_msgs' build argument 'catkin_skip_building_tests' from command line to 'False'
[1.483s] DEBUG:colcon.colcon_core.verb:Building package 'px4_msgs' with the following arguments: {'ament_cmake_args': None, 'build_base': '/home/nano/ros2_uav_ws/build/px4_msgs', 'catkin_cmake_args': None, 'catkin_skip_building_tests': False, 'cmake_args': None, 'cmake_clean_cache': False, 'cmake_clean_first': False, 'cmake_force_configure': False, 'cmake_target': None, 'cmake_target_skip_unavailable': False, 'install_base': '/home/nano/ros2_uav_ws/install/px4_msgs', 'merge_install': False, 'path': '/home/nano/ros2_uav_ws/src/px4_msgs', 'symlink_install': True, 'test_result_base': None}
[1.485s] Level 5:colcon.colcon_core.verb:set package 'v4l2_camera' build argument 'cmake_args' from command line to 'None'
[1.485s] Level 5:colcon.colcon_core.verb:set package 'v4l2_camera' build argument 'cmake_target' from command line to 'None'
[1.486s] Level 5:colcon.colcon_core.verb:set package 'v4l2_camera' build argument 'cmake_target_skip_unavailable' from command line to 'False'
[1.486s] Level 5:colcon.colcon_core.verb:set package 'v4l2_camera' build argument 'cmake_clean_cache' from command line to 'False'
[1.486s] Level 5:colcon.colcon_core.verb:set package 'v4l2_camera' build argument 'cmake_clean_first' from command line to 'False'
[1.486s] Level 5:colcon.colcon_core.verb:set package 'v4l2_camera' build argument 'cmake_force_configure' from command line to 'False'
[1.486s] Level 5:colcon.colcon_core.verb:set package 'v4l2_camera' build argument 'ament_cmake_args' from command line to 'None'
[1.486s] Level 5:colcon.colcon_core.verb:set package 'v4l2_camera' build argument 'catkin_cmake_args' from command line to 'None'
[1.486s] Level 5:colcon.colcon_core.verb:set package 'v4l2_camera' build argument 'catkin_skip_building_tests' from command line to 'False'
[1.486s] DEBUG:colcon.colcon_core.verb:Building package 'v4l2_camera' with the following arguments: {'ament_cmake_args': None, 'build_base': '/home/nano/ros2_uav_ws/build/v4l2_camera', 'catkin_cmake_args': None, 'catkin_skip_building_tests': False, 'cmake_args': None, 'cmake_clean_cache': False, 'cmake_clean_first': False, 'cmake_force_configure': False, 'cmake_target': None, 'cmake_target_skip_unavailable': False, 'install_base': '/home/nano/ros2_uav_ws/install/v4l2_camera', 'merge_install': False, 'path': '/home/nano/ros2_uav_ws/src/v4l2_camera', 'symlink_install': True, 'test_result_base': None}
[1.488s] Level 5:colcon.colcon_core.verb:set package 'px4_offboard' build argument 'cmake_args' from command line to 'None'
[1.488s] Level 5:colcon.colcon_core.verb:set package 'px4_offboard' build argument 'cmake_target' from command line to 'None'
[1.488s] Level 5:colcon.colcon_core.verb:set package 'px4_offboard' build argument 'cmake_target_skip_unavailable' from command line to 'False'
[1.489s] Level 5:colcon.colcon_core.verb:set package 'px4_offboard' build argument 'cmake_clean_cache' from command line to 'False'
[1.489s] Level 5:colcon.colcon_core.verb:set package 'px4_offboard' build argument 'cmake_clean_first' from command line to 'False'
[1.489s] Level 5:colcon.colcon_core.verb:set package 'px4_offboard' build argument 'cmake_force_configure' from command line to 'False'
[1.489s] Level 5:colcon.colcon_core.verb:set package 'px4_offboard' build argument 'ament_cmake_args' from command line to 'None'
[1.489s] Level 5:colcon.colcon_core.verb:set package 'px4_offboard' build argument 'catkin_cmake_args' from command line to 'None'
[1.489s] Level 5:colcon.colcon_core.verb:set package 'px4_offboard' build argument 'catkin_skip_building_tests' from command line to 'False'
[1.489s] DEBUG:colcon.colcon_core.verb:Building package 'px4_offboard' with the following arguments: {'ament_cmake_args': None, 'build_base': '/home/nano/ros2_uav_ws/build/px4_offboard', 'catkin_cmake_args': None, 'catkin_skip_building_tests': False, 'cmake_args': None, 'cmake_clean_cache': False, 'cmake_clean_first': False, 'cmake_force_configure': False, 'cmake_target': None, 'cmake_target_skip_unavailable': False, 'install_base': '/home/nano/ros2_uav_ws/install/px4_offboard', 'merge_install': False, 'path': '/home/nano/ros2_uav_ws/src/ROS2_PX4_Offboard_Example/px4_offboard', 'symlink_install': True, 'test_result_base': None}
[1.491s] Level 5:colcon.colcon_core.verb:set package 'px4_ros_com' build argument 'cmake_args' from command line to 'None'
[1.491s] Level 5:colcon.colcon_core.verb:set package 'px4_ros_com' build argument 'cmake_target' from command line to 'None'
[1.491s] Level 5:colcon.colcon_core.verb:set package 'px4_ros_com' build argument 'cmake_target_skip_unavailable' from command line to 'False'
[1.491s] Level 5:colcon.colcon_core.verb:set package 'px4_ros_com' build argument 'cmake_clean_cache' from command line to 'False'
[1.491s] Level 5:colcon.colcon_core.verb:set package 'px4_ros_com' build argument 'cmake_clean_first' from command line to 'False'
[1.492s] Level 5:colcon.colcon_core.verb:set package 'px4_ros_com' build argument 'cmake_force_configure' from command line to 'False'
[1.492s] Level 5:colcon.colcon_core.verb:set package 'px4_ros_com' build argument 'ament_cmake_args' from command line to 'None'
[1.492s] Level 5:colcon.colcon_core.verb:set package 'px4_ros_com' build argument 'catkin_cmake_args' from command line to 'None'
[1.492s] Level 5:colcon.colcon_core.verb:set package 'px4_ros_com' build argument 'catkin_skip_building_tests' from command line to 'False'
[1.492s] DEBUG:colcon.colcon_core.verb:Building package 'px4_ros_com' with the following arguments: {'ament_cmake_args': None, 'build_base': '/home/nano/ros2_uav_ws/build/px4_ros_com', 'catkin_cmake_args': None, 'catkin_skip_building_tests': False, 'cmake_args': None, 'cmake_clean_cache': False, 'cmake_clean_first': False, 'cmake_force_configure': False, 'cmake_target': None, 'cmake_target_skip_unavailable': False, 'install_base': '/home/nano/ros2_uav_ws/install/px4_ros_com', 'merge_install': False, 'path': '/home/nano/ros2_uav_ws/src/px4_ros_com', 'symlink_install': True, 'test_result_base': None}
[1.493s] Level 5:colcon.colcon_core.verb:set package 'nano_test_pkg' build argument 'cmake_args' from command line to 'None'
[1.494s] Level 5:colcon.colcon_core.verb:set package 'nano_test_pkg' build argument 'cmake_target' from command line to 'None'
[1.494s] Level 5:colcon.colcon_core.verb:set package 'nano_test_pkg' build argument 'cmake_target_skip_unavailable' from command line to 'False'
[1.494s] Level 5:colcon.colcon_core.verb:set package 'nano_test_pkg' build argument 'cmake_clean_cache' from command line to 'False'
[1.494s] Level 5:colcon.colcon_core.verb:set package 'nano_test_pkg' build argument 'cmake_clean_first' from command line to 'False'
[1.494s] Level 5:colcon.colcon_core.verb:set package 'nano_test_pkg' build argument 'cmake_force_configure' from command line to 'False'
[1.494s] Level 5:colcon.colcon_core.verb:set package 'nano_test_pkg' build argument 'ament_cmake_args' from command line to 'None'
[1.494s] Level 5:colcon.colcon_core.verb:set package 'nano_test_pkg' build argument 'catkin_cmake_args' from command line to 'None'
[1.494s] Level 5:colcon.colcon_core.verb:set package 'nano_test_pkg' build argument 'catkin_skip_building_tests' from command line to 'False'
[1.495s] DEBUG:colcon.colcon_core.verb:Building package 'nano_test_pkg' with the following arguments: {'ament_cmake_args': None, 'build_base': '/home/nano/ros2_uav_ws/build/nano_test_pkg', 'catkin_cmake_args': None, 'catkin_skip_building_tests': False, 'cmake_args': None, 'cmake_clean_cache': False, 'cmake_clean_first': False, 'cmake_force_configure': False, 'cmake_target': None, 'cmake_target_skip_unavailable': False, 'install_base': '/home/nano/ros2_uav_ws/install/nano_test_pkg', 'merge_install': False, 'path': '/home/nano/ros2_uav_ws/src/nano_test_pkg', 'symlink_install': True, 'test_result_base': None}
[1.495s] INFO:colcon.colcon_core.executor:Executing jobs using 'parallel' executor
[1.499s] DEBUG:colcon.colcon_parallel_executor.executor.parallel:run_until_complete
[1.500s] INFO:colcon.colcon_ros.task.ament_cmake.build:Building ROS package in '/home/nano/ros2_uav_ws/src/px4_msgs' with build type 'ament_cmake'
[1.501s] INFO:colcon.colcon_cmake.task.cmake.build:Building CMake package in '/home/nano/ros2_uav_ws/src/px4_msgs'
[1.530s] INFO:colcon.colcon_core.plugin_system:Skipping extension 'colcon_core.shell.bat': Not used on non-Windows systems
[1.531s] INFO:colcon.colcon_core.shell:Skip shell extension 'powershell' for command environment: Not usable outside of PowerShell
[1.532s] DEBUG:colcon.colcon_core.shell:Skip shell extension 'dsv' for command environment
[1.576s] INFO:colcon.colcon_ros.task.ament_cmake.build:Building ROS package in '/home/nano/ros2_uav_ws/src/v4l2_camera' with build type 'ament_cmake'
[1.576s] INFO:colcon.colcon_cmake.task.cmake.build:Building CMake package in '/home/nano/ros2_uav_ws/src/v4l2_camera'
[1.578s] INFO:colcon.colcon_core.shell:Skip shell extension 'powershell' for command environment: Not usable outside of PowerShell
[1.579s] DEBUG:colcon.colcon_core.shell:Skip shell extension 'dsv' for command environment
[1.625s] DEBUG:colcon.colcon_core.event_handler.log_command:Invoking command in '/home/nano/ros2_uav_ws/build/px4_msgs': CMAKE_PREFIX_PATH=${CMAKE_PREFIX_PATH}:/home/nano/ros2_uav_ws/install/nano_test_pkg:/home/nano/ros2_uav_ws/install/px4_offboard:/opt/ros/humble /usr/bin/cmake /home/nano/ros2_uav_ws/src/px4_msgs -DAMENT_CMAKE_SYMLINK_INSTALL=1 -DCMAKE_INSTALL_PREFIX=/home/nano/ros2_uav_ws/install/px4_msgs
[1.670s] DEBUG:colcon.colcon_core.event_handler.log_command:Invoking command in '/home/nano/ros2_uav_ws/build/v4l2_camera': CMAKE_PREFIX_PATH=${CMAKE_PREFIX_PATH}:/home/nano/ros2_uav_ws/install/nano_test_pkg:/home/nano/ros2_uav_ws/install/px4_offboard:/opt/ros/humble /usr/bin/cmake /home/nano/ros2_uav_ws/src/v4l2_camera -DAMENT_CMAKE_SYMLINK_INSTALL=1 -DCMAKE_INSTALL_PREFIX=/home/nano/ros2_uav_ws/install/v4l2_camera
[8.050s] DEBUG:colcon.colcon_core.event_handler.log_command:Invoked command in '/home/nano/ros2_uav_ws/build/v4l2_camera' returned '0': CMAKE_PREFIX_PATH=${CMAKE_PREFIX_PATH}:/home/nano/ros2_uav_ws/install/nano_test_pkg:/home/nano/ros2_uav_ws/install/px4_offboard:/opt/ros/humble /usr/bin/cmake /home/nano/ros2_uav_ws/src/v4l2_camera -DAMENT_CMAKE_SYMLINK_INSTALL=1 -DCMAKE_INSTALL_PREFIX=/home/nano/ros2_uav_ws/install/v4l2_camera
[8.061s] DEBUG:colcon.colcon_core.event_handler.log_command:Invoking command in '/home/nano/ros2_uav_ws/build/v4l2_camera': CMAKE_PREFIX_PATH=${CMAKE_PREFIX_PATH}:/home/nano/ros2_uav_ws/install/nano_test_pkg:/home/nano/ros2_uav_ws/install/px4_offboard:/opt/ros/humble /usr/bin/cmake --build /home/nano/ros2_uav_ws/build/v4l2_camera -- -j4 -l4
[8.793s] DEBUG:colcon.colcon_core.event_handler.log_command:Invoked command in '/home/nano/ros2_uav_ws/build/v4l2_camera' returned '0': CMAKE_PREFIX_PATH=${CMAKE_PREFIX_PATH}:/home/nano/ros2_uav_ws/install/nano_test_pkg:/home/nano/ros2_uav_ws/install/px4_offboard:/opt/ros/humble /usr/bin/cmake --build /home/nano/ros2_uav_ws/build/v4l2_camera -- -j4 -l4
[9.082s] DEBUG:colcon.colcon_core.event_handler.log_command:Invoking command in '/home/nano/ros2_uav_ws/build/v4l2_camera': CMAKE_PREFIX_PATH=${CMAKE_PREFIX_PATH}:/home/nano/ros2_uav_ws/install/nano_test_pkg:/home/nano/ros2_uav_ws/install/px4_offboard:/opt/ros/humble /usr/bin/cmake --install /home/nano/ros2_uav_ws/build/v4l2_camera
[9.242s] Level 1:colcon.colcon_core.environment:create_environment_scripts_only(v4l2_camera)
[9.244s] DEBUG:colcon.colcon_core.event_handler.log_command:Invoked command in '/home/nano/ros2_uav_ws/build/v4l2_camera' returned '0': CMAKE_PREFIX_PATH=${CMAKE_PREFIX_PATH}:/home/nano/ros2_uav_ws/install/nano_test_pkg:/home/nano/ros2_uav_ws/install/px4_offboard:/opt/ros/humble /usr/bin/cmake --install /home/nano/ros2_uav_ws/build/v4l2_camera
[9.276s] Level 1:colcon.colcon_core.environment:checking '/home/nano/ros2_uav_ws/install/v4l2_camera' for CMake module files
[9.280s] Level 1:colcon.colcon_core.environment:checking '/home/nano/ros2_uav_ws/install/v4l2_camera' for CMake config files
[9.283s] Level 1:colcon.colcon_core.shell:create_environment_hook('v4l2_camera', 'cmake_prefix_path')
[9.285s] INFO:colcon.colcon_core.shell:Creating environment hook '/home/nano/ros2_uav_ws/install/v4l2_camera/share/v4l2_camera/hook/cmake_prefix_path.ps1'
[9.295s] INFO:colcon.colcon_core.shell:Creating environment descriptor '/home/nano/ros2_uav_ws/install/v4l2_camera/share/v4l2_camera/hook/cmake_prefix_path.dsv'
[9.299s] INFO:colcon.colcon_core.shell:Creating environment hook '/home/nano/ros2_uav_ws/install/v4l2_camera/share/v4l2_camera/hook/cmake_prefix_path.sh'
[9.304s] Level 1:colcon.colcon_core.environment:checking '/home/nano/ros2_uav_ws/install/v4l2_camera/lib'
[9.305s] Level 1:colcon.colcon_core.shell:create_environment_hook('v4l2_camera', 'ld_library_path_lib')
[9.306s] INFO:colcon.colcon_core.shell:Creating environment hook '/home/nano/ros2_uav_ws/install/v4l2_camera/share/v4l2_camera/hook/ld_library_path_lib.ps1'
[9.308s] INFO:colcon.colcon_core.shell:Creating environment descriptor '/home/nano/ros2_uav_ws/install/v4l2_camera/share/v4l2_camera/hook/ld_library_path_lib.dsv'
[9.310s] INFO:colcon.colcon_core.shell:Creating environment hook '/home/nano/ros2_uav_ws/install/v4l2_camera/share/v4l2_camera/hook/ld_library_path_lib.sh'
[9.312s] Level 1:colcon.colcon_core.environment:checking '/home/nano/ros2_uav_ws/install/v4l2_camera/bin'
[9.313s] Level 1:colcon.colcon_core.environment:checking '/home/nano/ros2_uav_ws/install/v4l2_camera/lib/pkgconfig/v4l2_camera.pc'
[9.321s] Level 1:colcon.colcon_core.environment:checking '/home/nano/ros2_uav_ws/install/v4l2_camera/lib/python3.10/site-packages'
[9.322s] Level 1:colcon.colcon_core.environment:checking '/home/nano/ros2_uav_ws/install/v4l2_camera/bin'
[9.323s] INFO:colcon.colcon_core.shell:Creating package script '/home/nano/ros2_uav_ws/install/v4l2_camera/share/v4l2_camera/package.ps1'
[9.331s] INFO:colcon.colcon_core.shell:Creating package descriptor '/home/nano/ros2_uav_ws/install/v4l2_camera/share/v4l2_camera/package.dsv'
[9.336s] INFO:colcon.colcon_core.shell:Creating package script '/home/nano/ros2_uav_ws/install/v4l2_camera/share/v4l2_camera/package.sh'
[9.340s] INFO:colcon.colcon_core.shell:Creating package script '/home/nano/ros2_uav_ws/install/v4l2_camera/share/v4l2_camera/package.bash'
[9.345s] INFO:colcon.colcon_core.shell:Creating package script '/home/nano/ros2_uav_ws/install/v4l2_camera/share/v4l2_camera/package.zsh'
[9.350s] Level 1:colcon.colcon_core.environment:create_file_with_runtime_dependencies(/home/nano/ros2_uav_ws/install/v4l2_camera/share/colcon-core/packages/v4l2_camera)
[9.592s] Level 1:colcon.colcon_core.environment:create_environment_scripts_only(v4l2_camera)
[9.594s] Level 1:colcon.colcon_core.environment:checking '/home/nano/ros2_uav_ws/install/v4l2_camera' for CMake module files
[9.597s] Level 1:colcon.colcon_core.environment:checking '/home/nano/ros2_uav_ws/install/v4l2_camera' for CMake config files
[9.601s] Level 1:colcon.colcon_core.shell:create_environment_hook('v4l2_camera', 'cmake_prefix_path')
[9.602s] INFO:colcon.colcon_core.shell:Creating environment hook '/home/nano/ros2_uav_ws/install/v4l2_camera/share/v4l2_camera/hook/cmake_prefix_path.ps1'
[9.605s] INFO:colcon.colcon_core.shell:Creating environment descriptor '/home/nano/ros2_uav_ws/install/v4l2_camera/share/v4l2_camera/hook/cmake_prefix_path.dsv'
[9.607s] INFO:colcon.colcon_core.shell:Creating environment hook '/home/nano/ros2_uav_ws/install/v4l2_camera/share/v4l2_camera/hook/cmake_prefix_path.sh'
[9.610s] Level 1:colcon.colcon_core.environment:checking '/home/nano/ros2_uav_ws/install/v4l2_camera/lib'
[9.610s] Level 1:colcon.colcon_core.shell:create_environment_hook('v4l2_camera', 'ld_library_path_lib')
[9.612s] INFO:colcon.colcon_core.shell:Creating environment hook '/home/nano/ros2_uav_ws/install/v4l2_camera/share/v4l2_camera/hook/ld_library_path_lib.ps1'
[9.614s] INFO:colcon.colcon_core.shell:Creating environment descriptor '/home/nano/ros2_uav_ws/install/v4l2_camera/share/v4l2_camera/hook/ld_library_path_lib.dsv'
[9.616s] INFO:colcon.colcon_core.shell:Creating environment hook '/home/nano/ros2_uav_ws/install/v4l2_camera/share/v4l2_camera/hook/ld_library_path_lib.sh'
[9.618s] Level 1:colcon.colcon_core.environment:checking '/home/nano/ros2_uav_ws/install/v4l2_camera/bin'
[9.619s] Level 1:colcon.colcon_core.environment:checking '/home/nano/ros2_uav_ws/install/v4l2_camera/lib/pkgconfig/v4l2_camera.pc'
[9.620s] Level 1:colcon.colcon_core.environment:checking '/home/nano/ros2_uav_ws/install/v4l2_camera/lib/python3.10/site-packages'
[9.621s] Level 1:colcon.colcon_core.environment:checking '/home/nano/ros2_uav_ws/install/v4l2_camera/bin'
[9.622s] INFO:colcon.colcon_core.shell:Creating package script '/home/nano/ros2_uav_ws/install/v4l2_camera/share/v4l2_camera/package.ps1'
[9.625s] INFO:colcon.colcon_core.shell:Creating package descriptor '/home/nano/ros2_uav_ws/install/v4l2_camera/share/v4l2_camera/package.dsv'
[9.628s] INFO:colcon.colcon_core.shell:Creating package script '/home/nano/ros2_uav_ws/install/v4l2_camera/share/v4l2_camera/package.sh'
[9.631s] INFO:colcon.colcon_core.shell:Creating package script '/home/nano/ros2_uav_ws/install/v4l2_camera/share/v4l2_camera/package.bash'
[9.634s] INFO:colcon.colcon_core.shell:Creating package script '/home/nano/ros2_uav_ws/install/v4l2_camera/share/v4l2_camera/package.zsh'
[9.636s] Level 1:colcon.colcon_core.environment:create_file_with_runtime_dependencies(/home/nano/ros2_uav_ws/install/v4l2_camera/share/colcon-core/packages/v4l2_camera)
[19.337s] DEBUG:colcon.colcon_core.event_handler.log_command:Invoked command in '/home/nano/ros2_uav_ws/build/px4_msgs' returned '0': CMAKE_PREFIX_PATH=${CMAKE_PREFIX_PATH}:/home/nano/ros2_uav_ws/install/nano_test_pkg:/home/nano/ros2_uav_ws/install/px4_offboard:/opt/ros/humble /usr/bin/cmake /home/nano/ros2_uav_ws/src/px4_msgs -DAMENT_CMAKE_SYMLINK_INSTALL=1 -DCMAKE_INSTALL_PREFIX=/home/nano/ros2_uav_ws/install/px4_msgs
[19.346s] DEBUG:colcon.colcon_core.event_handler.log_command:Invoking command in '/home/nano/ros2_uav_ws/build/px4_msgs': CMAKE_PREFIX_PATH=${CMAKE_PREFIX_PATH}:/home/nano/ros2_uav_ws/install/nano_test_pkg:/home/nano/ros2_uav_ws/install/px4_offboard:/opt/ros/humble /usr/bin/cmake --build /home/nano/ros2_uav_ws/build/px4_msgs -- -j4 -l4
[31.692s] DEBUG:colcon.colcon_core.event_handler.log_command:Invoked command in '/home/nano/ros2_uav_ws/build/px4_msgs' returned '0': CMAKE_PREFIX_PATH=${CMAKE_PREFIX_PATH}:/home/nano/ros2_uav_ws/install/nano_test_pkg:/home/nano/ros2_uav_ws/install/px4_offboard:/opt/ros/humble /usr/bin/cmake --build /home/nano/ros2_uav_ws/build/px4_msgs -- -j4 -l4
[91.445s] DEBUG:colcon.colcon_core.event_handler.log_command:Invoking command in '/home/nano/ros2_uav_ws/build/px4_msgs': CMAKE_PREFIX_PATH=${CMAKE_PREFIX_PATH}:/home/nano/ros2_uav_ws/install/nano_test_pkg:/home/nano/ros2_uav_ws/install/px4_offboard:/opt/ros/humble /usr/bin/cmake --install /home/nano/ros2_uav_ws/build/px4_msgs
[103.290s] Level 1:colcon.colcon_core.environment:create_environment_scripts_only(px4_msgs)
[103.293s] Level 1:colcon.colcon_core.environment:checking '/home/nano/ros2_uav_ws/install/px4_msgs' for CMake module files
[103.303s] DEBUG:colcon.colcon_core.event_handler.log_command:Invoked command in '/home/nano/ros2_uav_ws/build/px4_msgs' returned '0': CMAKE_PREFIX_PATH=${CMAKE_PREFIX_PATH}:/home/nano/ros2_uav_ws/install/nano_test_pkg:/home/nano/ros2_uav_ws/install/px4_offboard:/opt/ros/humble /usr/bin/cmake --install /home/nano/ros2_uav_ws/build/px4_msgs
[103.311s] Level 1:colcon.colcon_core.environment:checking '/home/nano/ros2_uav_ws/install/px4_msgs' for CMake config files
[103.343s] Level 1:colcon.colcon_core.shell:create_environment_hook('px4_msgs', 'cmake_prefix_path')
[103.345s] INFO:colcon.colcon_core.shell:Creating environment hook '/home/nano/ros2_uav_ws/install/px4_msgs/share/px4_msgs/hook/cmake_prefix_path.ps1'
[103.349s] INFO:colcon.colcon_core.shell:Creating environment descriptor '/home/nano/ros2_uav_ws/install/px4_msgs/share/px4_msgs/hook/cmake_prefix_path.dsv'
[103.353s] INFO:colcon.colcon_core.shell:Creating environment hook '/home/nano/ros2_uav_ws/install/px4_msgs/share/px4_msgs/hook/cmake_prefix_path.sh'
[103.360s] Level 1:colcon.colcon_core.environment:checking '/home/nano/ros2_uav_ws/install/px4_msgs/lib'
[103.362s] Level 1:colcon.colcon_core.shell:create_environment_hook('px4_msgs', 'ld_library_path_lib')
[103.364s] INFO:colcon.colcon_core.shell:Creating environment hook '/home/nano/ros2_uav_ws/install/px4_msgs/share/px4_msgs/hook/ld_library_path_lib.ps1'
[103.368s] INFO:colcon.colcon_core.shell:Creating environment descriptor '/home/nano/ros2_uav_ws/install/px4_msgs/share/px4_msgs/hook/ld_library_path_lib.dsv'
[103.372s] INFO:colcon.colcon_core.shell:Creating environment hook '/home/nano/ros2_uav_ws/install/px4_msgs/share/px4_msgs/hook/ld_library_path_lib.sh'
[103.376s] Level 1:colcon.colcon_core.environment:checking '/home/nano/ros2_uav_ws/install/px4_msgs/bin'
[103.378s] Level 1:colcon.colcon_core.environment:checking '/home/nano/ros2_uav_ws/install/px4_msgs/lib/pkgconfig/px4_msgs.pc'
[103.379s] Level 1:colcon.colcon_core.environment:checking '/home/nano/ros2_uav_ws/install/px4_msgs/lib/python3.10/site-packages'
[103.382s] Level 1:colcon.colcon_core.environment:checking '/home/nano/ros2_uav_ws/install/px4_msgs/bin'
[103.385s] INFO:colcon.colcon_core.shell:Creating package script '/home/nano/ros2_uav_ws/install/px4_msgs/share/px4_msgs/package.ps1'
[103.391s] INFO:colcon.colcon_core.shell:Creating package descriptor '/home/nano/ros2_uav_ws/install/px4_msgs/share/px4_msgs/package.dsv'
[103.396s] INFO:colcon.colcon_core.shell:Creating package script '/home/nano/ros2_uav_ws/install/px4_msgs/share/px4_msgs/package.sh'
[103.402s] INFO:colcon.colcon_core.shell:Creating package script '/home/nano/ros2_uav_ws/install/px4_msgs/share/px4_msgs/package.bash'
[103.407s] INFO:colcon.colcon_core.shell:Creating package script '/home/nano/ros2_uav_ws/install/px4_msgs/share/px4_msgs/package.zsh'
[103.413s] Level 1:colcon.colcon_core.environment:create_file_with_runtime_dependencies(/home/nano/ros2_uav_ws/install/px4_msgs/share/colcon-core/packages/px4_msgs)
[145.433s] Level 1:colcon.colcon_core.environment:create_environment_scripts_only(px4_msgs)
[145.437s] Level 1:colcon.colcon_core.environment:checking '/home/nano/ros2_uav_ws/install/px4_msgs' for CMake module files
[145.442s] Level 1:colcon.colcon_core.environment:checking '/home/nano/ros2_uav_ws/install/px4_msgs' for CMake config files
[145.465s] Level 1:colcon.colcon_core.shell:create_environment_hook('px4_msgs', 'cmake_prefix_path')
[145.467s] INFO:colcon.colcon_core.shell:Creating environment hook '/home/nano/ros2_uav_ws/install/px4_msgs/share/px4_msgs/hook/cmake_prefix_path.ps1'
[145.468s] INFO:colcon.colcon_core.shell:Creating environment descriptor '/home/nano/ros2_uav_ws/install/px4_msgs/share/px4_msgs/hook/cmake_prefix_path.dsv'
[145.470s] INFO:colcon.colcon_core.shell:Creating environment hook '/home/nano/ros2_uav_ws/install/px4_msgs/share/px4_msgs/hook/cmake_prefix_path.sh'
[145.473s] Level 1:colcon.colcon_core.environment:checking '/home/nano/ros2_uav_ws/install/px4_msgs/lib'
[145.473s] Level 1:colcon.colcon_core.shell:create_environment_hook('px4_msgs', 'ld_library_path_lib')
[145.474s] INFO:colcon.colcon_core.shell:Creating environment hook '/home/nano/ros2_uav_ws/install/px4_msgs/share/px4_msgs/hook/ld_library_path_lib.ps1'
[145.476s] INFO:colcon.colcon_core.shell:Creating environment descriptor '/home/nano/ros2_uav_ws/install/px4_msgs/share/px4_msgs/hook/ld_library_path_lib.dsv'
[145.478s] INFO:colcon.colcon_core.shell:Creating environment hook '/home/nano/ros2_uav_ws/install/px4_msgs/share/px4_msgs/hook/ld_library_path_lib.sh'
[145.480s] Level 1:colcon.colcon_core.environment:checking '/home/nano/ros2_uav_ws/install/px4_msgs/bin'
[145.480s] Level 1:colcon.colcon_core.environment:checking '/home/nano/ros2_uav_ws/install/px4_msgs/lib/pkgconfig/px4_msgs.pc'
[145.481s] Level 1:colcon.colcon_core.environment:checking '/home/nano/ros2_uav_ws/install/px4_msgs/lib/python3.10/site-packages'
[145.482s] Level 1:colcon.colcon_core.environment:checking '/home/nano/ros2_uav_ws/install/px4_msgs/bin'
[145.483s] INFO:colcon.colcon_core.shell:Creating package script '/home/nano/ros2_uav_ws/install/px4_msgs/share/px4_msgs/package.ps1'
[145.486s] INFO:colcon.colcon_core.shell:Creating package descriptor '/home/nano/ros2_uav_ws/install/px4_msgs/share/px4_msgs/package.dsv'
[145.488s] INFO:colcon.colcon_core.shell:Creating package script '/home/nano/ros2_uav_ws/install/px4_msgs/share/px4_msgs/package.sh'
[145.490s] INFO:colcon.colcon_core.shell:Creating package script '/home/nano/ros2_uav_ws/install/px4_msgs/share/px4_msgs/package.bash'
[145.492s] INFO:colcon.colcon_core.shell:Creating package script '/home/nano/ros2_uav_ws/install/px4_msgs/share/px4_msgs/package.zsh'
[145.494s] Level 1:colcon.colcon_core.environment:create_file_with_runtime_dependencies(/home/nano/ros2_uav_ws/install/px4_msgs/share/colcon-core/packages/px4_msgs)
[145.496s] INFO:colcon.colcon_ros.task.ament_cmake.build:Building ROS package in '/home/nano/ros2_uav_ws/src/px4_ros_com' with build type 'ament_cmake'
[145.497s] INFO:colcon.colcon_cmake.task.cmake.build:Building CMake package in '/home/nano/ros2_uav_ws/src/px4_ros_com'
[145.498s] INFO:colcon.colcon_core.shell:Skip shell extension 'powershell' for command environment: Not usable outside of PowerShell
[145.498s] DEBUG:colcon.colcon_core.shell:Skip shell extension 'dsv' for command environment
[145.523s] INFO:colcon.colcon_ros.task.ament_python.build:Building ROS package in '/home/nano/ros2_uav_ws/src/ROS2_PX4_Offboard_Example/px4_offboard' with build type 'ament_python'
[145.524s] Level 1:colcon.colcon_core.shell:create_environment_hook('px4_offboard', 'ament_prefix_path')
[145.526s] INFO:colcon.colcon_core.shell:Creating environment hook '/home/nano/ros2_uav_ws/install/px4_offboard/share/px4_offboard/hook/ament_prefix_path.ps1'
[145.528s] INFO:colcon.colcon_core.shell:Creating environment descriptor '/home/nano/ros2_uav_ws/install/px4_offboard/share/px4_offboard/hook/ament_prefix_path.dsv'
[145.532s] INFO:colcon.colcon_core.shell:Creating environment hook '/home/nano/ros2_uav_ws/install/px4_offboard/share/px4_offboard/hook/ament_prefix_path.sh'
[145.536s] INFO:colcon.colcon_core.shell:Skip shell extension 'powershell' for command environment: Not usable outside of PowerShell
[145.536s] DEBUG:colcon.colcon_core.shell:Skip shell extension 'dsv' for command environment
[145.580s] DEBUG:colcon.colcon_core.event_handler.log_command:Invoking command in '/home/nano/ros2_uav_ws/build/px4_ros_com': CMAKE_PREFIX_PATH=/home/nano/ros2_uav_ws/install/px4_msgs:/home/nano/ros2_uav_ws/install/v4l2_camera:/home/nano/ros2_uav_ws/install/px4_ros_com:/home/nano/ros2_uav_ws/install/nano_test_pkg:/home/nano/ros2_uav_ws/install/px4_offboard:/opt/ros/humble LD_LIBRARY_PATH=/home/nano/ros2_uav_ws/install/px4_msgs/lib:/home/nano/ros2_uav_ws/install/v4l2_camera/lib:/home/nano/ros2_uav_ws/install/px4_ros_com/lib:/opt/ros/humble/opt/rviz_ogre_vendor/lib:/opt/ros/humble/lib/aarch64-linux-gnu:/opt/ros/humble/lib /usr/bin/cmake /home/nano/ros2_uav_ws/src/px4_ros_com -DAMENT_CMAKE_SYMLINK_INSTALL=1 -DCMAKE_INSTALL_PREFIX=/home/nano/ros2_uav_ws/install/px4_ros_com
[147.259s] INFO:colcon.colcon_core.task.python.build:Building Python package in '/home/nano/ros2_uav_ws/src/ROS2_PX4_Offboard_Example/px4_offboard'
[147.260s] INFO:colcon.colcon_core.shell:Skip shell extension 'powershell' for command environment: Not usable outside of PowerShell
[147.261s] DEBUG:colcon.colcon_core.shell:Skip shell extension 'dsv' for command environment
[151.298s] DEBUG:colcon.colcon_core.event_handler.log_command:Invoked command in '/home/nano/ros2_uav_ws/build/px4_ros_com' returned '0': CMAKE_PREFIX_PATH=/home/nano/ros2_uav_ws/install/px4_msgs:/home/nano/ros2_uav_ws/install/v4l2_camera:/home/nano/ros2_uav_ws/install/px4_ros_com:/home/nano/ros2_uav_ws/install/nano_test_pkg:/home/nano/ros2_uav_ws/install/px4_offboard:/opt/ros/humble LD_LIBRARY_PATH=/home/nano/ros2_uav_ws/install/px4_msgs/lib:/home/nano/ros2_uav_ws/install/v4l2_camera/lib:/home/nano/ros2_uav_ws/install/px4_ros_com/lib:/opt/ros/humble/opt/rviz_ogre_vendor/lib:/opt/ros/humble/lib/aarch64-linux-gnu:/opt/ros/humble/lib /usr/bin/cmake /home/nano/ros2_uav_ws/src/px4_ros_com -DAMENT_CMAKE_SYMLINK_INSTALL=1 -DCMAKE_INSTALL_PREFIX=/home/nano/ros2_uav_ws/install/px4_ros_com
[151.307s] DEBUG:colcon.colcon_core.event_handler.log_command:Invoking command in '/home/nano/ros2_uav_ws/build/px4_ros_com': CMAKE_PREFIX_PATH=/home/nano/ros2_uav_ws/install/px4_msgs:/home/nano/ros2_uav_ws/install/v4l2_camera:/home/nano/ros2_uav_ws/install/px4_ros_com:/home/nano/ros2_uav_ws/install/nano_test_pkg:/home/nano/ros2_uav_ws/install/px4_offboard:/opt/ros/humble LD_LIBRARY_PATH=/home/nano/ros2_uav_ws/install/px4_msgs/lib:/home/nano/ros2_uav_ws/install/v4l2_camera/lib:/home/nano/ros2_uav_ws/install/px4_ros_com/lib:/opt/ros/humble/opt/rviz_ogre_vendor/lib:/opt/ros/humble/lib/aarch64-linux-gnu:/opt/ros/humble/lib /usr/bin/cmake --build /home/nano/ros2_uav_ws/build/px4_ros_com -- -j4 -l4
[152.541s] DEBUG:colcon.colcon_core.task.python.build:While undoing a previous installation files outside the Python library path are being ignored: /home/nano/ros2_uav_ws/install/px4_offboard/share/ament_index/resource_index/packages/px4_offboard
[152.542s] DEBUG:colcon.colcon_core.task.python.build:While undoing a previous installation files outside the Python library path are being ignored: /home/nano/ros2_uav_ws/install/px4_offboard/share/ament_index/resource_index/packages/visualize.rviz
[152.543s] DEBUG:colcon.colcon_core.task.python.build:While undoing a previous installation files outside the Python library path are being ignored: /home/nano/ros2_uav_ws/install/px4_offboard/share/px4_offboard/package.xml
[152.544s] DEBUG:colcon.colcon_core.task.python.build:While undoing a previous installation files outside the Python library path are being ignored: /home/nano/ros2_uav_ws/install/px4_offboard/share/px4_offboard/offboard_velocity_control.launch.py
[152.545s] DEBUG:colcon.colcon_core.task.python.build:While undoing a previous installation files outside the Python library path are being ignored: /home/nano/ros2_uav_ws/install/px4_offboard/share/px4_offboard/visualize.rviz
[152.561s] DEBUG:colcon.colcon_core.task.python.build:While undoing a previous installation files outside the Python library path are being ignored: /home/nano/ros2_uav_ws/install/px4_offboard/lib/px4_offboard/control
[152.562s] DEBUG:colcon.colcon_core.task.python.build:While undoing a previous installation files outside the Python library path are being ignored: /home/nano/ros2_uav_ws/install/px4_offboard/lib/px4_offboard/offboard_control
[152.566s] DEBUG:colcon.colcon_core.task.python.build:While undoing a previous installation files outside the Python library path are being ignored: /home/nano/ros2_uav_ws/install/px4_offboard/lib/px4_offboard/processes
[152.567s] DEBUG:colcon.colcon_core.task.python.build:While undoing a previous installation files outside the Python library path are being ignored: /home/nano/ros2_uav_ws/install/px4_offboard/lib/px4_offboard/velocity_control
[152.567s] DEBUG:colcon.colcon_core.task.python.build:While undoing a previous installation files outside the Python library path are being ignored: /home/nano/ros2_uav_ws/install/px4_offboard/lib/px4_offboard/visualizer
[152.587s] DEBUG:colcon.colcon_core.event_handler.log_command:Invoking command in '/home/nano/ros2_uav_ws/build/px4_offboard': CMAKE_PREFIX_PATH=/home/nano/ros2_uav_ws/install/px4_msgs:/home/nano/ros2_uav_ws/install/v4l2_camera:/home/nano/ros2_uav_ws/install/px4_ros_com LD_LIBRARY_PATH=/home/nano/ros2_uav_ws/install/px4_msgs/lib:/home/nano/ros2_uav_ws/install/v4l2_camera/lib:/home/nano/ros2_uav_ws/install/px4_ros_com/lib:/opt/ros/humble/opt/rviz_ogre_vendor/lib:/opt/ros/humble/lib/aarch64-linux-gnu:/opt/ros/humble/lib PYTHONPATH=/home/nano/ros2_uav_ws/build/px4_offboard/prefix_override:/home/nano/.local/lib/python3.10/site-packages/colcon_core/task/python/colcon_distutils_commands:/home/nano/ros2_uav_ws/install/px4_offboard/lib/python3.10/site-packages:${PYTHONPATH} /usr/bin/python3 -W ignore:setup.py install is deprecated setup.py develop --editable --build-directory /home/nano/ros2_uav_ws/build/px4_offboard/build --no-deps symlink_data --force
[157.347s] DEBUG:colcon.colcon_core.event_handler.log_command:Invoked command in '/home/nano/ros2_uav_ws/build/px4_ros_com' returned '2': CMAKE_PREFIX_PATH=/home/nano/ros2_uav_ws/install/px4_msgs:/home/nano/ros2_uav_ws/install/v4l2_camera:/home/nano/ros2_uav_ws/install/px4_ros_com:/home/nano/ros2_uav_ws/install/nano_test_pkg:/home/nano/ros2_uav_ws/install/px4_offboard:/opt/ros/humble LD_LIBRARY_PATH=/home/nano/ros2_uav_ws/install/px4_msgs/lib:/home/nano/ros2_uav_ws/install/v4l2_camera/lib:/home/nano/ros2_uav_ws/install/px4_ros_com/lib:/opt/ros/humble/opt/rviz_ogre_vendor/lib:/opt/ros/humble/lib/aarch64-linux-gnu:/opt/ros/humble/lib /usr/bin/cmake --build /home/nano/ros2_uav_ws/build/px4_ros_com -- -j4 -l4
[157.634s] Level 1:colcon.colcon_core.environment:create_environment_scripts_only(px4_ros_com)
[157.636s] Level 1:colcon.colcon_core.environment:checking '/home/nano/ros2_uav_ws/install/px4_ros_com' for CMake module files
[157.649s] Level 1:colcon.colcon_core.environment:checking '/home/nano/ros2_uav_ws/install/px4_ros_com' for CMake config files
[157.651s] Level 1:colcon.colcon_core.shell:create_environment_hook('px4_ros_com', 'cmake_prefix_path')
[157.654s] INFO:colcon.colcon_core.shell:Creating environment hook '/home/nano/ros2_uav_ws/install/px4_ros_com/share/px4_ros_com/hook/cmake_prefix_path.ps1'
[157.658s] INFO:colcon.colcon_core.shell:Creating environment descriptor '/home/nano/ros2_uav_ws/install/px4_ros_com/share/px4_ros_com/hook/cmake_prefix_path.dsv'
[157.660s] INFO:colcon.colcon_core.shell:Creating environment hook '/home/nano/ros2_uav_ws/install/px4_ros_com/share/px4_ros_com/hook/cmake_prefix_path.sh'
[157.664s] Level 1:colcon.colcon_core.environment:checking '/home/nano/ros2_uav_ws/install/px4_ros_com/lib'
[157.665s] Level 1:colcon.colcon_core.shell:create_environment_hook('px4_ros_com', 'ld_library_path_lib')
[157.667s] INFO:colcon.colcon_core.shell:Creating environment hook '/home/nano/ros2_uav_ws/install/px4_ros_com/share/px4_ros_com/hook/ld_library_path_lib.ps1'
[157.669s] INFO:colcon.colcon_core.shell:Creating environment descriptor '/home/nano/ros2_uav_ws/install/px4_ros_com/share/px4_ros_com/hook/ld_library_path_lib.dsv'
[157.671s] INFO:colcon.colcon_core.shell:Creating environment hook '/home/nano/ros2_uav_ws/install/px4_ros_com/share/px4_ros_com/hook/ld_library_path_lib.sh'
[157.674s] Level 1:colcon.colcon_core.environment:checking '/home/nano/ros2_uav_ws/install/px4_ros_com/bin'
[157.674s] Level 1:colcon.colcon_core.environment:checking '/home/nano/ros2_uav_ws/install/px4_ros_com/lib/pkgconfig/px4_ros_com.pc'
[157.676s] Level 1:colcon.colcon_core.environment:checking '/home/nano/ros2_uav_ws/install/px4_ros_com/lib/python3.10/site-packages'
[157.677s] Level 1:colcon.colcon_core.environment:checking '/home/nano/ros2_uav_ws/install/px4_ros_com/bin'
[157.679s] INFO:colcon.colcon_core.shell:Creating package script '/home/nano/ros2_uav_ws/install/px4_ros_com/share/px4_ros_com/package.ps1'
[157.682s] INFO:colcon.colcon_core.shell:Creating package descriptor '/home/nano/ros2_uav_ws/install/px4_ros_com/share/px4_ros_com/package.dsv'
[157.686s] INFO:colcon.colcon_core.shell:Creating package script '/home/nano/ros2_uav_ws/install/px4_ros_com/share/px4_ros_com/package.sh'
[157.689s] INFO:colcon.colcon_core.shell:Creating package script '/home/nano/ros2_uav_ws/install/px4_ros_com/share/px4_ros_com/package.bash'
[157.692s] INFO:colcon.colcon_core.shell:Creating package script '/home/nano/ros2_uav_ws/install/px4_ros_com/share/px4_ros_com/package.zsh'
[157.695s] Level 1:colcon.colcon_core.environment:create_file_with_runtime_dependencies(/home/nano/ros2_uav_ws/install/px4_ros_com/share/colcon-core/packages/px4_ros_com)
[158.460s] DEBUG:colcon.colcon_parallel_executor.executor.parallel:closing loop
[158.461s] DEBUG:colcon.colcon_parallel_executor.executor.parallel:loop closed
[158.461s] DEBUG:colcon.colcon_parallel_executor.executor.parallel:run_until_complete finished with '2'
[158.462s] DEBUG:colcon.colcon_core.event_reactor:joining thread
[158.510s] INFO:colcon.colcon_core.plugin_system:Skipping extension 'colcon_notification.desktop_notification.terminal_notifier': Not used on non-Darwin systems
[158.511s] INFO:colcon.colcon_core.plugin_system:Skipping extension 'colcon_notification.desktop_notification.win32': Not used on non-Windows systems
[158.511s] INFO:colcon.colcon_notification.desktop_notification:Sending desktop notification using 'notify2'
[158.646s] DEBUG:colcon.colcon_core.event_reactor:joined thread
[158.650s] INFO:colcon.colcon_core.shell:Creating prefix script '/home/nano/ros2_uav_ws/install/local_setup.ps1'
[158.659s] INFO:colcon.colcon_core.shell:Creating prefix util module '/home/nano/ros2_uav_ws/install/_local_setup_util_ps1.py'
[158.668s] INFO:colcon.colcon_core.shell:Creating prefix chain script '/home/nano/ros2_uav_ws/install/setup.ps1'
[158.677s] INFO:colcon.colcon_core.shell:Creating prefix script '/home/nano/ros2_uav_ws/install/local_setup.sh'
[158.681s] INFO:colcon.colcon_core.shell:Creating prefix util module '/home/nano/ros2_uav_ws/install/_local_setup_util_sh.py'
[158.684s] INFO:colcon.colcon_core.shell:Creating prefix chain script '/home/nano/ros2_uav_ws/install/setup.sh'
[158.691s] INFO:colcon.colcon_core.shell:Creating prefix script '/home/nano/ros2_uav_ws/install/local_setup.bash'
[158.696s] INFO:colcon.colcon_core.shell:Creating prefix chain script '/home/nano/ros2_uav_ws/install/setup.bash'
[158.704s] INFO:colcon.colcon_core.shell:Creating prefix script '/home/nano/ros2_uav_ws/install/local_setup.zsh'
[158.708s] INFO:colcon.colcon_core.shell:Creating prefix chain script '/home/nano/ros2_uav_ws/install/setup.zsh'
