[0.802s] DEBUG:colcon:Command line arguments: ['/home/nano/.local/bin/colcon', 'build', '--symlink-install']
[0.802s] DEBUG:colcon:Parsed command line arguments: Namespace(log_base=None, log_level=None, verb_name='build', build_base='build', install_base='install', merge_install=False, symlink_install=True, test_result_base=None, continue_on_error=False, executor='parallel', parallel_workers=4, event_handlers=None, ignore_user_meta=False, metas=['./colcon.meta'], base_paths=['.'], packages_ignore=None, packages_ignore_regex=None, paths=None, packages_up_to=None, packages_up_to_regex=None, packages_above=None, packages_above_and_dependencies=None, packages_above_depth=None, packages_select_by_dep=None, packages_skip_by_dep=None, packages_skip_up_to=None, packages_select_build_failed=False, packages_skip_build_finished=False, packages_select_test_failures=False, packages_skip_test_passed=False, packages_select=None, packages_skip=None, packages_select_regex=None, packages_skip_regex=None, packages_start=None, packages_end=None, cmake_args=None, cmake_target=None, cmake_target_skip_unavailable=False, cmake_clean_cache=False, cmake_clean_first=False, cmake_force_configure=False, ament_cmake_args=None, catkin_cmake_args=None, catkin_skip_building_tests=False, verb_parser=<colcon_defaults.argument_parser.defaults.DefaultArgumentsDecorator object at 0xffff87e2fdc0>, verb_extension=<colcon_core.verb.build.BuildVerb object at 0xffff87d61060>, main=<bound method BuildVerb.main of <colcon_core.verb.build.BuildVerb object at 0xffff87d61060>>)
[1.038s] Level 1:colcon.colcon_core.package_discovery:discover_packages(colcon_meta) check parameters
[1.039s] Level 1:colcon.colcon_core.package_discovery:discover_packages(recursive) check parameters
[1.039s] Level 1:colcon.colcon_core.package_discovery:discover_packages(ignore) check parameters
[1.039s] Level 1:colcon.colcon_core.package_discovery:discover_packages(path) check parameters
[1.039s] Level 1:colcon.colcon_core.package_discovery:discover_packages(colcon_meta) discover
[1.040s] Level 1:colcon.colcon_core.package_discovery:discover_packages(recursive) discover
[1.040s] INFO:colcon.colcon_core.package_discovery:Crawling recursively for packages in '/home/nano/ros2_uav_ws'
[1.040s] Level 1:colcon.colcon_core.package_identification:_identify(.) by extensions ['ignore', 'ignore_ament_install']
[1.041s] Level 1:colcon.colcon_core.package_identification:_identify(.) by extension 'ignore'
[1.041s] Level 1:colcon.colcon_core.package_identification:_identify(.) by extension 'ignore_ament_install'
[1.041s] Level 1:colcon.colcon_core.package_identification:_identify(.) by extensions ['colcon_pkg']
[1.041s] Level 1:colcon.colcon_core.package_identification:_identify(.) by extension 'colcon_pkg'
[1.042s] Level 1:colcon.colcon_core.package_identification:_identify(.) by extensions ['colcon_meta']
[1.042s] Level 1:colcon.colcon_core.package_identification:_identify(.) by extension 'colcon_meta'
[1.042s] Level 1:colcon.colcon_core.package_identification:_identify(.) by extensions ['ros']
[1.042s] Level 1:colcon.colcon_core.package_identification:_identify(.) by extension 'ros'
[1.124s] Level 1:colcon.colcon_core.package_identification:_identify(.) by extensions ['cmake', 'python']
[1.124s] Level 1:colcon.colcon_core.package_identification:_identify(.) by extension 'cmake'
[1.124s] Level 1:colcon.colcon_core.package_identification:_identify(.) by extension 'python'
[1.124s] Level 1:colcon.colcon_core.package_identification:_identify(.) by extensions ['python_setup_py']
[1.125s] Level 1:colcon.colcon_core.package_identification:_identify(.) by extension 'python_setup_py'
[1.125s] Level 1:colcon.colcon_core.package_identification:_identify(build) by extensions ['ignore', 'ignore_ament_install']
[1.126s] Level 1:colcon.colcon_core.package_identification:_identify(build) by extension 'ignore'
[1.126s] Level 1:colcon.colcon_core.package_identification:_identify(build) ignored
[1.127s] Level 1:colcon.colcon_core.package_identification:_identify(install) by extensions ['ignore', 'ignore_ament_install']
[1.127s] Level 1:colcon.colcon_core.package_identification:_identify(install) by extension 'ignore'
[1.127s] Level 1:colcon.colcon_core.package_identification:_identify(install) ignored
[1.128s] Level 1:colcon.colcon_core.package_identification:_identify(log) by extensions ['ignore', 'ignore_ament_install']
[1.129s] Level 1:colcon.colcon_core.package_identification:_identify(log) by extension 'ignore'
[1.129s] Level 1:colcon.colcon_core.package_identification:_identify(log) ignored
[1.129s] Level 1:colcon.colcon_core.package_identification:_identify(src) by extensions ['ignore', 'ignore_ament_install']
[1.130s] Level 1:colcon.colcon_core.package_identification:_identify(src) by extension 'ignore'
[1.130s] Level 1:colcon.colcon_core.package_identification:_identify(src) by extension 'ignore_ament_install'
[1.130s] Level 1:colcon.colcon_core.package_identification:_identify(src) by extensions ['colcon_pkg']
[1.130s] Level 1:colcon.colcon_core.package_identification:_identify(src) by extension 'colcon_pkg'
[1.130s] Level 1:colcon.colcon_core.package_identification:_identify(src) by extensions ['colcon_meta']
[1.131s] Level 1:colcon.colcon_core.package_identification:_identify(src) by extension 'colcon_meta'
[1.131s] Level 1:colcon.colcon_core.package_identification:_identify(src) by extensions ['ros']
[1.131s] Level 1:colcon.colcon_core.package_identification:_identify(src) by extension 'ros'
[1.132s] Level 1:colcon.colcon_core.package_identification:_identify(src) by extensions ['cmake', 'python']
[1.132s] Level 1:colcon.colcon_core.package_identification:_identify(src) by extension 'cmake'
[1.132s] Level 1:colcon.colcon_core.package_identification:_identify(src) by extension 'python'
[1.132s] Level 1:colcon.colcon_core.package_identification:_identify(src) by extensions ['python_setup_py']
[1.132s] Level 1:colcon.colcon_core.package_identification:_identify(src) by extension 'python_setup_py'
[1.133s] Level 1:colcon.colcon_core.package_identification:_identify(src/ROS2_PX4_Offboard_Example) by extensions ['ignore', 'ignore_ament_install']
[1.133s] Level 1:colcon.colcon_core.package_identification:_identify(src/ROS2_PX4_Offboard_Example) by extension 'ignore'
[1.133s] Level 1:colcon.colcon_core.package_identification:_identify(src/ROS2_PX4_Offboard_Example) by extension 'ignore_ament_install'
[1.134s] Level 1:colcon.colcon_core.package_identification:_identify(src/ROS2_PX4_Offboard_Example) by extensions ['colcon_pkg']
[1.134s] Level 1:colcon.colcon_core.package_identification:_identify(src/ROS2_PX4_Offboard_Example) by extension 'colcon_pkg'
[1.134s] Level 1:colcon.colcon_core.package_identification:_identify(src/ROS2_PX4_Offboard_Example) by extensions ['colcon_meta']
[1.134s] Level 1:colcon.colcon_core.package_identification:_identify(src/ROS2_PX4_Offboard_Example) by extension 'colcon_meta'
[1.134s] Level 1:colcon.colcon_core.package_identification:_identify(src/ROS2_PX4_Offboard_Example) by extensions ['ros']
[1.135s] Level 1:colcon.colcon_core.package_identification:_identify(src/ROS2_PX4_Offboard_Example) by extension 'ros'
[1.135s] Level 1:colcon.colcon_core.package_identification:_identify(src/ROS2_PX4_Offboard_Example) by extensions ['cmake', 'python']
[1.135s] Level 1:colcon.colcon_core.package_identification:_identify(src/ROS2_PX4_Offboard_Example) by extension 'cmake'
[1.135s] Level 1:colcon.colcon_core.package_identification:_identify(src/ROS2_PX4_Offboard_Example) by extension 'python'
[1.136s] Level 1:colcon.colcon_core.package_identification:_identify(src/ROS2_PX4_Offboard_Example) by extensions ['python_setup_py']
[1.136s] Level 1:colcon.colcon_core.package_identification:_identify(src/ROS2_PX4_Offboard_Example) by extension 'python_setup_py'
[1.136s] Level 1:colcon.colcon_core.package_identification:_identify(src/ROS2_PX4_Offboard_Example/px4_offboard) by extensions ['ignore', 'ignore_ament_install']
[1.137s] Level 1:colcon.colcon_core.package_identification:_identify(src/ROS2_PX4_Offboard_Example/px4_offboard) by extension 'ignore'
[1.137s] Level 1:colcon.colcon_core.package_identification:_identify(src/ROS2_PX4_Offboard_Example/px4_offboard) by extension 'ignore_ament_install'
[1.138s] Level 1:colcon.colcon_core.package_identification:_identify(src/ROS2_PX4_Offboard_Example/px4_offboard) by extensions ['colcon_pkg']
[1.138s] Level 1:colcon.colcon_core.package_identification:_identify(src/ROS2_PX4_Offboard_Example/px4_offboard) by extension 'colcon_pkg'
[1.139s] Level 1:colcon.colcon_core.package_identification:_identify(src/ROS2_PX4_Offboard_Example/px4_offboard) by extensions ['colcon_meta']
[1.139s] Level 1:colcon.colcon_core.package_identification:_identify(src/ROS2_PX4_Offboard_Example/px4_offboard) by extension 'colcon_meta'
[1.139s] Level 1:colcon.colcon_core.package_identification:_identify(src/ROS2_PX4_Offboard_Example/px4_offboard) by extensions ['ros']
[1.139s] Level 1:colcon.colcon_core.package_identification:_identify(src/ROS2_PX4_Offboard_Example/px4_offboard) by extension 'ros'
[1.153s] DEBUG:colcon.colcon_core.package_identification:Package 'src/ROS2_PX4_Offboard_Example/px4_offboard' with type 'ros.ament_python' and name 'px4_offboard'
[1.154s] Level 1:colcon.colcon_core.package_identification:_identify(src/nano_test_pkg) by extensions ['ignore', 'ignore_ament_install']
[1.155s] Level 1:colcon.colcon_core.package_identification:_identify(src/nano_test_pkg) by extension 'ignore'
[1.155s] Level 1:colcon.colcon_core.package_identification:_identify(src/nano_test_pkg) by extension 'ignore_ament_install'
[1.155s] Level 1:colcon.colcon_core.package_identification:_identify(src/nano_test_pkg) by extensions ['colcon_pkg']
[1.155s] Level 1:colcon.colcon_core.package_identification:_identify(src/nano_test_pkg) by extension 'colcon_pkg'
[1.156s] Level 1:colcon.colcon_core.package_identification:_identify(src/nano_test_pkg) by extensions ['colcon_meta']
[1.156s] Level 1:colcon.colcon_core.package_identification:_identify(src/nano_test_pkg) by extension 'colcon_meta'
[1.156s] Level 1:colcon.colcon_core.package_identification:_identify(src/nano_test_pkg) by extensions ['ros']
[1.156s] Level 1:colcon.colcon_core.package_identification:_identify(src/nano_test_pkg) by extension 'ros'
[1.159s] DEBUG:colcon.colcon_core.package_identification:Package 'src/nano_test_pkg' with type 'ros.ament_python' and name 'nano_test_pkg'
[1.160s] Level 1:colcon.colcon_core.package_identification:_identify(src/px4_msgs) by extensions ['ignore', 'ignore_ament_install']
[1.161s] Level 1:colcon.colcon_core.package_identification:_identify(src/px4_msgs) by extension 'ignore'
[1.161s] Level 1:colcon.colcon_core.package_identification:_identify(src/px4_msgs) by extension 'ignore_ament_install'
[1.161s] Level 1:colcon.colcon_core.package_identification:_identify(src/px4_msgs) by extensions ['colcon_pkg']
[1.161s] Level 1:colcon.colcon_core.package_identification:_identify(src/px4_msgs) by extension 'colcon_pkg'
[1.161s] Level 1:colcon.colcon_core.package_identification:_identify(src/px4_msgs) by extensions ['colcon_meta']
[1.162s] Level 1:colcon.colcon_core.package_identification:_identify(src/px4_msgs) by extension 'colcon_meta'
[1.162s] Level 1:colcon.colcon_core.package_identification:_identify(src/px4_msgs) by extensions ['ros']
[1.162s] Level 1:colcon.colcon_core.package_identification:_identify(src/px4_msgs) by extension 'ros'
[1.165s] DEBUG:colcon.colcon_core.package_identification:Package 'src/px4_msgs' with type 'ros.ament_cmake' and name 'px4_msgs'
[1.166s] Level 1:colcon.colcon_core.package_identification:_identify(src/px4_ros_com) by extensions ['ignore', 'ignore_ament_install']
[1.166s] Level 1:colcon.colcon_core.package_identification:_identify(src/px4_ros_com) by extension 'ignore'
[1.167s] Level 1:colcon.colcon_core.package_identification:_identify(src/px4_ros_com) by extension 'ignore_ament_install'
[1.167s] Level 1:colcon.colcon_core.package_identification:_identify(src/px4_ros_com) by extensions ['colcon_pkg']
[1.167s] Level 1:colcon.colcon_core.package_identification:_identify(src/px4_ros_com) by extension 'colcon_pkg'
[1.168s] Level 1:colcon.colcon_core.package_identification:_identify(src/px4_ros_com) by extensions ['colcon_meta']
[1.168s] Level 1:colcon.colcon_core.package_identification:_identify(src/px4_ros_com) by extension 'colcon_meta'
[1.168s] Level 1:colcon.colcon_core.package_identification:_identify(src/px4_ros_com) by extensions ['ros']
[1.168s] Level 1:colcon.colcon_core.package_identification:_identify(src/px4_ros_com) by extension 'ros'
[1.173s] DEBUG:colcon.colcon_core.package_identification:Package 'src/px4_ros_com' with type 'ros.ament_cmake' and name 'px4_ros_com'
[1.174s] Level 1:colcon.colcon_core.package_identification:_identify(src/v4l2_camera) by extensions ['ignore', 'ignore_ament_install']
[1.175s] Level 1:colcon.colcon_core.package_identification:_identify(src/v4l2_camera) by extension 'ignore'
[1.175s] Level 1:colcon.colcon_core.package_identification:_identify(src/v4l2_camera) by extension 'ignore_ament_install'
[1.176s] Level 1:colcon.colcon_core.package_identification:_identify(src/v4l2_camera) by extensions ['colcon_pkg']
[1.176s] Level 1:colcon.colcon_core.package_identification:_identify(src/v4l2_camera) by extension 'colcon_pkg'
[1.177s] Level 1:colcon.colcon_core.package_identification:_identify(src/v4l2_camera) by extensions ['colcon_meta']
[1.178s] Level 1:colcon.colcon_core.package_identification:_identify(src/v4l2_camera) by extension 'colcon_meta'
[1.179s] Level 1:colcon.colcon_core.package_identification:_identify(src/v4l2_camera) by extensions ['ros']
[1.179s] Level 1:colcon.colcon_core.package_identification:_identify(src/v4l2_camera) by extension 'ros'
[1.184s] DEBUG:colcon.colcon_core.package_identification:Package 'src/v4l2_camera' with type 'ros.ament_cmake' and name 'v4l2_camera'
[1.184s] Level 1:colcon.colcon_core.package_discovery:discover_packages(recursive) using defaults
[1.185s] Level 1:colcon.colcon_core.package_discovery:discover_packages(ignore) discover
[1.185s] Level 1:colcon.colcon_core.package_discovery:discover_packages(ignore) using defaults
[1.185s] Level 1:colcon.colcon_core.package_discovery:discover_packages(path) discover
[1.185s] Level 1:colcon.colcon_core.package_discovery:discover_packages(path) using defaults
[1.295s] Level 5:colcon.colcon_core.verb:set package 'nano_test_pkg' build argument 'cmake_args' from command line to 'None'
[1.295s] Level 5:colcon.colcon_core.verb:set package 'nano_test_pkg' build argument 'cmake_target' from command line to 'None'
[1.295s] Level 5:colcon.colcon_core.verb:set package 'nano_test_pkg' build argument 'cmake_target_skip_unavailable' from command line to 'False'
[1.295s] Level 5:colcon.colcon_core.verb:set package 'nano_test_pkg' build argument 'cmake_clean_cache' from command line to 'False'
[1.295s] Level 5:colcon.colcon_core.verb:set package 'nano_test_pkg' build argument 'cmake_clean_first' from command line to 'False'
[1.295s] Level 5:colcon.colcon_core.verb:set package 'nano_test_pkg' build argument 'cmake_force_configure' from command line to 'False'
[1.295s] Level 5:colcon.colcon_core.verb:set package 'nano_test_pkg' build argument 'ament_cmake_args' from command line to 'None'
[1.296s] Level 5:colcon.colcon_core.verb:set package 'nano_test_pkg' build argument 'catkin_cmake_args' from command line to 'None'
[1.296s] Level 5:colcon.colcon_core.verb:set package 'nano_test_pkg' build argument 'catkin_skip_building_tests' from command line to 'False'
[1.296s] DEBUG:colcon.colcon_core.verb:Building package 'nano_test_pkg' with the following arguments: {'ament_cmake_args': None, 'build_base': '/home/nano/ros2_uav_ws/build/nano_test_pkg', 'catkin_cmake_args': None, 'catkin_skip_building_tests': False, 'cmake_args': None, 'cmake_clean_cache': False, 'cmake_clean_first': False, 'cmake_force_configure': False, 'cmake_target': None, 'cmake_target_skip_unavailable': False, 'install_base': '/home/nano/ros2_uav_ws/install/nano_test_pkg', 'merge_install': False, 'path': '/home/nano/ros2_uav_ws/src/nano_test_pkg', 'symlink_install': True, 'test_result_base': None}
[1.297s] Level 5:colcon.colcon_core.verb:set package 'px4_msgs' build argument 'cmake_args' from command line to 'None'
[1.298s] Level 5:colcon.colcon_core.verb:set package 'px4_msgs' build argument 'cmake_target' from command line to 'None'
[1.298s] Level 5:colcon.colcon_core.verb:set package 'px4_msgs' build argument 'cmake_target_skip_unavailable' from command line to 'False'
[1.298s] Level 5:colcon.colcon_core.verb:set package 'px4_msgs' build argument 'cmake_clean_cache' from command line to 'False'
[1.298s] Level 5:colcon.colcon_core.verb:set package 'px4_msgs' build argument 'cmake_clean_first' from command line to 'False'
[1.298s] Level 5:colcon.colcon_core.verb:set package 'px4_msgs' build argument 'cmake_force_configure' from command line to 'False'
[1.298s] Level 5:colcon.colcon_core.verb:set package 'px4_msgs' build argument 'ament_cmake_args' from command line to 'None'
[1.298s] Level 5:colcon.colcon_core.verb:set package 'px4_msgs' build argument 'catkin_cmake_args' from command line to 'None'
[1.299s] Level 5:colcon.colcon_core.verb:set package 'px4_msgs' build argument 'catkin_skip_building_tests' from command line to 'False'
[1.299s] DEBUG:colcon.colcon_core.verb:Building package 'px4_msgs' with the following arguments: {'ament_cmake_args': None, 'build_base': '/home/nano/ros2_uav_ws/build/px4_msgs', 'catkin_cmake_args': None, 'catkin_skip_building_tests': False, 'cmake_args': None, 'cmake_clean_cache': False, 'cmake_clean_first': False, 'cmake_force_configure': False, 'cmake_target': None, 'cmake_target_skip_unavailable': False, 'install_base': '/home/nano/ros2_uav_ws/install/px4_msgs', 'merge_install': False, 'path': '/home/nano/ros2_uav_ws/src/px4_msgs', 'symlink_install': True, 'test_result_base': None}
[1.301s] Level 5:colcon.colcon_core.verb:set package 'v4l2_camera' build argument 'cmake_args' from command line to 'None'
[1.301s] Level 5:colcon.colcon_core.verb:set package 'v4l2_camera' build argument 'cmake_target' from command line to 'None'
[1.301s] Level 5:colcon.colcon_core.verb:set package 'v4l2_camera' build argument 'cmake_target_skip_unavailable' from command line to 'False'
[1.301s] Level 5:colcon.colcon_core.verb:set package 'v4l2_camera' build argument 'cmake_clean_cache' from command line to 'False'
[1.301s] Level 5:colcon.colcon_core.verb:set package 'v4l2_camera' build argument 'cmake_clean_first' from command line to 'False'
[1.301s] Level 5:colcon.colcon_core.verb:set package 'v4l2_camera' build argument 'cmake_force_configure' from command line to 'False'
[1.301s] Level 5:colcon.colcon_core.verb:set package 'v4l2_camera' build argument 'ament_cmake_args' from command line to 'None'
[1.302s] Level 5:colcon.colcon_core.verb:set package 'v4l2_camera' build argument 'catkin_cmake_args' from command line to 'None'
[1.302s] Level 5:colcon.colcon_core.verb:set package 'v4l2_camera' build argument 'catkin_skip_building_tests' from command line to 'False'
[1.302s] DEBUG:colcon.colcon_core.verb:Building package 'v4l2_camera' with the following arguments: {'ament_cmake_args': None, 'build_base': '/home/nano/ros2_uav_ws/build/v4l2_camera', 'catkin_cmake_args': None, 'catkin_skip_building_tests': False, 'cmake_args': None, 'cmake_clean_cache': False, 'cmake_clean_first': False, 'cmake_force_configure': False, 'cmake_target': None, 'cmake_target_skip_unavailable': False, 'install_base': '/home/nano/ros2_uav_ws/install/v4l2_camera', 'merge_install': False, 'path': '/home/nano/ros2_uav_ws/src/v4l2_camera', 'symlink_install': True, 'test_result_base': None}
[1.304s] Level 5:colcon.colcon_core.verb:set package 'px4_offboard' build argument 'cmake_args' from command line to 'None'
[1.304s] Level 5:colcon.colcon_core.verb:set package 'px4_offboard' build argument 'cmake_target' from command line to 'None'
[1.304s] Level 5:colcon.colcon_core.verb:set package 'px4_offboard' build argument 'cmake_target_skip_unavailable' from command line to 'False'
[1.304s] Level 5:colcon.colcon_core.verb:set package 'px4_offboard' build argument 'cmake_clean_cache' from command line to 'False'
[1.305s] Level 5:colcon.colcon_core.verb:set package 'px4_offboard' build argument 'cmake_clean_first' from command line to 'False'
[1.305s] Level 5:colcon.colcon_core.verb:set package 'px4_offboard' build argument 'cmake_force_configure' from command line to 'False'
[1.305s] Level 5:colcon.colcon_core.verb:set package 'px4_offboard' build argument 'ament_cmake_args' from command line to 'None'
[1.305s] Level 5:colcon.colcon_core.verb:set package 'px4_offboard' build argument 'catkin_cmake_args' from command line to 'None'
[1.305s] Level 5:colcon.colcon_core.verb:set package 'px4_offboard' build argument 'catkin_skip_building_tests' from command line to 'False'
[1.305s] DEBUG:colcon.colcon_core.verb:Building package 'px4_offboard' with the following arguments: {'ament_cmake_args': None, 'build_base': '/home/nano/ros2_uav_ws/build/px4_offboard', 'catkin_cmake_args': None, 'catkin_skip_building_tests': False, 'cmake_args': None, 'cmake_clean_cache': False, 'cmake_clean_first': False, 'cmake_force_configure': False, 'cmake_target': None, 'cmake_target_skip_unavailable': False, 'install_base': '/home/nano/ros2_uav_ws/install/px4_offboard', 'merge_install': False, 'path': '/home/nano/ros2_uav_ws/src/ROS2_PX4_Offboard_Example/px4_offboard', 'symlink_install': True, 'test_result_base': None}
[1.307s] Level 5:colcon.colcon_core.verb:set package 'px4_ros_com' build argument 'cmake_args' from command line to 'None'
[1.308s] Level 5:colcon.colcon_core.verb:set package 'px4_ros_com' build argument 'cmake_target' from command line to 'None'
[1.309s] Level 5:colcon.colcon_core.verb:set package 'px4_ros_com' build argument 'cmake_target_skip_unavailable' from command line to 'False'
[1.309s] Level 5:colcon.colcon_core.verb:set package 'px4_ros_com' build argument 'cmake_clean_cache' from command line to 'False'
[1.310s] Level 5:colcon.colcon_core.verb:set package 'px4_ros_com' build argument 'cmake_clean_first' from command line to 'False'
[1.310s] Level 5:colcon.colcon_core.verb:set package 'px4_ros_com' build argument 'cmake_force_configure' from command line to 'False'
[1.310s] Level 5:colcon.colcon_core.verb:set package 'px4_ros_com' build argument 'ament_cmake_args' from command line to 'None'
[1.311s] Level 5:colcon.colcon_core.verb:set package 'px4_ros_com' build argument 'catkin_cmake_args' from command line to 'None'
[1.311s] Level 5:colcon.colcon_core.verb:set package 'px4_ros_com' build argument 'catkin_skip_building_tests' from command line to 'False'
[1.312s] DEBUG:colcon.colcon_core.verb:Building package 'px4_ros_com' with the following arguments: {'ament_cmake_args': None, 'build_base': '/home/nano/ros2_uav_ws/build/px4_ros_com', 'catkin_cmake_args': None, 'catkin_skip_building_tests': False, 'cmake_args': None, 'cmake_clean_cache': False, 'cmake_clean_first': False, 'cmake_force_configure': False, 'cmake_target': None, 'cmake_target_skip_unavailable': False, 'install_base': '/home/nano/ros2_uav_ws/install/px4_ros_com', 'merge_install': False, 'path': '/home/nano/ros2_uav_ws/src/px4_ros_com', 'symlink_install': True, 'test_result_base': None}
[1.312s] INFO:colcon.colcon_core.executor:Executing jobs using 'parallel' executor
[1.317s] DEBUG:colcon.colcon_parallel_executor.executor.parallel:run_until_complete
[1.319s] INFO:colcon.colcon_ros.task.ament_cmake.build:Building ROS package in '/home/nano/ros2_uav_ws/src/px4_msgs' with build type 'ament_cmake'
[1.320s] INFO:colcon.colcon_cmake.task.cmake.build:Building CMake package in '/home/nano/ros2_uav_ws/src/px4_msgs'
[1.331s] INFO:colcon.colcon_core.plugin_system:Skipping extension 'colcon_core.shell.bat': Not used on non-Windows systems
[1.332s] INFO:colcon.colcon_core.shell:Skip shell extension 'powershell' for command environment: Not usable outside of PowerShell
[1.333s] DEBUG:colcon.colcon_core.shell:Skip shell extension 'dsv' for command environment
[1.366s] INFO:colcon.colcon_ros.task.ament_python.build:Building ROS package in '/home/nano/ros2_uav_ws/src/nano_test_pkg' with build type 'ament_python'
[1.368s] Level 1:colcon.colcon_core.shell:create_environment_hook('nano_test_pkg', 'ament_prefix_path')
[1.370s] INFO:colcon.colcon_core.shell:Creating environment hook '/home/nano/ros2_uav_ws/install/nano_test_pkg/share/nano_test_pkg/hook/ament_prefix_path.ps1'
[1.375s] INFO:colcon.colcon_core.shell:Creating environment descriptor '/home/nano/ros2_uav_ws/install/nano_test_pkg/share/nano_test_pkg/hook/ament_prefix_path.dsv'
[1.379s] INFO:colcon.colcon_core.shell:Creating environment hook '/home/nano/ros2_uav_ws/install/nano_test_pkg/share/nano_test_pkg/hook/ament_prefix_path.sh'
[1.385s] INFO:colcon.colcon_core.shell:Skip shell extension 'powershell' for command environment: Not usable outside of PowerShell
[1.385s] DEBUG:colcon.colcon_core.shell:Skip shell extension 'dsv' for command environment
[1.405s] INFO:colcon.colcon_ros.task.ament_cmake.build:Building ROS package in '/home/nano/ros2_uav_ws/src/v4l2_camera' with build type 'ament_cmake'
[1.406s] INFO:colcon.colcon_cmake.task.cmake.build:Building CMake package in '/home/nano/ros2_uav_ws/src/v4l2_camera'
[1.409s] INFO:colcon.colcon_core.shell:Skip shell extension 'powershell' for command environment: Not usable outside of PowerShell
[1.425s] DEBUG:colcon.colcon_core.shell:Skip shell extension 'dsv' for command environment
[1.476s] DEBUG:colcon.colcon_core.event_handler.log_command:Invoking command in '/home/nano/ros2_uav_ws/build/px4_msgs': CMAKE_PREFIX_PATH=/opt/ros/humble /usr/bin/cmake /home/nano/ros2_uav_ws/src/px4_msgs -DAMENT_CMAKE_SYMLINK_INSTALL=1 -DCMAKE_INSTALL_PREFIX=/home/nano/ros2_uav_ws/install/px4_msgs
[3.811s] INFO:colcon.colcon_core.task.python.build:Building Python package in '/home/nano/ros2_uav_ws/src/nano_test_pkg'
[3.813s] INFO:colcon.colcon_core.shell:Skip shell extension 'powershell' for command environment: Not usable outside of PowerShell
[3.815s] DEBUG:colcon.colcon_core.shell:Skip shell extension 'dsv' for command environment
[3.926s] DEBUG:colcon.colcon_core.event_handler.log_command:Invoking command in '/home/nano/ros2_uav_ws/build/v4l2_camera': CMAKE_PREFIX_PATH=/opt/ros/humble /usr/bin/cmake /home/nano/ros2_uav_ws/src/v4l2_camera -DAMENT_CMAKE_SYMLINK_INSTALL=1 -DCMAKE_INSTALL_PREFIX=/home/nano/ros2_uav_ws/install/v4l2_camera
[12.011s] DEBUG:colcon.colcon_core.task.python.build:While undoing a previous installation files outside the Python library path are being ignored: /home/nano/ros2_uav_ws/install/nano_test_pkg/share/ament_index/resource_index/packages/nano_test_pkg
[12.011s] DEBUG:colcon.colcon_core.task.python.build:While undoing a previous installation files outside the Python library path are being ignored: /home/nano/ros2_uav_ws/install/nano_test_pkg/share/nano_test_pkg/package.xml
[12.070s] DEBUG:colcon.colcon_core.event_handler.log_command:Invoking command in '/home/nano/ros2_uav_ws/build/nano_test_pkg': PYTHONPATH=/home/nano/ros2_uav_ws/build/nano_test_pkg/prefix_override:/home/nano/.local/lib/python3.10/site-packages/colcon_core/task/python/colcon_distutils_commands:/home/nano/ros2_uav_ws/install/nano_test_pkg/lib/python3.10/site-packages:${PYTHONPATH} /usr/bin/python3 -W ignore:setup.py install is deprecated setup.py develop --editable --build-directory /home/nano/ros2_uav_ws/build/nano_test_pkg/build --no-deps symlink_data --force
[14.065s] DEBUG:colcon.colcon_core.event_handler.log_command:Invoked command in '/home/nano/ros2_uav_ws/build/v4l2_camera' returned '0': CMAKE_PREFIX_PATH=/opt/ros/humble /usr/bin/cmake /home/nano/ros2_uav_ws/src/v4l2_camera -DAMENT_CMAKE_SYMLINK_INSTALL=1 -DCMAKE_INSTALL_PREFIX=/home/nano/ros2_uav_ws/install/v4l2_camera
[14.080s] DEBUG:colcon.colcon_core.event_handler.log_command:Invoking command in '/home/nano/ros2_uav_ws/build/v4l2_camera': CMAKE_PREFIX_PATH=/opt/ros/humble /usr/bin/cmake --build /home/nano/ros2_uav_ws/build/v4l2_camera -- -j4 -l4
[15.299s] DEBUG:colcon.colcon_core.event_handler.log_command:Invoked command in '/home/nano/ros2_uav_ws/build/v4l2_camera' returned '0': CMAKE_PREFIX_PATH=/opt/ros/humble /usr/bin/cmake --build /home/nano/ros2_uav_ws/build/v4l2_camera -- -j4 -l4
[16.114s] DEBUG:colcon.colcon_core.event_handler.log_command:Invoking command in '/home/nano/ros2_uav_ws/build/v4l2_camera': CMAKE_PREFIX_PATH=/opt/ros/humble /usr/bin/cmake --install /home/nano/ros2_uav_ws/build/v4l2_camera
[19.579s] Level 1:colcon.colcon_core.environment:create_environment_scripts_only(v4l2_camera)
[19.594s] DEBUG:colcon.colcon_core.event_handler.log_command:Invoked command in '/home/nano/ros2_uav_ws/build/v4l2_camera' returned '0': CMAKE_PREFIX_PATH=/opt/ros/humble /usr/bin/cmake --install /home/nano/ros2_uav_ws/build/v4l2_camera
[19.714s] Level 1:colcon.colcon_core.environment:checking '/home/nano/ros2_uav_ws/install/v4l2_camera' for CMake module files
[19.741s] Level 1:colcon.colcon_core.environment:checking '/home/nano/ros2_uav_ws/install/v4l2_camera' for CMake config files
[19.752s] Level 1:colcon.colcon_core.shell:create_environment_hook('v4l2_camera', 'cmake_prefix_path')
[19.754s] INFO:colcon.colcon_core.shell:Creating environment hook '/home/nano/ros2_uav_ws/install/v4l2_camera/share/v4l2_camera/hook/cmake_prefix_path.ps1'
[19.757s] INFO:colcon.colcon_core.shell:Creating environment descriptor '/home/nano/ros2_uav_ws/install/v4l2_camera/share/v4l2_camera/hook/cmake_prefix_path.dsv'
[19.760s] INFO:colcon.colcon_core.shell:Creating environment hook '/home/nano/ros2_uav_ws/install/v4l2_camera/share/v4l2_camera/hook/cmake_prefix_path.sh'
[19.789s] Level 1:colcon.colcon_core.environment:checking '/home/nano/ros2_uav_ws/install/v4l2_camera/lib'
[19.790s] Level 1:colcon.colcon_core.shell:create_environment_hook('v4l2_camera', 'ld_library_path_lib')
[19.793s] INFO:colcon.colcon_core.shell:Creating environment hook '/home/nano/ros2_uav_ws/install/v4l2_camera/share/v4l2_camera/hook/ld_library_path_lib.ps1'
[19.797s] INFO:colcon.colcon_core.shell:Creating environment descriptor '/home/nano/ros2_uav_ws/install/v4l2_camera/share/v4l2_camera/hook/ld_library_path_lib.dsv'
[19.811s] INFO:colcon.colcon_core.shell:Creating environment hook '/home/nano/ros2_uav_ws/install/v4l2_camera/share/v4l2_camera/hook/ld_library_path_lib.sh'
[19.835s] Level 1:colcon.colcon_core.environment:checking '/home/nano/ros2_uav_ws/install/v4l2_camera/bin'
[19.838s] Level 1:colcon.colcon_core.environment:checking '/home/nano/ros2_uav_ws/install/v4l2_camera/lib/pkgconfig/v4l2_camera.pc'
[19.855s] Level 1:colcon.colcon_core.environment:checking '/home/nano/ros2_uav_ws/install/v4l2_camera/lib/python3.10/site-packages'
[19.859s] Level 1:colcon.colcon_core.environment:checking '/home/nano/ros2_uav_ws/install/v4l2_camera/bin'
[19.863s] INFO:colcon.colcon_core.shell:Creating package script '/home/nano/ros2_uav_ws/install/v4l2_camera/share/v4l2_camera/package.ps1'
[19.869s] INFO:colcon.colcon_core.shell:Creating package descriptor '/home/nano/ros2_uav_ws/install/v4l2_camera/share/v4l2_camera/package.dsv'
[19.900s] INFO:colcon.colcon_core.shell:Creating package script '/home/nano/ros2_uav_ws/install/v4l2_camera/share/v4l2_camera/package.sh'
[19.944s] INFO:colcon.colcon_core.shell:Creating package script '/home/nano/ros2_uav_ws/install/v4l2_camera/share/v4l2_camera/package.bash'
[19.997s] INFO:colcon.colcon_core.shell:Creating package script '/home/nano/ros2_uav_ws/install/v4l2_camera/share/v4l2_camera/package.zsh'
[20.038s] Level 1:colcon.colcon_core.environment:create_file_with_runtime_dependencies(/home/nano/ros2_uav_ws/install/v4l2_camera/share/colcon-core/packages/v4l2_camera)
[20.749s] Level 1:colcon.colcon_core.environment:create_environment_scripts_only(v4l2_camera)
[20.750s] Level 1:colcon.colcon_core.environment:checking '/home/nano/ros2_uav_ws/install/v4l2_camera' for CMake module files
[20.754s] Level 1:colcon.colcon_core.environment:checking '/home/nano/ros2_uav_ws/install/v4l2_camera' for CMake config files
[20.760s] Level 1:colcon.colcon_core.shell:create_environment_hook('v4l2_camera', 'cmake_prefix_path')
[20.761s] INFO:colcon.colcon_core.shell:Creating environment hook '/home/nano/ros2_uav_ws/install/v4l2_camera/share/v4l2_camera/hook/cmake_prefix_path.ps1'
[20.763s] INFO:colcon.colcon_core.shell:Creating environment descriptor '/home/nano/ros2_uav_ws/install/v4l2_camera/share/v4l2_camera/hook/cmake_prefix_path.dsv'
[20.766s] INFO:colcon.colcon_core.shell:Creating environment hook '/home/nano/ros2_uav_ws/install/v4l2_camera/share/v4l2_camera/hook/cmake_prefix_path.sh'
[20.769s] Level 1:colcon.colcon_core.environment:checking '/home/nano/ros2_uav_ws/install/v4l2_camera/lib'
[20.770s] Level 1:colcon.colcon_core.shell:create_environment_hook('v4l2_camera', 'ld_library_path_lib')
[20.772s] INFO:colcon.colcon_core.shell:Creating environment hook '/home/nano/ros2_uav_ws/install/v4l2_camera/share/v4l2_camera/hook/ld_library_path_lib.ps1'
[20.775s] INFO:colcon.colcon_core.shell:Creating environment descriptor '/home/nano/ros2_uav_ws/install/v4l2_camera/share/v4l2_camera/hook/ld_library_path_lib.dsv'
[20.777s] INFO:colcon.colcon_core.shell:Creating environment hook '/home/nano/ros2_uav_ws/install/v4l2_camera/share/v4l2_camera/hook/ld_library_path_lib.sh'
[20.781s] Level 1:colcon.colcon_core.environment:checking '/home/nano/ros2_uav_ws/install/v4l2_camera/bin'
[20.781s] Level 1:colcon.colcon_core.environment:checking '/home/nano/ros2_uav_ws/install/v4l2_camera/lib/pkgconfig/v4l2_camera.pc'
[20.782s] Level 1:colcon.colcon_core.environment:checking '/home/nano/ros2_uav_ws/install/v4l2_camera/lib/python3.10/site-packages'
[20.783s] Level 1:colcon.colcon_core.environment:checking '/home/nano/ros2_uav_ws/install/v4l2_camera/bin'
[20.785s] INFO:colcon.colcon_core.shell:Creating package script '/home/nano/ros2_uav_ws/install/v4l2_camera/share/v4l2_camera/package.ps1'
[20.790s] INFO:colcon.colcon_core.shell:Creating package descriptor '/home/nano/ros2_uav_ws/install/v4l2_camera/share/v4l2_camera/package.dsv'
[20.793s] INFO:colcon.colcon_core.shell:Creating package script '/home/nano/ros2_uav_ws/install/v4l2_camera/share/v4l2_camera/package.sh'
[20.796s] INFO:colcon.colcon_core.shell:Creating package script '/home/nano/ros2_uav_ws/install/v4l2_camera/share/v4l2_camera/package.bash'
[20.799s] INFO:colcon.colcon_core.shell:Creating package script '/home/nano/ros2_uav_ws/install/v4l2_camera/share/v4l2_camera/package.zsh'
[20.801s] Level 1:colcon.colcon_core.environment:create_file_with_runtime_dependencies(/home/nano/ros2_uav_ws/install/v4l2_camera/share/colcon-core/packages/v4l2_camera)
[22.703s] Level 1:colcon.colcon_core.shell:create_environment_hook('nano_test_pkg', 'pythonpath_develop')
[22.704s] INFO:colcon.colcon_core.shell:Creating environment hook '/home/nano/ros2_uav_ws/build/nano_test_pkg/share/nano_test_pkg/hook/pythonpath_develop.ps1'
[22.705s] DEBUG:colcon.colcon_core.event_handler.log_command:Invoked command in '/home/nano/ros2_uav_ws/build/nano_test_pkg' returned '0': PYTHONPATH=/home/nano/ros2_uav_ws/build/nano_test_pkg/prefix_override:/home/nano/.local/lib/python3.10/site-packages/colcon_core/task/python/colcon_distutils_commands:/home/nano/ros2_uav_ws/install/nano_test_pkg/lib/python3.10/site-packages:${PYTHONPATH} /usr/bin/python3 -W ignore:setup.py install is deprecated setup.py develop --editable --build-directory /home/nano/ros2_uav_ws/build/nano_test_pkg/build --no-deps symlink_data --force
[22.709s] INFO:colcon.colcon_core.shell:Creating environment descriptor '/home/nano/ros2_uav_ws/build/nano_test_pkg/share/nano_test_pkg/hook/pythonpath_develop.dsv'
[22.711s] INFO:colcon.colcon_core.shell:Creating environment hook '/home/nano/ros2_uav_ws/build/nano_test_pkg/share/nano_test_pkg/hook/pythonpath_develop.sh'
[22.714s] Level 1:colcon.colcon_core.environment:checking '/home/nano/ros2_uav_ws/install/nano_test_pkg' for CMake module files
[22.719s] Level 1:colcon.colcon_core.environment:checking '/home/nano/ros2_uav_ws/install/nano_test_pkg' for CMake config files
[22.724s] Level 1:colcon.colcon_core.environment:checking '/home/nano/ros2_uav_ws/install/nano_test_pkg/lib'
[22.724s] Level 1:colcon.colcon_core.environment:checking '/home/nano/ros2_uav_ws/install/nano_test_pkg/bin'
[22.725s] Level 1:colcon.colcon_core.environment:checking '/home/nano/ros2_uav_ws/install/nano_test_pkg/lib/pkgconfig/nano_test_pkg.pc'
[22.725s] Level 1:colcon.colcon_core.environment:checking '/home/nano/ros2_uav_ws/install/nano_test_pkg/lib/python3.10/site-packages'
[22.726s] Level 1:colcon.colcon_core.shell:create_environment_hook('nano_test_pkg', 'pythonpath')
[22.727s] INFO:colcon.colcon_core.shell:Creating environment hook '/home/nano/ros2_uav_ws/install/nano_test_pkg/share/nano_test_pkg/hook/pythonpath.ps1'
[22.729s] INFO:colcon.colcon_core.shell:Creating environment descriptor '/home/nano/ros2_uav_ws/install/nano_test_pkg/share/nano_test_pkg/hook/pythonpath.dsv'
[22.731s] INFO:colcon.colcon_core.shell:Creating environment hook '/home/nano/ros2_uav_ws/install/nano_test_pkg/share/nano_test_pkg/hook/pythonpath.sh'
[22.734s] Level 1:colcon.colcon_core.environment:checking '/home/nano/ros2_uav_ws/install/nano_test_pkg/bin'
[22.735s] Level 1:colcon.colcon_core.environment:create_environment_scripts_only(nano_test_pkg)
[22.736s] INFO:colcon.colcon_core.shell:Creating package script '/home/nano/ros2_uav_ws/install/nano_test_pkg/share/nano_test_pkg/package.ps1'
[22.741s] INFO:colcon.colcon_core.shell:Creating package descriptor '/home/nano/ros2_uav_ws/install/nano_test_pkg/share/nano_test_pkg/package.dsv'
[22.744s] INFO:colcon.colcon_core.shell:Creating package script '/home/nano/ros2_uav_ws/install/nano_test_pkg/share/nano_test_pkg/package.sh'
[22.748s] INFO:colcon.colcon_core.shell:Creating package script '/home/nano/ros2_uav_ws/install/nano_test_pkg/share/nano_test_pkg/package.bash'
[22.751s] INFO:colcon.colcon_core.shell:Creating package script '/home/nano/ros2_uav_ws/install/nano_test_pkg/share/nano_test_pkg/package.zsh'
[22.753s] Level 1:colcon.colcon_core.environment:create_file_with_runtime_dependencies(/home/nano/ros2_uav_ws/install/nano_test_pkg/share/colcon-core/packages/nano_test_pkg)
[33.841s] DEBUG:colcon.colcon_core.event_handler.log_command:Invoked command in '/home/nano/ros2_uav_ws/build/px4_msgs' returned '0': CMAKE_PREFIX_PATH=/opt/ros/humble /usr/bin/cmake /home/nano/ros2_uav_ws/src/px4_msgs -DAMENT_CMAKE_SYMLINK_INSTALL=1 -DCMAKE_INSTALL_PREFIX=/home/nano/ros2_uav_ws/install/px4_msgs
[33.844s] DEBUG:colcon.colcon_core.event_handler.log_command:Invoking command in '/home/nano/ros2_uav_ws/build/px4_msgs': CMAKE_PREFIX_PATH=/opt/ros/humble /usr/bin/cmake --build /home/nano/ros2_uav_ws/build/px4_msgs -- -j4 -l4
[38.190s] DEBUG:colcon.colcon_core.event_handler.log_command:Invoked command in '/home/nano/ros2_uav_ws/build/px4_msgs' returned '2': CMAKE_PREFIX_PATH=/opt/ros/humble /usr/bin/cmake --build /home/nano/ros2_uav_ws/build/px4_msgs -- -j4 -l4
[76.138s] Level 1:colcon.colcon_core.environment:create_environment_scripts_only(px4_msgs)
[76.145s] Level 1:colcon.colcon_core.environment:checking '/home/nano/ros2_uav_ws/install/px4_msgs' for CMake module files
[76.154s] Level 1:colcon.colcon_core.environment:checking '/home/nano/ros2_uav_ws/install/px4_msgs' for CMake config files
[76.165s] Level 1:colcon.colcon_core.shell:create_environment_hook('px4_msgs', 'cmake_prefix_path')
[76.167s] INFO:colcon.colcon_core.shell:Creating environment hook '/home/nano/ros2_uav_ws/install/px4_msgs/share/px4_msgs/hook/cmake_prefix_path.ps1'
[76.170s] INFO:colcon.colcon_core.shell:Creating environment descriptor '/home/nano/ros2_uav_ws/install/px4_msgs/share/px4_msgs/hook/cmake_prefix_path.dsv'
[76.172s] INFO:colcon.colcon_core.shell:Creating environment hook '/home/nano/ros2_uav_ws/install/px4_msgs/share/px4_msgs/hook/cmake_prefix_path.sh'
[76.175s] Level 1:colcon.colcon_core.environment:checking '/home/nano/ros2_uav_ws/install/px4_msgs/lib'
[76.176s] Level 1:colcon.colcon_core.shell:create_environment_hook('px4_msgs', 'ld_library_path_lib')
[76.177s] INFO:colcon.colcon_core.shell:Creating environment hook '/home/nano/ros2_uav_ws/install/px4_msgs/share/px4_msgs/hook/ld_library_path_lib.ps1'
[76.179s] INFO:colcon.colcon_core.shell:Creating environment descriptor '/home/nano/ros2_uav_ws/install/px4_msgs/share/px4_msgs/hook/ld_library_path_lib.dsv'
[76.181s] INFO:colcon.colcon_core.shell:Creating environment hook '/home/nano/ros2_uav_ws/install/px4_msgs/share/px4_msgs/hook/ld_library_path_lib.sh'
[76.183s] Level 1:colcon.colcon_core.environment:checking '/home/nano/ros2_uav_ws/install/px4_msgs/bin'
[76.184s] Level 1:colcon.colcon_core.environment:checking '/home/nano/ros2_uav_ws/install/px4_msgs/lib/pkgconfig/px4_msgs.pc'
[76.185s] Level 1:colcon.colcon_core.environment:checking '/home/nano/ros2_uav_ws/install/px4_msgs/lib/python3.10/site-packages'
[76.186s] Level 1:colcon.colcon_core.environment:checking '/home/nano/ros2_uav_ws/install/px4_msgs/bin'
[76.188s] INFO:colcon.colcon_core.shell:Creating package script '/home/nano/ros2_uav_ws/install/px4_msgs/share/px4_msgs/package.ps1'
[76.191s] INFO:colcon.colcon_core.shell:Creating package descriptor '/home/nano/ros2_uav_ws/install/px4_msgs/share/px4_msgs/package.dsv'
[76.194s] INFO:colcon.colcon_core.shell:Creating package script '/home/nano/ros2_uav_ws/install/px4_msgs/share/px4_msgs/package.sh'
[76.198s] INFO:colcon.colcon_core.shell:Creating package script '/home/nano/ros2_uav_ws/install/px4_msgs/share/px4_msgs/package.bash'
[76.201s] INFO:colcon.colcon_core.shell:Creating package script '/home/nano/ros2_uav_ws/install/px4_msgs/share/px4_msgs/package.zsh'
[76.205s] Level 1:colcon.colcon_core.environment:create_file_with_runtime_dependencies(/home/nano/ros2_uav_ws/install/px4_msgs/share/colcon-core/packages/px4_msgs)
[76.211s] DEBUG:colcon.colcon_parallel_executor.executor.parallel:closing loop
[76.211s] DEBUG:colcon.colcon_parallel_executor.executor.parallel:loop closed
[76.212s] DEBUG:colcon.colcon_parallel_executor.executor.parallel:run_until_complete finished with '2'
[76.212s] DEBUG:colcon.colcon_core.event_reactor:joining thread
[76.254s] INFO:colcon.colcon_core.plugin_system:Skipping extension 'colcon_notification.desktop_notification.terminal_notifier': Not used on non-Darwin systems
[76.255s] INFO:colcon.colcon_core.plugin_system:Skipping extension 'colcon_notification.desktop_notification.win32': Not used on non-Windows systems
[76.255s] INFO:colcon.colcon_notification.desktop_notification:Sending desktop notification using 'notify2'
[76.392s] DEBUG:colcon.colcon_core.event_reactor:joined thread
[76.393s] INFO:colcon.colcon_core.shell:Creating prefix script '/home/nano/ros2_uav_ws/install/local_setup.ps1'
[76.400s] INFO:colcon.colcon_core.shell:Creating prefix util module '/home/nano/ros2_uav_ws/install/_local_setup_util_ps1.py'
[76.416s] INFO:colcon.colcon_core.shell:Creating prefix chain script '/home/nano/ros2_uav_ws/install/setup.ps1'
[76.424s] INFO:colcon.colcon_core.shell:Creating prefix script '/home/nano/ros2_uav_ws/install/local_setup.sh'
[76.431s] INFO:colcon.colcon_core.shell:Creating prefix util module '/home/nano/ros2_uav_ws/install/_local_setup_util_sh.py'
[76.443s] INFO:colcon.colcon_core.shell:Creating prefix chain script '/home/nano/ros2_uav_ws/install/setup.sh'
[76.453s] INFO:colcon.colcon_core.shell:Creating prefix script '/home/nano/ros2_uav_ws/install/local_setup.bash'
[76.458s] INFO:colcon.colcon_core.shell:Creating prefix chain script '/home/nano/ros2_uav_ws/install/setup.bash'
[76.472s] INFO:colcon.colcon_core.shell:Creating prefix script '/home/nano/ros2_uav_ws/install/local_setup.zsh'
[76.490s] INFO:colcon.colcon_core.shell:Creating prefix chain script '/home/nano/ros2_uav_ws/install/setup.zsh'
