[1.535s] Invoking command in '/home/nano/ros2_uav_ws/build/px4_ros_com': AMENT_PREFIX_PATH=/home/nano/ros2_uav_ws/install/px4_msgs:${AMENT_PREFIX_PATH} CMAKE_PREFIX_PATH=/home/nano/ros2_uav_ws/install/px4_msgs:/opt/ros/humble LD_LIBRARY_PATH=/home/nano/ros2_uav_ws/install/px4_msgs/lib:${LD_LIBRARY_PATH} PYTHONPATH=/home/nano/ros2_uav_ws/install/px4_msgs/local/lib/python3.10/dist-packages:${PYTHONPATH} /usr/bin/cmake --build /home/nano/ros2_uav_ws/build/px4_ros_com -- -j4 -l4
[1.828s] [35m[1mConsolidate compiler generated dependencies of target frame_transforms[0m
[1.849s] [35m[1mConsolidate compiler generated dependencies of target sensor_combined_listener[0m
[1.874s] [35m[1mConsolidate compiler generated dependencies of target vehicle_gps_position_listener[0m
[2.003s] [35m[1mConsolidate compiler generated dependencies of target debug_vect_advertiser[0m
[2.021s] [ 16%] Built target sensor_combined_listener
[2.037s] [ 33%] Built target frame_transforms
[2.100s] [ 50%] Built target vehicle_gps_position_listener
[2.148s] [35m[1mConsolidate compiler generated dependencies of target offboard_control[0m
[2.183s] [35m[1mConsolidate compiler generated dependencies of target offboard_control_srv[0m
[2.235s] [ 66%] Built target debug_vect_advertiser
[2.333s] [ 83%] Built target offboard_control
[2.351s] [100%] Built target offboard_control_srv
[2.358s] [100%] Built target ament_cmake_python_copy_px4_ros_com
[4.006s] running egg_info
[4.177s] writing px4_ros_com.egg-info/PKG-INFO
[4.179s] writing dependency_links to px4_ros_com.egg-info/dependency_links.txt
[4.183s] writing top-level names to px4_ros_com.egg-info/top_level.txt
[4.712s] reading manifest file 'px4_ros_com.egg-info/SOURCES.txt'
[4.721s] writing manifest file 'px4_ros_com.egg-info/SOURCES.txt'
[4.967s] [100%] Built target ament_cmake_python_build_px4_ros_com_egg
[5.024s] Invoked command in '/home/nano/ros2_uav_ws/build/px4_ros_com' returned '0': AMENT_PREFIX_PATH=/home/nano/ros2_uav_ws/install/px4_msgs:${AMENT_PREFIX_PATH} CMAKE_PREFIX_PATH=/home/nano/ros2_uav_ws/install/px4_msgs:/opt/ros/humble LD_LIBRARY_PATH=/home/nano/ros2_uav_ws/install/px4_msgs/lib:${LD_LIBRARY_PATH} PYTHONPATH=/home/nano/ros2_uav_ws/install/px4_msgs/local/lib/python3.10/dist-packages:${PYTHONPATH} /usr/bin/cmake --build /home/nano/ros2_uav_ws/build/px4_ros_com -- -j4 -l4
[5.339s] Invoking command in '/home/nano/ros2_uav_ws/build/px4_ros_com': AMENT_PREFIX_PATH=/home/nano/ros2_uav_ws/install/px4_msgs:${AMENT_PREFIX_PATH} CMAKE_PREFIX_PATH=/home/nano/ros2_uav_ws/install/px4_msgs:/opt/ros/humble LD_LIBRARY_PATH=/home/nano/ros2_uav_ws/install/px4_msgs/lib:${LD_LIBRARY_PATH} PYTHONPATH=/home/nano/ros2_uav_ws/install/px4_msgs/local/lib/python3.10/dist-packages:${PYTHONPATH} /usr/bin/cmake --install /home/nano/ros2_uav_ws/build/px4_ros_com
[5.384s] -- Install configuration: ""
[5.392s] -- Up-to-date: /home/nano/ros2_uav_ws/install/px4_ros_com/lib/px4_ros_com/sensor_combined_listener
[5.399s] -- Up-to-date: /home/nano/ros2_uav_ws/install/px4_ros_com/lib/px4_ros_com/vehicle_gps_position_listener
[5.404s] -- Up-to-date: /home/nano/ros2_uav_ws/install/px4_ros_com/lib/px4_ros_com/debug_vect_advertiser
[5.410s] -- Up-to-date: /home/nano/ros2_uav_ws/install/px4_ros_com/lib/px4_ros_com/offboard_control
[5.421s] -- Up-to-date: /home/nano/ros2_uav_ws/install/px4_ros_com/lib/px4_ros_com/offboard_control_srv
[5.422s] -- Up-to-date: /home/nano/ros2_uav_ws/install/px4_ros_com/share/px4_ros_com/environment/library_path.sh
[5.422s] -- Up-to-date: /home/nano/ros2_uav_ws/install/px4_ros_com/share/px4_ros_com/environment/library_path.dsv
[5.423s] -- Up-to-date: /home/nano/ros2_uav_ws/install/px4_ros_com/include/px4_ros_com
[5.423s] -- Up-to-date: /home/nano/ros2_uav_ws/install/px4_ros_com/include/px4_ros_com/frame_transforms.h
[5.428s] -- Up-to-date: /home/nano/ros2_uav_ws/install/px4_ros_com/lib/libframe_transforms.so
[5.429s] -- Up-to-date: /home/nano/ros2_uav_ws/install/px4_ros_com/share/px4_ros_com//launch
[5.434s] -- Up-to-date: /home/nano/ros2_uav_ws/install/px4_ros_com/share/px4_ros_com//launch/sensor_combined_listener.launch.py
[5.435s] -- Up-to-date: /home/nano/ros2_uav_ws/install/px4_ros_com/share/px4_ros_com//launch/offboard_control_launch.yaml
[5.436s] -- Up-to-date: /home/nano/ros2_uav_ws/install/px4_ros_com/share/px4_ros_com//test
[5.437s] -- Up-to-date: /home/nano/ros2_uav_ws/install/px4_ros_com/share/px4_ros_com//test/pipeline_io_test.py
[5.438s] -- Up-to-date: /home/nano/ros2_uav_ws/install/px4_ros_com/share/px4_ros_com//test/test_input.py
[5.439s] -- Up-to-date: /home/nano/ros2_uav_ws/install/px4_ros_com/share/px4_ros_com//test/__init__.py
[5.439s] -- Up-to-date: /home/nano/ros2_uav_ws/install/px4_ros_com/share/px4_ros_com//test/test_output.py
[5.440s] -- Up-to-date: /home/nano/ros2_uav_ws/install/px4_ros_com/share/px4_ros_com/environment/pythonpath.sh
[5.440s] -- Up-to-date: /home/nano/ros2_uav_ws/install/px4_ros_com/share/px4_ros_com/environment/pythonpath.dsv
[5.441s] -- Up-to-date: /home/nano/ros2_uav_ws/install/px4_ros_com/local/lib/python3.10/dist-packages/px4_ros_com-0.1.0-py3.10.egg-info
[5.442s] -- Installing: /home/nano/ros2_uav_ws/install/px4_ros_com/local/lib/python3.10/dist-packages/px4_ros_com-0.1.0-py3.10.egg-info/dependency_links.txt
[5.445s] -- Installing: /home/nano/ros2_uav_ws/install/px4_ros_com/local/lib/python3.10/dist-packages/px4_ros_com-0.1.0-py3.10.egg-info/top_level.txt
[5.446s] -- Installing: /home/nano/ros2_uav_ws/install/px4_ros_com/local/lib/python3.10/dist-packages/px4_ros_com-0.1.0-py3.10.egg-info/SOURCES.txt
[5.449s] -- Installing: /home/nano/ros2_uav_ws/install/px4_ros_com/local/lib/python3.10/dist-packages/px4_ros_com-0.1.0-py3.10.egg-info/PKG-INFO
[5.451s] -- Up-to-date: /home/nano/ros2_uav_ws/install/px4_ros_com/local/lib/python3.10/dist-packages/px4_ros_com
[5.452s] -- Up-to-date: /home/nano/ros2_uav_ws/install/px4_ros_com/local/lib/python3.10/dist-packages/px4_ros_com/__init__.py
[5.453s] -- Installing: /home/nano/ros2_uav_ws/install/px4_ros_com/local/lib/python3.10/dist-packages/px4_ros_com/module_to_import.py
[5.736s] Listing '/home/nano/ros2_uav_ws/install/px4_ros_com/local/lib/python3.10/dist-packages/px4_ros_com'...
[5.739s] Compiling '/home/nano/ros2_uav_ws/install/px4_ros_com/local/lib/python3.10/dist-packages/px4_ros_com/module_to_import.py'...
[5.798s] -- Up-to-date: /home/nano/ros2_uav_ws/install/px4_ros_com/lib/px4_ros_com/offboard_control.py
[5.835s] -- Up-to-date: /home/nano/ros2_uav_ws/install/px4_ros_com/share/ament_index/resource_index/package_run_dependencies/px4_ros_com
[5.846s] -- Up-to-date: /home/nano/ros2_uav_ws/install/px4_ros_com/share/ament_index/resource_index/parent_prefix_path/px4_ros_com
[5.848s] -- Up-to-date: /home/nano/ros2_uav_ws/install/px4_ros_com/share/px4_ros_com/environment/ament_prefix_path.sh
[5.849s] -- Up-to-date: /home/nano/ros2_uav_ws/install/px4_ros_com/share/px4_ros_com/environment/ament_prefix_path.dsv
[5.850s] -- Up-to-date: /home/nano/ros2_uav_ws/install/px4_ros_com/share/px4_ros_com/environment/path.sh
[5.853s] -- Up-to-date: /home/nano/ros2_uav_ws/install/px4_ros_com/share/px4_ros_com/environment/path.dsv
[5.854s] -- Up-to-date: /home/nano/ros2_uav_ws/install/px4_ros_com/share/px4_ros_com/local_setup.bash
[5.858s] -- Up-to-date: /home/nano/ros2_uav_ws/install/px4_ros_com/share/px4_ros_com/local_setup.sh
[5.859s] -- Up-to-date: /home/nano/ros2_uav_ws/install/px4_ros_com/share/px4_ros_com/local_setup.zsh
[5.864s] -- Up-to-date: /home/nano/ros2_uav_ws/install/px4_ros_com/share/px4_ros_com/local_setup.dsv
[5.867s] -- Installing: /home/nano/ros2_uav_ws/install/px4_ros_com/share/px4_ros_com/package.dsv
[5.873s] -- Up-to-date: /home/nano/ros2_uav_ws/install/px4_ros_com/share/ament_index/resource_index/packages/px4_ros_com
[5.883s] -- Up-to-date: /home/nano/ros2_uav_ws/install/px4_ros_com/share/px4_ros_com/cmake/export_frame_transformsExport.cmake
[5.886s] -- Up-to-date: /home/nano/ros2_uav_ws/install/px4_ros_com/share/px4_ros_com/cmake/export_frame_transformsExport-noconfig.cmake
[5.889s] -- Up-to-date: /home/nano/ros2_uav_ws/install/px4_ros_com/share/px4_ros_com/cmake/ament_cmake_export_dependencies-extras.cmake
[5.892s] -- Up-to-date: /home/nano/ros2_uav_ws/install/px4_ros_com/share/px4_ros_com/cmake/ament_cmake_export_targets-extras.cmake
[5.896s] -- Up-to-date: /home/nano/ros2_uav_ws/install/px4_ros_com/share/px4_ros_com/cmake/ament_cmake_export_include_directories-extras.cmake
[5.898s] -- Up-to-date: /home/nano/ros2_uav_ws/install/px4_ros_com/share/px4_ros_com/cmake/ament_cmake_export_libraries-extras.cmake
[5.900s] -- Up-to-date: /home/nano/ros2_uav_ws/install/px4_ros_com/share/px4_ros_com/cmake/px4_ros_comConfig.cmake
[5.901s] -- Up-to-date: /home/nano/ros2_uav_ws/install/px4_ros_com/share/px4_ros_com/cmake/px4_ros_comConfig-version.cmake
[5.903s] -- Up-to-date: /home/nano/ros2_uav_ws/install/px4_ros_com/share/px4_ros_com/package.xml
[5.928s] Invoked command in '/home/nano/ros2_uav_ws/build/px4_ros_com' returned '0': AMENT_PREFIX_PATH=/home/nano/ros2_uav_ws/install/px4_msgs:${AMENT_PREFIX_PATH} CMAKE_PREFIX_PATH=/home/nano/ros2_uav_ws/install/px4_msgs:/opt/ros/humble LD_LIBRARY_PATH=/home/nano/ros2_uav_ws/install/px4_msgs/lib:${LD_LIBRARY_PATH} PYTHONPATH=/home/nano/ros2_uav_ws/install/px4_msgs/local/lib/python3.10/dist-packages:${PYTHONPATH} /usr/bin/cmake --install /home/nano/ros2_uav_ws/build/px4_ros_com
