running develop
/home/nano/.local/lib/python3.10/site-packages/setuptools/command/develop.py:42: EasyInstallDeprecationWarning: easy_install command is deprecated.
!!

        ********************************************************************************
        Please avoid running ``setup.py`` and ``easy_install``.
        Instead, use pypa/build, pypa/installer or other
        standards-based tools.

        See https://github.com/pypa/setuptools/issues/917 for details.
        ********************************************************************************

!!
  easy_install.initialize_options(self)
running egg_info
writing px4_offboard.egg-info/PKG-INFO
writing dependency_links to px4_offboard.egg-info/dependency_links.txt
writing entry points to px4_offboard.egg-info/entry_points.txt
writing requirements to px4_offboard.egg-info/requires.txt
writing top-level names to px4_offboard.egg-info/top_level.txt
reading manifest file 'px4_offboard.egg-info/SOURCES.txt'
writing manifest file 'px4_offboard.egg-info/SOURCES.txt'
running build_ext
Creating /home/nano/ros2_uav_ws/install/px4_offboard/lib/python3.10/site-packages/px4-offboard.egg-link (link to .)
Installing control script to /home/nano/ros2_uav_ws/install/px4_offboard/lib/px4_offboard
Installing offboard_control script to /home/nano/ros2_uav_ws/install/px4_offboard/lib/px4_offboard
Installing processes script to /home/nano/ros2_uav_ws/install/px4_offboard/lib/px4_offboard
Installing velocity_control script to /home/nano/ros2_uav_ws/install/px4_offboard/lib/px4_offboard
Installing visualizer script to /home/nano/ros2_uav_ws/install/px4_offboard/lib/px4_offboard

Installed /home/nano/ros2_uav_ws/build/px4_offboard
running symlink_data
symbolically linking /home/nano/ros2_uav_ws/build/px4_offboard/resource/px4_offboard -> /home/nano/ros2_uav_ws/install/px4_offboard/share/ament_index/resource_index/packages
symbolically linking /home/nano/ros2_uav_ws/build/px4_offboard/resource/visualize.rviz -> /home/nano/ros2_uav_ws/install/px4_offboard/share/ament_index/resource_index/packages
symbolically linking /home/nano/ros2_uav_ws/build/px4_offboard/package.xml -> /home/nano/ros2_uav_ws/install/px4_offboard/share/px4_offboard
symbolically linking /home/nano/ros2_uav_ws/build/px4_offboard/launch/offboard_velocity_control.launch.py -> /home/nano/ros2_uav_ws/install/px4_offboard/share/px4_offboard
symbolically linking /home/nano/ros2_uav_ws/build/px4_offboard/resource/visualize.rviz -> /home/nano/ros2_uav_ws/install/px4_offboard/share/px4_offboard
