[7.062s] Invoking command in '/home/nano/ros2_uav_ws/build/px4_offboard': CMAKE_PREFIX_PATH=/home/nano/ros2_uav_ws/install/px4_msgs:/home/nano/ros2_uav_ws/install/v4l2_camera:/home/nano/ros2_uav_ws/install/px4_ros_com LD_LIBRARY_PATH=/home/nano/ros2_uav_ws/install/px4_msgs/lib:/home/nano/ros2_uav_ws/install/v4l2_camera/lib:/home/nano/ros2_uav_ws/install/px4_ros_com/lib:/opt/ros/humble/opt/rviz_ogre_vendor/lib:/opt/ros/humble/lib/aarch64-linux-gnu:/opt/ros/humble/lib PYTHONPATH=/home/nano/ros2_uav_ws/build/px4_offboard/prefix_override:/home/nano/.local/lib/python3.10/site-packages/colcon_core/task/python/colcon_distutils_commands:/home/nano/ros2_uav_ws/install/px4_offboard/lib/python3.10/site-packages:${PYTHONPATH} /usr/bin/python3 -W ignore:setup.py install is deprecated setup.py develop --editable --build-directory /home/nano/ros2_uav_ws/build/px4_offboard/build --no-deps symlink_data --force
[10.347s] running develop
[10.358s] /home/nano/.local/lib/python3.10/site-packages/setuptools/command/develop.py:42: EasyInstallDeprecationWarning: easy_install command is deprecated.
[10.360s] !!
[10.361s] 
[10.362s]         ********************************************************************************
[10.363s]         Please avoid running ``setup.py`` and ``easy_install``.
[10.363s]         Instead, use pypa/build, pypa/installer or other
[10.364s]         standards-based tools.
[10.365s] 
[10.367s]         See https://github.com/pypa/setuptools/issues/917 for details.
[10.368s]         ********************************************************************************
[10.369s] 
[10.370s] !!
[10.370s]   easy_install.initialize_options(self)
[12.333s] running egg_info
[12.416s] writing px4_offboard.egg-info/PKG-INFO
[12.423s] writing dependency_links to px4_offboard.egg-info/dependency_links.txt
[12.424s] writing entry points to px4_offboard.egg-info/entry_points.txt
[12.425s] writing requirements to px4_offboard.egg-info/requires.txt
[12.426s] writing top-level names to px4_offboard.egg-info/top_level.txt
[12.605s] reading manifest file 'px4_offboard.egg-info/SOURCES.txt'
[12.613s] writing manifest file 'px4_offboard.egg-info/SOURCES.txt'
[12.731s] running build_ext
[12.731s] Creating /home/nano/ros2_uav_ws/install/px4_offboard/lib/python3.10/site-packages/px4-offboard.egg-link (link to .)
[12.736s] Installing control script to /home/nano/ros2_uav_ws/install/px4_offboard/lib/px4_offboard
[12.738s] Installing offboard_control script to /home/nano/ros2_uav_ws/install/px4_offboard/lib/px4_offboard
[12.739s] Installing processes script to /home/nano/ros2_uav_ws/install/px4_offboard/lib/px4_offboard
[12.741s] Installing velocity_control script to /home/nano/ros2_uav_ws/install/px4_offboard/lib/px4_offboard
[12.741s] Installing visualizer script to /home/nano/ros2_uav_ws/install/px4_offboard/lib/px4_offboard
[12.743s] 
[12.743s] Installed /home/nano/ros2_uav_ws/build/px4_offboard
[12.744s] running symlink_data
[12.745s] symbolically linking /home/nano/ros2_uav_ws/build/px4_offboard/resource/px4_offboard -> /home/nano/ros2_uav_ws/install/px4_offboard/share/ament_index/resource_index/packages
[12.747s] symbolically linking /home/nano/ros2_uav_ws/build/px4_offboard/resource/visualize.rviz -> /home/nano/ros2_uav_ws/install/px4_offboard/share/ament_index/resource_index/packages
[12.748s] symbolically linking /home/nano/ros2_uav_ws/build/px4_offboard/package.xml -> /home/nano/ros2_uav_ws/install/px4_offboard/share/px4_offboard
[12.749s] symbolically linking /home/nano/ros2_uav_ws/build/px4_offboard/launch/offboard_velocity_control.launch.py -> /home/nano/ros2_uav_ws/install/px4_offboard/share/px4_offboard
[12.751s] symbolically linking /home/nano/ros2_uav_ws/build/px4_offboard/resource/visualize.rviz -> /home/nano/ros2_uav_ws/install/px4_offboard/share/px4_offboard
