[0.669s] DEBUG:colcon:Command line arguments: ['/home/nano/.local/bin/colcon', 'build']
[0.669s] DEBUG:colcon:Parsed command line arguments: Namespace(log_base=None, log_level=None, verb_name='build', build_base='build', install_base='install', merge_install=False, symlink_install=False, test_result_base=None, continue_on_error=False, executor='parallel', parallel_workers=4, event_handlers=None, ignore_user_meta=False, metas=['./colcon.meta'], base_paths=['.'], packages_ignore=None, packages_ignore_regex=None, paths=None, packages_up_to=None, packages_up_to_regex=None, packages_above=None, packages_above_and_dependencies=None, packages_above_depth=None, packages_select_by_dep=None, packages_skip_by_dep=None, packages_skip_up_to=None, packages_select_build_failed=False, packages_skip_build_finished=False, packages_select_test_failures=False, packages_skip_test_passed=False, packages_select=None, packages_skip=None, packages_select_regex=None, packages_skip_regex=None, packages_start=None, packages_end=None, cmake_args=None, cmake_target=None, cmake_target_skip_unavailable=False, cmake_clean_cache=False, cmake_clean_first=False, cmake_force_configure=False, ament_cmake_args=None, catkin_cmake_args=None, catkin_skip_building_tests=False, verb_parser=<colcon_defaults.argument_parser.defaults.DefaultArgumentsDecorator object at 0xffff952847c0>, verb_extension=<colcon_core.verb.build.BuildVerb object at 0xffff953b1900>, main=<bound method BuildVerb.main of <colcon_core.verb.build.BuildVerb object at 0xffff953b1900>>)
[0.872s] Level 1:colcon.colcon_core.package_discovery:discover_packages(colcon_meta) check parameters
[0.873s] Level 1:colcon.colcon_core.package_discovery:discover_packages(recursive) check parameters
[0.873s] Level 1:colcon.colcon_core.package_discovery:discover_packages(ignore) check parameters
[0.873s] Level 1:colcon.colcon_core.package_discovery:discover_packages(path) check parameters
[0.873s] Level 1:colcon.colcon_core.package_discovery:discover_packages(colcon_meta) discover
[0.874s] Level 1:colcon.colcon_core.package_discovery:discover_packages(recursive) discover
[0.874s] INFO:colcon.colcon_core.package_discovery:Crawling recursively for packages in '/home/nano/ros2_uav_ws'
[0.875s] Level 1:colcon.colcon_core.package_identification:_identify(.) by extensions ['ignore', 'ignore_ament_install']
[0.875s] Level 1:colcon.colcon_core.package_identification:_identify(.) by extension 'ignore'
[0.875s] Level 1:colcon.colcon_core.package_identification:_identify(.) by extension 'ignore_ament_install'
[0.876s] Level 1:colcon.colcon_core.package_identification:_identify(.) by extensions ['colcon_pkg']
[0.876s] Level 1:colcon.colcon_core.package_identification:_identify(.) by extension 'colcon_pkg'
[0.876s] Level 1:colcon.colcon_core.package_identification:_identify(.) by extensions ['colcon_meta']
[0.876s] Level 1:colcon.colcon_core.package_identification:_identify(.) by extension 'colcon_meta'
[0.876s] Level 1:colcon.colcon_core.package_identification:_identify(.) by extensions ['ros']
[0.877s] Level 1:colcon.colcon_core.package_identification:_identify(.) by extension 'ros'
[0.946s] Level 1:colcon.colcon_core.package_identification:_identify(.) by extensions ['cmake', 'python']
[0.946s] Level 1:colcon.colcon_core.package_identification:_identify(.) by extension 'cmake'
[0.946s] Level 1:colcon.colcon_core.package_identification:_identify(.) by extension 'python'
[0.947s] Level 1:colcon.colcon_core.package_identification:_identify(.) by extensions ['python_setup_py']
[0.947s] Level 1:colcon.colcon_core.package_identification:_identify(.) by extension 'python_setup_py'
[0.947s] Level 1:colcon.colcon_core.package_identification:_identify(build) by extensions ['ignore', 'ignore_ament_install']
[0.948s] Level 1:colcon.colcon_core.package_identification:_identify(build) by extension 'ignore'
[0.948s] Level 1:colcon.colcon_core.package_identification:_identify(build) ignored
[0.949s] Level 1:colcon.colcon_core.package_identification:_identify(install) by extensions ['ignore', 'ignore_ament_install']
[0.949s] Level 1:colcon.colcon_core.package_identification:_identify(install) by extension 'ignore'
[0.950s] Level 1:colcon.colcon_core.package_identification:_identify(install) ignored
[0.950s] Level 1:colcon.colcon_core.package_identification:_identify(log) by extensions ['ignore', 'ignore_ament_install']
[0.951s] Level 1:colcon.colcon_core.package_identification:_identify(log) by extension 'ignore'
[0.951s] Level 1:colcon.colcon_core.package_identification:_identify(log) ignored
[0.951s] Level 1:colcon.colcon_core.package_identification:_identify(src) by extensions ['ignore', 'ignore_ament_install']
[0.952s] Level 1:colcon.colcon_core.package_identification:_identify(src) by extension 'ignore'
[0.952s] Level 1:colcon.colcon_core.package_identification:_identify(src) by extension 'ignore_ament_install'
[0.952s] Level 1:colcon.colcon_core.package_identification:_identify(src) by extensions ['colcon_pkg']
[0.952s] Level 1:colcon.colcon_core.package_identification:_identify(src) by extension 'colcon_pkg'
[0.953s] Level 1:colcon.colcon_core.package_identification:_identify(src) by extensions ['colcon_meta']
[0.953s] Level 1:colcon.colcon_core.package_identification:_identify(src) by extension 'colcon_meta'
[0.953s] Level 1:colcon.colcon_core.package_identification:_identify(src) by extensions ['ros']
[0.953s] Level 1:colcon.colcon_core.package_identification:_identify(src) by extension 'ros'
[0.953s] Level 1:colcon.colcon_core.package_identification:_identify(src) by extensions ['cmake', 'python']
[0.953s] Level 1:colcon.colcon_core.package_identification:_identify(src) by extension 'cmake'
[0.954s] Level 1:colcon.colcon_core.package_identification:_identify(src) by extension 'python'
[0.954s] Level 1:colcon.colcon_core.package_identification:_identify(src) by extensions ['python_setup_py']
[0.954s] Level 1:colcon.colcon_core.package_identification:_identify(src) by extension 'python_setup_py'
[0.955s] Level 1:colcon.colcon_core.package_identification:_identify(src/ROS2_PX4_Offboard_Example) by extensions ['ignore', 'ignore_ament_install']
[0.955s] Level 1:colcon.colcon_core.package_identification:_identify(src/ROS2_PX4_Offboard_Example) by extension 'ignore'
[0.955s] Level 1:colcon.colcon_core.package_identification:_identify(src/ROS2_PX4_Offboard_Example) by extension 'ignore_ament_install'
[0.956s] Level 1:colcon.colcon_core.package_identification:_identify(src/ROS2_PX4_Offboard_Example) by extensions ['colcon_pkg']
[0.956s] Level 1:colcon.colcon_core.package_identification:_identify(src/ROS2_PX4_Offboard_Example) by extension 'colcon_pkg'
[0.956s] Level 1:colcon.colcon_core.package_identification:_identify(src/ROS2_PX4_Offboard_Example) by extensions ['colcon_meta']
[0.956s] Level 1:colcon.colcon_core.package_identification:_identify(src/ROS2_PX4_Offboard_Example) by extension 'colcon_meta'
[0.956s] Level 1:colcon.colcon_core.package_identification:_identify(src/ROS2_PX4_Offboard_Example) by extensions ['ros']
[0.956s] Level 1:colcon.colcon_core.package_identification:_identify(src/ROS2_PX4_Offboard_Example) by extension 'ros'
[0.957s] Level 1:colcon.colcon_core.package_identification:_identify(src/ROS2_PX4_Offboard_Example) by extensions ['cmake', 'python']
[0.957s] Level 1:colcon.colcon_core.package_identification:_identify(src/ROS2_PX4_Offboard_Example) by extension 'cmake'
[0.957s] Level 1:colcon.colcon_core.package_identification:_identify(src/ROS2_PX4_Offboard_Example) by extension 'python'
[0.958s] Level 1:colcon.colcon_core.package_identification:_identify(src/ROS2_PX4_Offboard_Example) by extensions ['python_setup_py']
[0.958s] Level 1:colcon.colcon_core.package_identification:_identify(src/ROS2_PX4_Offboard_Example) by extension 'python_setup_py'
[0.958s] Level 1:colcon.colcon_core.package_identification:_identify(src/ROS2_PX4_Offboard_Example/px4_offboard) by extensions ['ignore', 'ignore_ament_install']
[0.959s] Level 1:colcon.colcon_core.package_identification:_identify(src/ROS2_PX4_Offboard_Example/px4_offboard) by extension 'ignore'
[0.959s] Level 1:colcon.colcon_core.package_identification:_identify(src/ROS2_PX4_Offboard_Example/px4_offboard) by extension 'ignore_ament_install'
[0.959s] Level 1:colcon.colcon_core.package_identification:_identify(src/ROS2_PX4_Offboard_Example/px4_offboard) by extensions ['colcon_pkg']
[0.959s] Level 1:colcon.colcon_core.package_identification:_identify(src/ROS2_PX4_Offboard_Example/px4_offboard) by extension 'colcon_pkg'
[0.959s] Level 1:colcon.colcon_core.package_identification:_identify(src/ROS2_PX4_Offboard_Example/px4_offboard) by extensions ['colcon_meta']
[0.959s] Level 1:colcon.colcon_core.package_identification:_identify(src/ROS2_PX4_Offboard_Example/px4_offboard) by extension 'colcon_meta'
[0.960s] Level 1:colcon.colcon_core.package_identification:_identify(src/ROS2_PX4_Offboard_Example/px4_offboard) by extensions ['ros']
[0.960s] Level 1:colcon.colcon_core.package_identification:_identify(src/ROS2_PX4_Offboard_Example/px4_offboard) by extension 'ros'
[0.970s] DEBUG:colcon.colcon_core.package_identification:Package 'src/ROS2_PX4_Offboard_Example/px4_offboard' with type 'ros.ament_python' and name 'px4_offboard'
[0.971s] Level 1:colcon.colcon_core.package_identification:_identify(src/nano_test_pkg) by extensions ['ignore', 'ignore_ament_install']
[0.971s] Level 1:colcon.colcon_core.package_identification:_identify(src/nano_test_pkg) by extension 'ignore'
[0.972s] Level 1:colcon.colcon_core.package_identification:_identify(src/nano_test_pkg) by extension 'ignore_ament_install'
[0.972s] Level 1:colcon.colcon_core.package_identification:_identify(src/nano_test_pkg) by extensions ['colcon_pkg']
[0.972s] Level 1:colcon.colcon_core.package_identification:_identify(src/nano_test_pkg) by extension 'colcon_pkg'
[0.972s] Level 1:colcon.colcon_core.package_identification:_identify(src/nano_test_pkg) by extensions ['colcon_meta']
[0.972s] Level 1:colcon.colcon_core.package_identification:_identify(src/nano_test_pkg) by extension 'colcon_meta'
[0.973s] Level 1:colcon.colcon_core.package_identification:_identify(src/nano_test_pkg) by extensions ['ros']
[0.973s] Level 1:colcon.colcon_core.package_identification:_identify(src/nano_test_pkg) by extension 'ros'
[0.976s] DEBUG:colcon.colcon_core.package_identification:Package 'src/nano_test_pkg' with type 'ros.ament_python' and name 'nano_test_pkg'
[0.977s] Level 1:colcon.colcon_core.package_identification:_identify(src/px4_msgs) by extensions ['ignore', 'ignore_ament_install']
[0.977s] Level 1:colcon.colcon_core.package_identification:_identify(src/px4_msgs) by extension 'ignore'
[0.978s] Level 1:colcon.colcon_core.package_identification:_identify(src/px4_msgs) by extension 'ignore_ament_install'
[0.978s] Level 1:colcon.colcon_core.package_identification:_identify(src/px4_msgs) by extensions ['colcon_pkg']
[0.978s] Level 1:colcon.colcon_core.package_identification:_identify(src/px4_msgs) by extension 'colcon_pkg'
[0.978s] Level 1:colcon.colcon_core.package_identification:_identify(src/px4_msgs) by extensions ['colcon_meta']
[0.978s] Level 1:colcon.colcon_core.package_identification:_identify(src/px4_msgs) by extension 'colcon_meta'
[0.978s] Level 1:colcon.colcon_core.package_identification:_identify(src/px4_msgs) by extensions ['ros']
[0.979s] Level 1:colcon.colcon_core.package_identification:_identify(src/px4_msgs) by extension 'ros'
[0.982s] DEBUG:colcon.colcon_core.package_identification:Package 'src/px4_msgs' with type 'ros.ament_cmake' and name 'px4_msgs'
[0.983s] Level 1:colcon.colcon_core.package_identification:_identify(src/px4_ros_com) by extensions ['ignore', 'ignore_ament_install']
[0.983s] Level 1:colcon.colcon_core.package_identification:_identify(src/px4_ros_com) by extension 'ignore'
[0.983s] Level 1:colcon.colcon_core.package_identification:_identify(src/px4_ros_com) by extension 'ignore_ament_install'
[0.984s] Level 1:colcon.colcon_core.package_identification:_identify(src/px4_ros_com) by extensions ['colcon_pkg']
[0.984s] Level 1:colcon.colcon_core.package_identification:_identify(src/px4_ros_com) by extension 'colcon_pkg'
[0.984s] Level 1:colcon.colcon_core.package_identification:_identify(src/px4_ros_com) by extensions ['colcon_meta']
[0.984s] Level 1:colcon.colcon_core.package_identification:_identify(src/px4_ros_com) by extension 'colcon_meta'
[0.984s] Level 1:colcon.colcon_core.package_identification:_identify(src/px4_ros_com) by extensions ['ros']
[0.985s] Level 1:colcon.colcon_core.package_identification:_identify(src/px4_ros_com) by extension 'ros'
[0.990s] DEBUG:colcon.colcon_core.package_identification:Package 'src/px4_ros_com' with type 'ros.ament_cmake' and name 'px4_ros_com'
[0.991s] Level 1:colcon.colcon_core.package_identification:_identify(src/v4l2_camera) by extensions ['ignore', 'ignore_ament_install']
[0.991s] Level 1:colcon.colcon_core.package_identification:_identify(src/v4l2_camera) by extension 'ignore'
[0.991s] Level 1:colcon.colcon_core.package_identification:_identify(src/v4l2_camera) by extension 'ignore_ament_install'
[0.992s] Level 1:colcon.colcon_core.package_identification:_identify(src/v4l2_camera) by extensions ['colcon_pkg']
[0.992s] Level 1:colcon.colcon_core.package_identification:_identify(src/v4l2_camera) by extension 'colcon_pkg'
[0.992s] Level 1:colcon.colcon_core.package_identification:_identify(src/v4l2_camera) by extensions ['colcon_meta']
[0.992s] Level 1:colcon.colcon_core.package_identification:_identify(src/v4l2_camera) by extension 'colcon_meta'
[0.993s] Level 1:colcon.colcon_core.package_identification:_identify(src/v4l2_camera) by extensions ['ros']
[0.993s] Level 1:colcon.colcon_core.package_identification:_identify(src/v4l2_camera) by extension 'ros'
[0.996s] DEBUG:colcon.colcon_core.package_identification:Package 'src/v4l2_camera' with type 'ros.ament_cmake' and name 'v4l2_camera'
[0.997s] Level 1:colcon.colcon_core.package_discovery:discover_packages(recursive) using defaults
[0.997s] Level 1:colcon.colcon_core.package_discovery:discover_packages(ignore) discover
[0.997s] Level 1:colcon.colcon_core.package_discovery:discover_packages(ignore) using defaults
[0.997s] Level 1:colcon.colcon_core.package_discovery:discover_packages(path) discover
[0.997s] Level 1:colcon.colcon_core.package_discovery:discover_packages(path) using defaults
[1.098s] Level 5:colcon.colcon_core.verb:set package 'px4_msgs' build argument 'cmake_args' from command line to 'None'
[1.098s] Level 5:colcon.colcon_core.verb:set package 'px4_msgs' build argument 'cmake_target' from command line to 'None'
[1.099s] Level 5:colcon.colcon_core.verb:set package 'px4_msgs' build argument 'cmake_target_skip_unavailable' from command line to 'False'
[1.099s] Level 5:colcon.colcon_core.verb:set package 'px4_msgs' build argument 'cmake_clean_cache' from command line to 'False'
[1.099s] Level 5:colcon.colcon_core.verb:set package 'px4_msgs' build argument 'cmake_clean_first' from command line to 'False'
[1.099s] Level 5:colcon.colcon_core.verb:set package 'px4_msgs' build argument 'cmake_force_configure' from command line to 'False'
[1.099s] Level 5:colcon.colcon_core.verb:set package 'px4_msgs' build argument 'ament_cmake_args' from command line to 'None'
[1.099s] Level 5:colcon.colcon_core.verb:set package 'px4_msgs' build argument 'catkin_cmake_args' from command line to 'None'
[1.099s] Level 5:colcon.colcon_core.verb:set package 'px4_msgs' build argument 'catkin_skip_building_tests' from command line to 'False'
[1.099s] DEBUG:colcon.colcon_core.verb:Building package 'px4_msgs' with the following arguments: {'ament_cmake_args': None, 'build_base': '/home/nano/ros2_uav_ws/build/px4_msgs', 'catkin_cmake_args': None, 'catkin_skip_building_tests': False, 'cmake_args': None, 'cmake_clean_cache': False, 'cmake_clean_first': False, 'cmake_force_configure': False, 'cmake_target': None, 'cmake_target_skip_unavailable': False, 'install_base': '/home/nano/ros2_uav_ws/install/px4_msgs', 'merge_install': False, 'path': '/home/nano/ros2_uav_ws/src/px4_msgs', 'symlink_install': False, 'test_result_base': None}
[1.101s] Level 5:colcon.colcon_core.verb:set package 'v4l2_camera' build argument 'cmake_args' from command line to 'None'
[1.101s] Level 5:colcon.colcon_core.verb:set package 'v4l2_camera' build argument 'cmake_target' from command line to 'None'
[1.101s] Level 5:colcon.colcon_core.verb:set package 'v4l2_camera' build argument 'cmake_target_skip_unavailable' from command line to 'False'
[1.102s] Level 5:colcon.colcon_core.verb:set package 'v4l2_camera' build argument 'cmake_clean_cache' from command line to 'False'
[1.102s] Level 5:colcon.colcon_core.verb:set package 'v4l2_camera' build argument 'cmake_clean_first' from command line to 'False'
[1.102s] Level 5:colcon.colcon_core.verb:set package 'v4l2_camera' build argument 'cmake_force_configure' from command line to 'False'
[1.102s] Level 5:colcon.colcon_core.verb:set package 'v4l2_camera' build argument 'ament_cmake_args' from command line to 'None'
[1.102s] Level 5:colcon.colcon_core.verb:set package 'v4l2_camera' build argument 'catkin_cmake_args' from command line to 'None'
[1.102s] Level 5:colcon.colcon_core.verb:set package 'v4l2_camera' build argument 'catkin_skip_building_tests' from command line to 'False'
[1.102s] DEBUG:colcon.colcon_core.verb:Building package 'v4l2_camera' with the following arguments: {'ament_cmake_args': None, 'build_base': '/home/nano/ros2_uav_ws/build/v4l2_camera', 'catkin_cmake_args': None, 'catkin_skip_building_tests': False, 'cmake_args': None, 'cmake_clean_cache': False, 'cmake_clean_first': False, 'cmake_force_configure': False, 'cmake_target': None, 'cmake_target_skip_unavailable': False, 'install_base': '/home/nano/ros2_uav_ws/install/v4l2_camera', 'merge_install': False, 'path': '/home/nano/ros2_uav_ws/src/v4l2_camera', 'symlink_install': False, 'test_result_base': None}
[1.104s] Level 5:colcon.colcon_core.verb:set package 'px4_offboard' build argument 'cmake_args' from command line to 'None'
[1.104s] Level 5:colcon.colcon_core.verb:set package 'px4_offboard' build argument 'cmake_target' from command line to 'None'
[1.104s] Level 5:colcon.colcon_core.verb:set package 'px4_offboard' build argument 'cmake_target_skip_unavailable' from command line to 'False'
[1.104s] Level 5:colcon.colcon_core.verb:set package 'px4_offboard' build argument 'cmake_clean_cache' from command line to 'False'
[1.104s] Level 5:colcon.colcon_core.verb:set package 'px4_offboard' build argument 'cmake_clean_first' from command line to 'False'
[1.105s] Level 5:colcon.colcon_core.verb:set package 'px4_offboard' build argument 'cmake_force_configure' from command line to 'False'
[1.105s] Level 5:colcon.colcon_core.verb:set package 'px4_offboard' build argument 'ament_cmake_args' from command line to 'None'
[1.105s] Level 5:colcon.colcon_core.verb:set package 'px4_offboard' build argument 'catkin_cmake_args' from command line to 'None'
[1.105s] Level 5:colcon.colcon_core.verb:set package 'px4_offboard' build argument 'catkin_skip_building_tests' from command line to 'False'
[1.105s] DEBUG:colcon.colcon_core.verb:Building package 'px4_offboard' with the following arguments: {'ament_cmake_args': None, 'build_base': '/home/nano/ros2_uav_ws/build/px4_offboard', 'catkin_cmake_args': None, 'catkin_skip_building_tests': False, 'cmake_args': None, 'cmake_clean_cache': False, 'cmake_clean_first': False, 'cmake_force_configure': False, 'cmake_target': None, 'cmake_target_skip_unavailable': False, 'install_base': '/home/nano/ros2_uav_ws/install/px4_offboard', 'merge_install': False, 'path': '/home/nano/ros2_uav_ws/src/ROS2_PX4_Offboard_Example/px4_offboard', 'symlink_install': False, 'test_result_base': None}
[1.107s] Level 5:colcon.colcon_core.verb:set package 'px4_ros_com' build argument 'cmake_args' from command line to 'None'
[1.107s] Level 5:colcon.colcon_core.verb:set package 'px4_ros_com' build argument 'cmake_target' from command line to 'None'
[1.107s] Level 5:colcon.colcon_core.verb:set package 'px4_ros_com' build argument 'cmake_target_skip_unavailable' from command line to 'False'
[1.107s] Level 5:colcon.colcon_core.verb:set package 'px4_ros_com' build argument 'cmake_clean_cache' from command line to 'False'
[1.107s] Level 5:colcon.colcon_core.verb:set package 'px4_ros_com' build argument 'cmake_clean_first' from command line to 'False'
[1.107s] Level 5:colcon.colcon_core.verb:set package 'px4_ros_com' build argument 'cmake_force_configure' from command line to 'False'
[1.107s] Level 5:colcon.colcon_core.verb:set package 'px4_ros_com' build argument 'ament_cmake_args' from command line to 'None'
[1.108s] Level 5:colcon.colcon_core.verb:set package 'px4_ros_com' build argument 'catkin_cmake_args' from command line to 'None'
[1.108s] Level 5:colcon.colcon_core.verb:set package 'px4_ros_com' build argument 'catkin_skip_building_tests' from command line to 'False'
[1.108s] DEBUG:colcon.colcon_core.verb:Building package 'px4_ros_com' with the following arguments: {'ament_cmake_args': None, 'build_base': '/home/nano/ros2_uav_ws/build/px4_ros_com', 'catkin_cmake_args': None, 'catkin_skip_building_tests': False, 'cmake_args': None, 'cmake_clean_cache': False, 'cmake_clean_first': False, 'cmake_force_configure': False, 'cmake_target': None, 'cmake_target_skip_unavailable': False, 'install_base': '/home/nano/ros2_uav_ws/install/px4_ros_com', 'merge_install': False, 'path': '/home/nano/ros2_uav_ws/src/px4_ros_com', 'symlink_install': False, 'test_result_base': None}
[1.110s] Level 5:colcon.colcon_core.verb:set package 'nano_test_pkg' build argument 'cmake_args' from command line to 'None'
[1.110s] Level 5:colcon.colcon_core.verb:set package 'nano_test_pkg' build argument 'cmake_target' from command line to 'None'
[1.110s] Level 5:colcon.colcon_core.verb:set package 'nano_test_pkg' build argument 'cmake_target_skip_unavailable' from command line to 'False'
[1.110s] Level 5:colcon.colcon_core.verb:set package 'nano_test_pkg' build argument 'cmake_clean_cache' from command line to 'False'
[1.110s] Level 5:colcon.colcon_core.verb:set package 'nano_test_pkg' build argument 'cmake_clean_first' from command line to 'False'
[1.110s] Level 5:colcon.colcon_core.verb:set package 'nano_test_pkg' build argument 'cmake_force_configure' from command line to 'False'
[1.110s] Level 5:colcon.colcon_core.verb:set package 'nano_test_pkg' build argument 'ament_cmake_args' from command line to 'None'
[1.111s] Level 5:colcon.colcon_core.verb:set package 'nano_test_pkg' build argument 'catkin_cmake_args' from command line to 'None'
[1.111s] Level 5:colcon.colcon_core.verb:set package 'nano_test_pkg' build argument 'catkin_skip_building_tests' from command line to 'False'
[1.111s] DEBUG:colcon.colcon_core.verb:Building package 'nano_test_pkg' with the following arguments: {'ament_cmake_args': None, 'build_base': '/home/nano/ros2_uav_ws/build/nano_test_pkg', 'catkin_cmake_args': None, 'catkin_skip_building_tests': False, 'cmake_args': None, 'cmake_clean_cache': False, 'cmake_clean_first': False, 'cmake_force_configure': False, 'cmake_target': None, 'cmake_target_skip_unavailable': False, 'install_base': '/home/nano/ros2_uav_ws/install/nano_test_pkg', 'merge_install': False, 'path': '/home/nano/ros2_uav_ws/src/nano_test_pkg', 'symlink_install': False, 'test_result_base': None}
[1.111s] INFO:colcon.colcon_core.executor:Executing jobs using 'parallel' executor
[1.115s] DEBUG:colcon.colcon_parallel_executor.executor.parallel:run_until_complete
[1.117s] INFO:colcon.colcon_ros.task.ament_cmake.build:Building ROS package in '/home/nano/ros2_uav_ws/src/px4_msgs' with build type 'ament_cmake'
[1.117s] INFO:colcon.colcon_cmake.task.cmake.build:Building CMake package in '/home/nano/ros2_uav_ws/src/px4_msgs'
[1.129s] INFO:colcon.colcon_core.plugin_system:Skipping extension 'colcon_core.shell.bat': Not used on non-Windows systems
[1.131s] INFO:colcon.colcon_core.shell:Skip shell extension 'powershell' for command environment: Not usable outside of PowerShell
[1.131s] DEBUG:colcon.colcon_core.shell:Skip shell extension 'dsv' for command environment
[1.164s] INFO:colcon.colcon_ros.task.ament_cmake.build:Building ROS package in '/home/nano/ros2_uav_ws/src/v4l2_camera' with build type 'ament_cmake'
[1.165s] INFO:colcon.colcon_cmake.task.cmake.build:Building CMake package in '/home/nano/ros2_uav_ws/src/v4l2_camera'
[1.167s] INFO:colcon.colcon_core.shell:Skip shell extension 'powershell' for command environment: Not usable outside of PowerShell
[1.169s] DEBUG:colcon.colcon_core.shell:Skip shell extension 'dsv' for command environment
[1.223s] DEBUG:colcon.colcon_core.event_handler.log_command:Invoking command in '/home/nano/ros2_uav_ws/build/px4_msgs': CMAKE_PREFIX_PATH=${CMAKE_PREFIX_PATH}:/home/nano/ros2_uav_ws/install/nano_test_pkg:/home/nano/ros2_uav_ws/install/px4_offboard:/opt/ros/humble /usr/bin/cmake /home/nano/ros2_uav_ws/src/px4_msgs -DCMAKE_INSTALL_PREFIX=/home/nano/ros2_uav_ws/install/px4_msgs
[1.252s] DEBUG:colcon.colcon_core.event_handler.log_command:Invoking command in '/home/nano/ros2_uav_ws/build/v4l2_camera': CMAKE_PREFIX_PATH=${CMAKE_PREFIX_PATH}:/home/nano/ros2_uav_ws/install/nano_test_pkg:/home/nano/ros2_uav_ws/install/px4_offboard:/opt/ros/humble /usr/bin/cmake /home/nano/ros2_uav_ws/src/v4l2_camera -DCMAKE_INSTALL_PREFIX=/home/nano/ros2_uav_ws/install/v4l2_camera
[6.559s] DEBUG:colcon.colcon_core.event_handler.log_command:Invoked command in '/home/nano/ros2_uav_ws/build/v4l2_camera' returned '0': CMAKE_PREFIX_PATH=${CMAKE_PREFIX_PATH}:/home/nano/ros2_uav_ws/install/nano_test_pkg:/home/nano/ros2_uav_ws/install/px4_offboard:/opt/ros/humble /usr/bin/cmake /home/nano/ros2_uav_ws/src/v4l2_camera -DCMAKE_INSTALL_PREFIX=/home/nano/ros2_uav_ws/install/v4l2_camera
[6.573s] DEBUG:colcon.colcon_core.event_handler.log_command:Invoking command in '/home/nano/ros2_uav_ws/build/v4l2_camera': CMAKE_PREFIX_PATH=${CMAKE_PREFIX_PATH}:/home/nano/ros2_uav_ws/install/nano_test_pkg:/home/nano/ros2_uav_ws/install/px4_offboard:/opt/ros/humble /usr/bin/cmake --build /home/nano/ros2_uav_ws/build/v4l2_camera -- -j4 -l4
[7.199s] DEBUG:colcon.colcon_core.event_handler.log_command:Invoked command in '/home/nano/ros2_uav_ws/build/v4l2_camera' returned '0': CMAKE_PREFIX_PATH=${CMAKE_PREFIX_PATH}:/home/nano/ros2_uav_ws/install/nano_test_pkg:/home/nano/ros2_uav_ws/install/px4_offboard:/opt/ros/humble /usr/bin/cmake --build /home/nano/ros2_uav_ws/build/v4l2_camera -- -j4 -l4
[7.488s] DEBUG:colcon.colcon_core.event_handler.log_command:Invoking command in '/home/nano/ros2_uav_ws/build/v4l2_camera': CMAKE_PREFIX_PATH=${CMAKE_PREFIX_PATH}:/home/nano/ros2_uav_ws/install/nano_test_pkg:/home/nano/ros2_uav_ws/install/px4_offboard:/opt/ros/humble /usr/bin/cmake --install /home/nano/ros2_uav_ws/build/v4l2_camera
[7.575s] Level 1:colcon.colcon_core.environment:create_environment_scripts_only(v4l2_camera)
[7.578s] DEBUG:colcon.colcon_core.event_handler.log_command:Invoked command in '/home/nano/ros2_uav_ws/build/v4l2_camera' returned '0': CMAKE_PREFIX_PATH=${CMAKE_PREFIX_PATH}:/home/nano/ros2_uav_ws/install/nano_test_pkg:/home/nano/ros2_uav_ws/install/px4_offboard:/opt/ros/humble /usr/bin/cmake --install /home/nano/ros2_uav_ws/build/v4l2_camera
[7.591s] Level 1:colcon.colcon_core.environment:checking '/home/nano/ros2_uav_ws/install/v4l2_camera' for CMake module files
[7.595s] Level 1:colcon.colcon_core.environment:checking '/home/nano/ros2_uav_ws/install/v4l2_camera' for CMake config files
[7.599s] Level 1:colcon.colcon_core.shell:create_environment_hook('v4l2_camera', 'cmake_prefix_path')
[7.601s] INFO:colcon.colcon_core.shell:Creating environment hook '/home/nano/ros2_uav_ws/install/v4l2_camera/share/v4l2_camera/hook/cmake_prefix_path.ps1'
[7.606s] INFO:colcon.colcon_core.shell:Creating environment descriptor '/home/nano/ros2_uav_ws/install/v4l2_camera/share/v4l2_camera/hook/cmake_prefix_path.dsv'
[7.608s] INFO:colcon.colcon_core.shell:Creating environment hook '/home/nano/ros2_uav_ws/install/v4l2_camera/share/v4l2_camera/hook/cmake_prefix_path.sh'
[7.614s] Level 1:colcon.colcon_core.environment:checking '/home/nano/ros2_uav_ws/install/v4l2_camera/lib'
[7.615s] Level 1:colcon.colcon_core.shell:create_environment_hook('v4l2_camera', 'ld_library_path_lib')
[7.616s] INFO:colcon.colcon_core.shell:Creating environment hook '/home/nano/ros2_uav_ws/install/v4l2_camera/share/v4l2_camera/hook/ld_library_path_lib.ps1'
[7.618s] INFO:colcon.colcon_core.shell:Creating environment descriptor '/home/nano/ros2_uav_ws/install/v4l2_camera/share/v4l2_camera/hook/ld_library_path_lib.dsv'
[7.620s] INFO:colcon.colcon_core.shell:Creating environment hook '/home/nano/ros2_uav_ws/install/v4l2_camera/share/v4l2_camera/hook/ld_library_path_lib.sh'
[7.623s] Level 1:colcon.colcon_core.environment:checking '/home/nano/ros2_uav_ws/install/v4l2_camera/bin'
[7.624s] Level 1:colcon.colcon_core.environment:checking '/home/nano/ros2_uav_ws/install/v4l2_camera/lib/pkgconfig/v4l2_camera.pc'
[7.632s] Level 1:colcon.colcon_core.environment:checking '/home/nano/ros2_uav_ws/install/v4l2_camera/lib/python3.10/site-packages'
[7.634s] Level 1:colcon.colcon_core.environment:checking '/home/nano/ros2_uav_ws/install/v4l2_camera/bin'
[7.635s] INFO:colcon.colcon_core.shell:Creating package script '/home/nano/ros2_uav_ws/install/v4l2_camera/share/v4l2_camera/package.ps1'
[7.639s] INFO:colcon.colcon_core.shell:Creating package descriptor '/home/nano/ros2_uav_ws/install/v4l2_camera/share/v4l2_camera/package.dsv'
[7.642s] INFO:colcon.colcon_core.shell:Creating package script '/home/nano/ros2_uav_ws/install/v4l2_camera/share/v4l2_camera/package.sh'
[7.647s] INFO:colcon.colcon_core.shell:Creating package script '/home/nano/ros2_uav_ws/install/v4l2_camera/share/v4l2_camera/package.bash'
[7.652s] INFO:colcon.colcon_core.shell:Creating package script '/home/nano/ros2_uav_ws/install/v4l2_camera/share/v4l2_camera/package.zsh'
[7.656s] Level 1:colcon.colcon_core.environment:create_file_with_runtime_dependencies(/home/nano/ros2_uav_ws/install/v4l2_camera/share/colcon-core/packages/v4l2_camera)
[7.895s] Level 1:colcon.colcon_core.environment:create_environment_scripts_only(v4l2_camera)
[7.897s] Level 1:colcon.colcon_core.environment:checking '/home/nano/ros2_uav_ws/install/v4l2_camera' for CMake module files
[7.906s] Level 1:colcon.colcon_core.environment:checking '/home/nano/ros2_uav_ws/install/v4l2_camera' for CMake config files
[7.909s] Level 1:colcon.colcon_core.shell:create_environment_hook('v4l2_camera', 'cmake_prefix_path')
[7.910s] INFO:colcon.colcon_core.shell:Creating environment hook '/home/nano/ros2_uav_ws/install/v4l2_camera/share/v4l2_camera/hook/cmake_prefix_path.ps1'
[7.912s] INFO:colcon.colcon_core.shell:Creating environment descriptor '/home/nano/ros2_uav_ws/install/v4l2_camera/share/v4l2_camera/hook/cmake_prefix_path.dsv'
[7.914s] INFO:colcon.colcon_core.shell:Creating environment hook '/home/nano/ros2_uav_ws/install/v4l2_camera/share/v4l2_camera/hook/cmake_prefix_path.sh'
[7.918s] Level 1:colcon.colcon_core.environment:checking '/home/nano/ros2_uav_ws/install/v4l2_camera/lib'
[7.918s] Level 1:colcon.colcon_core.shell:create_environment_hook('v4l2_camera', 'ld_library_path_lib')
[7.919s] INFO:colcon.colcon_core.shell:Creating environment hook '/home/nano/ros2_uav_ws/install/v4l2_camera/share/v4l2_camera/hook/ld_library_path_lib.ps1'
[7.922s] INFO:colcon.colcon_core.shell:Creating environment descriptor '/home/nano/ros2_uav_ws/install/v4l2_camera/share/v4l2_camera/hook/ld_library_path_lib.dsv'
[7.924s] INFO:colcon.colcon_core.shell:Creating environment hook '/home/nano/ros2_uav_ws/install/v4l2_camera/share/v4l2_camera/hook/ld_library_path_lib.sh'
[7.927s] Level 1:colcon.colcon_core.environment:checking '/home/nano/ros2_uav_ws/install/v4l2_camera/bin'
[7.927s] Level 1:colcon.colcon_core.environment:checking '/home/nano/ros2_uav_ws/install/v4l2_camera/lib/pkgconfig/v4l2_camera.pc'
[7.928s] Level 1:colcon.colcon_core.environment:checking '/home/nano/ros2_uav_ws/install/v4l2_camera/lib/python3.10/site-packages'
[7.929s] Level 1:colcon.colcon_core.environment:checking '/home/nano/ros2_uav_ws/install/v4l2_camera/bin'
[7.931s] INFO:colcon.colcon_core.shell:Creating package script '/home/nano/ros2_uav_ws/install/v4l2_camera/share/v4l2_camera/package.ps1'
[7.934s] INFO:colcon.colcon_core.shell:Creating package descriptor '/home/nano/ros2_uav_ws/install/v4l2_camera/share/v4l2_camera/package.dsv'
[7.937s] INFO:colcon.colcon_core.shell:Creating package script '/home/nano/ros2_uav_ws/install/v4l2_camera/share/v4l2_camera/package.sh'
[7.940s] INFO:colcon.colcon_core.shell:Creating package script '/home/nano/ros2_uav_ws/install/v4l2_camera/share/v4l2_camera/package.bash'
[7.942s] INFO:colcon.colcon_core.shell:Creating package script '/home/nano/ros2_uav_ws/install/v4l2_camera/share/v4l2_camera/package.zsh'
[7.945s] Level 1:colcon.colcon_core.environment:create_file_with_runtime_dependencies(/home/nano/ros2_uav_ws/install/v4l2_camera/share/colcon-core/packages/v4l2_camera)
[16.695s] DEBUG:colcon.colcon_core.event_handler.log_command:Invoked command in '/home/nano/ros2_uav_ws/build/px4_msgs' returned '0': CMAKE_PREFIX_PATH=${CMAKE_PREFIX_PATH}:/home/nano/ros2_uav_ws/install/nano_test_pkg:/home/nano/ros2_uav_ws/install/px4_offboard:/opt/ros/humble /usr/bin/cmake /home/nano/ros2_uav_ws/src/px4_msgs -DCMAKE_INSTALL_PREFIX=/home/nano/ros2_uav_ws/install/px4_msgs
[16.707s] DEBUG:colcon.colcon_core.event_handler.log_command:Invoking command in '/home/nano/ros2_uav_ws/build/px4_msgs': CMAKE_PREFIX_PATH=${CMAKE_PREFIX_PATH}:/home/nano/ros2_uav_ws/install/nano_test_pkg:/home/nano/ros2_uav_ws/install/px4_offboard:/opt/ros/humble /usr/bin/cmake --build /home/nano/ros2_uav_ws/build/px4_msgs -- -j4 -l4
[21.330s] DEBUG:colcon.colcon_core.event_handler.log_command:Invoked command in '/home/nano/ros2_uav_ws/build/px4_msgs' returned '2': CMAKE_PREFIX_PATH=${CMAKE_PREFIX_PATH}:/home/nano/ros2_uav_ws/install/nano_test_pkg:/home/nano/ros2_uav_ws/install/px4_offboard:/opt/ros/humble /usr/bin/cmake --build /home/nano/ros2_uav_ws/build/px4_msgs -- -j4 -l4
[57.369s] Level 1:colcon.colcon_core.environment:create_environment_scripts_only(px4_msgs)
[57.370s] Level 1:colcon.colcon_core.environment:checking '/home/nano/ros2_uav_ws/install/px4_msgs' for CMake module files
[57.374s] Level 1:colcon.colcon_core.environment:checking '/home/nano/ros2_uav_ws/install/px4_msgs' for CMake config files
[57.382s] Level 1:colcon.colcon_core.shell:create_environment_hook('px4_msgs', 'cmake_prefix_path')
[57.383s] INFO:colcon.colcon_core.shell:Creating environment hook '/home/nano/ros2_uav_ws/install/px4_msgs/share/px4_msgs/hook/cmake_prefix_path.ps1'
[57.385s] INFO:colcon.colcon_core.shell:Creating environment descriptor '/home/nano/ros2_uav_ws/install/px4_msgs/share/px4_msgs/hook/cmake_prefix_path.dsv'
[57.387s] INFO:colcon.colcon_core.shell:Creating environment hook '/home/nano/ros2_uav_ws/install/px4_msgs/share/px4_msgs/hook/cmake_prefix_path.sh'
[57.389s] Level 1:colcon.colcon_core.environment:checking '/home/nano/ros2_uav_ws/install/px4_msgs/lib'
[57.390s] Level 1:colcon.colcon_core.shell:create_environment_hook('px4_msgs', 'ld_library_path_lib')
[57.391s] INFO:colcon.colcon_core.shell:Creating environment hook '/home/nano/ros2_uav_ws/install/px4_msgs/share/px4_msgs/hook/ld_library_path_lib.ps1'
[57.394s] INFO:colcon.colcon_core.shell:Creating environment descriptor '/home/nano/ros2_uav_ws/install/px4_msgs/share/px4_msgs/hook/ld_library_path_lib.dsv'
[57.395s] INFO:colcon.colcon_core.shell:Creating environment hook '/home/nano/ros2_uav_ws/install/px4_msgs/share/px4_msgs/hook/ld_library_path_lib.sh'
[57.397s] Level 1:colcon.colcon_core.environment:checking '/home/nano/ros2_uav_ws/install/px4_msgs/bin'
[57.398s] Level 1:colcon.colcon_core.environment:checking '/home/nano/ros2_uav_ws/install/px4_msgs/lib/pkgconfig/px4_msgs.pc'
[57.399s] Level 1:colcon.colcon_core.environment:checking '/home/nano/ros2_uav_ws/install/px4_msgs/lib/python3.10/site-packages'
[57.400s] Level 1:colcon.colcon_core.environment:checking '/home/nano/ros2_uav_ws/install/px4_msgs/bin'
[57.402s] INFO:colcon.colcon_core.shell:Creating package script '/home/nano/ros2_uav_ws/install/px4_msgs/share/px4_msgs/package.ps1'
[57.405s] INFO:colcon.colcon_core.shell:Creating package descriptor '/home/nano/ros2_uav_ws/install/px4_msgs/share/px4_msgs/package.dsv'
[57.407s] INFO:colcon.colcon_core.shell:Creating package script '/home/nano/ros2_uav_ws/install/px4_msgs/share/px4_msgs/package.sh'
[57.410s] INFO:colcon.colcon_core.shell:Creating package script '/home/nano/ros2_uav_ws/install/px4_msgs/share/px4_msgs/package.bash'
[57.412s] INFO:colcon.colcon_core.shell:Creating package script '/home/nano/ros2_uav_ws/install/px4_msgs/share/px4_msgs/package.zsh'
[57.415s] Level 1:colcon.colcon_core.environment:create_file_with_runtime_dependencies(/home/nano/ros2_uav_ws/install/px4_msgs/share/colcon-core/packages/px4_msgs)
[57.427s] DEBUG:colcon.colcon_parallel_executor.executor.parallel:closing loop
[57.428s] DEBUG:colcon.colcon_parallel_executor.executor.parallel:loop closed
[57.428s] DEBUG:colcon.colcon_parallel_executor.executor.parallel:run_until_complete finished with '2'
[57.429s] DEBUG:colcon.colcon_core.event_reactor:joining thread
[57.459s] INFO:colcon.colcon_core.plugin_system:Skipping extension 'colcon_notification.desktop_notification.terminal_notifier': Not used on non-Darwin systems
[57.460s] INFO:colcon.colcon_core.plugin_system:Skipping extension 'colcon_notification.desktop_notification.win32': Not used on non-Windows systems
[57.460s] INFO:colcon.colcon_notification.desktop_notification:Sending desktop notification using 'notify2'
[57.527s] DEBUG:colcon.colcon_core.event_reactor:joined thread
[57.529s] INFO:colcon.colcon_core.shell:Creating prefix script '/home/nano/ros2_uav_ws/install/local_setup.ps1'
[57.533s] INFO:colcon.colcon_core.shell:Creating prefix util module '/home/nano/ros2_uav_ws/install/_local_setup_util_ps1.py'
[57.540s] INFO:colcon.colcon_core.shell:Creating prefix chain script '/home/nano/ros2_uav_ws/install/setup.ps1'
[57.549s] INFO:colcon.colcon_core.shell:Creating prefix script '/home/nano/ros2_uav_ws/install/local_setup.sh'
[57.552s] INFO:colcon.colcon_core.shell:Creating prefix util module '/home/nano/ros2_uav_ws/install/_local_setup_util_sh.py'
[57.556s] INFO:colcon.colcon_core.shell:Creating prefix chain script '/home/nano/ros2_uav_ws/install/setup.sh'
[57.563s] INFO:colcon.colcon_core.shell:Creating prefix script '/home/nano/ros2_uav_ws/install/local_setup.bash'
[57.566s] INFO:colcon.colcon_core.shell:Creating prefix chain script '/home/nano/ros2_uav_ws/install/setup.bash'
[57.574s] INFO:colcon.colcon_core.shell:Creating prefix script '/home/nano/ros2_uav_ws/install/local_setup.zsh'
[57.578s] INFO:colcon.colcon_core.shell:Creating prefix chain script '/home/nano/ros2_uav_ws/install/setup.zsh'
