[0.084s] Invoking command in '/home/nano/ros2_uav_ws/build/px4_ros_com': AMENT_PREFIX_PATH=/home/nano/ros2_uav_ws/install/px4_msgs:${AMENT_PREFIX_PATH} CMAKE_PREFIX_PATH=/home/nano/ros2_uav_ws/install/px4_msgs:/opt/ros/humble LD_LIBRARY_PATH=/home/nano/ros2_uav_ws/install/px4_msgs/lib:${LD_LIBRARY_PATH} PYTHONPATH=/home/nano/ros2_uav_ws/install/px4_msgs/local/lib/python3.10/dist-packages:${PYTHONPATH} /usr/bin/cmake --build /home/nano/ros2_uav_ws/build/px4_ros_com -- -j4 -l4
[0.333s] [35m[1mConsolidate compiler generated dependencies of target vehicle_gps_position_listener[0m
[0.351s] [35m[1mConsolidate compiler generated dependencies of target debug_vect_advertiser[0m
[0.361s] [35m[1mConsolidate compiler generated dependencies of target sensor_combined_listener[0m
[0.366s] [35m[1mConsolidate compiler generated dependencies of target frame_transforms[0m
[0.504s] [ 16%] Built target debug_vect_advertiser
[0.512s] [ 33%] Built target vehicle_gps_position_listener
[0.567s] [ 50%] Built target sensor_combined_listener
[0.574s] [ 66%] Built target frame_transforms
[0.601s] [35m[1mConsolidate compiler generated dependencies of target offboard_control[0m
[0.608s] [35m[1mConsolidate compiler generated dependencies of target offboard_control_srv[0m
[0.717s] [ 83%] Built target offboard_control
[0.761s] [100%] Built target offboard_control_srv
[0.796s] [100%] Built target ament_cmake_python_symlink_px4_ros_com
[2.433s] running egg_info
[2.584s] writing px4_ros_com.egg-info/PKG-INFO
[2.586s] writing dependency_links to px4_ros_com.egg-info/dependency_links.txt
[2.590s] writing top-level names to px4_ros_com.egg-info/top_level.txt
[3.021s] reading manifest file 'px4_ros_com.egg-info/SOURCES.txt'
[3.028s] writing manifest file 'px4_ros_com.egg-info/SOURCES.txt'
[3.224s] [100%] Built target ament_cmake_python_build_px4_ros_com_egg
[3.275s] Invoked command in '/home/nano/ros2_uav_ws/build/px4_ros_com' returned '0': AMENT_PREFIX_PATH=/home/nano/ros2_uav_ws/install/px4_msgs:${AMENT_PREFIX_PATH} CMAKE_PREFIX_PATH=/home/nano/ros2_uav_ws/install/px4_msgs:/opt/ros/humble LD_LIBRARY_PATH=/home/nano/ros2_uav_ws/install/px4_msgs/lib:${LD_LIBRARY_PATH} PYTHONPATH=/home/nano/ros2_uav_ws/install/px4_msgs/local/lib/python3.10/dist-packages:${PYTHONPATH} /usr/bin/cmake --build /home/nano/ros2_uav_ws/build/px4_ros_com -- -j4 -l4
[3.562s] Invoking command in '/home/nano/ros2_uav_ws/build/px4_ros_com': AMENT_PREFIX_PATH=/home/nano/ros2_uav_ws/install/px4_msgs:${AMENT_PREFIX_PATH} CMAKE_PREFIX_PATH=/home/nano/ros2_uav_ws/install/px4_msgs:/opt/ros/humble LD_LIBRARY_PATH=/home/nano/ros2_uav_ws/install/px4_msgs/lib:${LD_LIBRARY_PATH} PYTHONPATH=/home/nano/ros2_uav_ws/install/px4_msgs/local/lib/python3.10/dist-packages:${PYTHONPATH} /usr/bin/cmake --install /home/nano/ros2_uav_ws/build/px4_ros_com
[3.599s] -- Install configuration: ""
[3.604s] -- Execute custom install script
[3.610s] -- Up-to-date symlink: /home/nano/ros2_uav_ws/install/px4_ros_com/lib/px4_ros_com/sensor_combined_listener
[3.614s] -- Up-to-date symlink: /home/nano/ros2_uav_ws/install/px4_ros_com/lib/px4_ros_com/vehicle_gps_position_listener
[3.618s] -- Up-to-date symlink: /home/nano/ros2_uav_ws/install/px4_ros_com/lib/px4_ros_com/debug_vect_advertiser
[3.621s] -- Up-to-date symlink: /home/nano/ros2_uav_ws/install/px4_ros_com/lib/px4_ros_com/offboard_control
[3.624s] -- Up-to-date symlink: /home/nano/ros2_uav_ws/install/px4_ros_com/lib/px4_ros_com/offboard_control_srv
[3.627s] -- Up-to-date symlink: /home/nano/ros2_uav_ws/install/px4_ros_com/share/px4_ros_com/environment/library_path.sh
[3.629s] -- Up-to-date symlink: /home/nano/ros2_uav_ws/install/px4_ros_com/share/px4_ros_com/environment/library_path.dsv
[3.632s] -- Up-to-date symlink: /home/nano/ros2_uav_ws/install/px4_ros_com/include/px4_ros_com/frame_transforms.h
[3.634s] -- Up-to-date symlink: /home/nano/ros2_uav_ws/install/px4_ros_com/share/px4_ros_com//launch/offboard_control_launch.yaml
[3.636s] -- Up-to-date symlink: /home/nano/ros2_uav_ws/install/px4_ros_com/share/px4_ros_com//launch/sensor_combined_listener.launch.py
[3.638s] -- Up-to-date symlink: /home/nano/ros2_uav_ws/install/px4_ros_com/share/px4_ros_com//test/__init__.py
[3.640s] -- Up-to-date symlink: /home/nano/ros2_uav_ws/install/px4_ros_com/share/px4_ros_com//test/pipeline_io_test.py
[3.641s] -- Up-to-date symlink: /home/nano/ros2_uav_ws/install/px4_ros_com/share/px4_ros_com//test/test_input.py
[3.642s] -- Up-to-date symlink: /home/nano/ros2_uav_ws/install/px4_ros_com/share/px4_ros_com//test/test_output.py
[3.645s] -- Up-to-date symlink: /home/nano/ros2_uav_ws/install/px4_ros_com/share/px4_ros_com/environment/pythonpath.sh
[3.647s] -- Up-to-date symlink: /home/nano/ros2_uav_ws/install/px4_ros_com/share/px4_ros_com/environment/pythonpath.dsv
[3.650s] -- Up-to-date symlink: /home/nano/ros2_uav_ws/install/px4_ros_com/local/lib/python3.10/dist-packages/px4_ros_com-0.1.0-py3.10.egg-info/PKG-INFO
[3.652s] -- Up-to-date symlink: /home/nano/ros2_uav_ws/install/px4_ros_com/local/lib/python3.10/dist-packages/px4_ros_com-0.1.0-py3.10.egg-info/SOURCES.txt
[3.654s] -- Up-to-date symlink: /home/nano/ros2_uav_ws/install/px4_ros_com/local/lib/python3.10/dist-packages/px4_ros_com-0.1.0-py3.10.egg-info/dependency_links.txt
[3.656s] -- Up-to-date symlink: /home/nano/ros2_uav_ws/install/px4_ros_com/local/lib/python3.10/dist-packages/px4_ros_com-0.1.0-py3.10.egg-info/top_level.txt
[3.660s] -- Up-to-date symlink: /home/nano/ros2_uav_ws/install/px4_ros_com/local/lib/python3.10/dist-packages/px4_ros_com/__init__.py
[3.662s] -- Up-to-date symlink: /home/nano/ros2_uav_ws/install/px4_ros_com/local/lib/python3.10/dist-packages/px4_ros_com/module_to_import.py
[3.664s] -- Up-to-date symlink: /home/nano/ros2_uav_ws/install/px4_ros_com/lib/px4_ros_com/offboard_control.py
[3.668s] -- Up-to-date symlink: /home/nano/ros2_uav_ws/install/px4_ros_com/share/ament_index/resource_index/package_run_dependencies/px4_ros_com
[3.672s] -- Up-to-date symlink: /home/nano/ros2_uav_ws/install/px4_ros_com/share/ament_index/resource_index/parent_prefix_path/px4_ros_com
[3.673s] -- Up-to-date symlink: /home/nano/ros2_uav_ws/install/px4_ros_com/share/px4_ros_com/environment/ament_prefix_path.sh
[3.675s] -- Up-to-date symlink: /home/nano/ros2_uav_ws/install/px4_ros_com/share/px4_ros_com/environment/ament_prefix_path.dsv
[3.678s] -- Up-to-date symlink: /home/nano/ros2_uav_ws/install/px4_ros_com/share/px4_ros_com/environment/path.sh
[3.680s] -- Up-to-date symlink: /home/nano/ros2_uav_ws/install/px4_ros_com/share/px4_ros_com/environment/path.dsv
[3.683s] -- Up-to-date symlink: /home/nano/ros2_uav_ws/install/px4_ros_com/share/px4_ros_com/local_setup.bash
[3.685s] -- Up-to-date symlink: /home/nano/ros2_uav_ws/install/px4_ros_com/share/px4_ros_com/local_setup.sh
[3.687s] -- Up-to-date symlink: /home/nano/ros2_uav_ws/install/px4_ros_com/share/px4_ros_com/local_setup.zsh
[3.689s] -- Up-to-date symlink: /home/nano/ros2_uav_ws/install/px4_ros_com/share/px4_ros_com/local_setup.dsv
[3.691s] -- Symlinking: /home/nano/ros2_uav_ws/install/px4_ros_com/share/px4_ros_com/package.dsv
[3.755s] -- Up-to-date symlink: /home/nano/ros2_uav_ws/install/px4_ros_com/share/ament_index/resource_index/packages/px4_ros_com
[3.764s] -- Up-to-date symlink: /home/nano/ros2_uav_ws/install/px4_ros_com/share/px4_ros_com/cmake/ament_cmake_export_dependencies-extras.cmake
[3.774s] -- Up-to-date symlink: /home/nano/ros2_uav_ws/install/px4_ros_com/share/px4_ros_com/cmake/ament_cmake_export_targets-extras.cmake
[3.783s] -- Up-to-date symlink: /home/nano/ros2_uav_ws/install/px4_ros_com/share/px4_ros_com/cmake/ament_cmake_export_include_directories-extras.cmake
[3.793s] -- Up-to-date symlink: /home/nano/ros2_uav_ws/install/px4_ros_com/share/px4_ros_com/cmake/ament_cmake_export_libraries-extras.cmake
[3.803s] -- Up-to-date symlink: /home/nano/ros2_uav_ws/install/px4_ros_com/share/px4_ros_com/cmake/px4_ros_comConfig.cmake
[3.812s] -- Up-to-date symlink: /home/nano/ros2_uav_ws/install/px4_ros_com/share/px4_ros_com/cmake/px4_ros_comConfig-version.cmake
[3.814s] -- Up-to-date symlink: /home/nano/ros2_uav_ws/install/px4_ros_com/share/px4_ros_com/package.xml
[3.842s] -- Up-to-date: /home/nano/ros2_uav_ws/install/px4_ros_com/lib/libframe_transforms.so
[4.029s] Listing '/home/nano/ros2_uav_ws/install/px4_ros_com/local/lib/python3.10/dist-packages/px4_ros_com'...
[4.059s] -- Up-to-date: /home/nano/ros2_uav_ws/install/px4_ros_com/share/px4_ros_com/cmake/export_frame_transformsExport.cmake
[4.060s] -- Up-to-date: /home/nano/ros2_uav_ws/install/px4_ros_com/share/px4_ros_com/cmake/export_frame_transformsExport-noconfig.cmake
[4.069s] Invoked command in '/home/nano/ros2_uav_ws/build/px4_ros_com' returned '0': AMENT_PREFIX_PATH=/home/nano/ros2_uav_ws/install/px4_msgs:${AMENT_PREFIX_PATH} CMAKE_PREFIX_PATH=/home/nano/ros2_uav_ws/install/px4_msgs:/opt/ros/humble LD_LIBRARY_PATH=/home/nano/ros2_uav_ws/install/px4_msgs/lib:${LD_LIBRARY_PATH} PYTHONPATH=/home/nano/ros2_uav_ws/install/px4_msgs/local/lib/python3.10/dist-packages:${PYTHONPATH} /usr/bin/cmake --install /home/nano/ros2_uav_ws/build/px4_ros_com
