[0.087s] Invoking command in '/home/nano/ros2_uav_ws/build/v4l2_camera': CMAKE_PREFIX_PATH=${CMAKE_PREFIX_PATH}:/home/nano/ros2_uav_ws/install/nano_test_pkg:/home/nano/ros2_uav_ws/install/px4_offboard:/opt/ros/humble /usr/bin/cmake --build /home/nano/ros2_uav_ws/build/v4l2_camera -- -j4 -l4
[0.441s] [ 50%] Built target v4l2_camera
[0.649s] [ 75%] Built target v4l2_camera_compose_test
[0.671s] [100%] Built target v4l2_camera_node
[0.753s] Invoked command in '/home/nano/ros2_uav_ws/build/v4l2_camera' returned '0': CMAKE_PREFIX_PATH=${CMAKE_PREFIX_PATH}:/home/nano/ros2_uav_ws/install/nano_test_pkg:/home/nano/ros2_uav_ws/install/px4_offboard:/opt/ros/humble /usr/bin/cmake --build /home/nano/ros2_uav_ws/build/v4l2_camera -- -j4 -l4
[1.165s] Invoking command in '/home/nano/ros2_uav_ws/build/v4l2_camera': CMAKE_PREFIX_PATH=${CMAKE_PREFIX_PATH}:/home/nano/ros2_uav_ws/install/nano_test_pkg:/home/nano/ros2_uav_ws/install/px4_offboard:/opt/ros/humble /usr/bin/cmake --install /home/nano/ros2_uav_ws/build/v4l2_camera
[1.214s] -- Install configuration: ""
[1.218s] -- Execute custom install script
[1.225s] -- Up-to-date symlink: /home/nano/ros2_uav_ws/install/v4l2_camera/include/v4l2_camera/control.hpp
[1.227s] -- Up-to-date symlink: /home/nano/ros2_uav_ws/install/v4l2_camera/include/v4l2_camera/fourcc.hpp
[1.230s] -- Up-to-date symlink: /home/nano/ros2_uav_ws/install/v4l2_camera/include/v4l2_camera/image_format.hpp
[1.232s] -- Up-to-date symlink: /home/nano/ros2_uav_ws/install/v4l2_camera/include/v4l2_camera/parameters.hpp
[1.233s] -- Up-to-date symlink: /home/nano/ros2_uav_ws/install/v4l2_camera/include/v4l2_camera/pixel_format.hpp
[1.235s] -- Up-to-date symlink: /home/nano/ros2_uav_ws/install/v4l2_camera/include/v4l2_camera/v4l2_camera.hpp
[1.237s] -- Up-to-date symlink: /home/nano/ros2_uav_ws/install/v4l2_camera/include/v4l2_camera/v4l2_camera_device.hpp
[1.239s] -- Up-to-date symlink: /home/nano/ros2_uav_ws/install/v4l2_camera/include/v4l2_camera/visibility_control.h
[1.241s] -- Up-to-date symlink: /home/nano/ros2_uav_ws/install/v4l2_camera/share/v4l2_camera/environment/library_path.sh
[1.243s] -- Up-to-date symlink: /home/nano/ros2_uav_ws/install/v4l2_camera/share/v4l2_camera/environment/library_path.dsv
[1.247s] -- Up-to-date symlink: /home/nano/ros2_uav_ws/install/v4l2_camera/share/ament_index/resource_index/package_run_dependencies/v4l2_camera
[1.249s] -- Up-to-date symlink: /home/nano/ros2_uav_ws/install/v4l2_camera/share/ament_index/resource_index/parent_prefix_path/v4l2_camera
[1.251s] -- Up-to-date symlink: /home/nano/ros2_uav_ws/install/v4l2_camera/share/v4l2_camera/environment/ament_prefix_path.sh
[1.253s] -- Up-to-date symlink: /home/nano/ros2_uav_ws/install/v4l2_camera/share/v4l2_camera/environment/ament_prefix_path.dsv
[1.256s] -- Up-to-date symlink: /home/nano/ros2_uav_ws/install/v4l2_camera/share/v4l2_camera/environment/path.sh
[1.258s] -- Up-to-date symlink: /home/nano/ros2_uav_ws/install/v4l2_camera/share/v4l2_camera/environment/path.dsv
[1.261s] -- Up-to-date symlink: /home/nano/ros2_uav_ws/install/v4l2_camera/share/v4l2_camera/local_setup.bash
[1.263s] -- Up-to-date symlink: /home/nano/ros2_uav_ws/install/v4l2_camera/share/v4l2_camera/local_setup.sh
[1.265s] -- Up-to-date symlink: /home/nano/ros2_uav_ws/install/v4l2_camera/share/v4l2_camera/local_setup.zsh
[1.267s] -- Up-to-date symlink: /home/nano/ros2_uav_ws/install/v4l2_camera/share/v4l2_camera/local_setup.dsv
[1.268s] -- Symlinking: /home/nano/ros2_uav_ws/install/v4l2_camera/share/v4l2_camera/package.dsv
[1.325s] -- Up-to-date symlink: /home/nano/ros2_uav_ws/install/v4l2_camera/share/ament_index/resource_index/packages/v4l2_camera
[1.327s] -- Up-to-date symlink: /home/nano/ros2_uav_ws/install/v4l2_camera/share/ament_index/resource_index/rclcpp_components/v4l2_camera
[1.329s] -- Up-to-date symlink: /home/nano/ros2_uav_ws/install/v4l2_camera/share/v4l2_camera/cmake/ament_cmake_export_include_directories-extras.cmake
[1.331s] -- Up-to-date symlink: /home/nano/ros2_uav_ws/install/v4l2_camera/share/v4l2_camera/cmake/ament_cmake_export_targets-extras.cmake
[1.347s] -- Up-to-date symlink: /home/nano/ros2_uav_ws/install/v4l2_camera/share/v4l2_camera/cmake/ament_cmake_export_libraries-extras.cmake
[1.351s] -- Up-to-date symlink: /home/nano/ros2_uav_ws/install/v4l2_camera/share/v4l2_camera/cmake/ament_cmake_export_dependencies-extras.cmake
[1.356s] -- Up-to-date symlink: /home/nano/ros2_uav_ws/install/v4l2_camera/share/v4l2_camera/cmake/v4l2_cameraConfig.cmake
[1.359s] -- Up-to-date symlink: /home/nano/ros2_uav_ws/install/v4l2_camera/share/v4l2_camera/cmake/v4l2_cameraConfig-version.cmake
[1.363s] -- Up-to-date symlink: /home/nano/ros2_uav_ws/install/v4l2_camera/share/v4l2_camera/package.xml
[1.365s] -- Up-to-date: /home/nano/ros2_uav_ws/install/v4l2_camera/lib/libv4l2_camera.so
[1.369s] -- Up-to-date: /home/nano/ros2_uav_ws/install/v4l2_camera/lib/v4l2_camera/v4l2_camera_node
[1.382s] -- Up-to-date: /home/nano/ros2_uav_ws/install/v4l2_camera/lib/v4l2_camera/v4l2_camera_compose_test
[1.385s] -- Up-to-date: /home/nano/ros2_uav_ws/install/v4l2_camera/share/v4l2_camera/cmake/export_v4l2_cameraExport.cmake
[1.388s] -- Up-to-date: /home/nano/ros2_uav_ws/install/v4l2_camera/share/v4l2_camera/cmake/export_v4l2_cameraExport-noconfig.cmake
[1.390s] Invoked command in '/home/nano/ros2_uav_ws/build/v4l2_camera' returned '0': CMAKE_PREFIX_PATH=${CMAKE_PREFIX_PATH}:/home/nano/ros2_uav_ws/install/nano_test_pkg:/home/nano/ros2_uav_ws/install/px4_offboard:/opt/ros/humble /usr/bin/cmake --install /home/nano/ros2_uav_ws/build/v4l2_camera
