[0.132s] Invoking command in '/home/nano/ros2_uav_ws/build/drone_msgs': CMAKE_PREFIX_PATH=${CMAKE_PREFIX_PATH}:/home/nano/ros2_uav_ws/install/px4_offboard:/home/nano/ros2_uav_ws/install/nano_test_pkg:/opt/ros/humble /usr/bin/cmake --build /home/nano/ros2_uav_ws/build/drone_msgs -- -j4 -l4
[0.447s] [35m[1mConsolidate compiler generated dependencies of target drone_msgs__rosidl_generator_c[0m
[0.543s] [  3%] Built target drone_msgs__cpp
[0.564s] [ 12%] Built target drone_msgs__rosidl_generator_c
[0.642s] [35m[1mConsolidate compiler generated dependencies of target drone_msgs__rosidl_typesupport_fastrtps_cpp[0m
[0.646s] [35m[1mConsolidate compiler generated dependencies of target drone_msgs__rosidl_typesupport_cpp[0m
[0.707s] [ 12%] Built target ament_cmake_python_copy_drone_msgs
[0.722s] [35m[1mConsolidate compiler generated dependencies of target drone_msgs__rosidl_typesupport_introspection_cpp[0m
[0.891s] [ 25%] Built target drone_msgs__rosidl_typesupport_cpp
[0.901s] [ 35%] Built target drone_msgs__rosidl_typesupport_fastrtps_cpp
[0.904s] [35m[1mConsolidate compiler generated dependencies of target drone_msgs__rosidl_typesupport_fastrtps_c[0m
[0.909s] [ 41%] Built target drone_msgs__rosidl_typesupport_introspection_cpp
[1.008s] [35m[1mConsolidate compiler generated dependencies of target drone_msgs__rosidl_typesupport_introspection_c[0m
[1.046s] [35m[1mConsolidate compiler generated dependencies of target drone_msgs__rosidl_typesupport_c[0m
[1.110s] [ 51%] Built target drone_msgs__rosidl_typesupport_fastrtps_c
[1.147s] [ 61%] Built target drone_msgs__rosidl_typesupport_c
[1.156s] [ 70%] Built target drone_msgs__rosidl_typesupport_introspection_c
[1.315s] [ 70%] Built target drone_msgs
[1.472s] [ 74%] Built target drone_msgs__py
[1.559s] [35m[1mConsolidate compiler generated dependencies of target drone_msgs__rosidl_generator_py[0m
[1.671s] [ 80%] Built target drone_msgs__rosidl_generator_py
[1.766s] [35m[1mConsolidate compiler generated dependencies of target drone_msgs__rosidl_typesupport_c__pyext[0m
[1.786s] [35m[1mConsolidate compiler generated dependencies of target drone_msgs__rosidl_typesupport_introspection_c__pyext[0m
[1.814s] [35m[1mConsolidate compiler generated dependencies of target drone_msgs__rosidl_typesupport_fastrtps_c__pyext[0m
[1.973s] [ 87%] Built target drone_msgs__rosidl_typesupport_fastrtps_c__pyext
[1.985s] [ 93%] Built target drone_msgs__rosidl_typesupport_c__pyext
[1.988s] [100%] Built target drone_msgs__rosidl_typesupport_introspection_c__pyext
[3.854s] running egg_info
[4.116s] writing drone_msgs.egg-info/PKG-INFO
[4.121s] writing dependency_links to drone_msgs.egg-info/dependency_links.txt
[4.124s] writing top-level names to drone_msgs.egg-info/top_level.txt
[4.918s] reading manifest file 'drone_msgs.egg-info/SOURCES.txt'
[4.923s] writing manifest file 'drone_msgs.egg-info/SOURCES.txt'
[5.164s] [100%] Built target ament_cmake_python_build_drone_msgs_egg
[5.242s] Invoked command in '/home/nano/ros2_uav_ws/build/drone_msgs' returned '0': CMAKE_PREFIX_PATH=${CMAKE_PREFIX_PATH}:/home/nano/ros2_uav_ws/install/px4_offboard:/home/nano/ros2_uav_ws/install/nano_test_pkg:/opt/ros/humble /usr/bin/cmake --build /home/nano/ros2_uav_ws/build/drone_msgs -- -j4 -l4
[5.850s] Invoking command in '/home/nano/ros2_uav_ws/build/drone_msgs': CMAKE_PREFIX_PATH=${CMAKE_PREFIX_PATH}:/home/nano/ros2_uav_ws/install/px4_offboard:/home/nano/ros2_uav_ws/install/nano_test_pkg:/opt/ros/humble /usr/bin/cmake --install /home/nano/ros2_uav_ws/build/drone_msgs
[5.918s] -- Install configuration: ""
[5.920s] -- Up-to-date: /home/nano/ros2_uav_ws/install/drone_msgs/share/ament_index/resource_index/rosidl_interfaces/drone_msgs
[5.922s] -- Up-to-date: /home/nano/ros2_uav_ws/install/drone_msgs/include/drone_msgs/drone_msgs
[5.923s] -- Up-to-date: /home/nano/ros2_uav_ws/install/drone_msgs/include/drone_msgs/drone_msgs/srv
[5.926s] -- Up-to-date: /home/nano/ros2_uav_ws/install/drone_msgs/include/drone_msgs/drone_msgs/srv/detail
[5.931s] -- Up-to-date: /home/nano/ros2_uav_ws/install/drone_msgs/include/drone_msgs/drone_msgs/srv/detail/arm_disarm__functions.c
[5.933s] -- Up-to-date: /home/nano/ros2_uav_ws/install/drone_msgs/include/drone_msgs/drone_msgs/srv/detail/arm_disarm__functions.h
[5.938s] -- Up-to-date: /home/nano/ros2_uav_ws/install/drone_msgs/include/drone_msgs/drone_msgs/srv/detail/arm_disarm__type_support.h
[5.941s] -- Up-to-date: /home/nano/ros2_uav_ws/install/drone_msgs/include/drone_msgs/drone_msgs/srv/detail/arm_disarm__struct.h
[5.943s] -- Up-to-date: /home/nano/ros2_uav_ws/install/drone_msgs/include/drone_msgs/drone_msgs/srv/arm_disarm.h
[5.948s] -- Up-to-date: /home/nano/ros2_uav_ws/install/drone_msgs/include/drone_msgs/drone_msgs/msg
[5.952s] -- Up-to-date: /home/nano/ros2_uav_ws/install/drone_msgs/include/drone_msgs/drone_msgs/msg/rosidl_generator_c__visibility_control.h
[5.967s] -- Up-to-date: /home/nano/ros2_uav_ws/install/drone_msgs/share/drone_msgs/environment/library_path.sh
[5.977s] -- Up-to-date: /home/nano/ros2_uav_ws/install/drone_msgs/share/drone_msgs/environment/library_path.dsv
[5.982s] -- Up-to-date: /home/nano/ros2_uav_ws/install/drone_msgs/lib/libdrone_msgs__rosidl_generator_c.so
[5.985s] -- Up-to-date: /home/nano/ros2_uav_ws/install/drone_msgs/include/drone_msgs/drone_msgs
[5.987s] -- Up-to-date: /home/nano/ros2_uav_ws/install/drone_msgs/include/drone_msgs/drone_msgs/srv
[5.988s] -- Up-to-date: /home/nano/ros2_uav_ws/install/drone_msgs/include/drone_msgs/drone_msgs/srv/detail
[5.989s] -- Up-to-date: /home/nano/ros2_uav_ws/install/drone_msgs/include/drone_msgs/drone_msgs/srv/detail/arm_disarm__rosidl_typesupport_fastrtps_c.h
[5.990s] -- Up-to-date: /home/nano/ros2_uav_ws/install/drone_msgs/include/drone_msgs/drone_msgs/msg
[5.991s] -- Up-to-date: /home/nano/ros2_uav_ws/install/drone_msgs/include/drone_msgs/drone_msgs/msg/rosidl_typesupport_fastrtps_c__visibility_control.h
[5.992s] -- Up-to-date: /home/nano/ros2_uav_ws/install/drone_msgs/lib/libdrone_msgs__rosidl_typesupport_fastrtps_c.so
[5.994s] -- Up-to-date: /home/nano/ros2_uav_ws/install/drone_msgs/include/drone_msgs/drone_msgs
[5.995s] -- Up-to-date: /home/nano/ros2_uav_ws/install/drone_msgs/include/drone_msgs/drone_msgs/srv
[5.996s] -- Up-to-date: /home/nano/ros2_uav_ws/install/drone_msgs/include/drone_msgs/drone_msgs/srv/detail
[6.000s] -- Up-to-date: /home/nano/ros2_uav_ws/install/drone_msgs/include/drone_msgs/drone_msgs/srv/detail/arm_disarm__type_support.c
[6.001s] -- Up-to-date: /home/nano/ros2_uav_ws/install/drone_msgs/include/drone_msgs/drone_msgs/srv/detail/arm_disarm__rosidl_typesupport_introspection_c.h
[6.002s] -- Up-to-date: /home/nano/ros2_uav_ws/install/drone_msgs/include/drone_msgs/drone_msgs/msg
[6.004s] -- Up-to-date: /home/nano/ros2_uav_ws/install/drone_msgs/include/drone_msgs/drone_msgs/msg/rosidl_typesupport_introspection_c__visibility_control.h
[6.005s] -- Up-to-date: /home/nano/ros2_uav_ws/install/drone_msgs/lib/libdrone_msgs__rosidl_typesupport_introspection_c.so
[6.006s] -- Up-to-date: /home/nano/ros2_uav_ws/install/drone_msgs/lib/libdrone_msgs__rosidl_typesupport_c.so
[6.007s] -- Up-to-date: /home/nano/ros2_uav_ws/install/drone_msgs/include/drone_msgs/drone_msgs
[6.008s] -- Up-to-date: /home/nano/ros2_uav_ws/install/drone_msgs/include/drone_msgs/drone_msgs/srv
[6.008s] -- Up-to-date: /home/nano/ros2_uav_ws/install/drone_msgs/include/drone_msgs/drone_msgs/srv/arm_disarm.hpp
[6.009s] -- Up-to-date: /home/nano/ros2_uav_ws/install/drone_msgs/include/drone_msgs/drone_msgs/srv/detail
[6.010s] -- Up-to-date: /home/nano/ros2_uav_ws/install/drone_msgs/include/drone_msgs/drone_msgs/srv/detail/arm_disarm__traits.hpp
[6.011s] -- Up-to-date: /home/nano/ros2_uav_ws/install/drone_msgs/include/drone_msgs/drone_msgs/srv/detail/arm_disarm__struct.hpp
[6.012s] -- Up-to-date: /home/nano/ros2_uav_ws/install/drone_msgs/include/drone_msgs/drone_msgs/srv/detail/arm_disarm__builder.hpp
[6.013s] -- Up-to-date: /home/nano/ros2_uav_ws/install/drone_msgs/include/drone_msgs/drone_msgs
[6.014s] -- Up-to-date: /home/nano/ros2_uav_ws/install/drone_msgs/include/drone_msgs/drone_msgs/srv
[6.015s] -- Up-to-date: /home/nano/ros2_uav_ws/install/drone_msgs/include/drone_msgs/drone_msgs/srv/detail
[6.016s] -- Up-to-date: /home/nano/ros2_uav_ws/install/drone_msgs/include/drone_msgs/drone_msgs/srv/detail/arm_disarm__rosidl_typesupport_fastrtps_cpp.hpp
[6.016s] -- Up-to-date: /home/nano/ros2_uav_ws/install/drone_msgs/include/drone_msgs/drone_msgs/srv/detail/dds_fastrtps
[6.018s] -- Up-to-date: /home/nano/ros2_uav_ws/install/drone_msgs/include/drone_msgs/drone_msgs/msg
[6.019s] -- Up-to-date: /home/nano/ros2_uav_ws/install/drone_msgs/include/drone_msgs/drone_msgs/msg/rosidl_typesupport_fastrtps_cpp__visibility_control.h
[6.020s] -- Up-to-date: /home/nano/ros2_uav_ws/install/drone_msgs/lib/libdrone_msgs__rosidl_typesupport_fastrtps_cpp.so
[6.021s] -- Up-to-date: /home/nano/ros2_uav_ws/install/drone_msgs/include/drone_msgs/drone_msgs
[6.021s] -- Up-to-date: /home/nano/ros2_uav_ws/install/drone_msgs/include/drone_msgs/drone_msgs/srv
[6.023s] -- Up-to-date: /home/nano/ros2_uav_ws/install/drone_msgs/include/drone_msgs/drone_msgs/srv/detail
[6.024s] -- Up-to-date: /home/nano/ros2_uav_ws/install/drone_msgs/include/drone_msgs/drone_msgs/srv/detail/arm_disarm__rosidl_typesupport_introspection_cpp.hpp
[6.025s] -- Up-to-date: /home/nano/ros2_uav_ws/install/drone_msgs/include/drone_msgs/drone_msgs/srv/detail/arm_disarm__type_support.cpp
[6.026s] -- Up-to-date: /home/nano/ros2_uav_ws/install/drone_msgs/lib/libdrone_msgs__rosidl_typesupport_introspection_cpp.so
[6.027s] -- Up-to-date: /home/nano/ros2_uav_ws/install/drone_msgs/lib/libdrone_msgs__rosidl_typesupport_cpp.so
[6.028s] -- Up-to-date: /home/nano/ros2_uav_ws/install/drone_msgs/share/drone_msgs/environment/pythonpath.sh
[6.029s] -- Up-to-date: /home/nano/ros2_uav_ws/install/drone_msgs/share/drone_msgs/environment/pythonpath.dsv
[6.030s] -- Up-to-date: /home/nano/ros2_uav_ws/install/drone_msgs/local/lib/python3.10/dist-packages/drone_msgs-0.0.0-py3.10.egg-info
[6.031s] -- Installing: /home/nano/ros2_uav_ws/install/drone_msgs/local/lib/python3.10/dist-packages/drone_msgs-0.0.0-py3.10.egg-info/dependency_links.txt
[6.033s] -- Installing: /home/nano/ros2_uav_ws/install/drone_msgs/local/lib/python3.10/dist-packages/drone_msgs-0.0.0-py3.10.egg-info/top_level.txt
[6.034s] -- Installing: /home/nano/ros2_uav_ws/install/drone_msgs/local/lib/python3.10/dist-packages/drone_msgs-0.0.0-py3.10.egg-info/SOURCES.txt
[6.035s] -- Installing: /home/nano/ros2_uav_ws/install/drone_msgs/local/lib/python3.10/dist-packages/drone_msgs-0.0.0-py3.10.egg-info/PKG-INFO
[6.037s] -- Up-to-date: /home/nano/ros2_uav_ws/install/drone_msgs/local/lib/python3.10/dist-packages/drone_msgs
[6.038s] -- Up-to-date: /home/nano/ros2_uav_ws/install/drone_msgs/local/lib/python3.10/dist-packages/drone_msgs/libdrone_msgs__rosidl_generator_py.so
[6.039s] -- Up-to-date: /home/nano/ros2_uav_ws/install/drone_msgs/local/lib/python3.10/dist-packages/drone_msgs/srv
[6.039s] -- Up-to-date: /home/nano/ros2_uav_ws/install/drone_msgs/local/lib/python3.10/dist-packages/drone_msgs/srv/_arm_disarm_s.c
[6.040s] -- Up-to-date: /home/nano/ros2_uav_ws/install/drone_msgs/local/lib/python3.10/dist-packages/drone_msgs/srv/__init__.py
[6.041s] -- Up-to-date: /home/nano/ros2_uav_ws/install/drone_msgs/local/lib/python3.10/dist-packages/drone_msgs/srv/_arm_disarm.py
[6.042s] -- Up-to-date: /home/nano/ros2_uav_ws/install/drone_msgs/local/lib/python3.10/dist-packages/drone_msgs/_drone_msgs_s.ep.rosidl_typesupport_fastrtps_c.c
[6.043s] -- Up-to-date: /home/nano/ros2_uav_ws/install/drone_msgs/local/lib/python3.10/dist-packages/drone_msgs/drone_msgs_s__rosidl_typesupport_c.cpython-310-aarch64-linux-gnu.so
[6.044s] -- Up-to-date: /home/nano/ros2_uav_ws/install/drone_msgs/local/lib/python3.10/dist-packages/drone_msgs/drone_msgs_s__rosidl_typesupport_fastrtps_c.cpython-310-aarch64-linux-gnu.so
[6.045s] -- Up-to-date: /home/nano/ros2_uav_ws/install/drone_msgs/local/lib/python3.10/dist-packages/drone_msgs/__init__.py
[6.046s] -- Up-to-date: /home/nano/ros2_uav_ws/install/drone_msgs/local/lib/python3.10/dist-packages/drone_msgs/drone_msgs_s__rosidl_typesupport_introspection_c.cpython-310-aarch64-linux-gnu.so
[6.047s] -- Up-to-date: /home/nano/ros2_uav_ws/install/drone_msgs/local/lib/python3.10/dist-packages/drone_msgs/_drone_msgs_s.ep.rosidl_typesupport_introspection_c.c
[6.048s] -- Up-to-date: /home/nano/ros2_uav_ws/install/drone_msgs/local/lib/python3.10/dist-packages/drone_msgs/_drone_msgs_s.ep.rosidl_typesupport_c.c
[6.305s] Listing '/home/nano/ros2_uav_ws/install/drone_msgs/local/lib/python3.10/dist-packages/drone_msgs'...
[6.307s] Listing '/home/nano/ros2_uav_ws/install/drone_msgs/local/lib/python3.10/dist-packages/drone_msgs/srv'...
[6.335s] -- Up-to-date: /home/nano/ros2_uav_ws/install/drone_msgs/local/lib/python3.10/dist-packages/drone_msgs/drone_msgs_s__rosidl_typesupport_fastrtps_c.cpython-310-aarch64-linux-gnu.so
[6.339s] -- Up-to-date: /home/nano/ros2_uav_ws/install/drone_msgs/local/lib/python3.10/dist-packages/drone_msgs/drone_msgs_s__rosidl_typesupport_introspection_c.cpython-310-aarch64-linux-gnu.so
[6.343s] -- Up-to-date: /home/nano/ros2_uav_ws/install/drone_msgs/local/lib/python3.10/dist-packages/drone_msgs/drone_msgs_s__rosidl_typesupport_c.cpython-310-aarch64-linux-gnu.so
[6.347s] -- Up-to-date: /home/nano/ros2_uav_ws/install/drone_msgs/lib/libdrone_msgs__rosidl_generator_py.so
[6.350s] -- Up-to-date: /home/nano/ros2_uav_ws/install/drone_msgs/share/drone_msgs/srv/ArmDisarm.idl
[6.352s] -- Up-to-date: /home/nano/ros2_uav_ws/install/drone_msgs/share/drone_msgs/srv/ArmDisarm.srv
[6.353s] -- Up-to-date: /home/nano/ros2_uav_ws/install/drone_msgs/share/drone_msgs/srv/ArmDisarm_Request.msg
[6.355s] -- Up-to-date: /home/nano/ros2_uav_ws/install/drone_msgs/share/drone_msgs/srv/ArmDisarm_Response.msg
[6.357s] -- Up-to-date: /home/nano/ros2_uav_ws/install/drone_msgs/share/ament_index/resource_index/package_run_dependencies/drone_msgs
[6.359s] -- Up-to-date: /home/nano/ros2_uav_ws/install/drone_msgs/share/ament_index/resource_index/parent_prefix_path/drone_msgs
[6.361s] -- Up-to-date: /home/nano/ros2_uav_ws/install/drone_msgs/share/drone_msgs/environment/ament_prefix_path.sh
[6.363s] -- Up-to-date: /home/nano/ros2_uav_ws/install/drone_msgs/share/drone_msgs/environment/ament_prefix_path.dsv
[6.365s] -- Up-to-date: /home/nano/ros2_uav_ws/install/drone_msgs/share/drone_msgs/environment/path.sh
[6.366s] -- Up-to-date: /home/nano/ros2_uav_ws/install/drone_msgs/share/drone_msgs/environment/path.dsv
[6.368s] -- Up-to-date: /home/nano/ros2_uav_ws/install/drone_msgs/share/drone_msgs/local_setup.bash
[6.371s] -- Up-to-date: /home/nano/ros2_uav_ws/install/drone_msgs/share/drone_msgs/local_setup.sh
[6.374s] -- Up-to-date: /home/nano/ros2_uav_ws/install/drone_msgs/share/drone_msgs/local_setup.zsh
[6.375s] -- Up-to-date: /home/nano/ros2_uav_ws/install/drone_msgs/share/drone_msgs/local_setup.dsv
[6.377s] -- Installing: /home/nano/ros2_uav_ws/install/drone_msgs/share/drone_msgs/package.dsv
[6.380s] -- Up-to-date: /home/nano/ros2_uav_ws/install/drone_msgs/share/ament_index/resource_index/packages/drone_msgs
[6.382s] -- Up-to-date: /home/nano/ros2_uav_ws/install/drone_msgs/share/drone_msgs/cmake/export_drone_msgs__rosidl_generator_cExport.cmake
[6.384s] -- Up-to-date: /home/nano/ros2_uav_ws/install/drone_msgs/share/drone_msgs/cmake/export_drone_msgs__rosidl_generator_cExport-noconfig.cmake
[6.387s] -- Up-to-date: /home/nano/ros2_uav_ws/install/drone_msgs/share/drone_msgs/cmake/export_drone_msgs__rosidl_typesupport_fastrtps_cExport.cmake
[6.390s] -- Up-to-date: /home/nano/ros2_uav_ws/install/drone_msgs/share/drone_msgs/cmake/export_drone_msgs__rosidl_typesupport_fastrtps_cExport-noconfig.cmake
[6.393s] -- Up-to-date: /home/nano/ros2_uav_ws/install/drone_msgs/share/drone_msgs/cmake/drone_msgs__rosidl_typesupport_introspection_cExport.cmake
[6.395s] -- Up-to-date: /home/nano/ros2_uav_ws/install/drone_msgs/share/drone_msgs/cmake/drone_msgs__rosidl_typesupport_introspection_cExport-noconfig.cmake
[6.398s] -- Up-to-date: /home/nano/ros2_uav_ws/install/drone_msgs/share/drone_msgs/cmake/drone_msgs__rosidl_typesupport_cExport.cmake
[6.400s] -- Up-to-date: /home/nano/ros2_uav_ws/install/drone_msgs/share/drone_msgs/cmake/drone_msgs__rosidl_typesupport_cExport-noconfig.cmake
[6.402s] -- Up-to-date: /home/nano/ros2_uav_ws/install/drone_msgs/share/drone_msgs/cmake/export_drone_msgs__rosidl_generator_cppExport.cmake
[6.405s] -- Up-to-date: /home/nano/ros2_uav_ws/install/drone_msgs/share/drone_msgs/cmake/export_drone_msgs__rosidl_typesupport_fastrtps_cppExport.cmake
[6.407s] -- Up-to-date: /home/nano/ros2_uav_ws/install/drone_msgs/share/drone_msgs/cmake/export_drone_msgs__rosidl_typesupport_fastrtps_cppExport-noconfig.cmake
[6.410s] -- Up-to-date: /home/nano/ros2_uav_ws/install/drone_msgs/share/drone_msgs/cmake/drone_msgs__rosidl_typesupport_introspection_cppExport.cmake
[6.412s] -- Up-to-date: /home/nano/ros2_uav_ws/install/drone_msgs/share/drone_msgs/cmake/drone_msgs__rosidl_typesupport_introspection_cppExport-noconfig.cmake
[6.415s] -- Up-to-date: /home/nano/ros2_uav_ws/install/drone_msgs/share/drone_msgs/cmake/drone_msgs__rosidl_typesupport_cppExport.cmake
[6.417s] -- Up-to-date: /home/nano/ros2_uav_ws/install/drone_msgs/share/drone_msgs/cmake/drone_msgs__rosidl_typesupport_cppExport-noconfig.cmake
[6.421s] -- Up-to-date: /home/nano/ros2_uav_ws/install/drone_msgs/share/drone_msgs/cmake/export_drone_msgs__rosidl_generator_pyExport.cmake
[6.423s] -- Up-to-date: /home/nano/ros2_uav_ws/install/drone_msgs/share/drone_msgs/cmake/export_drone_msgs__rosidl_generator_pyExport-noconfig.cmake
[6.425s] -- Up-to-date: /home/nano/ros2_uav_ws/install/drone_msgs/share/drone_msgs/cmake/rosidl_cmake-extras.cmake
[6.427s] -- Up-to-date: /home/nano/ros2_uav_ws/install/drone_msgs/share/drone_msgs/cmake/ament_cmake_export_include_directories-extras.cmake
[6.430s] -- Up-to-date: /home/nano/ros2_uav_ws/install/drone_msgs/share/drone_msgs/cmake/ament_cmake_export_libraries-extras.cmake
[6.432s] -- Up-to-date: /home/nano/ros2_uav_ws/install/drone_msgs/share/drone_msgs/cmake/ament_cmake_export_targets-extras.cmake
[6.434s] -- Up-to-date: /home/nano/ros2_uav_ws/install/drone_msgs/share/drone_msgs/cmake/rosidl_cmake_export_typesupport_targets-extras.cmake
[6.436s] -- Up-to-date: /home/nano/ros2_uav_ws/install/drone_msgs/share/drone_msgs/cmake/ament_cmake_export_dependencies-extras.cmake
[6.438s] -- Up-to-date: /home/nano/ros2_uav_ws/install/drone_msgs/share/drone_msgs/cmake/rosidl_cmake_export_typesupport_libraries-extras.cmake
[6.440s] -- Up-to-date: /home/nano/ros2_uav_ws/install/drone_msgs/share/drone_msgs/cmake/drone_msgsConfig.cmake
[6.442s] -- Up-to-date: /home/nano/ros2_uav_ws/install/drone_msgs/share/drone_msgs/cmake/drone_msgsConfig-version.cmake
[6.444s] -- Up-to-date: /home/nano/ros2_uav_ws/install/drone_msgs/share/drone_msgs/package.xml
[6.460s] Invoked command in '/home/nano/ros2_uav_ws/build/drone_msgs' returned '0': CMAKE_PREFIX_PATH=${CMAKE_PREFIX_PATH}:/home/nano/ros2_uav_ws/install/px4_offboard:/home/nano/ros2_uav_ws/install/nano_test_pkg:/opt/ros/humble /usr/bin/cmake --install /home/nano/ros2_uav_ws/build/drone_msgs
