[0.108s] Invoking command in '/home/nano/ros2_uav_ws/build/keyboard_msgs': CMAKE_PREFIX_PATH=/opt/ros/humble /usr/bin/cmake /home/nano/ros2_uav_ws/src/ros2-keyboard/keyboard_msgs -DAMENT_CMAKE_SYMLINK_INSTALL=1 -DCMAKE_INSTALL_PREFIX=/home/nano/ros2_uav_ws/install/keyboard_msgs
[1.222s] -- The C compiler identification is GNU 11.4.0
[2.118s] -- The CXX compiler identification is GNU 11.4.0
[2.179s] -- Detecting C compiler ABI info
[2.664s] -- Detecting C compiler ABI info - done
[2.696s] -- Check for working C compiler: /usr/bin/cc - skipped
[2.702s] -- Detecting C compile features
[2.704s] -- Detecting C compile features - done
[2.724s] -- Detecting CXX compiler ABI info
[3.185s] -- Detecting CXX compiler ABI info - done
[3.217s] -- Check for working CXX compiler: /usr/bin/c++ - skipped
[3.218s] -- Detecting CXX compile features
[3.220s] -- Detecting CXX compile features - done
[3.252s] -- Found ament_cmake: 1.3.9 (/opt/ros/humble/share/ament_cmake/cmake)
[5.806s] -- Found Python3: /usr/bin/python3 (found version "3.10.12") found components: Interpreter 
[6.694s] -- Override CMake install command with custom implementation using symlinks instead of copying resources
[7.119s] -- Found std_msgs: 4.2.4 (/opt/ros/humble/share/std_msgs/cmake)
[7.759s] -- Found rosidl_generator_c: 3.1.5 (/opt/ros/humble/share/rosidl_generator_c/cmake)
[7.809s] -- Found rosidl_adapter: 3.1.5 (/opt/ros/humble/share/rosidl_adapter/cmake)
[7.903s] -- Found rosidl_generator_cpp: 3.1.5 (/opt/ros/humble/share/rosidl_generator_cpp/cmake)
[8.015s] -- Using all available rosidl_typesupport_c: rosidl_typesupport_fastrtps_c;rosidl_typesupport_introspection_c
[8.230s] -- Using all available rosidl_typesupport_cpp: rosidl_typesupport_fastrtps_cpp;rosidl_typesupport_introspection_cpp
[8.551s] -- Found rosidl_default_generators: 1.2.0 (/opt/ros/humble/share/rosidl_default_generators/cmake)
[10.065s] -- Found ament_cmake_ros: 0.10.0 (/opt/ros/humble/share/ament_cmake_ros/cmake)
[12.477s] -- Using all available rosidl_typesupport_c: rosidl_typesupport_fastrtps_c;rosidl_typesupport_introspection_c
[13.446s] -- Using all available rosidl_typesupport_cpp: rosidl_typesupport_fastrtps_cpp;rosidl_typesupport_introspection_cpp
[13.616s] -- Found PythonInterp: /usr/bin/python3 (found suitable version "3.10.12", minimum required is "3.6") 
[13.638s] -- Found python_cmake_module: 0.10.0 (/opt/ros/humble/share/python_cmake_module/cmake)
[13.826s] -- Found PythonLibs: /usr/lib/aarch64-linux-gnu/libpython3.10.so (found suitable version "3.10.12", minimum required is "3.5") 
[13.827s] -- Using PYTHON_EXECUTABLE: /usr/bin/python3
[13.828s] -- Using PYTHON_INCLUDE_DIRS: /usr/include/python3.10
[13.828s] -- Using PYTHON_LIBRARIES: /usr/lib/aarch64-linux-gnu/libpython3.10.so
[13.982s] -- Found PythonExtra: .so  
[14.319s] -- Found ament_lint_auto: 0.12.11 (/opt/ros/humble/share/ament_lint_auto/cmake)
[14.587s] -- Added test 'copyright' to check source files copyright and LICENSE
[14.602s] -- Added test 'lint_cmake' to check CMake code style
[14.611s] -- Added test 'xmllint' to check XML markup files
[14.640s] -- Configuring done
[14.847s] -- Generating done
[14.861s] -- Build files have been written to: /home/nano/ros2_uav_ws/build/keyboard_msgs
[14.886s] Invoked command in '/home/nano/ros2_uav_ws/build/keyboard_msgs' returned '0': CMAKE_PREFIX_PATH=/opt/ros/humble /usr/bin/cmake /home/nano/ros2_uav_ws/src/ros2-keyboard/keyboard_msgs -DAMENT_CMAKE_SYMLINK_INSTALL=1 -DCMAKE_INSTALL_PREFIX=/home/nano/ros2_uav_ws/install/keyboard_msgs
[14.895s] Invoking command in '/home/nano/ros2_uav_ws/build/keyboard_msgs': CMAKE_PREFIX_PATH=/opt/ros/humble /usr/bin/cmake --build /home/nano/ros2_uav_ws/build/keyboard_msgs -- -j4 -l4
[15.070s] [  3%] [34m[1mGenerating C code for ROS interfaces[0m
[15.119s] [  6%] [34m[1mGenerating C++ code for ROS interfaces[0m
[15.170s] [  6%] Built target ament_cmake_python_symlink_keyboard_msgs
[16.706s] running egg_info
[16.709s] creating keyboard_msgs.egg-info
[16.849s] writing keyboard_msgs.egg-info/PKG-INFO
[16.851s] writing dependency_links to keyboard_msgs.egg-info/dependency_links.txt
[16.853s] writing top-level names to keyboard_msgs.egg-info/top_level.txt
[16.854s] writing manifest file 'keyboard_msgs.egg-info/SOURCES.txt'
[17.360s] reading manifest file 'keyboard_msgs.egg-info/SOURCES.txt'
[17.364s] writing manifest file 'keyboard_msgs.egg-info/SOURCES.txt'
[17.565s] [  6%] Built target ament_cmake_python_build_keyboard_msgs_egg
[23.645s] [  9%] [32mBuilding C object CMakeFiles/keyboard_msgs__rosidl_generator_c.dir/rosidl_generator_c/keyboard_msgs/msg/detail/key__functions.c.o[0m
[23.734s] [  9%] Built target keyboard_msgs__cpp
[23.782s] [ 12%] [34m[1mGenerating C++ type support for eProsima Fast-RTPS[0m
[23.789s] [ 16%] [34m[1mGenerating C++ type support dispatch for ROS interfaces[0m
[23.795s] [ 19%] [34m[1mGenerating C++ introspection for ROS interfaces[0m
[24.210s] [ 22%] [32m[1mLinking C shared library libkeyboard_msgs__rosidl_generator_c.so[0m
[24.548s] [ 22%] Built target keyboard_msgs__rosidl_generator_c
[24.621s] [ 25%] [34m[1mGenerating C type support for eProsima Fast-RTPS[0m
[33.531s] [ 29%] [32mBuilding CXX object CMakeFiles/keyboard_msgs__rosidl_typesupport_fastrtps_cpp.dir/rosidl_typesupport_fastrtps_cpp/keyboard_msgs/msg/detail/dds_fastrtps/key__type_support.cpp.o[0m
[33.883s] [ 32%] [32mBuilding CXX object CMakeFiles/keyboard_msgs__rosidl_typesupport_introspection_cpp.dir/rosidl_typesupport_introspection_cpp/keyboard_msgs/msg/detail/key__type_support.cpp.o[0m
[34.169s] [ 35%] [32mBuilding CXX object CMakeFiles/keyboard_msgs__rosidl_typesupport_cpp.dir/rosidl_typesupport_cpp/keyboard_msgs/msg/key__type_support.cpp.o[0m
[35.185s] [ 38%] [32mBuilding CXX object CMakeFiles/keyboard_msgs__rosidl_typesupport_fastrtps_c.dir/rosidl_typesupport_fastrtps_c/keyboard_msgs/msg/detail/key__type_support_c.cpp.o[0m
[36.353s] [ 41%] [32m[1mLinking CXX shared library libkeyboard_msgs__rosidl_typesupport_cpp.so[0m
[36.672s] [ 41%] Built target keyboard_msgs__rosidl_typesupport_cpp
[36.735s] [ 45%] [34m[1mGenerating C introspection for ROS interfaces[0m
[37.039s] [ 48%] [32m[1mLinking CXX shared library libkeyboard_msgs__rosidl_typesupport_introspection_cpp.so[0m
[37.096s] [ 51%] [32m[1mLinking CXX shared library libkeyboard_msgs__rosidl_typesupport_fastrtps_cpp.so[0m
[37.519s] [ 51%] Built target keyboard_msgs__rosidl_typesupport_introspection_cpp
[37.600s] [ 54%] [34m[1mGenerating C type support dispatch for ROS interfaces[0m
[37.795s] [ 54%] Built target keyboard_msgs__rosidl_typesupport_fastrtps_cpp
[37.999s] [ 58%] [32m[1mLinking CXX shared library libkeyboard_msgs__rosidl_typesupport_fastrtps_c.so[0m
[38.938s] [ 58%] Built target keyboard_msgs__rosidl_typesupport_fastrtps_c
[44.904s] [ 61%] [32mBuilding C object CMakeFiles/keyboard_msgs__rosidl_typesupport_introspection_c.dir/rosidl_typesupport_introspection_c/keyboard_msgs/msg/detail/key__type_support.c.o[0m
[45.115s] [ 64%] [32m[1mLinking C shared library libkeyboard_msgs__rosidl_typesupport_introspection_c.so[0m
[45.322s] [ 64%] Built target keyboard_msgs__rosidl_typesupport_introspection_c
[45.475s] [ 67%] [32mBuilding CXX object CMakeFiles/keyboard_msgs__rosidl_typesupport_c.dir/rosidl_typesupport_c/keyboard_msgs/msg/key__type_support.cpp.o[0m
[45.643s] [ 70%] [32m[1mLinking CXX shared library libkeyboard_msgs__rosidl_typesupport_c.so[0m
[45.817s] [ 70%] Built target keyboard_msgs__rosidl_typesupport_c
[45.903s] [ 70%] Built target keyboard_msgs
[45.994s] [ 74%] [34m[1mGenerating Python code for ROS interfaces[0m
[60.611s] [ 74%] Built target keyboard_msgs__py
[60.697s] [ 77%] [32mBuilding C object CMakeFiles/keyboard_msgs__rosidl_generator_py.dir/rosidl_generator_py/keyboard_msgs/msg/_key_s.c.o[0m
[61.348s] [ 80%] [32m[1mLinking C shared library rosidl_generator_py/keyboard_msgs/libkeyboard_msgs__rosidl_generator_py.so[0m
[61.559s] [ 80%] Built target keyboard_msgs__rosidl_generator_py
[61.657s] [ 83%] [32mBuilding C object CMakeFiles/keyboard_msgs__rosidl_typesupport_introspection_c__pyext.dir/rosidl_generator_py/keyboard_msgs/_keyboard_msgs_s.ep.rosidl_typesupport_introspection_c.c.o[0m
[61.665s] [ 87%] [32mBuilding C object CMakeFiles/keyboard_msgs__rosidl_typesupport_c__pyext.dir/rosidl_generator_py/keyboard_msgs/_keyboard_msgs_s.ep.rosidl_typesupport_c.c.o[0m
[61.676s] [ 90%] [32mBuilding C object CMakeFiles/keyboard_msgs__rosidl_typesupport_fastrtps_c__pyext.dir/rosidl_generator_py/keyboard_msgs/_keyboard_msgs_s.ep.rosidl_typesupport_fastrtps_c.c.o[0m
[62.244s] [ 93%] [32m[1mLinking C shared library rosidl_generator_py/keyboard_msgs/keyboard_msgs_s__rosidl_typesupport_c.cpython-310-aarch64-linux-gnu.so[0m
[62.250s] [ 96%] [32m[1mLinking C shared library rosidl_generator_py/keyboard_msgs/keyboard_msgs_s__rosidl_typesupport_introspection_c.cpython-310-aarch64-linux-gnu.so[0m
[62.285s] [100%] [32m[1mLinking C shared library rosidl_generator_py/keyboard_msgs/keyboard_msgs_s__rosidl_typesupport_fastrtps_c.cpython-310-aarch64-linux-gnu.so[0m
[62.544s] [100%] Built target keyboard_msgs__rosidl_typesupport_introspection_c__pyext
[62.545s] [100%] Built target keyboard_msgs__rosidl_typesupport_c__pyext
[62.575s] [100%] Built target keyboard_msgs__rosidl_typesupport_fastrtps_c__pyext
[62.623s] Invoked command in '/home/nano/ros2_uav_ws/build/keyboard_msgs' returned '0': CMAKE_PREFIX_PATH=/opt/ros/humble /usr/bin/cmake --build /home/nano/ros2_uav_ws/build/keyboard_msgs -- -j4 -l4
[62.967s] Invoking command in '/home/nano/ros2_uav_ws/build/keyboard_msgs': CMAKE_PREFIX_PATH=/opt/ros/humble /usr/bin/cmake --install /home/nano/ros2_uav_ws/build/keyboard_msgs
[62.995s] -- Install configuration: ""
[62.997s] -- Execute custom install script
[62.999s] -- Symlinking: /home/nano/ros2_uav_ws/install/keyboard_msgs/share/ament_index/resource_index/rosidl_interfaces/keyboard_msgs
[63.037s] -- Symlinking: /home/nano/ros2_uav_ws/install/keyboard_msgs/include/keyboard_msgs/keyboard_msgs/msg/detail/key__functions.h
[63.070s] -- Symlinking: /home/nano/ros2_uav_ws/install/keyboard_msgs/include/keyboard_msgs/keyboard_msgs/msg/detail/key__struct.h
[63.106s] -- Symlinking: /home/nano/ros2_uav_ws/install/keyboard_msgs/include/keyboard_msgs/keyboard_msgs/msg/detail/key__type_support.h
[63.137s] -- Symlinking: /home/nano/ros2_uav_ws/install/keyboard_msgs/include/keyboard_msgs/keyboard_msgs/msg/key.h
[63.169s] -- Symlinking: /home/nano/ros2_uav_ws/install/keyboard_msgs/include/keyboard_msgs/keyboard_msgs/msg/rosidl_generator_c__visibility_control.h
[63.203s] -- Symlinking: /home/nano/ros2_uav_ws/install/keyboard_msgs/share/keyboard_msgs/environment/library_path.sh
[63.238s] -- Symlinking: /home/nano/ros2_uav_ws/install/keyboard_msgs/share/keyboard_msgs/environment/library_path.dsv
[63.274s] -- Symlinking: /home/nano/ros2_uav_ws/install/keyboard_msgs/include/keyboard_msgs/keyboard_msgs/msg/detail/key__rosidl_typesupport_fastrtps_c.h
[63.311s] -- Symlinking: /home/nano/ros2_uav_ws/install/keyboard_msgs/include/keyboard_msgs/keyboard_msgs/msg/rosidl_typesupport_fastrtps_c__visibility_control.h
[63.345s] -- Symlinking: /home/nano/ros2_uav_ws/install/keyboard_msgs/include/keyboard_msgs/keyboard_msgs/msg/detail/key__builder.hpp
[63.378s] -- Symlinking: /home/nano/ros2_uav_ws/install/keyboard_msgs/include/keyboard_msgs/keyboard_msgs/msg/detail/key__struct.hpp
[63.416s] -- Symlinking: /home/nano/ros2_uav_ws/install/keyboard_msgs/include/keyboard_msgs/keyboard_msgs/msg/detail/key__traits.hpp
[63.453s] -- Symlinking: /home/nano/ros2_uav_ws/install/keyboard_msgs/include/keyboard_msgs/keyboard_msgs/msg/key.hpp
[63.495s] -- Symlinking: /home/nano/ros2_uav_ws/install/keyboard_msgs/include/keyboard_msgs/keyboard_msgs/msg/detail/key__rosidl_typesupport_fastrtps_cpp.hpp
[63.538s] -- Symlinking: /home/nano/ros2_uav_ws/install/keyboard_msgs/include/keyboard_msgs/keyboard_msgs/msg/rosidl_typesupport_fastrtps_cpp__visibility_control.h
[63.573s] -- Symlinking: /home/nano/ros2_uav_ws/install/keyboard_msgs/include/keyboard_msgs/keyboard_msgs/msg/detail/key__rosidl_typesupport_introspection_c.h
[63.608s] -- Symlinking: /home/nano/ros2_uav_ws/install/keyboard_msgs/include/keyboard_msgs/keyboard_msgs/msg/rosidl_typesupport_introspection_c__visibility_control.h
[63.640s] -- Symlinking: /home/nano/ros2_uav_ws/install/keyboard_msgs/include/keyboard_msgs/keyboard_msgs/msg/detail/key__rosidl_typesupport_introspection_cpp.hpp
[63.674s] -- Symlinking: /home/nano/ros2_uav_ws/install/keyboard_msgs/share/keyboard_msgs/environment/pythonpath.sh
[63.710s] -- Symlinking: /home/nano/ros2_uav_ws/install/keyboard_msgs/share/keyboard_msgs/environment/pythonpath.dsv
[63.745s] -- Symlinking: /home/nano/ros2_uav_ws/install/keyboard_msgs/local/lib/python3.10/dist-packages/keyboard_msgs-1.0.0-py3.10.egg-info/PKG-INFO
[63.779s] -- Symlinking: /home/nano/ros2_uav_ws/install/keyboard_msgs/local/lib/python3.10/dist-packages/keyboard_msgs-1.0.0-py3.10.egg-info/SOURCES.txt
[63.815s] -- Symlinking: /home/nano/ros2_uav_ws/install/keyboard_msgs/local/lib/python3.10/dist-packages/keyboard_msgs-1.0.0-py3.10.egg-info/dependency_links.txt
[63.847s] -- Symlinking: /home/nano/ros2_uav_ws/install/keyboard_msgs/local/lib/python3.10/dist-packages/keyboard_msgs-1.0.0-py3.10.egg-info/top_level.txt
[63.885s] -- Symlinking: /home/nano/ros2_uav_ws/install/keyboard_msgs/local/lib/python3.10/dist-packages/keyboard_msgs/__init__.py
[63.923s] -- Symlinking: /home/nano/ros2_uav_ws/install/keyboard_msgs/local/lib/python3.10/dist-packages/keyboard_msgs/_keyboard_msgs_s.ep.rosidl_typesupport_c.c
[63.955s] -- Symlinking: /home/nano/ros2_uav_ws/install/keyboard_msgs/local/lib/python3.10/dist-packages/keyboard_msgs/_keyboard_msgs_s.ep.rosidl_typesupport_fastrtps_c.c
[63.987s] -- Symlinking: /home/nano/ros2_uav_ws/install/keyboard_msgs/local/lib/python3.10/dist-packages/keyboard_msgs/_keyboard_msgs_s.ep.rosidl_typesupport_introspection_c.c
[64.022s] -- Symlinking: /home/nano/ros2_uav_ws/install/keyboard_msgs/local/lib/python3.10/dist-packages/keyboard_msgs/keyboard_msgs_s__rosidl_typesupport_c.cpython-310-aarch64-linux-gnu.so
[64.055s] -- Symlinking: /home/nano/ros2_uav_ws/install/keyboard_msgs/local/lib/python3.10/dist-packages/keyboard_msgs/keyboard_msgs_s__rosidl_typesupport_fastrtps_c.cpython-310-aarch64-linux-gnu.so
[64.088s] -- Symlinking: /home/nano/ros2_uav_ws/install/keyboard_msgs/local/lib/python3.10/dist-packages/keyboard_msgs/keyboard_msgs_s__rosidl_typesupport_introspection_c.cpython-310-aarch64-linux-gnu.so
[64.123s] -- Symlinking: /home/nano/ros2_uav_ws/install/keyboard_msgs/local/lib/python3.10/dist-packages/keyboard_msgs/libkeyboard_msgs__rosidl_generator_py.so
[64.156s] -- Symlinking: /home/nano/ros2_uav_ws/install/keyboard_msgs/local/lib/python3.10/dist-packages/keyboard_msgs/msg/__init__.py
[64.189s] -- Symlinking: /home/nano/ros2_uav_ws/install/keyboard_msgs/local/lib/python3.10/dist-packages/keyboard_msgs/msg/_key.py
[64.224s] -- Symlinking: /home/nano/ros2_uav_ws/install/keyboard_msgs/local/lib/python3.10/dist-packages/keyboard_msgs/msg/_key_s.c
[64.259s] -- Up-to-date symlink: /home/nano/ros2_uav_ws/install/keyboard_msgs/local/lib/python3.10/dist-packages/keyboard_msgs/keyboard_msgs_s__rosidl_typesupport_fastrtps_c.cpython-310-aarch64-linux-gnu.so
[64.260s] -- Up-to-date symlink: /home/nano/ros2_uav_ws/install/keyboard_msgs/local/lib/python3.10/dist-packages/keyboard_msgs/keyboard_msgs_s__rosidl_typesupport_introspection_c.cpython-310-aarch64-linux-gnu.so
[64.262s] -- Up-to-date symlink: /home/nano/ros2_uav_ws/install/keyboard_msgs/local/lib/python3.10/dist-packages/keyboard_msgs/keyboard_msgs_s__rosidl_typesupport_c.cpython-310-aarch64-linux-gnu.so
[64.263s] -- Symlinking: /home/nano/ros2_uav_ws/install/keyboard_msgs/share/keyboard_msgs/msg/Key.idl
[64.296s] -- Symlinking: /home/nano/ros2_uav_ws/install/keyboard_msgs/share/keyboard_msgs/msg/Key.msg
[64.332s] -- Symlinking: /home/nano/ros2_uav_ws/install/keyboard_msgs/share/ament_index/resource_index/package_run_dependencies/keyboard_msgs
[64.365s] -- Symlinking: /home/nano/ros2_uav_ws/install/keyboard_msgs/share/ament_index/resource_index/parent_prefix_path/keyboard_msgs
[64.399s] -- Symlinking: /home/nano/ros2_uav_ws/install/keyboard_msgs/share/keyboard_msgs/environment/ament_prefix_path.sh
[64.435s] -- Symlinking: /home/nano/ros2_uav_ws/install/keyboard_msgs/share/keyboard_msgs/environment/ament_prefix_path.dsv
[64.469s] -- Symlinking: /home/nano/ros2_uav_ws/install/keyboard_msgs/share/keyboard_msgs/environment/path.sh
[64.501s] -- Symlinking: /home/nano/ros2_uav_ws/install/keyboard_msgs/share/keyboard_msgs/environment/path.dsv
[64.537s] -- Symlinking: /home/nano/ros2_uav_ws/install/keyboard_msgs/share/keyboard_msgs/local_setup.bash
[64.569s] -- Symlinking: /home/nano/ros2_uav_ws/install/keyboard_msgs/share/keyboard_msgs/local_setup.sh
[64.603s] -- Symlinking: /home/nano/ros2_uav_ws/install/keyboard_msgs/share/keyboard_msgs/local_setup.zsh
[64.637s] -- Symlinking: /home/nano/ros2_uav_ws/install/keyboard_msgs/share/keyboard_msgs/local_setup.dsv
[64.669s] -- Symlinking: /home/nano/ros2_uav_ws/install/keyboard_msgs/share/keyboard_msgs/package.dsv
[64.704s] -- Symlinking: /home/nano/ros2_uav_ws/install/keyboard_msgs/share/ament_index/resource_index/packages/keyboard_msgs
[64.739s] -- Symlinking: /home/nano/ros2_uav_ws/install/keyboard_msgs/share/keyboard_msgs/cmake/rosidl_cmake-extras.cmake
[64.771s] -- Symlinking: /home/nano/ros2_uav_ws/install/keyboard_msgs/share/keyboard_msgs/cmake/ament_cmake_export_dependencies-extras.cmake
[64.806s] -- Symlinking: /home/nano/ros2_uav_ws/install/keyboard_msgs/share/keyboard_msgs/cmake/ament_cmake_export_include_directories-extras.cmake
[64.840s] -- Symlinking: /home/nano/ros2_uav_ws/install/keyboard_msgs/share/keyboard_msgs/cmake/ament_cmake_export_libraries-extras.cmake
[64.873s] -- Symlinking: /home/nano/ros2_uav_ws/install/keyboard_msgs/share/keyboard_msgs/cmake/ament_cmake_export_targets-extras.cmake
[64.908s] -- Symlinking: /home/nano/ros2_uav_ws/install/keyboard_msgs/share/keyboard_msgs/cmake/rosidl_cmake_export_typesupport_targets-extras.cmake
[64.941s] -- Symlinking: /home/nano/ros2_uav_ws/install/keyboard_msgs/share/keyboard_msgs/cmake/rosidl_cmake_export_typesupport_libraries-extras.cmake
[64.974s] -- Symlinking: /home/nano/ros2_uav_ws/install/keyboard_msgs/share/keyboard_msgs/cmake/keyboard_msgsConfig.cmake
[65.007s] -- Symlinking: /home/nano/ros2_uav_ws/install/keyboard_msgs/share/keyboard_msgs/cmake/keyboard_msgsConfig-version.cmake
[65.042s] -- Symlinking: /home/nano/ros2_uav_ws/install/keyboard_msgs/share/keyboard_msgs/package.xml
[65.092s] -- Installing: /home/nano/ros2_uav_ws/install/keyboard_msgs/lib/libkeyboard_msgs__rosidl_generator_c.so
[65.094s] -- Set runtime path of "/home/nano/ros2_uav_ws/install/keyboard_msgs/lib/libkeyboard_msgs__rosidl_generator_c.so" to ""
[65.095s] -- Installing: /home/nano/ros2_uav_ws/install/keyboard_msgs/lib/libkeyboard_msgs__rosidl_typesupport_fastrtps_c.so
[65.098s] -- Set runtime path of "/home/nano/ros2_uav_ws/install/keyboard_msgs/lib/libkeyboard_msgs__rosidl_typesupport_fastrtps_c.so" to ""
[65.099s] -- Installing: /home/nano/ros2_uav_ws/install/keyboard_msgs/lib/libkeyboard_msgs__rosidl_typesupport_fastrtps_cpp.so
[65.102s] -- Set runtime path of "/home/nano/ros2_uav_ws/install/keyboard_msgs/lib/libkeyboard_msgs__rosidl_typesupport_fastrtps_cpp.so" to ""
[65.103s] -- Installing: /home/nano/ros2_uav_ws/install/keyboard_msgs/lib/libkeyboard_msgs__rosidl_typesupport_introspection_c.so
[65.104s] -- Set runtime path of "/home/nano/ros2_uav_ws/install/keyboard_msgs/lib/libkeyboard_msgs__rosidl_typesupport_introspection_c.so" to ""
[65.105s] -- Installing: /home/nano/ros2_uav_ws/install/keyboard_msgs/lib/libkeyboard_msgs__rosidl_typesupport_c.so
[65.107s] -- Set runtime path of "/home/nano/ros2_uav_ws/install/keyboard_msgs/lib/libkeyboard_msgs__rosidl_typesupport_c.so" to ""
[65.107s] -- Installing: /home/nano/ros2_uav_ws/install/keyboard_msgs/lib/libkeyboard_msgs__rosidl_typesupport_introspection_cpp.so
[65.111s] -- Set runtime path of "/home/nano/ros2_uav_ws/install/keyboard_msgs/lib/libkeyboard_msgs__rosidl_typesupport_introspection_cpp.so" to ""
[65.112s] -- Installing: /home/nano/ros2_uav_ws/install/keyboard_msgs/lib/libkeyboard_msgs__rosidl_typesupport_cpp.so
[65.113s] -- Set runtime path of "/home/nano/ros2_uav_ws/install/keyboard_msgs/lib/libkeyboard_msgs__rosidl_typesupport_cpp.so" to ""
[65.322s] Listing '/home/nano/ros2_uav_ws/install/keyboard_msgs/local/lib/python3.10/dist-packages/keyboard_msgs'...
[65.325s] Compiling '/home/nano/ros2_uav_ws/install/keyboard_msgs/local/lib/python3.10/dist-packages/keyboard_msgs/__init__.py'...
[65.327s] Listing '/home/nano/ros2_uav_ws/install/keyboard_msgs/local/lib/python3.10/dist-packages/keyboard_msgs/msg'...
[65.328s] Compiling '/home/nano/ros2_uav_ws/install/keyboard_msgs/local/lib/python3.10/dist-packages/keyboard_msgs/msg/__init__.py'...
[65.329s] Compiling '/home/nano/ros2_uav_ws/install/keyboard_msgs/local/lib/python3.10/dist-packages/keyboard_msgs/msg/_key.py'...
[65.351s] -- Installing: /home/nano/ros2_uav_ws/install/keyboard_msgs/lib/libkeyboard_msgs__rosidl_generator_py.so
[65.354s] -- Set runtime path of "/home/nano/ros2_uav_ws/install/keyboard_msgs/lib/libkeyboard_msgs__rosidl_generator_py.so" to ""
[65.355s] -- Installing: /home/nano/ros2_uav_ws/install/keyboard_msgs/share/keyboard_msgs/cmake/export_keyboard_msgs__rosidl_generator_cExport.cmake
[65.356s] -- Installing: /home/nano/ros2_uav_ws/install/keyboard_msgs/share/keyboard_msgs/cmake/export_keyboard_msgs__rosidl_generator_cExport-noconfig.cmake
[65.358s] -- Installing: /home/nano/ros2_uav_ws/install/keyboard_msgs/share/keyboard_msgs/cmake/export_keyboard_msgs__rosidl_typesupport_fastrtps_cExport.cmake
[65.359s] -- Installing: /home/nano/ros2_uav_ws/install/keyboard_msgs/share/keyboard_msgs/cmake/export_keyboard_msgs__rosidl_typesupport_fastrtps_cExport-noconfig.cmake
[65.361s] -- Installing: /home/nano/ros2_uav_ws/install/keyboard_msgs/share/keyboard_msgs/cmake/export_keyboard_msgs__rosidl_generator_cppExport.cmake
[65.362s] -- Installing: /home/nano/ros2_uav_ws/install/keyboard_msgs/share/keyboard_msgs/cmake/export_keyboard_msgs__rosidl_typesupport_fastrtps_cppExport.cmake
[65.364s] -- Installing: /home/nano/ros2_uav_ws/install/keyboard_msgs/share/keyboard_msgs/cmake/export_keyboard_msgs__rosidl_typesupport_fastrtps_cppExport-noconfig.cmake
[65.366s] -- Installing: /home/nano/ros2_uav_ws/install/keyboard_msgs/share/keyboard_msgs/cmake/keyboard_msgs__rosidl_typesupport_introspection_cExport.cmake
[65.367s] -- Installing: /home/nano/ros2_uav_ws/install/keyboard_msgs/share/keyboard_msgs/cmake/keyboard_msgs__rosidl_typesupport_introspection_cExport-noconfig.cmake
[65.369s] -- Installing: /home/nano/ros2_uav_ws/install/keyboard_msgs/share/keyboard_msgs/cmake/keyboard_msgs__rosidl_typesupport_cExport.cmake
[65.370s] -- Installing: /home/nano/ros2_uav_ws/install/keyboard_msgs/share/keyboard_msgs/cmake/keyboard_msgs__rosidl_typesupport_cExport-noconfig.cmake
[65.372s] -- Installing: /home/nano/ros2_uav_ws/install/keyboard_msgs/share/keyboard_msgs/cmake/keyboard_msgs__rosidl_typesupport_introspection_cppExport.cmake
[65.373s] -- Installing: /home/nano/ros2_uav_ws/install/keyboard_msgs/share/keyboard_msgs/cmake/keyboard_msgs__rosidl_typesupport_introspection_cppExport-noconfig.cmake
[65.375s] -- Installing: /home/nano/ros2_uav_ws/install/keyboard_msgs/share/keyboard_msgs/cmake/keyboard_msgs__rosidl_typesupport_cppExport.cmake
[65.376s] -- Installing: /home/nano/ros2_uav_ws/install/keyboard_msgs/share/keyboard_msgs/cmake/keyboard_msgs__rosidl_typesupport_cppExport-noconfig.cmake
[65.378s] -- Installing: /home/nano/ros2_uav_ws/install/keyboard_msgs/share/keyboard_msgs/cmake/export_keyboard_msgs__rosidl_generator_pyExport.cmake
[65.379s] -- Installing: /home/nano/ros2_uav_ws/install/keyboard_msgs/share/keyboard_msgs/cmake/export_keyboard_msgs__rosidl_generator_pyExport-noconfig.cmake
[65.389s] Invoked command in '/home/nano/ros2_uav_ws/build/keyboard_msgs' returned '0': CMAKE_PREFIX_PATH=/opt/ros/humble /usr/bin/cmake --install /home/nano/ros2_uav_ws/build/keyboard_msgs
