[0.103s] Invoking command in '/home/nano/ros2_uav_ws/build/v4l2_camera': CMAKE_PREFIX_PATH=${CMAKE_PREFIX_PATH}:/home/nano/ros2_uav_ws/install/px4_offboard:/home/nano/ros2_uav_ws/install/nano_test_pkg:/opt/ros/humble /usr/bin/cmake /home/nano/ros2_uav_ws/src/v4l2_camera -DCMAKE_INSTALL_PREFIX=/home/nano/ros2_uav_ws/install/v4l2_camera
[0.528s] -- The C compiler identification is GNU 11.4.0
[0.950s] -- The CXX compiler identification is GNU 11.4.0
[0.999s] -- Detecting C compiler ABI info
[1.611s] -- Detecting C compiler ABI info - done
[1.638s] -- Check for working C compiler: /usr/bin/cc - skipped
[1.639s] -- Detecting C compile features
[1.645s] -- Detecting C compile features - done
[1.664s] -- Detecting CXX compiler ABI info
[2.429s] -- Detecting CXX compiler ABI info - done
[2.502s] -- Check for working CXX compiler: /usr/bin/c++ - skipped
[2.515s] -- Detecting CXX compile features
[2.526s] -- Detecting CXX compile features - done
[2.564s] -- Found ament_cmake: 1.3.9 (/opt/ros/humble/share/ament_cmake/cmake)
[5.914s] -- Found Python3: /usr/bin/python3 (found version "3.10.12") found components: Interpreter 
[6.767s] -- Found ament_cmake_ros: 0.10.0 (/opt/ros/humble/share/ament_cmake_ros/cmake)
[6.851s] -- Found rclcpp: 16.0.9 (/opt/ros/humble/share/rclcpp/cmake)
[7.251s] -- Found rosidl_generator_c: 3.1.5 (/opt/ros/humble/share/rosidl_generator_c/cmake)
[7.293s] -- Found rosidl_adapter: 3.1.5 (/opt/ros/humble/share/rosidl_adapter/cmake)
[7.351s] -- Found rosidl_generator_cpp: 3.1.5 (/opt/ros/humble/share/rosidl_generator_cpp/cmake)
[7.440s] -- Using all available rosidl_typesupport_c: rosidl_typesupport_fastrtps_c;rosidl_typesupport_introspection_c
[7.576s] -- Using all available rosidl_typesupport_cpp: rosidl_typesupport_fastrtps_cpp;rosidl_typesupport_introspection_cpp
[8.128s] -- Found rmw_implementation_cmake: 6.1.2 (/opt/ros/humble/share/rmw_implementation_cmake/cmake)
[8.158s] -- Found rmw_fastrtps_cpp: 6.2.6 (/opt/ros/humble/share/rmw_fastrtps_cpp/cmake)
[9.138s] -- Found OpenSSL: /usr/lib/aarch64-linux-gnu/libcrypto.so (found version "3.0.2")  
[9.450s] -- Found FastRTPS: /opt/ros/humble/include  
[10.005s] -- Using RMW implementation 'rmw_fastrtps_cpp' as default
[10.101s] -- Looking for pthread.h
[10.694s] -- Looking for pthread.h - found
[10.702s] -- Performing Test CMAKE_HAVE_LIBC_PTHREAD
[11.443s] -- Performing Test CMAKE_HAVE_LIBC_PTHREAD - Success
[11.451s] -- Found Threads: TRUE  
[12.383s] -- Found rclcpp_components: 16.0.9 (/opt/ros/humble/share/rclcpp_components/cmake)
[12.816s] -- Found camera_info_manager: 3.1.9 (/opt/ros/humble/share/camera_info_manager/cmake)
[13.725s] -- Found cv_bridge: 3.2.1 (/opt/ros/humble/share/cv_bridge/cmake)
[13.843s] -- Found image_transport: 3.1.9 (/opt/ros/humble/share/image_transport/cmake)
[14.364s] -- Found ament_lint_auto: 0.12.11 (/opt/ros/humble/share/ament_lint_auto/cmake)
[15.670s] -- Added test 'cppcheck' to perform static code analysis on C / C++ code
[15.671s] -- Configured cppcheck include dirs: $<BUILD_INTERFACE:/home/nano/ros2_uav_ws/src/v4l2_camera/include>
[15.672s] -- Configured cppcheck exclude dirs and/or files: 
[15.725s] -- Added test 'cpplint' to check C / C++ code against the Google style
[15.727s] -- Configured cpplint exclude dirs and/or files: 
[15.778s] -- Added test 'lint_cmake' to check CMake code style
[15.859s] -- Added test 'uncrustify' to check C / C++ code style
[15.860s] -- Configured uncrustify additional arguments: 
[15.868s] -- Added test 'xmllint' to check XML markup files
[15.900s] -- Configuring done
[16.141s] -- Generating done
[16.171s] -- Build files have been written to: /home/nano/ros2_uav_ws/build/v4l2_camera
[16.260s] Invoked command in '/home/nano/ros2_uav_ws/build/v4l2_camera' returned '0': CMAKE_PREFIX_PATH=${CMAKE_PREFIX_PATH}:/home/nano/ros2_uav_ws/install/px4_offboard:/home/nano/ros2_uav_ws/install/nano_test_pkg:/opt/ros/humble /usr/bin/cmake /home/nano/ros2_uav_ws/src/v4l2_camera -DCMAKE_INSTALL_PREFIX=/home/nano/ros2_uav_ws/install/v4l2_camera
[16.271s] Invoking command in '/home/nano/ros2_uav_ws/build/v4l2_camera': CMAKE_PREFIX_PATH=${CMAKE_PREFIX_PATH}:/home/nano/ros2_uav_ws/install/px4_offboard:/home/nano/ros2_uav_ws/install/nano_test_pkg:/opt/ros/humble /usr/bin/cmake --build /home/nano/ros2_uav_ws/build/v4l2_camera -- -j4 -l4
[17.000s] [ 12%] [32mBuilding CXX object CMakeFiles/v4l2_camera.dir/src/parameters.cpp.o[0m
[17.129s] [ 25%] [32mBuilding CXX object CMakeFiles/v4l2_camera.dir/src/v4l2_camera.cpp.o[0m
[17.151s] [ 37%] [32mBuilding CXX object CMakeFiles/v4l2_camera.dir/src/v4l2_camera_device.cpp.o[0m
[92.427s] [ 50%] [32m[1mLinking CXX shared library libv4l2_camera.so[0m
[95.875s] [ 50%] Built target v4l2_camera
[95.993s] [ 62%] [32mBuilding CXX object CMakeFiles/v4l2_camera_node.dir/src/v4l2_camera_node.cpp.o[0m
[112.267s] [ 75%] [32m[1mLinking CXX executable v4l2_camera_node[0m
[115.392s] [ 75%] Built target v4l2_camera_node
[115.506s] [ 87%] [32mBuilding CXX object CMakeFiles/v4l2_camera_compose_test.dir/src/v4l2_camera_compose_test.cpp.o[0m
[158.549s] [100%] [32m[1mLinking CXX executable v4l2_camera_compose_test[0m
[162.345s] [100%] Built target v4l2_camera_compose_test
[162.390s] Invoked command in '/home/nano/ros2_uav_ws/build/v4l2_camera' returned '0': CMAKE_PREFIX_PATH=${CMAKE_PREFIX_PATH}:/home/nano/ros2_uav_ws/install/px4_offboard:/home/nano/ros2_uav_ws/install/nano_test_pkg:/opt/ros/humble /usr/bin/cmake --build /home/nano/ros2_uav_ws/build/v4l2_camera -- -j4 -l4
[162.658s] Invoking command in '/home/nano/ros2_uav_ws/build/v4l2_camera': CMAKE_PREFIX_PATH=${CMAKE_PREFIX_PATH}:/home/nano/ros2_uav_ws/install/px4_offboard:/home/nano/ros2_uav_ws/install/nano_test_pkg:/opt/ros/humble /usr/bin/cmake --install /home/nano/ros2_uav_ws/build/v4l2_camera
[162.688s] -- Install configuration: ""
[162.689s] -- Installing: /home/nano/ros2_uav_ws/install/v4l2_camera/include
[162.689s] -- Installing: /home/nano/ros2_uav_ws/install/v4l2_camera/include/v4l2_camera
[162.690s] -- Installing: /home/nano/ros2_uav_ws/install/v4l2_camera/include/v4l2_camera/pixel_format.hpp
[162.691s] -- Installing: /home/nano/ros2_uav_ws/install/v4l2_camera/include/v4l2_camera/image_format.hpp
[162.692s] -- Installing: /home/nano/ros2_uav_ws/install/v4l2_camera/include/v4l2_camera/visibility_control.h
[162.693s] -- Installing: /home/nano/ros2_uav_ws/install/v4l2_camera/include/v4l2_camera/v4l2_camera_device.hpp
[162.694s] -- Installing: /home/nano/ros2_uav_ws/install/v4l2_camera/include/v4l2_camera/v4l2_camera.hpp
[162.695s] -- Installing: /home/nano/ros2_uav_ws/install/v4l2_camera/include/v4l2_camera/fourcc.hpp
[162.696s] -- Installing: /home/nano/ros2_uav_ws/install/v4l2_camera/include/v4l2_camera/control.hpp
[162.698s] -- Installing: /home/nano/ros2_uav_ws/install/v4l2_camera/include/v4l2_camera/parameters.hpp
[162.700s] -- Installing: /home/nano/ros2_uav_ws/install/v4l2_camera/lib/libv4l2_camera.so
[162.765s] -- Set runtime path of "/home/nano/ros2_uav_ws/install/v4l2_camera/lib/libv4l2_camera.so" to ""
[162.766s] -- Installing: /home/nano/ros2_uav_ws/install/v4l2_camera/lib/v4l2_camera/v4l2_camera_node
[162.769s] -- Set runtime path of "/home/nano/ros2_uav_ws/install/v4l2_camera/lib/v4l2_camera/v4l2_camera_node" to ""
[162.770s] -- Installing: /home/nano/ros2_uav_ws/install/v4l2_camera/lib/v4l2_camera/v4l2_camera_compose_test
[162.806s] -- Set runtime path of "/home/nano/ros2_uav_ws/install/v4l2_camera/lib/v4l2_camera/v4l2_camera_compose_test" to ""
[162.807s] -- Installing: /home/nano/ros2_uav_ws/install/v4l2_camera/share/v4l2_camera/environment/library_path.sh
[162.808s] -- Installing: /home/nano/ros2_uav_ws/install/v4l2_camera/share/v4l2_camera/environment/library_path.dsv
[162.811s] -- Installing: /home/nano/ros2_uav_ws/install/v4l2_camera/share/ament_index/resource_index/package_run_dependencies/v4l2_camera
[162.813s] -- Installing: /home/nano/ros2_uav_ws/install/v4l2_camera/share/ament_index/resource_index/parent_prefix_path/v4l2_camera
[162.815s] -- Installing: /home/nano/ros2_uav_ws/install/v4l2_camera/share/v4l2_camera/environment/ament_prefix_path.sh
[162.816s] -- Installing: /home/nano/ros2_uav_ws/install/v4l2_camera/share/v4l2_camera/environment/ament_prefix_path.dsv
[162.818s] -- Installing: /home/nano/ros2_uav_ws/install/v4l2_camera/share/v4l2_camera/environment/path.sh
[162.819s] -- Installing: /home/nano/ros2_uav_ws/install/v4l2_camera/share/v4l2_camera/environment/path.dsv
[162.820s] -- Installing: /home/nano/ros2_uav_ws/install/v4l2_camera/share/v4l2_camera/local_setup.bash
[162.822s] -- Installing: /home/nano/ros2_uav_ws/install/v4l2_camera/share/v4l2_camera/local_setup.sh
[162.829s] -- Installing: /home/nano/ros2_uav_ws/install/v4l2_camera/share/v4l2_camera/local_setup.zsh
[162.830s] -- Installing: /home/nano/ros2_uav_ws/install/v4l2_camera/share/v4l2_camera/local_setup.dsv
[162.830s] -- Installing: /home/nano/ros2_uav_ws/install/v4l2_camera/share/v4l2_camera/package.dsv
[162.831s] -- Installing: /home/nano/ros2_uav_ws/install/v4l2_camera/share/ament_index/resource_index/packages/v4l2_camera
[162.832s] -- Installing: /home/nano/ros2_uav_ws/install/v4l2_camera/share/ament_index/resource_index/rclcpp_components/v4l2_camera
[162.834s] -- Installing: /home/nano/ros2_uav_ws/install/v4l2_camera/share/v4l2_camera/cmake/export_v4l2_cameraExport.cmake
[162.835s] -- Installing: /home/nano/ros2_uav_ws/install/v4l2_camera/share/v4l2_camera/cmake/export_v4l2_cameraExport-noconfig.cmake
[162.837s] -- Installing: /home/nano/ros2_uav_ws/install/v4l2_camera/share/v4l2_camera/cmake/ament_cmake_export_include_directories-extras.cmake
[162.839s] -- Installing: /home/nano/ros2_uav_ws/install/v4l2_camera/share/v4l2_camera/cmake/ament_cmake_export_targets-extras.cmake
[162.840s] -- Installing: /home/nano/ros2_uav_ws/install/v4l2_camera/share/v4l2_camera/cmake/ament_cmake_export_libraries-extras.cmake
[162.841s] -- Installing: /home/nano/ros2_uav_ws/install/v4l2_camera/share/v4l2_camera/cmake/ament_cmake_export_dependencies-extras.cmake
[162.842s] -- Installing: /home/nano/ros2_uav_ws/install/v4l2_camera/share/v4l2_camera/cmake/v4l2_cameraConfig.cmake
[162.844s] -- Installing: /home/nano/ros2_uav_ws/install/v4l2_camera/share/v4l2_camera/cmake/v4l2_cameraConfig-version.cmake
[162.845s] -- Installing: /home/nano/ros2_uav_ws/install/v4l2_camera/share/v4l2_camera/package.xml
[162.853s] Invoked command in '/home/nano/ros2_uav_ws/build/v4l2_camera' returned '0': CMAKE_PREFIX_PATH=${CMAKE_PREFIX_PATH}:/home/nano/ros2_uav_ws/install/px4_offboard:/home/nano/ros2_uav_ws/install/nano_test_pkg:/opt/ros/humble /usr/bin/cmake --install /home/nano/ros2_uav_ws/build/v4l2_camera
