[0.109s] Invoking command in '/home/nano/ros2_uav_ws/build/px4_ros_com': CMAKE_PREFIX_PATH=/home/nano/ros2_uav_ws/install/px4_msgs:/home/nano/ros2_uav_ws/install/v4l2_camera:/home/nano/ros2_uav_ws/install/px4_ros_com:/home/nano/ros2_uav_ws/install/drone_msgs:/home/nano/ros2_uav_ws/install/nano_test_pkg:/home/nano/ros2_uav_ws/install/px4_offboard:/opt/ros/humble LD_LIBRARY_PATH=/home/nano/ros2_uav_ws/install/px4_msgs/lib:/home/nano/ros2_uav_ws/install/v4l2_camera/lib:/home/nano/ros2_uav_ws/install/px4_ros_com/lib:/home/nano/ros2_uav_ws/install/drone_msgs/lib:/opt/ros/humble/opt/rviz_ogre_vendor/lib:/opt/ros/humble/lib/aarch64-linux-gnu:/opt/ros/humble/lib /usr/bin/cmake --build /home/nano/ros2_uav_ws/build/px4_ros_com -- -j4 -l4
[0.450s] [35m[1mConsolidate compiler generated dependencies of target vehicle_gps_position_listener[0m
[0.481s] [35m[1mConsolidate compiler generated dependencies of target frame_transforms[0m
[0.497s] [35m[1mConsolidate compiler generated dependencies of target debug_vect_advertiser[0m
[0.541s] [35m[1mConsolidate compiler generated dependencies of target sensor_combined_listener[0m
[0.624s] [ 16%] Built target vehicle_gps_position_listener
[0.695s] [ 33%] Built target sensor_combined_listener
[0.705s] [35m[1mConsolidate compiler generated dependencies of target offboard_control[0m
[0.720s] [ 50%] Built target frame_transforms
[0.753s] [ 66%] Built target debug_vect_advertiser
[0.796s] [35m[1mConsolidate compiler generated dependencies of target offboard_control_srv[0m
[0.860s] [ 83%] Built target offboard_control
[0.922s] [100%] Built target offboard_control_srv
[0.959s] [100%] Built target ament_cmake_python_copy_px4_ros_com
[2.578s] running egg_info
[2.738s] writing px4_ros_com.egg-info/PKG-INFO
[2.744s] writing dependency_links to px4_ros_com.egg-info/dependency_links.txt
[2.745s] writing top-level names to px4_ros_com.egg-info/top_level.txt
[3.119s] reading manifest file 'px4_ros_com.egg-info/SOURCES.txt'
[3.126s] writing manifest file 'px4_ros_com.egg-info/SOURCES.txt'
[3.309s] [100%] Built target ament_cmake_python_build_px4_ros_com_egg
[3.368s] Invoked command in '/home/nano/ros2_uav_ws/build/px4_ros_com' returned '0': CMAKE_PREFIX_PATH=/home/nano/ros2_uav_ws/install/px4_msgs:/home/nano/ros2_uav_ws/install/v4l2_camera:/home/nano/ros2_uav_ws/install/px4_ros_com:/home/nano/ros2_uav_ws/install/drone_msgs:/home/nano/ros2_uav_ws/install/nano_test_pkg:/home/nano/ros2_uav_ws/install/px4_offboard:/opt/ros/humble LD_LIBRARY_PATH=/home/nano/ros2_uav_ws/install/px4_msgs/lib:/home/nano/ros2_uav_ws/install/v4l2_camera/lib:/home/nano/ros2_uav_ws/install/px4_ros_com/lib:/home/nano/ros2_uav_ws/install/drone_msgs/lib:/opt/ros/humble/opt/rviz_ogre_vendor/lib:/opt/ros/humble/lib/aarch64-linux-gnu:/opt/ros/humble/lib /usr/bin/cmake --build /home/nano/ros2_uav_ws/build/px4_ros_com -- -j4 -l4
[3.701s] Invoking command in '/home/nano/ros2_uav_ws/build/px4_ros_com': CMAKE_PREFIX_PATH=/home/nano/ros2_uav_ws/install/px4_msgs:/home/nano/ros2_uav_ws/install/v4l2_camera:/home/nano/ros2_uav_ws/install/px4_ros_com:/home/nano/ros2_uav_ws/install/drone_msgs:/home/nano/ros2_uav_ws/install/nano_test_pkg:/home/nano/ros2_uav_ws/install/px4_offboard:/opt/ros/humble LD_LIBRARY_PATH=/home/nano/ros2_uav_ws/install/px4_msgs/lib:/home/nano/ros2_uav_ws/install/v4l2_camera/lib:/home/nano/ros2_uav_ws/install/px4_ros_com/lib:/home/nano/ros2_uav_ws/install/drone_msgs/lib:/opt/ros/humble/opt/rviz_ogre_vendor/lib:/opt/ros/humble/lib/aarch64-linux-gnu:/opt/ros/humble/lib /usr/bin/cmake --install /home/nano/ros2_uav_ws/build/px4_ros_com
[3.737s] -- Install configuration: ""
[3.737s] -- Up-to-date: /home/nano/ros2_uav_ws/install/px4_ros_com/lib/px4_ros_com/sensor_combined_listener
[3.741s] -- Up-to-date: /home/nano/ros2_uav_ws/install/px4_ros_com/lib/px4_ros_com/vehicle_gps_position_listener
[3.746s] -- Up-to-date: /home/nano/ros2_uav_ws/install/px4_ros_com/lib/px4_ros_com/debug_vect_advertiser
[3.750s] -- Up-to-date: /home/nano/ros2_uav_ws/install/px4_ros_com/lib/px4_ros_com/offboard_control
[3.752s] -- Up-to-date: /home/nano/ros2_uav_ws/install/px4_ros_com/lib/px4_ros_com/offboard_control_srv
[3.756s] -- Up-to-date: /home/nano/ros2_uav_ws/install/px4_ros_com/share/px4_ros_com/environment/library_path.sh
[3.759s] -- Up-to-date: /home/nano/ros2_uav_ws/install/px4_ros_com/share/px4_ros_com/environment/library_path.dsv
[3.761s] -- Up-to-date: /home/nano/ros2_uav_ws/install/px4_ros_com/include/px4_ros_com
[3.763s] -- Up-to-date: /home/nano/ros2_uav_ws/install/px4_ros_com/include/px4_ros_com/frame_transforms.h
[3.764s] -- Up-to-date: /home/nano/ros2_uav_ws/install/px4_ros_com/lib/libframe_transforms.so
[3.765s] -- Up-to-date: /home/nano/ros2_uav_ws/install/px4_ros_com/share/px4_ros_com//launch
[3.765s] -- Up-to-date: /home/nano/ros2_uav_ws/install/px4_ros_com/share/px4_ros_com//launch/sensor_combined_listener.launch.py
[3.766s] -- Up-to-date: /home/nano/ros2_uav_ws/install/px4_ros_com/share/px4_ros_com//launch/offboard_control_launch.yaml
[3.766s] -- Up-to-date: /home/nano/ros2_uav_ws/install/px4_ros_com/share/px4_ros_com//test
[3.767s] -- Up-to-date: /home/nano/ros2_uav_ws/install/px4_ros_com/share/px4_ros_com//test/pipeline_io_test.py
[3.767s] -- Up-to-date: /home/nano/ros2_uav_ws/install/px4_ros_com/share/px4_ros_com//test/test_input.py
[3.768s] -- Up-to-date: /home/nano/ros2_uav_ws/install/px4_ros_com/share/px4_ros_com//test/__init__.py
[3.768s] -- Up-to-date: /home/nano/ros2_uav_ws/install/px4_ros_com/share/px4_ros_com//test/test_output.py
[3.769s] -- Up-to-date: /home/nano/ros2_uav_ws/install/px4_ros_com/share/px4_ros_com/environment/pythonpath.sh
[3.769s] -- Up-to-date: /home/nano/ros2_uav_ws/install/px4_ros_com/share/px4_ros_com/environment/pythonpath.dsv
[3.770s] -- Up-to-date: /home/nano/ros2_uav_ws/install/px4_ros_com/local/lib/python3.10/dist-packages/px4_ros_com-0.1.0-py3.10.egg-info
[3.771s] -- Installing: /home/nano/ros2_uav_ws/install/px4_ros_com/local/lib/python3.10/dist-packages/px4_ros_com-0.1.0-py3.10.egg-info/dependency_links.txt
[3.771s] -- Installing: /home/nano/ros2_uav_ws/install/px4_ros_com/local/lib/python3.10/dist-packages/px4_ros_com-0.1.0-py3.10.egg-info/top_level.txt
[3.772s] -- Installing: /home/nano/ros2_uav_ws/install/px4_ros_com/local/lib/python3.10/dist-packages/px4_ros_com-0.1.0-py3.10.egg-info/SOURCES.txt
[3.772s] -- Installing: /home/nano/ros2_uav_ws/install/px4_ros_com/local/lib/python3.10/dist-packages/px4_ros_com-0.1.0-py3.10.egg-info/PKG-INFO
[3.773s] -- Up-to-date: /home/nano/ros2_uav_ws/install/px4_ros_com/local/lib/python3.10/dist-packages/px4_ros_com
[3.774s] -- Up-to-date: /home/nano/ros2_uav_ws/install/px4_ros_com/local/lib/python3.10/dist-packages/px4_ros_com/__init__.py
[3.774s] -- Up-to-date: /home/nano/ros2_uav_ws/install/px4_ros_com/local/lib/python3.10/dist-packages/px4_ros_com/module_to_import.py
[3.971s] Listing '/home/nano/ros2_uav_ws/install/px4_ros_com/local/lib/python3.10/dist-packages/px4_ros_com'...
[3.998s] -- Up-to-date: /home/nano/ros2_uav_ws/install/px4_ros_com/lib/px4_ros_com/offboard_control.py
[3.999s] -- Up-to-date: /home/nano/ros2_uav_ws/install/px4_ros_com/share/ament_index/resource_index/package_run_dependencies/px4_ros_com
[3.999s] -- Up-to-date: /home/nano/ros2_uav_ws/install/px4_ros_com/share/ament_index/resource_index/parent_prefix_path/px4_ros_com
[4.000s] -- Up-to-date: /home/nano/ros2_uav_ws/install/px4_ros_com/share/px4_ros_com/environment/ament_prefix_path.sh
[4.001s] -- Up-to-date: /home/nano/ros2_uav_ws/install/px4_ros_com/share/px4_ros_com/environment/ament_prefix_path.dsv
[4.002s] -- Up-to-date: /home/nano/ros2_uav_ws/install/px4_ros_com/share/px4_ros_com/environment/path.sh
[4.002s] -- Up-to-date: /home/nano/ros2_uav_ws/install/px4_ros_com/share/px4_ros_com/environment/path.dsv
[4.003s] -- Up-to-date: /home/nano/ros2_uav_ws/install/px4_ros_com/share/px4_ros_com/local_setup.bash
[4.003s] -- Up-to-date: /home/nano/ros2_uav_ws/install/px4_ros_com/share/px4_ros_com/local_setup.sh
[4.004s] -- Up-to-date: /home/nano/ros2_uav_ws/install/px4_ros_com/share/px4_ros_com/local_setup.zsh
[4.005s] -- Up-to-date: /home/nano/ros2_uav_ws/install/px4_ros_com/share/px4_ros_com/local_setup.dsv
[4.006s] -- Installing: /home/nano/ros2_uav_ws/install/px4_ros_com/share/px4_ros_com/package.dsv
[4.006s] -- Up-to-date: /home/nano/ros2_uav_ws/install/px4_ros_com/share/ament_index/resource_index/packages/px4_ros_com
[4.008s] -- Up-to-date: /home/nano/ros2_uav_ws/install/px4_ros_com/share/px4_ros_com/cmake/export_frame_transformsExport.cmake
[4.008s] -- Up-to-date: /home/nano/ros2_uav_ws/install/px4_ros_com/share/px4_ros_com/cmake/export_frame_transformsExport-noconfig.cmake
[4.009s] -- Up-to-date: /home/nano/ros2_uav_ws/install/px4_ros_com/share/px4_ros_com/cmake/ament_cmake_export_dependencies-extras.cmake
[4.010s] -- Up-to-date: /home/nano/ros2_uav_ws/install/px4_ros_com/share/px4_ros_com/cmake/ament_cmake_export_targets-extras.cmake
[4.010s] -- Up-to-date: /home/nano/ros2_uav_ws/install/px4_ros_com/share/px4_ros_com/cmake/ament_cmake_export_include_directories-extras.cmake
[4.011s] -- Up-to-date: /home/nano/ros2_uav_ws/install/px4_ros_com/share/px4_ros_com/cmake/ament_cmake_export_libraries-extras.cmake
[4.011s] -- Up-to-date: /home/nano/ros2_uav_ws/install/px4_ros_com/share/px4_ros_com/cmake/px4_ros_comConfig.cmake
[4.012s] -- Up-to-date: /home/nano/ros2_uav_ws/install/px4_ros_com/share/px4_ros_com/cmake/px4_ros_comConfig-version.cmake
[4.012s] -- Up-to-date: /home/nano/ros2_uav_ws/install/px4_ros_com/share/px4_ros_com/package.xml
[4.028s] Invoked command in '/home/nano/ros2_uav_ws/build/px4_ros_com' returned '0': CMAKE_PREFIX_PATH=/home/nano/ros2_uav_ws/install/px4_msgs:/home/nano/ros2_uav_ws/install/v4l2_camera:/home/nano/ros2_uav_ws/install/px4_ros_com:/home/nano/ros2_uav_ws/install/drone_msgs:/home/nano/ros2_uav_ws/install/nano_test_pkg:/home/nano/ros2_uav_ws/install/px4_offboard:/opt/ros/humble LD_LIBRARY_PATH=/home/nano/ros2_uav_ws/install/px4_msgs/lib:/home/nano/ros2_uav_ws/install/v4l2_camera/lib:/home/nano/ros2_uav_ws/install/px4_ros_com/lib:/home/nano/ros2_uav_ws/install/drone_msgs/lib:/opt/ros/humble/opt/rviz_ogre_vendor/lib:/opt/ros/humble/lib/aarch64-linux-gnu:/opt/ros/humble/lib /usr/bin/cmake --install /home/nano/ros2_uav_ws/build/px4_ros_com
