[5.524s] Invoking command in '/home/nano/ros2_uav_ws/src/ROS2_PX4_Offboard_Example/px4_offboard': CMAKE_PREFIX_PATH=/home/nano/ros2_uav_ws/install/px4_msgs:/home/nano/ros2_uav_ws/install/v4l2_camera:/home/nano/ros2_uav_ws/install/px4_ros_com:/home/nano/ros2_uav_ws/install/drone_msgs LD_LIBRARY_PATH=/home/nano/ros2_uav_ws/install/px4_msgs/lib:/home/nano/ros2_uav_ws/install/v4l2_camera/lib:/home/nano/ros2_uav_ws/install/px4_ros_com/lib:/home/nano/ros2_uav_ws/install/drone_msgs/lib:/opt/ros/humble/opt/rviz_ogre_vendor/lib:/opt/ros/humble/lib/aarch64-linux-gnu:/opt/ros/humble/lib PYTHONPATH=/home/nano/ros2_uav_ws/build/px4_offboard/prefix_override:/home/nano/.local/lib/python3.10/site-packages/colcon_core/task/python/colcon_distutils_commands:/home/nano/ros2_uav_ws/install/px4_offboard/lib/python3.10/site-packages:${PYTHONPATH} /usr/bin/python3 -W ignore:setup.py install is deprecated setup.py egg_info --egg-base ../../../build/px4_offboard build --build-base /home/nano/ros2_uav_ws/build/px4_offboard/build install --record /home/nano/ros2_uav_ws/build/px4_offboard/install.log --single-version-externally-managed install_data
[7.202s] running egg_info
[7.210s] creating ../../../build/px4_offboard/px4_offboard.egg-info
[7.325s] writing ../../../build/px4_offboard/px4_offboard.egg-info/PKG-INFO
[7.328s] writing dependency_links to ../../../build/px4_offboard/px4_offboard.egg-info/dependency_links.txt
[7.329s] writing entry points to ../../../build/px4_offboard/px4_offboard.egg-info/entry_points.txt
[7.330s] writing requirements to ../../../build/px4_offboard/px4_offboard.egg-info/requires.txt
[7.331s] writing top-level names to ../../../build/px4_offboard/px4_offboard.egg-info/top_level.txt
[7.332s] writing manifest file '../../../build/px4_offboard/px4_offboard.egg-info/SOURCES.txt'
[7.567s] reading manifest file '../../../build/px4_offboard/px4_offboard.egg-info/SOURCES.txt'
[7.568s] adding license file 'LICENSE'
[7.571s] writing manifest file '../../../build/px4_offboard/px4_offboard.egg-info/SOURCES.txt'
[7.572s] running build
[7.574s] running build_py
[7.574s] creating /home/nano/ros2_uav_ws/build/px4_offboard/build
[7.575s] creating /home/nano/ros2_uav_ws/build/px4_offboard/build/lib
[7.576s] creating /home/nano/ros2_uav_ws/build/px4_offboard/build/lib/px4_offboard
[7.576s] copying px4_offboard/control.py -> /home/nano/ros2_uav_ws/build/px4_offboard/build/lib/px4_offboard
[7.577s] copying px4_offboard/processes.py -> /home/nano/ros2_uav_ws/build/px4_offboard/build/lib/px4_offboard
[7.578s] copying px4_offboard/velocity_control.py -> /home/nano/ros2_uav_ws/build/px4_offboard/build/lib/px4_offboard
[7.579s] copying px4_offboard/__init__.py -> /home/nano/ros2_uav_ws/build/px4_offboard/build/lib/px4_offboard
[7.580s] copying px4_offboard/visualizer.py -> /home/nano/ros2_uav_ws/build/px4_offboard/build/lib/px4_offboard
[7.582s] running install
[7.609s] running install_lib
[7.709s] creating /home/nano/ros2_uav_ws/install/px4_offboard/lib/python3.10/site-packages/px4_offboard
[7.710s] copying /home/nano/ros2_uav_ws/build/px4_offboard/build/lib/px4_offboard/control.py -> /home/nano/ros2_uav_ws/install/px4_offboard/lib/python3.10/site-packages/px4_offboard
[7.712s] copying /home/nano/ros2_uav_ws/build/px4_offboard/build/lib/px4_offboard/processes.py -> /home/nano/ros2_uav_ws/install/px4_offboard/lib/python3.10/site-packages/px4_offboard
[7.713s] copying /home/nano/ros2_uav_ws/build/px4_offboard/build/lib/px4_offboard/velocity_control.py -> /home/nano/ros2_uav_ws/install/px4_offboard/lib/python3.10/site-packages/px4_offboard
[7.714s] copying /home/nano/ros2_uav_ws/build/px4_offboard/build/lib/px4_offboard/__init__.py -> /home/nano/ros2_uav_ws/install/px4_offboard/lib/python3.10/site-packages/px4_offboard
[7.715s] copying /home/nano/ros2_uav_ws/build/px4_offboard/build/lib/px4_offboard/visualizer.py -> /home/nano/ros2_uav_ws/install/px4_offboard/lib/python3.10/site-packages/px4_offboard
[7.718s] byte-compiling /home/nano/ros2_uav_ws/install/px4_offboard/lib/python3.10/site-packages/px4_offboard/control.py to control.cpython-310.pyc
[7.723s] byte-compiling /home/nano/ros2_uav_ws/install/px4_offboard/lib/python3.10/site-packages/px4_offboard/processes.py to processes.cpython-310.pyc
[7.725s] byte-compiling /home/nano/ros2_uav_ws/install/px4_offboard/lib/python3.10/site-packages/px4_offboard/velocity_control.py to velocity_control.cpython-310.pyc
[7.733s] byte-compiling /home/nano/ros2_uav_ws/install/px4_offboard/lib/python3.10/site-packages/px4_offboard/__init__.py to __init__.cpython-310.pyc
[7.735s] byte-compiling /home/nano/ros2_uav_ws/install/px4_offboard/lib/python3.10/site-packages/px4_offboard/visualizer.py to visualizer.cpython-310.pyc
[7.742s] running install_data
[7.743s] creating /home/nano/ros2_uav_ws/install/px4_offboard/share/ament_index
[7.743s] creating /home/nano/ros2_uav_ws/install/px4_offboard/share/ament_index/resource_index
[7.745s] creating /home/nano/ros2_uav_ws/install/px4_offboard/share/ament_index/resource_index/packages
[7.746s] copying resource/px4_offboard -> /home/nano/ros2_uav_ws/install/px4_offboard/share/ament_index/resource_index/packages
[7.750s] copying resource/visualize.rviz -> /home/nano/ros2_uav_ws/install/px4_offboard/share/ament_index/resource_index/packages
[7.752s] copying package.xml -> /home/nano/ros2_uav_ws/install/px4_offboard/share/px4_offboard
[7.752s] copying launch/offboard_velocity_control.launch.py -> /home/nano/ros2_uav_ws/install/px4_offboard/share/px4_offboard
[7.753s] copying resource/visualize.rviz -> /home/nano/ros2_uav_ws/install/px4_offboard/share/px4_offboard
[7.753s] running install_egg_info
[7.866s] Copying ../../../build/px4_offboard/px4_offboard.egg-info to /home/nano/ros2_uav_ws/install/px4_offboard/lib/python3.10/site-packages/px4_offboard-0.0.0-py3.10.egg-info
[7.872s] running install_scripts
[8.987s] Installing control script to /home/nano/ros2_uav_ws/install/px4_offboard/lib/px4_offboard
[8.988s] Installing offboard_control script to /home/nano/ros2_uav_ws/install/px4_offboard/lib/px4_offboard
[8.989s] Installing processes script to /home/nano/ros2_uav_ws/install/px4_offboard/lib/px4_offboard
[8.990s] Installing velocity_control script to /home/nano/ros2_uav_ws/install/px4_offboard/lib/px4_offboard
[8.991s] Installing visualizer script to /home/nano/ros2_uav_ws/install/px4_offboard/lib/px4_offboard
[8.995s] writing list of installed files to '/home/nano/ros2_uav_ws/build/px4_offboard/install.log'
[9.178s] Invoked command in '/home/nano/ros2_uav_ws/src/ROS2_PX4_Offboard_Example/px4_offboard' returned '0': CMAKE_PREFIX_PATH=/home/nano/ros2_uav_ws/install/px4_msgs:/home/nano/ros2_uav_ws/install/v4l2_camera:/home/nano/ros2_uav_ws/install/px4_ros_com:/home/nano/ros2_uav_ws/install/drone_msgs LD_LIBRARY_PATH=/home/nano/ros2_uav_ws/install/px4_msgs/lib:/home/nano/ros2_uav_ws/install/v4l2_camera/lib:/home/nano/ros2_uav_ws/install/px4_ros_com/lib:/home/nano/ros2_uav_ws/install/drone_msgs/lib:/opt/ros/humble/opt/rviz_ogre_vendor/lib:/opt/ros/humble/lib/aarch64-linux-gnu:/opt/ros/humble/lib PYTHONPATH=/home/nano/ros2_uav_ws/build/px4_offboard/prefix_override:/home/nano/.local/lib/python3.10/site-packages/colcon_core/task/python/colcon_distutils_commands:/home/nano/ros2_uav_ws/install/px4_offboard/lib/python3.10/site-packages:${PYTHONPATH} /usr/bin/python3 -W ignore:setup.py install is deprecated setup.py egg_info --egg-base ../../../build/px4_offboard build --build-base /home/nano/ros2_uav_ws/build/px4_offboard/build install --record /home/nano/ros2_uav_ws/build/px4_offboard/install.log --single-version-externally-managed install_data
