[10.339s] Invoking command in '/home/nano/ros2_uav_ws/build/px4_offboard': CMAKE_PREFIX_PATH=/home/nano/ros2_uav_ws/install/px4_msgs:/home/nano/ros2_uav_ws/install/v4l2_camera:/home/nano/ros2_uav_ws/install/px4_ros_com:/home/nano/ros2_uav_ws/install/keyboard:/home/nano/ros2_uav_ws/install/keyboard_msgs LD_LIBRARY_PATH=/home/nano/ros2_uav_ws/install/px4_msgs/lib:/home/nano/ros2_uav_ws/install/v4l2_camera/lib:/home/nano/ros2_uav_ws/install/px4_ros_com/lib:/home/nano/ros2_uav_ws/install/keyboard_msgs/lib:/opt/ros/humble/opt/rviz_ogre_vendor/lib:/opt/ros/humble/lib/aarch64-linux-gnu:/opt/ros/humble/lib PYTHONPATH=/home/nano/ros2_uav_ws/build/px4_offboard/prefix_override:/home/nano/.local/lib/python3.10/site-packages/colcon_core/task/python/colcon_distutils_commands:/home/nano/ros2_uav_ws/install/px4_offboard/lib/python3.10/site-packages:${PYTHONPATH} /usr/bin/python3 -W ignore:setup.py install is deprecated setup.py develop --editable --build-directory /home/nano/ros2_uav_ws/build/px4_offboard/build --no-deps symlink_data
[12.431s] running develop
[12.436s] /home/nano/.local/lib/python3.10/site-packages/setuptools/command/develop.py:42: EasyInstallDeprecationWarning: easy_install command is deprecated.
[12.437s] !!
[12.437s] 
[12.438s]         ********************************************************************************
[12.438s]         Please avoid running ``setup.py`` and ``easy_install``.
[12.439s]         Instead, use pypa/build, pypa/installer or other
[12.439s]         standards-based tools.
[12.440s] 
[12.440s]         See https://github.com/pypa/setuptools/issues/917 for details.
[12.441s]         ********************************************************************************
[12.442s] 
[12.442s] !!
[12.443s]   easy_install.initialize_options(self)
[14.146s] running egg_info
[14.267s] writing px4_offboard.egg-info/PKG-INFO
[14.270s] writing dependency_links to px4_offboard.egg-info/dependency_links.txt
[14.271s] writing entry points to px4_offboard.egg-info/entry_points.txt
[14.272s] writing requirements to px4_offboard.egg-info/requires.txt
[14.274s] writing top-level names to px4_offboard.egg-info/top_level.txt
[14.512s] reading manifest file 'px4_offboard.egg-info/SOURCES.txt'
[14.520s] writing manifest file 'px4_offboard.egg-info/SOURCES.txt'
[14.637s] running build_ext
[14.638s] Creating /home/nano/ros2_uav_ws/install/px4_offboard/lib/python3.10/site-packages/px4-offboard.egg-link (link to .)
[14.642s] Installing control script to /home/nano/ros2_uav_ws/install/px4_offboard/lib/px4_offboard
[14.647s] Installing offboard_control script to /home/nano/ros2_uav_ws/install/px4_offboard/lib/px4_offboard
[14.649s] Installing processes script to /home/nano/ros2_uav_ws/install/px4_offboard/lib/px4_offboard
[14.651s] Installing velocity_control script to /home/nano/ros2_uav_ws/install/px4_offboard/lib/px4_offboard
[14.652s] Installing visualizer script to /home/nano/ros2_uav_ws/install/px4_offboard/lib/px4_offboard
[14.653s] 
[14.654s] Installed /home/nano/ros2_uav_ws/build/px4_offboard
[14.654s] running symlink_data
[14.878s] Invoked command in '/home/nano/ros2_uav_ws/build/px4_offboard' returned '0': CMAKE_PREFIX_PATH=/home/nano/ros2_uav_ws/install/px4_msgs:/home/nano/ros2_uav_ws/install/v4l2_camera:/home/nano/ros2_uav_ws/install/px4_ros_com:/home/nano/ros2_uav_ws/install/keyboard:/home/nano/ros2_uav_ws/install/keyboard_msgs LD_LIBRARY_PATH=/home/nano/ros2_uav_ws/install/px4_msgs/lib:/home/nano/ros2_uav_ws/install/v4l2_camera/lib:/home/nano/ros2_uav_ws/install/px4_ros_com/lib:/home/nano/ros2_uav_ws/install/keyboard_msgs/lib:/opt/ros/humble/opt/rviz_ogre_vendor/lib:/opt/ros/humble/lib/aarch64-linux-gnu:/opt/ros/humble/lib PYTHONPATH=/home/nano/ros2_uav_ws/build/px4_offboard/prefix_override:/home/nano/.local/lib/python3.10/site-packages/colcon_core/task/python/colcon_distutils_commands:/home/nano/ros2_uav_ws/install/px4_offboard/lib/python3.10/site-packages:${PYTHONPATH} /usr/bin/python3 -W ignore:setup.py install is deprecated setup.py develop --editable --build-directory /home/nano/ros2_uav_ws/build/px4_offboard/build --no-deps symlink_data
