[0.147s] Invoking command in '/home/nano/ros2_uav_ws/build/v4l2_camera': CMAKE_PREFIX_PATH=${CMAKE_PREFIX_PATH}:/home/nano/ros2_uav_ws/install/px4_offboard:/home/nano/ros2_uav_ws/install/nano_test_pkg:/opt/ros/humble /usr/bin/cmake /home/nano/ros2_uav_ws/src/v4l2_camera -DCMAKE_INSTALL_PREFIX=/home/nano/ros2_uav_ws/install/v4l2_camera
[0.395s] -- Found ament_cmake: 1.3.9 (/opt/ros/humble/share/ament_cmake/cmake)
[1.379s] -- Override CMake install command with custom implementation using symlinks instead of copying resources
[1.660s] -- Found ament_cmake_ros: 0.10.0 (/opt/ros/humble/share/ament_cmake_ros/cmake)
[1.766s] -- Found rclcpp: 16.0.9 (/opt/ros/humble/share/rclcpp/cmake)
[2.031s] -- Found rosidl_generator_c: 3.1.5 (/opt/ros/humble/share/rosidl_generator_c/cmake)
[2.047s] -- Found rosidl_adapter: 3.1.5 (/opt/ros/humble/share/rosidl_adapter/cmake)
[2.089s] -- Found rosidl_generator_cpp: 3.1.5 (/opt/ros/humble/share/rosidl_generator_cpp/cmake)
[2.196s] -- Using all available rosidl_typesupport_c: rosidl_typesupport_fastrtps_c;rosidl_typesupport_introspection_c
[2.326s] -- Using all available rosidl_typesupport_cpp: rosidl_typesupport_fastrtps_cpp;rosidl_typesupport_introspection_cpp
[2.716s] -- Found rmw_implementation_cmake: 6.1.2 (/opt/ros/humble/share/rmw_implementation_cmake/cmake)
[2.733s] -- Found rmw_fastrtps_cpp: 6.2.6 (/opt/ros/humble/share/rmw_fastrtps_cpp/cmake)
[4.249s] -- Using RMW implementation 'rmw_fastrtps_cpp' as default
[5.579s] -- Found rclcpp_components: 16.0.9 (/opt/ros/humble/share/rclcpp_components/cmake)
[5.907s] -- Found camera_info_manager: 3.1.9 (/opt/ros/humble/share/camera_info_manager/cmake)
[6.812s] -- Found cv_bridge: 3.2.1 (/opt/ros/humble/share/cv_bridge/cmake)
[6.924s] -- Found image_transport: 3.1.9 (/opt/ros/humble/share/image_transport/cmake)
[7.351s] -- Found ament_lint_auto: 0.12.11 (/opt/ros/humble/share/ament_lint_auto/cmake)
[8.018s] -- Added test 'cppcheck' to perform static code analysis on C / C++ code
[8.020s] -- Configured cppcheck include dirs: $<BUILD_INTERFACE:/home/nano/ros2_uav_ws/src/v4l2_camera/include>
[8.020s] -- Configured cppcheck exclude dirs and/or files: 
[8.090s] -- Added test 'cpplint' to check C / C++ code against the Google style
[8.091s] -- Configured cpplint exclude dirs and/or files: 
[8.149s] -- Added test 'lint_cmake' to check CMake code style
[8.216s] -- Added test 'uncrustify' to check C / C++ code style
[8.217s] -- Configured uncrustify additional arguments: 
[8.227s] -- Added test 'xmllint' to check XML markup files
[8.273s] -- Configuring done
[8.510s] -- Generating done
[8.529s] -- Build files have been written to: /home/nano/ros2_uav_ws/build/v4l2_camera
[8.624s] Invoked command in '/home/nano/ros2_uav_ws/build/v4l2_camera' returned '0': CMAKE_PREFIX_PATH=${CMAKE_PREFIX_PATH}:/home/nano/ros2_uav_ws/install/px4_offboard:/home/nano/ros2_uav_ws/install/nano_test_pkg:/opt/ros/humble /usr/bin/cmake /home/nano/ros2_uav_ws/src/v4l2_camera -DCMAKE_INSTALL_PREFIX=/home/nano/ros2_uav_ws/install/v4l2_camera
[8.627s] Invoking command in '/home/nano/ros2_uav_ws/build/v4l2_camera': CMAKE_PREFIX_PATH=${CMAKE_PREFIX_PATH}:/home/nano/ros2_uav_ws/install/px4_offboard:/home/nano/ros2_uav_ws/install/nano_test_pkg:/opt/ros/humble /usr/bin/cmake --build /home/nano/ros2_uav_ws/build/v4l2_camera -- -j4 -l4
[8.950s] [35m[1mConsolidate compiler generated dependencies of target v4l2_camera[0m
[9.268s] [ 50%] Built target v4l2_camera
[9.336s] [35m[1mConsolidate compiler generated dependencies of target v4l2_camera_node[0m
[9.342s] [35m[1mConsolidate compiler generated dependencies of target v4l2_camera_compose_test[0m
[9.454s] [ 75%] Built target v4l2_camera_node
[9.498s] [100%] Built target v4l2_camera_compose_test
[9.592s] Invoked command in '/home/nano/ros2_uav_ws/build/v4l2_camera' returned '0': CMAKE_PREFIX_PATH=${CMAKE_PREFIX_PATH}:/home/nano/ros2_uav_ws/install/px4_offboard:/home/nano/ros2_uav_ws/install/nano_test_pkg:/opt/ros/humble /usr/bin/cmake --build /home/nano/ros2_uav_ws/build/v4l2_camera -- -j4 -l4
[10.034s] Invoking command in '/home/nano/ros2_uav_ws/build/v4l2_camera': CMAKE_PREFIX_PATH=${CMAKE_PREFIX_PATH}:/home/nano/ros2_uav_ws/install/px4_offboard:/home/nano/ros2_uav_ws/install/nano_test_pkg:/opt/ros/humble /usr/bin/cmake --install /home/nano/ros2_uav_ws/build/v4l2_camera
[10.087s] -- Install configuration: ""
[10.090s] -- Execute custom install script
[10.093s] -- Up-to-date symlink: /home/nano/ros2_uav_ws/install/v4l2_camera/include/v4l2_camera/control.hpp
[10.096s] -- Up-to-date symlink: /home/nano/ros2_uav_ws/install/v4l2_camera/include/v4l2_camera/fourcc.hpp
[10.100s] -- Up-to-date symlink: /home/nano/ros2_uav_ws/install/v4l2_camera/include/v4l2_camera/image_format.hpp
[10.100s] -- Up-to-date symlink: /home/nano/ros2_uav_ws/install/v4l2_camera/include/v4l2_camera/parameters.hpp
[10.105s] -- Up-to-date symlink: /home/nano/ros2_uav_ws/install/v4l2_camera/include/v4l2_camera/pixel_format.hpp
[10.107s] -- Up-to-date symlink: /home/nano/ros2_uav_ws/install/v4l2_camera/include/v4l2_camera/v4l2_camera.hpp
[10.108s] -- Up-to-date symlink: /home/nano/ros2_uav_ws/install/v4l2_camera/include/v4l2_camera/v4l2_camera_device.hpp
[10.110s] -- Up-to-date symlink: /home/nano/ros2_uav_ws/install/v4l2_camera/include/v4l2_camera/visibility_control.h
[10.112s] -- Up-to-date symlink: /home/nano/ros2_uav_ws/install/v4l2_camera/share/v4l2_camera/environment/library_path.sh
[10.116s] -- Up-to-date symlink: /home/nano/ros2_uav_ws/install/v4l2_camera/share/v4l2_camera/environment/library_path.dsv
[10.130s] -- Up-to-date symlink: /home/nano/ros2_uav_ws/install/v4l2_camera/share/ament_index/resource_index/package_run_dependencies/v4l2_camera
[10.142s] -- Up-to-date symlink: /home/nano/ros2_uav_ws/install/v4l2_camera/share/ament_index/resource_index/parent_prefix_path/v4l2_camera
[10.147s] -- Up-to-date symlink: /home/nano/ros2_uav_ws/install/v4l2_camera/share/v4l2_camera/environment/ament_prefix_path.sh
[10.148s] -- Up-to-date symlink: /home/nano/ros2_uav_ws/install/v4l2_camera/share/v4l2_camera/environment/ament_prefix_path.dsv
[10.151s] -- Up-to-date symlink: /home/nano/ros2_uav_ws/install/v4l2_camera/share/v4l2_camera/environment/path.sh
[10.153s] -- Up-to-date symlink: /home/nano/ros2_uav_ws/install/v4l2_camera/share/v4l2_camera/environment/path.dsv
[10.154s] -- Up-to-date symlink: /home/nano/ros2_uav_ws/install/v4l2_camera/share/v4l2_camera/local_setup.bash
[10.156s] -- Up-to-date symlink: /home/nano/ros2_uav_ws/install/v4l2_camera/share/v4l2_camera/local_setup.sh
[10.156s] -- Up-to-date symlink: /home/nano/ros2_uav_ws/install/v4l2_camera/share/v4l2_camera/local_setup.zsh
[10.159s] -- Up-to-date symlink: /home/nano/ros2_uav_ws/install/v4l2_camera/share/v4l2_camera/local_setup.dsv
[10.160s] -- Symlinking: /home/nano/ros2_uav_ws/install/v4l2_camera/share/v4l2_camera/package.dsv
[10.207s] -- Up-to-date symlink: /home/nano/ros2_uav_ws/install/v4l2_camera/share/ament_index/resource_index/packages/v4l2_camera
[10.210s] -- Up-to-date symlink: /home/nano/ros2_uav_ws/install/v4l2_camera/share/ament_index/resource_index/rclcpp_components/v4l2_camera
[10.223s] -- Up-to-date symlink: /home/nano/ros2_uav_ws/install/v4l2_camera/share/v4l2_camera/cmake/ament_cmake_export_include_directories-extras.cmake
[10.223s] -- Up-to-date symlink: /home/nano/ros2_uav_ws/install/v4l2_camera/share/v4l2_camera/cmake/ament_cmake_export_targets-extras.cmake
[10.224s] -- Up-to-date symlink: /home/nano/ros2_uav_ws/install/v4l2_camera/share/v4l2_camera/cmake/ament_cmake_export_libraries-extras.cmake
[10.226s] -- Up-to-date symlink: /home/nano/ros2_uav_ws/install/v4l2_camera/share/v4l2_camera/cmake/ament_cmake_export_dependencies-extras.cmake
[10.227s] -- Up-to-date symlink: /home/nano/ros2_uav_ws/install/v4l2_camera/share/v4l2_camera/cmake/v4l2_cameraConfig.cmake
[10.228s] -- Up-to-date symlink: /home/nano/ros2_uav_ws/install/v4l2_camera/share/v4l2_camera/cmake/v4l2_cameraConfig-version.cmake
[10.231s] -- Up-to-date symlink: /home/nano/ros2_uav_ws/install/v4l2_camera/share/v4l2_camera/package.xml
[10.240s] -- Up-to-date: /home/nano/ros2_uav_ws/install/v4l2_camera/lib/libv4l2_camera.so
[10.249s] -- Up-to-date: /home/nano/ros2_uav_ws/install/v4l2_camera/lib/v4l2_camera/v4l2_camera_node
[10.262s] -- Up-to-date: /home/nano/ros2_uav_ws/install/v4l2_camera/lib/v4l2_camera/v4l2_camera_compose_test
[10.267s] -- Up-to-date: /home/nano/ros2_uav_ws/install/v4l2_camera/share/v4l2_camera/cmake/export_v4l2_cameraExport.cmake
[10.269s] -- Up-to-date: /home/nano/ros2_uav_ws/install/v4l2_camera/share/v4l2_camera/cmake/export_v4l2_cameraExport-noconfig.cmake
[10.279s] Invoked command in '/home/nano/ros2_uav_ws/build/v4l2_camera' returned '0': CMAKE_PREFIX_PATH=${CMAKE_PREFIX_PATH}:/home/nano/ros2_uav_ws/install/px4_offboard:/home/nano/ros2_uav_ws/install/nano_test_pkg:/opt/ros/humble /usr/bin/cmake --install /home/nano/ros2_uav_ws/build/v4l2_camera
