[0.169s] Invoking command in '/home/nano/ros2_uav_ws/build/keyboard': CMAKE_PREFIX_PATH=/home/nano/ros2_uav_ws/install/keyboard_msgs:/home/nano/ros2_uav_ws/install/v4l2_camera:/home/nano/ros2_uav_ws/install/px4_ros_com:/home/nano/ros2_uav_ws/install/px4_msgs:/home/nano/ros2_uav_ws/install/keyboard:/home/nano/ros2_uav_ws/install/nano_test_pkg:/home/nano/ros2_uav_ws/install/px4_offboard:/opt/ros/humble LD_LIBRARY_PATH=/home/nano/ros2_uav_ws/install/keyboard_msgs/lib:/home/nano/ros2_uav_ws/install/v4l2_camera/lib:/home/nano/ros2_uav_ws/install/px4_ros_com/lib:/home/nano/ros2_uav_ws/install/px4_msgs/lib:/opt/ros/humble/opt/rviz_ogre_vendor/lib:/opt/ros/humble/lib/aarch64-linux-gnu:/opt/ros/humble/lib /usr/bin/cmake --build /home/nano/ros2_uav_ws/build/keyboard -- -j4 -l4
[0.593s] [35m[1mConsolidate compiler generated dependencies of target keyboard[0m
[0.708s] [100%] Built target keyboard
[0.780s] Invoked command in '/home/nano/ros2_uav_ws/build/keyboard' returned '0': CMAKE_PREFIX_PATH=/home/nano/ros2_uav_ws/install/keyboard_msgs:/home/nano/ros2_uav_ws/install/v4l2_camera:/home/nano/ros2_uav_ws/install/px4_ros_com:/home/nano/ros2_uav_ws/install/px4_msgs:/home/nano/ros2_uav_ws/install/keyboard:/home/nano/ros2_uav_ws/install/nano_test_pkg:/home/nano/ros2_uav_ws/install/px4_offboard:/opt/ros/humble LD_LIBRARY_PATH=/home/nano/ros2_uav_ws/install/keyboard_msgs/lib:/home/nano/ros2_uav_ws/install/v4l2_camera/lib:/home/nano/ros2_uav_ws/install/px4_ros_com/lib:/home/nano/ros2_uav_ws/install/px4_msgs/lib:/opt/ros/humble/opt/rviz_ogre_vendor/lib:/opt/ros/humble/lib/aarch64-linux-gnu:/opt/ros/humble/lib /usr/bin/cmake --build /home/nano/ros2_uav_ws/build/keyboard -- -j4 -l4
[1.257s] Invoking command in '/home/nano/ros2_uav_ws/build/keyboard': CMAKE_PREFIX_PATH=/home/nano/ros2_uav_ws/install/keyboard_msgs:/home/nano/ros2_uav_ws/install/v4l2_camera:/home/nano/ros2_uav_ws/install/px4_ros_com:/home/nano/ros2_uav_ws/install/px4_msgs:/home/nano/ros2_uav_ws/install/keyboard:/home/nano/ros2_uav_ws/install/nano_test_pkg:/home/nano/ros2_uav_ws/install/px4_offboard:/opt/ros/humble LD_LIBRARY_PATH=/home/nano/ros2_uav_ws/install/keyboard_msgs/lib:/home/nano/ros2_uav_ws/install/v4l2_camera/lib:/home/nano/ros2_uav_ws/install/px4_ros_com/lib:/home/nano/ros2_uav_ws/install/px4_msgs/lib:/opt/ros/humble/opt/rviz_ogre_vendor/lib:/opt/ros/humble/lib/aarch64-linux-gnu:/opt/ros/humble/lib /usr/bin/cmake --install /home/nano/ros2_uav_ws/build/keyboard
[1.365s] -- Install configuration: ""
[1.381s] -- Execute custom install script
[1.396s] -- Up-to-date symlink: /home/nano/ros2_uav_ws/install/keyboard/lib/keyboard/keyboard
[1.397s] -- Up-to-date symlink: /home/nano/ros2_uav_ws/install/keyboard/lib/keyboard/keyboard_to_joy.py
[1.398s] -- Up-to-date symlink: /home/nano/ros2_uav_ws/install/keyboard/share/ament_index/resource_index/package_run_dependencies/keyboard
[1.400s] -- Up-to-date symlink: /home/nano/ros2_uav_ws/install/keyboard/share/ament_index/resource_index/parent_prefix_path/keyboard
[1.412s] -- Up-to-date symlink: /home/nano/ros2_uav_ws/install/keyboard/share/keyboard/environment/ament_prefix_path.sh
[1.415s] -- Up-to-date symlink: /home/nano/ros2_uav_ws/install/keyboard/share/keyboard/environment/ament_prefix_path.dsv
[1.418s] -- Up-to-date symlink: /home/nano/ros2_uav_ws/install/keyboard/share/keyboard/environment/path.sh
[1.419s] -- Up-to-date symlink: /home/nano/ros2_uav_ws/install/keyboard/share/keyboard/environment/path.dsv
[1.421s] -- Up-to-date symlink: /home/nano/ros2_uav_ws/install/keyboard/share/keyboard/local_setup.bash
[1.432s] -- Up-to-date symlink: /home/nano/ros2_uav_ws/install/keyboard/share/keyboard/local_setup.sh
[1.435s] -- Up-to-date symlink: /home/nano/ros2_uav_ws/install/keyboard/share/keyboard/local_setup.zsh
[1.436s] -- Up-to-date symlink: /home/nano/ros2_uav_ws/install/keyboard/share/keyboard/local_setup.dsv
[1.437s] -- Symlinking: /home/nano/ros2_uav_ws/install/keyboard/share/keyboard/package.dsv
[1.541s] -- Up-to-date symlink: /home/nano/ros2_uav_ws/install/keyboard/share/ament_index/resource_index/packages/keyboard
[1.544s] -- Up-to-date symlink: /home/nano/ros2_uav_ws/install/keyboard/share/keyboard/cmake/keyboardConfig.cmake
[1.546s] -- Up-to-date symlink: /home/nano/ros2_uav_ws/install/keyboard/share/keyboard/cmake/keyboardConfig-version.cmake
[1.551s] -- Up-to-date symlink: /home/nano/ros2_uav_ws/install/keyboard/share/keyboard/package.xml
[1.568s] Invoked command in '/home/nano/ros2_uav_ws/build/keyboard' returned '0': CMAKE_PREFIX_PATH=/home/nano/ros2_uav_ws/install/keyboard_msgs:/home/nano/ros2_uav_ws/install/v4l2_camera:/home/nano/ros2_uav_ws/install/px4_ros_com:/home/nano/ros2_uav_ws/install/px4_msgs:/home/nano/ros2_uav_ws/install/keyboard:/home/nano/ros2_uav_ws/install/nano_test_pkg:/home/nano/ros2_uav_ws/install/px4_offboard:/opt/ros/humble LD_LIBRARY_PATH=/home/nano/ros2_uav_ws/install/keyboard_msgs/lib:/home/nano/ros2_uav_ws/install/v4l2_camera/lib:/home/nano/ros2_uav_ws/install/px4_ros_com/lib:/home/nano/ros2_uav_ws/install/px4_msgs/lib:/opt/ros/humble/opt/rviz_ogre_vendor/lib:/opt/ros/humble/lib/aarch64-linux-gnu:/opt/ros/humble/lib /usr/bin/cmake --install /home/nano/ros2_uav_ws/build/keyboard
