[100%] Built target keyboard
-- Install configuration: ""
-- Execute custom install script
-- Up-to-date symlink: /home/nano/ros2_uav_ws/install/keyboard/lib/keyboard/keyboard
-- Up-to-date symlink: /home/nano/ros2_uav_ws/install/keyboard/lib/keyboard/keyboard_to_joy.py
-- Up-to-date symlink: /home/nano/ros2_uav_ws/install/keyboard/share/ament_index/resource_index/package_run_dependencies/keyboard
-- Up-to-date symlink: /home/nano/ros2_uav_ws/install/keyboard/share/ament_index/resource_index/parent_prefix_path/keyboard
-- Up-to-date symlink: /home/nano/ros2_uav_ws/install/keyboard/share/keyboard/environment/ament_prefix_path.sh
-- Up-to-date symlink: /home/nano/ros2_uav_ws/install/keyboard/share/keyboard/environment/ament_prefix_path.dsv
-- Up-to-date symlink: /home/nano/ros2_uav_ws/install/keyboard/share/keyboard/environment/path.sh
-- Up-to-date symlink: /home/nano/ros2_uav_ws/install/keyboard/share/keyboard/environment/path.dsv
-- Up-to-date symlink: /home/nano/ros2_uav_ws/install/keyboard/share/keyboard/local_setup.bash
-- Up-to-date symlink: /home/nano/ros2_uav_ws/install/keyboard/share/keyboard/local_setup.sh
-- Up-to-date symlink: /home/nano/ros2_uav_ws/install/keyboard/share/keyboard/local_setup.zsh
-- Up-to-date symlink: /home/nano/ros2_uav_ws/install/keyboard/share/keyboard/local_setup.dsv
-- Symlinking: /home/nano/ros2_uav_ws/install/keyboard/share/keyboard/package.dsv
-- Up-to-date symlink: /home/nano/ros2_uav_ws/install/keyboard/share/ament_index/resource_index/packages/keyboard
-- Up-to-date symlink: /home/nano/ros2_uav_ws/install/keyboard/share/keyboard/cmake/keyboardConfig.cmake
-- Up-to-date symlink: /home/nano/ros2_uav_ws/install/keyboard/share/keyboard/cmake/keyboardConfig-version.cmake
-- Up-to-date symlink: /home/nano/ros2_uav_ws/install/keyboard/share/keyboard/package.xml
