[0.207s] Invoking command in '/home/nano/ros2_uav_ws/build/keyboard': CMAKE_PREFIX_PATH=/home/nano/ros2_uav_ws/install/keyboard_msgs:/home/nano/ros2_uav_ws/install/v4l2_camera:/home/nano/ros2_uav_ws/install/px4_ros_com:/home/nano/ros2_uav_ws/install/px4_msgs:/home/nano/ros2_uav_ws/install/keyboard:/home/nano/ros2_uav_ws/install/nano_test_pkg:/home/nano/ros2_uav_ws/install/px4_offboard:/opt/ros/humble LD_LIBRARY_PATH=/home/nano/ros2_uav_ws/install/keyboard_msgs/lib:/home/nano/ros2_uav_ws/install/v4l2_camera/lib:/home/nano/ros2_uav_ws/install/px4_ros_com/lib:/home/nano/ros2_uav_ws/install/px4_msgs/lib:/opt/ros/humble/opt/rviz_ogre_vendor/lib:/opt/ros/humble/lib/aarch64-linux-gnu:/opt/ros/humble/lib /usr/bin/cmake --build /home/nano/ros2_uav_ws/build/keyboard -- -j4 -l4
[0.977s] [100%] Built target keyboard
[1.030s] Invoked command in '/home/nano/ros2_uav_ws/build/keyboard' returned '0': CMAKE_PREFIX_PATH=/home/nano/ros2_uav_ws/install/keyboard_msgs:/home/nano/ros2_uav_ws/install/v4l2_camera:/home/nano/ros2_uav_ws/install/px4_ros_com:/home/nano/ros2_uav_ws/install/px4_msgs:/home/nano/ros2_uav_ws/install/keyboard:/home/nano/ros2_uav_ws/install/nano_test_pkg:/home/nano/ros2_uav_ws/install/px4_offboard:/opt/ros/humble LD_LIBRARY_PATH=/home/nano/ros2_uav_ws/install/keyboard_msgs/lib:/home/nano/ros2_uav_ws/install/v4l2_camera/lib:/home/nano/ros2_uav_ws/install/px4_ros_com/lib:/home/nano/ros2_uav_ws/install/px4_msgs/lib:/opt/ros/humble/opt/rviz_ogre_vendor/lib:/opt/ros/humble/lib/aarch64-linux-gnu:/opt/ros/humble/lib /usr/bin/cmake --build /home/nano/ros2_uav_ws/build/keyboard -- -j4 -l4
[1.236s] Invoking command in '/home/nano/ros2_uav_ws/build/keyboard': CMAKE_PREFIX_PATH=/home/nano/ros2_uav_ws/install/keyboard_msgs:/home/nano/ros2_uav_ws/install/v4l2_camera:/home/nano/ros2_uav_ws/install/px4_ros_com:/home/nano/ros2_uav_ws/install/px4_msgs:/home/nano/ros2_uav_ws/install/keyboard:/home/nano/ros2_uav_ws/install/nano_test_pkg:/home/nano/ros2_uav_ws/install/px4_offboard:/opt/ros/humble LD_LIBRARY_PATH=/home/nano/ros2_uav_ws/install/keyboard_msgs/lib:/home/nano/ros2_uav_ws/install/v4l2_camera/lib:/home/nano/ros2_uav_ws/install/px4_ros_com/lib:/home/nano/ros2_uav_ws/install/px4_msgs/lib:/opt/ros/humble/opt/rviz_ogre_vendor/lib:/opt/ros/humble/lib/aarch64-linux-gnu:/opt/ros/humble/lib /usr/bin/cmake --install /home/nano/ros2_uav_ws/build/keyboard
[1.305s] -- Install configuration: ""
[1.309s] -- Execute custom install script
[1.314s] -- Up-to-date symlink: /home/nano/ros2_uav_ws/install/keyboard/lib/keyboard/keyboard
[1.316s] -- Up-to-date symlink: /home/nano/ros2_uav_ws/install/keyboard/lib/keyboard/keyboard_to_joy.py
[1.319s] -- Up-to-date symlink: /home/nano/ros2_uav_ws/install/keyboard/share/ament_index/resource_index/package_run_dependencies/keyboard
[1.321s] -- Up-to-date symlink: /home/nano/ros2_uav_ws/install/keyboard/share/ament_index/resource_index/parent_prefix_path/keyboard
[1.323s] -- Up-to-date symlink: /home/nano/ros2_uav_ws/install/keyboard/share/keyboard/environment/ament_prefix_path.sh
[1.325s] -- Up-to-date symlink: /home/nano/ros2_uav_ws/install/keyboard/share/keyboard/environment/ament_prefix_path.dsv
[1.326s] -- Up-to-date symlink: /home/nano/ros2_uav_ws/install/keyboard/share/keyboard/environment/path.sh
[1.328s] -- Up-to-date symlink: /home/nano/ros2_uav_ws/install/keyboard/share/keyboard/environment/path.dsv
[1.330s] -- Up-to-date symlink: /home/nano/ros2_uav_ws/install/keyboard/share/keyboard/local_setup.bash
[1.332s] -- Up-to-date symlink: /home/nano/ros2_uav_ws/install/keyboard/share/keyboard/local_setup.sh
[1.337s] -- Up-to-date symlink: /home/nano/ros2_uav_ws/install/keyboard/share/keyboard/local_setup.zsh
[1.338s] -- Up-to-date symlink: /home/nano/ros2_uav_ws/install/keyboard/share/keyboard/local_setup.dsv
[1.339s] -- Symlinking: /home/nano/ros2_uav_ws/install/keyboard/share/keyboard/package.dsv
[1.390s] -- Up-to-date symlink: /home/nano/ros2_uav_ws/install/keyboard/share/ament_index/resource_index/packages/keyboard
[1.393s] -- Up-to-date symlink: /home/nano/ros2_uav_ws/install/keyboard/share/keyboard/cmake/keyboardConfig.cmake
[1.394s] -- Up-to-date symlink: /home/nano/ros2_uav_ws/install/keyboard/share/keyboard/cmake/keyboardConfig-version.cmake
[1.397s] -- Up-to-date symlink: /home/nano/ros2_uav_ws/install/keyboard/share/keyboard/package.xml
[1.412s] Invoked command in '/home/nano/ros2_uav_ws/build/keyboard' returned '0': CMAKE_PREFIX_PATH=/home/nano/ros2_uav_ws/install/keyboard_msgs:/home/nano/ros2_uav_ws/install/v4l2_camera:/home/nano/ros2_uav_ws/install/px4_ros_com:/home/nano/ros2_uav_ws/install/px4_msgs:/home/nano/ros2_uav_ws/install/keyboard:/home/nano/ros2_uav_ws/install/nano_test_pkg:/home/nano/ros2_uav_ws/install/px4_offboard:/opt/ros/humble LD_LIBRARY_PATH=/home/nano/ros2_uav_ws/install/keyboard_msgs/lib:/home/nano/ros2_uav_ws/install/v4l2_camera/lib:/home/nano/ros2_uav_ws/install/px4_ros_com/lib:/home/nano/ros2_uav_ws/install/px4_msgs/lib:/opt/ros/humble/opt/rviz_ogre_vendor/lib:/opt/ros/humble/lib/aarch64-linux-gnu:/opt/ros/humble/lib /usr/bin/cmake --install /home/nano/ros2_uav_ws/build/keyboard
