[0.148s] Invoking command in '/home/nano/ros2_uav_ws/build/drone_msgs': CMAKE_PREFIX_PATH=${CMAKE_PREFIX_PATH}:/home/nano/ros2_uav_ws/install/nano_test_pkg:/home/nano/ros2_uav_ws/install/px4_offboard:/opt/ros/humble /usr/bin/cmake --build /home/nano/ros2_uav_ws/build/drone_msgs -- -j4 -l4
[0.524s] [35m[1mConsolidate compiler generated dependencies of target drone_msgs__rosidl_generator_c[0m
[0.662s] [  9%] Built target drone_msgs__rosidl_generator_c
[0.696s] [ 12%] Built target drone_msgs__cpp
[0.769s] [35m[1mConsolidate compiler generated dependencies of target drone_msgs__rosidl_typesupport_introspection_c[0m
[0.807s] [35m[1mConsolidate compiler generated dependencies of target drone_msgs__rosidl_typesupport_fastrtps_c[0m
[0.824s] [ 12%] Built target ament_cmake_python_copy_drone_msgs
[0.864s] [ 22%] Built target drone_msgs__rosidl_typesupport_introspection_c
[0.872s] [35m[1mConsolidate compiler generated dependencies of target drone_msgs__rosidl_typesupport_c[0m
[0.960s] [ 32%] Built target drone_msgs__rosidl_typesupport_fastrtps_c
[0.975s] [35m[1mConsolidate compiler generated dependencies of target drone_msgs__rosidl_typesupport_fastrtps_cpp[0m
[0.983s] [35m[1mConsolidate compiler generated dependencies of target drone_msgs__rosidl_typesupport_introspection_cpp[0m
[1.037s] [ 41%] Built target drone_msgs__rosidl_typesupport_c
[1.137s] [35m[1mConsolidate compiler generated dependencies of target drone_msgs__rosidl_typesupport_cpp[0m
[1.153s] [ 51%] Built target drone_msgs__rosidl_typesupport_introspection_cpp
[1.208s] [ 61%] Built target drone_msgs__rosidl_typesupport_fastrtps_cpp
[1.272s] [ 70%] Built target drone_msgs__rosidl_typesupport_cpp
[1.550s] [ 70%] Built target drone_msgs
[1.765s] [ 74%] Built target drone_msgs__py
[1.893s] [35m[1mConsolidate compiler generated dependencies of target drone_msgs__rosidl_generator_py[0m
[2.007s] [ 80%] Built target drone_msgs__rosidl_generator_py
[2.146s] [35m[1mConsolidate compiler generated dependencies of target drone_msgs__rosidl_typesupport_fastrtps_c__pyext[0m
[2.150s] [35m[1mConsolidate compiler generated dependencies of target drone_msgs__rosidl_typesupport_c__pyext[0m
[2.210s] [35m[1mConsolidate compiler generated dependencies of target drone_msgs__rosidl_typesupport_introspection_c__pyext[0m
[2.283s] [ 87%] Built target drone_msgs__rosidl_typesupport_c__pyext
[2.367s] [ 93%] Built target drone_msgs__rosidl_typesupport_fastrtps_c__pyext
[2.457s] [100%] Built target drone_msgs__rosidl_typesupport_introspection_c__pyext
[4.240s] running egg_info
[4.528s] writing drone_msgs.egg-info/PKG-INFO
[4.532s] writing dependency_links to drone_msgs.egg-info/dependency_links.txt
[4.538s] writing top-level names to drone_msgs.egg-info/top_level.txt
[5.363s] reading manifest file 'drone_msgs.egg-info/SOURCES.txt'
[5.368s] writing manifest file 'drone_msgs.egg-info/SOURCES.txt'
[5.606s] [100%] Built target ament_cmake_python_build_drone_msgs_egg
[5.684s] Invoked command in '/home/nano/ros2_uav_ws/build/drone_msgs' returned '0': CMAKE_PREFIX_PATH=${CMAKE_PREFIX_PATH}:/home/nano/ros2_uav_ws/install/nano_test_pkg:/home/nano/ros2_uav_ws/install/px4_offboard:/opt/ros/humble /usr/bin/cmake --build /home/nano/ros2_uav_ws/build/drone_msgs -- -j4 -l4
[6.234s] Invoking command in '/home/nano/ros2_uav_ws/build/drone_msgs': CMAKE_PREFIX_PATH=${CMAKE_PREFIX_PATH}:/home/nano/ros2_uav_ws/install/nano_test_pkg:/home/nano/ros2_uav_ws/install/px4_offboard:/opt/ros/humble /usr/bin/cmake --install /home/nano/ros2_uav_ws/build/drone_msgs
[6.288s] -- Install configuration: ""
[6.289s] -- Up-to-date: /home/nano/ros2_uav_ws/install/drone_msgs/share/ament_index/resource_index/rosidl_interfaces/drone_msgs
[6.294s] -- Up-to-date: /home/nano/ros2_uav_ws/install/drone_msgs/include/drone_msgs/drone_msgs
[6.298s] -- Up-to-date: /home/nano/ros2_uav_ws/install/drone_msgs/include/drone_msgs/drone_msgs/srv
[6.300s] -- Up-to-date: /home/nano/ros2_uav_ws/install/drone_msgs/include/drone_msgs/drone_msgs/srv/detail
[6.303s] -- Up-to-date: /home/nano/ros2_uav_ws/install/drone_msgs/include/drone_msgs/drone_msgs/srv/detail/arm_disarm__functions.c
[6.305s] -- Up-to-date: /home/nano/ros2_uav_ws/install/drone_msgs/include/drone_msgs/drone_msgs/srv/detail/arm_disarm__functions.h
[6.308s] -- Up-to-date: /home/nano/ros2_uav_ws/install/drone_msgs/include/drone_msgs/drone_msgs/srv/detail/arm_disarm__type_support.h
[6.310s] -- Up-to-date: /home/nano/ros2_uav_ws/install/drone_msgs/include/drone_msgs/drone_msgs/srv/detail/arm_disarm__struct.h
[6.311s] -- Up-to-date: /home/nano/ros2_uav_ws/install/drone_msgs/include/drone_msgs/drone_msgs/srv/arm_disarm.h
[6.313s] -- Up-to-date: /home/nano/ros2_uav_ws/install/drone_msgs/include/drone_msgs/drone_msgs/msg
[6.315s] -- Up-to-date: /home/nano/ros2_uav_ws/install/drone_msgs/include/drone_msgs/drone_msgs/msg/rosidl_generator_c__visibility_control.h
[6.317s] -- Up-to-date: /home/nano/ros2_uav_ws/install/drone_msgs/share/drone_msgs/environment/library_path.sh
[6.319s] -- Up-to-date: /home/nano/ros2_uav_ws/install/drone_msgs/share/drone_msgs/environment/library_path.dsv
[6.320s] -- Up-to-date: /home/nano/ros2_uav_ws/install/drone_msgs/lib/libdrone_msgs__rosidl_generator_c.so
[6.322s] -- Up-to-date: /home/nano/ros2_uav_ws/install/drone_msgs/include/drone_msgs/drone_msgs
[6.324s] -- Up-to-date: /home/nano/ros2_uav_ws/install/drone_msgs/include/drone_msgs/drone_msgs/srv
[6.328s] -- Up-to-date: /home/nano/ros2_uav_ws/install/drone_msgs/include/drone_msgs/drone_msgs/srv/detail
[6.329s] -- Up-to-date: /home/nano/ros2_uav_ws/install/drone_msgs/include/drone_msgs/drone_msgs/srv/detail/arm_disarm__rosidl_typesupport_fastrtps_c.h
[6.329s] -- Up-to-date: /home/nano/ros2_uav_ws/install/drone_msgs/include/drone_msgs/drone_msgs/msg
[6.330s] -- Up-to-date: /home/nano/ros2_uav_ws/install/drone_msgs/include/drone_msgs/drone_msgs/msg/rosidl_typesupport_fastrtps_c__visibility_control.h
[6.331s] -- Up-to-date: /home/nano/ros2_uav_ws/install/drone_msgs/lib/libdrone_msgs__rosidl_typesupport_fastrtps_c.so
[6.332s] -- Up-to-date: /home/nano/ros2_uav_ws/install/drone_msgs/include/drone_msgs/drone_msgs
[6.333s] -- Up-to-date: /home/nano/ros2_uav_ws/install/drone_msgs/include/drone_msgs/drone_msgs/srv
[6.333s] -- Up-to-date: /home/nano/ros2_uav_ws/install/drone_msgs/include/drone_msgs/drone_msgs/srv/detail
[6.334s] -- Up-to-date: /home/nano/ros2_uav_ws/install/drone_msgs/include/drone_msgs/drone_msgs/srv/detail/arm_disarm__type_support.c
[6.335s] -- Up-to-date: /home/nano/ros2_uav_ws/install/drone_msgs/include/drone_msgs/drone_msgs/srv/detail/arm_disarm__rosidl_typesupport_introspection_c.h
[6.336s] -- Up-to-date: /home/nano/ros2_uav_ws/install/drone_msgs/include/drone_msgs/drone_msgs/msg
[6.337s] -- Up-to-date: /home/nano/ros2_uav_ws/install/drone_msgs/include/drone_msgs/drone_msgs/msg/rosidl_typesupport_introspection_c__visibility_control.h
[6.338s] -- Up-to-date: /home/nano/ros2_uav_ws/install/drone_msgs/lib/libdrone_msgs__rosidl_typesupport_introspection_c.so
[6.339s] -- Up-to-date: /home/nano/ros2_uav_ws/install/drone_msgs/lib/libdrone_msgs__rosidl_typesupport_c.so
[6.344s] -- Up-to-date: /home/nano/ros2_uav_ws/install/drone_msgs/include/drone_msgs/drone_msgs
[6.346s] -- Up-to-date: /home/nano/ros2_uav_ws/install/drone_msgs/include/drone_msgs/drone_msgs/srv
[6.347s] -- Up-to-date: /home/nano/ros2_uav_ws/install/drone_msgs/include/drone_msgs/drone_msgs/srv/arm_disarm.hpp
[6.348s] -- Up-to-date: /home/nano/ros2_uav_ws/install/drone_msgs/include/drone_msgs/drone_msgs/srv/detail
[6.349s] -- Up-to-date: /home/nano/ros2_uav_ws/install/drone_msgs/include/drone_msgs/drone_msgs/srv/detail/arm_disarm__traits.hpp
[6.351s] -- Up-to-date: /home/nano/ros2_uav_ws/install/drone_msgs/include/drone_msgs/drone_msgs/srv/detail/arm_disarm__struct.hpp
[6.352s] -- Up-to-date: /home/nano/ros2_uav_ws/install/drone_msgs/include/drone_msgs/drone_msgs/srv/detail/arm_disarm__builder.hpp
[6.353s] -- Up-to-date: /home/nano/ros2_uav_ws/install/drone_msgs/include/drone_msgs/drone_msgs
[6.354s] -- Up-to-date: /home/nano/ros2_uav_ws/install/drone_msgs/include/drone_msgs/drone_msgs/srv
[6.355s] -- Up-to-date: /home/nano/ros2_uav_ws/install/drone_msgs/include/drone_msgs/drone_msgs/srv/detail
[6.358s] -- Up-to-date: /home/nano/ros2_uav_ws/install/drone_msgs/include/drone_msgs/drone_msgs/srv/detail/arm_disarm__rosidl_typesupport_fastrtps_cpp.hpp
[6.360s] -- Up-to-date: /home/nano/ros2_uav_ws/install/drone_msgs/include/drone_msgs/drone_msgs/srv/detail/dds_fastrtps
[6.362s] -- Up-to-date: /home/nano/ros2_uav_ws/install/drone_msgs/include/drone_msgs/drone_msgs/msg
[6.363s] -- Up-to-date: /home/nano/ros2_uav_ws/install/drone_msgs/include/drone_msgs/drone_msgs/msg/rosidl_typesupport_fastrtps_cpp__visibility_control.h
[6.365s] -- Up-to-date: /home/nano/ros2_uav_ws/install/drone_msgs/lib/libdrone_msgs__rosidl_typesupport_fastrtps_cpp.so
[6.366s] -- Up-to-date: /home/nano/ros2_uav_ws/install/drone_msgs/include/drone_msgs/drone_msgs
[6.368s] -- Up-to-date: /home/nano/ros2_uav_ws/install/drone_msgs/include/drone_msgs/drone_msgs/srv
[6.371s] -- Up-to-date: /home/nano/ros2_uav_ws/install/drone_msgs/include/drone_msgs/drone_msgs/srv/detail
[6.372s] -- Up-to-date: /home/nano/ros2_uav_ws/install/drone_msgs/include/drone_msgs/drone_msgs/srv/detail/arm_disarm__rosidl_typesupport_introspection_cpp.hpp
[6.376s] -- Up-to-date: /home/nano/ros2_uav_ws/install/drone_msgs/include/drone_msgs/drone_msgs/srv/detail/arm_disarm__type_support.cpp
[6.377s] -- Up-to-date: /home/nano/ros2_uav_ws/install/drone_msgs/lib/libdrone_msgs__rosidl_typesupport_introspection_cpp.so
[6.378s] -- Up-to-date: /home/nano/ros2_uav_ws/install/drone_msgs/lib/libdrone_msgs__rosidl_typesupport_cpp.so
[6.379s] -- Up-to-date: /home/nano/ros2_uav_ws/install/drone_msgs/share/drone_msgs/environment/pythonpath.sh
[6.383s] -- Up-to-date: /home/nano/ros2_uav_ws/install/drone_msgs/share/drone_msgs/environment/pythonpath.dsv
[6.385s] -- Up-to-date: /home/nano/ros2_uav_ws/install/drone_msgs/local/lib/python3.10/dist-packages/drone_msgs-0.0.0-py3.10.egg-info
[6.387s] -- Installing: /home/nano/ros2_uav_ws/install/drone_msgs/local/lib/python3.10/dist-packages/drone_msgs-0.0.0-py3.10.egg-info/dependency_links.txt
[6.389s] -- Installing: /home/nano/ros2_uav_ws/install/drone_msgs/local/lib/python3.10/dist-packages/drone_msgs-0.0.0-py3.10.egg-info/top_level.txt
[6.392s] -- Installing: /home/nano/ros2_uav_ws/install/drone_msgs/local/lib/python3.10/dist-packages/drone_msgs-0.0.0-py3.10.egg-info/SOURCES.txt
[6.393s] -- Installing: /home/nano/ros2_uav_ws/install/drone_msgs/local/lib/python3.10/dist-packages/drone_msgs-0.0.0-py3.10.egg-info/PKG-INFO
[6.395s] -- Up-to-date: /home/nano/ros2_uav_ws/install/drone_msgs/local/lib/python3.10/dist-packages/drone_msgs
[6.396s] -- Up-to-date: /home/nano/ros2_uav_ws/install/drone_msgs/local/lib/python3.10/dist-packages/drone_msgs/libdrone_msgs__rosidl_generator_py.so
[6.397s] -- Up-to-date: /home/nano/ros2_uav_ws/install/drone_msgs/local/lib/python3.10/dist-packages/drone_msgs/srv
[6.398s] -- Up-to-date: /home/nano/ros2_uav_ws/install/drone_msgs/local/lib/python3.10/dist-packages/drone_msgs/srv/_arm_disarm_s.c
[6.400s] -- Up-to-date: /home/nano/ros2_uav_ws/install/drone_msgs/local/lib/python3.10/dist-packages/drone_msgs/srv/__init__.py
[6.401s] -- Up-to-date: /home/nano/ros2_uav_ws/install/drone_msgs/local/lib/python3.10/dist-packages/drone_msgs/srv/_arm_disarm.py
[6.402s] -- Up-to-date: /home/nano/ros2_uav_ws/install/drone_msgs/local/lib/python3.10/dist-packages/drone_msgs/_drone_msgs_s.ep.rosidl_typesupport_fastrtps_c.c
[6.403s] -- Up-to-date: /home/nano/ros2_uav_ws/install/drone_msgs/local/lib/python3.10/dist-packages/drone_msgs/drone_msgs_s__rosidl_typesupport_c.cpython-310-aarch64-linux-gnu.so
[6.404s] -- Up-to-date: /home/nano/ros2_uav_ws/install/drone_msgs/local/lib/python3.10/dist-packages/drone_msgs/drone_msgs_s__rosidl_typesupport_fastrtps_c.cpython-310-aarch64-linux-gnu.so
[6.406s] -- Up-to-date: /home/nano/ros2_uav_ws/install/drone_msgs/local/lib/python3.10/dist-packages/drone_msgs/__init__.py
[6.407s] -- Up-to-date: /home/nano/ros2_uav_ws/install/drone_msgs/local/lib/python3.10/dist-packages/drone_msgs/drone_msgs_s__rosidl_typesupport_introspection_c.cpython-310-aarch64-linux-gnu.so
[6.408s] -- Up-to-date: /home/nano/ros2_uav_ws/install/drone_msgs/local/lib/python3.10/dist-packages/drone_msgs/_drone_msgs_s.ep.rosidl_typesupport_introspection_c.c
[6.409s] -- Up-to-date: /home/nano/ros2_uav_ws/install/drone_msgs/local/lib/python3.10/dist-packages/drone_msgs/_drone_msgs_s.ep.rosidl_typesupport_c.c
[6.731s] Listing '/home/nano/ros2_uav_ws/install/drone_msgs/local/lib/python3.10/dist-packages/drone_msgs'...
[6.736s] Listing '/home/nano/ros2_uav_ws/install/drone_msgs/local/lib/python3.10/dist-packages/drone_msgs/srv'...
[6.779s] -- Up-to-date: /home/nano/ros2_uav_ws/install/drone_msgs/local/lib/python3.10/dist-packages/drone_msgs/drone_msgs_s__rosidl_typesupport_fastrtps_c.cpython-310-aarch64-linux-gnu.so
[6.780s] -- Up-to-date: /home/nano/ros2_uav_ws/install/drone_msgs/local/lib/python3.10/dist-packages/drone_msgs/drone_msgs_s__rosidl_typesupport_introspection_c.cpython-310-aarch64-linux-gnu.so
[6.782s] -- Up-to-date: /home/nano/ros2_uav_ws/install/drone_msgs/local/lib/python3.10/dist-packages/drone_msgs/drone_msgs_s__rosidl_typesupport_c.cpython-310-aarch64-linux-gnu.so
[6.786s] -- Up-to-date: /home/nano/ros2_uav_ws/install/drone_msgs/lib/libdrone_msgs__rosidl_generator_py.so
[6.788s] -- Up-to-date: /home/nano/ros2_uav_ws/install/drone_msgs/share/drone_msgs/srv/ArmDisarm.idl
[6.790s] -- Up-to-date: /home/nano/ros2_uav_ws/install/drone_msgs/share/drone_msgs/srv/ArmDisarm.srv
[6.796s] -- Up-to-date: /home/nano/ros2_uav_ws/install/drone_msgs/share/drone_msgs/srv/ArmDisarm_Request.msg
[6.798s] -- Up-to-date: /home/nano/ros2_uav_ws/install/drone_msgs/share/drone_msgs/srv/ArmDisarm_Response.msg
[6.800s] -- Up-to-date: /home/nano/ros2_uav_ws/install/drone_msgs/share/ament_index/resource_index/package_run_dependencies/drone_msgs
[6.802s] -- Up-to-date: /home/nano/ros2_uav_ws/install/drone_msgs/share/ament_index/resource_index/parent_prefix_path/drone_msgs
[6.804s] -- Up-to-date: /home/nano/ros2_uav_ws/install/drone_msgs/share/drone_msgs/environment/ament_prefix_path.sh
[6.805s] -- Up-to-date: /home/nano/ros2_uav_ws/install/drone_msgs/share/drone_msgs/environment/ament_prefix_path.dsv
[6.806s] -- Up-to-date: /home/nano/ros2_uav_ws/install/drone_msgs/share/drone_msgs/environment/path.sh
[6.807s] -- Up-to-date: /home/nano/ros2_uav_ws/install/drone_msgs/share/drone_msgs/environment/path.dsv
[6.808s] -- Up-to-date: /home/nano/ros2_uav_ws/install/drone_msgs/share/drone_msgs/local_setup.bash
[6.809s] -- Up-to-date: /home/nano/ros2_uav_ws/install/drone_msgs/share/drone_msgs/local_setup.sh
[6.810s] -- Up-to-date: /home/nano/ros2_uav_ws/install/drone_msgs/share/drone_msgs/local_setup.zsh
[6.811s] -- Up-to-date: /home/nano/ros2_uav_ws/install/drone_msgs/share/drone_msgs/local_setup.dsv
[6.812s] -- Installing: /home/nano/ros2_uav_ws/install/drone_msgs/share/drone_msgs/package.dsv
[6.814s] -- Up-to-date: /home/nano/ros2_uav_ws/install/drone_msgs/share/ament_index/resource_index/packages/drone_msgs
[6.815s] -- Up-to-date: /home/nano/ros2_uav_ws/install/drone_msgs/share/drone_msgs/cmake/export_drone_msgs__rosidl_generator_cExport.cmake
[6.818s] -- Up-to-date: /home/nano/ros2_uav_ws/install/drone_msgs/share/drone_msgs/cmake/export_drone_msgs__rosidl_generator_cExport-noconfig.cmake
[6.821s] -- Up-to-date: /home/nano/ros2_uav_ws/install/drone_msgs/share/drone_msgs/cmake/export_drone_msgs__rosidl_typesupport_fastrtps_cExport.cmake
[6.823s] -- Up-to-date: /home/nano/ros2_uav_ws/install/drone_msgs/share/drone_msgs/cmake/export_drone_msgs__rosidl_typesupport_fastrtps_cExport-noconfig.cmake
[6.824s] -- Up-to-date: /home/nano/ros2_uav_ws/install/drone_msgs/share/drone_msgs/cmake/drone_msgs__rosidl_typesupport_introspection_cExport.cmake
[6.828s] -- Up-to-date: /home/nano/ros2_uav_ws/install/drone_msgs/share/drone_msgs/cmake/drone_msgs__rosidl_typesupport_introspection_cExport-noconfig.cmake
[6.831s] -- Up-to-date: /home/nano/ros2_uav_ws/install/drone_msgs/share/drone_msgs/cmake/drone_msgs__rosidl_typesupport_cExport.cmake
[6.833s] -- Up-to-date: /home/nano/ros2_uav_ws/install/drone_msgs/share/drone_msgs/cmake/drone_msgs__rosidl_typesupport_cExport-noconfig.cmake
[6.838s] -- Up-to-date: /home/nano/ros2_uav_ws/install/drone_msgs/share/drone_msgs/cmake/export_drone_msgs__rosidl_generator_cppExport.cmake
[6.841s] -- Up-to-date: /home/nano/ros2_uav_ws/install/drone_msgs/share/drone_msgs/cmake/export_drone_msgs__rosidl_typesupport_fastrtps_cppExport.cmake
[6.843s] -- Up-to-date: /home/nano/ros2_uav_ws/install/drone_msgs/share/drone_msgs/cmake/export_drone_msgs__rosidl_typesupport_fastrtps_cppExport-noconfig.cmake
[6.848s] -- Up-to-date: /home/nano/ros2_uav_ws/install/drone_msgs/share/drone_msgs/cmake/drone_msgs__rosidl_typesupport_introspection_cppExport.cmake
[6.850s] -- Up-to-date: /home/nano/ros2_uav_ws/install/drone_msgs/share/drone_msgs/cmake/drone_msgs__rosidl_typesupport_introspection_cppExport-noconfig.cmake
[6.851s] -- Up-to-date: /home/nano/ros2_uav_ws/install/drone_msgs/share/drone_msgs/cmake/drone_msgs__rosidl_typesupport_cppExport.cmake
[6.854s] -- Up-to-date: /home/nano/ros2_uav_ws/install/drone_msgs/share/drone_msgs/cmake/drone_msgs__rosidl_typesupport_cppExport-noconfig.cmake
[6.857s] -- Up-to-date: /home/nano/ros2_uav_ws/install/drone_msgs/share/drone_msgs/cmake/export_drone_msgs__rosidl_generator_pyExport.cmake
[6.859s] -- Up-to-date: /home/nano/ros2_uav_ws/install/drone_msgs/share/drone_msgs/cmake/export_drone_msgs__rosidl_generator_pyExport-noconfig.cmake
[6.872s] -- Up-to-date: /home/nano/ros2_uav_ws/install/drone_msgs/share/drone_msgs/cmake/rosidl_cmake-extras.cmake
[6.882s] -- Up-to-date: /home/nano/ros2_uav_ws/install/drone_msgs/share/drone_msgs/cmake/ament_cmake_export_include_directories-extras.cmake
[6.886s] -- Up-to-date: /home/nano/ros2_uav_ws/install/drone_msgs/share/drone_msgs/cmake/ament_cmake_export_libraries-extras.cmake
[6.887s] -- Up-to-date: /home/nano/ros2_uav_ws/install/drone_msgs/share/drone_msgs/cmake/ament_cmake_export_targets-extras.cmake
[6.888s] -- Up-to-date: /home/nano/ros2_uav_ws/install/drone_msgs/share/drone_msgs/cmake/rosidl_cmake_export_typesupport_targets-extras.cmake
[6.889s] -- Up-to-date: /home/nano/ros2_uav_ws/install/drone_msgs/share/drone_msgs/cmake/ament_cmake_export_dependencies-extras.cmake
[6.890s] -- Up-to-date: /home/nano/ros2_uav_ws/install/drone_msgs/share/drone_msgs/cmake/rosidl_cmake_export_typesupport_libraries-extras.cmake
[6.891s] -- Up-to-date: /home/nano/ros2_uav_ws/install/drone_msgs/share/drone_msgs/cmake/drone_msgsConfig.cmake
[6.891s] -- Up-to-date: /home/nano/ros2_uav_ws/install/drone_msgs/share/drone_msgs/cmake/drone_msgsConfig-version.cmake
[6.895s] -- Up-to-date: /home/nano/ros2_uav_ws/install/drone_msgs/share/drone_msgs/package.xml
[6.896s] Invoked command in '/home/nano/ros2_uav_ws/build/drone_msgs' returned '0': CMAKE_PREFIX_PATH=${CMAKE_PREFIX_PATH}:/home/nano/ros2_uav_ws/install/nano_test_pkg:/home/nano/ros2_uav_ws/install/px4_offboard:/opt/ros/humble /usr/bin/cmake --install /home/nano/ros2_uav_ws/build/drone_msgs
