[0.000000] (-) TimerEvent: {}
[0.001936] (px4_msgs) JobQueued: {'identifier': 'px4_msgs', 'dependencies': OrderedDict()}
[0.002722] (v4l2_camera) JobQueued: {'identifier': 'v4l2_camera', 'dependencies': OrderedDict()}
[0.003384] (px4_ros_com) JobQueued: {'identifier': 'px4_ros_com', 'dependencies': OrderedDict([('px4_msgs', '/home/nano/ros2_uav_ws/install/px4_msgs')])}
[0.003717] (px4_msgs) JobStarted: {'identifier': 'px4_msgs'}
[0.057877] (v4l2_camera) JobStarted: {'identifier': 'v4l2_camera'}
[0.098926] (-) TimerEvent: {}
[0.199857] (-) TimerEvent: {}
[0.301260] (-) TimerEvent: {}
[0.402361] (-) TimerEvent: {}
[0.503518] (-) TimerEvent: {}
[0.604687] (-) TimerEvent: {}
[0.703565] (v4l2_camera) JobEnded: {'identifier': 'v4l2_camera', 'rc': 1}
[0.705834] (-) TimerEvent: {}
[0.807244] (-) TimerEvent: {}
[0.908210] (-) TimerEvent: {}
[1.009135] (-) TimerEvent: {}
[1.110062] (-) TimerEvent: {}
[1.210983] (-) TimerEvent: {}
[1.311992] (-) TimerEvent: {}
[1.412959] (-) TimerEvent: {}
[1.513930] (-) TimerEvent: {}
[1.614810] (-) TimerEvent: {}
[1.715797] (-) TimerEvent: {}
[1.816699] (-) TimerEvent: {}
[1.917686] (-) TimerEvent: {}
[2.018635] (-) TimerEvent: {}
[2.119552] (-) TimerEvent: {}
[2.220627] (-) TimerEvent: {}
[2.321581] (-) TimerEvent: {}
[2.422554] (-) TimerEvent: {}
[2.523491] (-) TimerEvent: {}
[2.624487] (-) TimerEvent: {}
[2.725460] (-) TimerEvent: {}
[2.826409] (-) TimerEvent: {}
[2.927416] (-) TimerEvent: {}
[3.028463] (-) TimerEvent: {}
[3.129472] (-) TimerEvent: {}
[3.230418] (-) TimerEvent: {}
[3.331359] (-) TimerEvent: {}
[3.432739] (-) TimerEvent: {}
[3.533617] (-) TimerEvent: {}
[3.634327] (-) TimerEvent: {}
[3.734959] (-) TimerEvent: {}
[3.835765] (-) TimerEvent: {}
[3.936816] (-) TimerEvent: {}
[4.037500] (-) TimerEvent: {}
[4.138545] (-) TimerEvent: {}
[4.239194] (-) TimerEvent: {}
[4.339829] (-) TimerEvent: {}
[4.440607] (-) TimerEvent: {}
[4.541356] (-) TimerEvent: {}
[4.642099] (-) TimerEvent: {}
[4.742957] (-) TimerEvent: {}
[4.843606] (-) TimerEvent: {}
[4.944627] (-) TimerEvent: {}
[5.045302] (-) TimerEvent: {}
[5.146069] (-) TimerEvent: {}
[5.246715] (-) TimerEvent: {}
[5.347465] (-) TimerEvent: {}
[5.448169] (-) TimerEvent: {}
[5.548825] (-) TimerEvent: {}
[5.649603] (-) TimerEvent: {}
[5.750921] (-) TimerEvent: {}
[5.851575] (-) TimerEvent: {}
[5.952388] (-) TimerEvent: {}
[6.053114] (-) TimerEvent: {}
[6.153875] (-) TimerEvent: {}
[6.254766] (-) TimerEvent: {}
[6.356364] (-) TimerEvent: {}
[6.457173] (-) TimerEvent: {}
[6.557972] (-) TimerEvent: {}
[6.658938] (-) TimerEvent: {}
[6.759595] (-) TimerEvent: {}
[6.860416] (-) TimerEvent: {}
[6.961462] (-) TimerEvent: {}
[7.062247] (-) TimerEvent: {}
[7.162910] (-) TimerEvent: {}
[7.263563] (-) TimerEvent: {}
[7.364344] (-) TimerEvent: {}
[7.465039] (-) TimerEvent: {}
[7.565721] (-) TimerEvent: {}
[7.666475] (-) TimerEvent: {}
[7.767189] (-) TimerEvent: {}
[7.867920] (-) TimerEvent: {}
[7.968614] (-) TimerEvent: {}
[8.069366] (-) TimerEvent: {}
[8.170107] (-) TimerEvent: {}
[8.270865] (-) TimerEvent: {}
[8.371510] (-) TimerEvent: {}
[8.472313] (-) TimerEvent: {}
[8.573077] (-) TimerEvent: {}
[8.674095] (-) TimerEvent: {}
[8.775121] (-) TimerEvent: {}
[8.875830] (-) TimerEvent: {}
[8.976543] (-) TimerEvent: {}
[9.077330] (-) TimerEvent: {}
[9.178340] (-) TimerEvent: {}
[9.279005] (-) TimerEvent: {}
[9.379787] (-) TimerEvent: {}
[9.480525] (-) TimerEvent: {}
[9.581300] (-) TimerEvent: {}
[9.681965] (-) TimerEvent: {}
[9.782680] (-) TimerEvent: {}
[9.883387] (-) TimerEvent: {}
[9.984163] (-) TimerEvent: {}
[10.084886] (-) TimerEvent: {}
[10.185599] (-) TimerEvent: {}
[10.286438] (-) TimerEvent: {}
[10.387199] (-) TimerEvent: {}
[10.488048] (-) TimerEvent: {}
[10.588944] (-) TimerEvent: {}
[10.689730] (-) TimerEvent: {}
[10.790382] (-) TimerEvent: {}
[10.891155] (-) TimerEvent: {}
[10.991962] (-) TimerEvent: {}
[11.092678] (-) TimerEvent: {}
[11.193358] (-) TimerEvent: {}
[11.294195] (-) TimerEvent: {}
[11.395498] (-) TimerEvent: {}
[11.496662] (-) TimerEvent: {}
[11.597573] (-) TimerEvent: {}
[11.698836] (-) TimerEvent: {}
[11.799510] (-) TimerEvent: {}
[11.900259] (-) TimerEvent: {}
[12.001202] (-) TimerEvent: {}
[12.102052] (-) TimerEvent: {}
[12.202810] (-) TimerEvent: {}
[12.303508] (-) TimerEvent: {}
[12.404245] (-) TimerEvent: {}
[12.504941] (-) TimerEvent: {}
[12.605619] (-) TimerEvent: {}
[12.706389] (-) TimerEvent: {}
[12.807161] (-) TimerEvent: {}
[12.908649] (-) TimerEvent: {}
[13.009605] (-) TimerEvent: {}
[13.110638] (-) TimerEvent: {}
[13.211326] (-) TimerEvent: {}
[13.312180] (-) TimerEvent: {}
[13.412856] (-) TimerEvent: {}
[13.513566] (-) TimerEvent: {}
[13.614234] (-) TimerEvent: {}
[13.714979] (-) TimerEvent: {}
[13.815729] (-) TimerEvent: {}
[13.916570] (-) TimerEvent: {}
[14.017362] (-) TimerEvent: {}
[14.118030] (-) TimerEvent: {}
[14.218686] (-) TimerEvent: {}
[14.319438] (-) TimerEvent: {}
[14.420232] (-) TimerEvent: {}
[14.520980] (-) TimerEvent: {}
[14.621696] (-) TimerEvent: {}
[14.722466] (-) TimerEvent: {}
[14.823539] (-) TimerEvent: {}
[14.924522] (-) TimerEvent: {}
[15.025316] (-) TimerEvent: {}
[15.126058] (-) TimerEvent: {}
[15.226679] (-) TimerEvent: {}
[15.327346] (-) TimerEvent: {}
[15.428036] (-) TimerEvent: {}
[15.528684] (-) TimerEvent: {}
[15.629436] (-) TimerEvent: {}
[15.730104] (-) TimerEvent: {}
[15.830861] (-) TimerEvent: {}
[15.931905] (-) TimerEvent: {}
[16.032780] (-) TimerEvent: {}
[16.133670] (-) TimerEvent: {}
[16.234695] (-) TimerEvent: {}
[16.335479] (-) TimerEvent: {}
[16.436409] (-) TimerEvent: {}
[16.537658] (-) TimerEvent: {}
[16.638372] (-) TimerEvent: {}
[16.739171] (-) TimerEvent: {}
[16.839940] (-) TimerEvent: {}
[16.940727] (-) TimerEvent: {}
[17.042047] (-) TimerEvent: {}
[17.142780] (-) TimerEvent: {}
[17.243562] (-) TimerEvent: {}
[17.344917] (-) TimerEvent: {}
[17.446138] (-) TimerEvent: {}
[17.547600] (-) TimerEvent: {}
[17.648627] (-) TimerEvent: {}
[17.749319] (-) TimerEvent: {}
[17.850119] (-) TimerEvent: {}
[17.950837] (-) TimerEvent: {}
[18.051584] (-) TimerEvent: {}
[18.152460] (-) TimerEvent: {}
[18.253183] (-) TimerEvent: {}
[18.353989] (-) TimerEvent: {}
[18.454798] (-) TimerEvent: {}
[18.555722] (-) TimerEvent: {}
[18.656655] (-) TimerEvent: {}
[18.757416] (-) TimerEvent: {}
[18.858195] (-) TimerEvent: {}
[18.958846] (-) TimerEvent: {}
[19.059532] (-) TimerEvent: {}
[19.160356] (-) TimerEvent: {}
[19.261098] (-) TimerEvent: {}
[19.361779] (-) TimerEvent: {}
[19.462510] (-) TimerEvent: {}
[19.563274] (-) TimerEvent: {}
[19.664102] (-) TimerEvent: {}
[19.764851] (-) TimerEvent: {}
[19.865934] (-) TimerEvent: {}
[19.966732] (-) TimerEvent: {}
[20.067404] (-) TimerEvent: {}
[20.168251] (-) TimerEvent: {}
[20.269046] (-) TimerEvent: {}
[20.369746] (-) TimerEvent: {}
[20.470411] (-) TimerEvent: {}
[20.571143] (-) TimerEvent: {}
[20.672196] (-) TimerEvent: {}
[20.772941] (-) TimerEvent: {}
[20.873627] (-) TimerEvent: {}
[20.974328] (-) TimerEvent: {}
[21.075047] (-) TimerEvent: {}
[21.175905] (-) TimerEvent: {}
[21.276564] (-) TimerEvent: {}
[21.377323] (-) TimerEvent: {}
[21.478101] (-) TimerEvent: {}
[21.578784] (-) TimerEvent: {}
[21.680369] (-) TimerEvent: {}
[21.781054] (-) TimerEvent: {}
[21.881720] (-) TimerEvent: {}
[21.982513] (-) TimerEvent: {}
[22.083295] (-) TimerEvent: {}
[22.184057] (-) TimerEvent: {}
[22.284884] (-) TimerEvent: {}
[22.385696] (-) TimerEvent: {}
[22.486793] (-) TimerEvent: {}
[22.587609] (-) TimerEvent: {}
[22.688876] (-) TimerEvent: {}
[22.789578] (-) TimerEvent: {}
[22.890416] (-) TimerEvent: {}
[22.991137] (-) TimerEvent: {}
[23.092444] (-) TimerEvent: {}
[23.193175] (-) TimerEvent: {}
[23.293907] (-) TimerEvent: {}
[23.394702] (-) TimerEvent: {}
[23.495475] (-) TimerEvent: {}
[23.596365] (-) TimerEvent: {}
[23.697153] (-) TimerEvent: {}
[23.797819] (-) TimerEvent: {}
[23.898497] (-) TimerEvent: {}
[23.999304] (-) TimerEvent: {}
[24.099988] (-) TimerEvent: {}
[24.201207] (-) TimerEvent: {}
[24.302006] (-) TimerEvent: {}
[24.402960] (-) TimerEvent: {}
[24.503760] (-) TimerEvent: {}
[24.604455] (-) TimerEvent: {}
[24.705189] (-) TimerEvent: {}
[24.805841] (-) TimerEvent: {}
[24.906563] (-) TimerEvent: {}
[25.007478] (-) TimerEvent: {}
[25.108337] (-) TimerEvent: {}
[25.209088] (-) TimerEvent: {}
[25.309887] (-) TimerEvent: {}
[25.410608] (-) TimerEvent: {}
[25.511901] (-) TimerEvent: {}
[25.612668] (-) TimerEvent: {}
[25.713385] (-) TimerEvent: {}
[25.814111] (-) TimerEvent: {}
[25.914842] (-) TimerEvent: {}
[26.015933] (-) TimerEvent: {}
[26.116703] (-) TimerEvent: {}
[26.217923] (-) TimerEvent: {}
[26.318594] (-) TimerEvent: {}
[26.419288] (-) TimerEvent: {}
[26.520114] (-) TimerEvent: {}
[26.620924] (-) TimerEvent: {}
[26.722183] (-) TimerEvent: {}
[26.823018] (-) TimerEvent: {}
[26.923875] (-) TimerEvent: {}
[27.024626] (-) TimerEvent: {}
[27.125390] (-) TimerEvent: {}
[27.226321] (-) TimerEvent: {}
[27.327011] (-) TimerEvent: {}
[27.427851] (-) TimerEvent: {}
[27.528509] (-) TimerEvent: {}
[27.629256] (-) TimerEvent: {}
[27.729964] (-) TimerEvent: {}
[27.830629] (-) TimerEvent: {}
[27.931428] (-) TimerEvent: {}
[28.032337] (-) TimerEvent: {}
[28.133391] (-) TimerEvent: {}
[28.234432] (-) TimerEvent: {}
[28.335384] (-) TimerEvent: {}
[28.436246] (-) TimerEvent: {}
[28.536942] (-) TimerEvent: {}
[28.637844] (-) TimerEvent: {}
[28.738667] (-) TimerEvent: {}
[28.839350] (-) TimerEvent: {}
[28.940519] (-) TimerEvent: {}
[29.041231] (-) TimerEvent: {}
[29.141960] (-) TimerEvent: {}
[29.242832] (-) TimerEvent: {}
[29.343544] (-) TimerEvent: {}
[29.444299] (-) TimerEvent: {}
[29.545234] (-) TimerEvent: {}
[29.645925] (-) TimerEvent: {}
[29.746668] (-) TimerEvent: {}
[29.847381] (-) TimerEvent: {}
[29.948231] (-) TimerEvent: {}
[30.048964] (-) TimerEvent: {}
[30.134958] (px4_msgs) JobEnded: {'identifier': 'px4_msgs', 'rc': 'SIGINT'}
[30.146481] (px4_ros_com) JobSkipped: {'identifier': 'px4_ros_com'}
[30.146767] (-) EventReactorShutdown: {}
