[2.006s] Invoking command in '/home/nano/ros2_uav_ws/build/v4l2_camera': CMAKE_PREFIX_PATH=/opt/ros/humble /usr/bin/cmake /home/nano/ros2_uav_ws/src/v4l2_camera -DCMAKE_INSTALL_PREFIX=/home/nano/ros2_uav_ws/install/v4l2_camera
[3.174s] -- The C compiler identification is GNU 11.4.0
[4.152s] -- The CXX compiler identification is GNU 11.4.0
[4.236s] -- Detecting C compiler ABI info
[4.833s] -- Detecting C compiler ABI info - done
[4.873s] -- Check for working C compiler: /usr/bin/cc - skipped
[4.877s] -- Detecting C compile features
[4.883s] -- Detecting C compile features - done
[4.910s] -- Detecting CXX compiler ABI info
[5.500s] -- Detecting CXX compiler ABI info - done
[5.531s] -- Check for working CXX compiler: /usr/bin/c++ - skipped
[5.534s] -- Detecting CXX compile features
[5.538s] -- Detecting CXX compile features - done
[5.573s] -- Found ament_cmake: 1.3.9 (/opt/ros/humble/share/ament_cmake/cmake)
[10.632s] -- Found Python3: /usr/bin/python3 (found version "3.10.12") found components: Interpreter 
[12.330s] -- Found ament_cmake_ros: 0.10.0 (/opt/ros/humble/share/ament_cmake_ros/cmake)
[12.484s] -- Found rclcpp: 16.0.9 (/opt/ros/humble/share/rclcpp/cmake)
[13.064s] -- Found rosidl_generator_c: 3.1.5 (/opt/ros/humble/share/rosidl_generator_c/cmake)
[13.126s] -- Found rosidl_adapter: 3.1.5 (/opt/ros/humble/share/rosidl_adapter/cmake)
[13.220s] -- Found rosidl_generator_cpp: 3.1.5 (/opt/ros/humble/share/rosidl_generator_cpp/cmake)
[13.364s] -- Using all available rosidl_typesupport_c: rosidl_typesupport_fastrtps_c;rosidl_typesupport_introspection_c
[13.651s] -- Using all available rosidl_typesupport_cpp: rosidl_typesupport_fastrtps_cpp;rosidl_typesupport_introspection_cpp
[14.167s] -- Found rmw_implementation_cmake: 6.1.2 (/opt/ros/humble/share/rmw_implementation_cmake/cmake)
[14.197s] -- Found rmw_fastrtps_cpp: 6.2.6 (/opt/ros/humble/share/rmw_fastrtps_cpp/cmake)
[15.218s] -- Found OpenSSL: /usr/lib/aarch64-linux-gnu/libcrypto.so (found version "3.0.2")  
[15.541s] -- Found FastRTPS: /opt/ros/humble/include  
[16.119s] -- Using RMW implementation 'rmw_fastrtps_cpp' as default
[16.267s] -- Looking for pthread.h
[16.862s] -- Looking for pthread.h - found
[16.868s] -- Performing Test CMAKE_HAVE_LIBC_PTHREAD
[18.589s] -- Performing Test CMAKE_HAVE_LIBC_PTHREAD - Success
[18.595s] -- Found Threads: TRUE  
[19.602s] -- Found rclcpp_components: 16.0.9 (/opt/ros/humble/share/rclcpp_components/cmake)
[20.118s] -- Found camera_info_manager: 3.1.9 (/opt/ros/humble/share/camera_info_manager/cmake)
[20.987s] -- Found cv_bridge: 3.2.1 (/opt/ros/humble/share/cv_bridge/cmake)
[21.118s] -- Found image_transport: 3.1.9 (/opt/ros/humble/share/image_transport/cmake)
[21.487s] -- Found ament_lint_auto: 0.12.11 (/opt/ros/humble/share/ament_lint_auto/cmake)
[22.295s] -- Added test 'cppcheck' to perform static code analysis on C / C++ code
[22.296s] -- Configured cppcheck include dirs: $<BUILD_INTERFACE:/home/nano/ros2_uav_ws/src/v4l2_camera/include>
[22.297s] -- Configured cppcheck exclude dirs and/or files: 
[22.341s] -- Added test 'cpplint' to check C / C++ code against the Google style
[22.342s] -- Configured cpplint exclude dirs and/or files: 
[22.358s] -- Added test 'lint_cmake' to check CMake code style
[22.407s] -- Added test 'uncrustify' to check C / C++ code style
[22.408s] -- Configured uncrustify additional arguments: 
[22.415s] -- Added test 'xmllint' to check XML markup files
[22.450s] -- Configuring done
[22.585s] -- Generating done
[22.595s] -- Build files have been written to: /home/nano/ros2_uav_ws/build/v4l2_camera
[22.651s] Invoked command in '/home/nano/ros2_uav_ws/build/v4l2_camera' returned '0': CMAKE_PREFIX_PATH=/opt/ros/humble /usr/bin/cmake /home/nano/ros2_uav_ws/src/v4l2_camera -DCMAKE_INSTALL_PREFIX=/home/nano/ros2_uav_ws/install/v4l2_camera
[22.661s] Invoking command in '/home/nano/ros2_uav_ws/build/v4l2_camera': CMAKE_PREFIX_PATH=/opt/ros/humble /usr/bin/cmake --build /home/nano/ros2_uav_ws/build/v4l2_camera -- -j4 -l4
[22.899s] [ 12%] [32mBuilding CXX object CMakeFiles/v4l2_camera.dir/src/parameters.cpp.o[0m
[22.900s] [ 25%] [32mBuilding CXX object CMakeFiles/v4l2_camera.dir/src/v4l2_camera.cpp.o[0m
[22.906s] [ 37%] [32mBuilding CXX object CMakeFiles/v4l2_camera.dir/src/v4l2_camera_device.cpp.o[0m
[73.795s] [ 50%] [32m[1mLinking CXX shared library libv4l2_camera.so[0m
[77.321s] [ 50%] Built target v4l2_camera
[77.424s] [ 62%] [32mBuilding CXX object CMakeFiles/v4l2_camera_compose_test.dir/src/v4l2_camera_compose_test.cpp.o[0m
[77.428s] [ 75%] [32mBuilding CXX object CMakeFiles/v4l2_camera_node.dir/src/v4l2_camera_node.cpp.o[0m
[94.891s] [ 87%] [32m[1mLinking CXX executable v4l2_camera_node[0m
[98.367s] [ 87%] Built target v4l2_camera_node
[123.053s] [100%] [32m[1mLinking CXX executable v4l2_camera_compose_test[0m
[126.548s] [100%] Built target v4l2_camera_compose_test
[126.591s] Invoked command in '/home/nano/ros2_uav_ws/build/v4l2_camera' returned '0': CMAKE_PREFIX_PATH=/opt/ros/humble /usr/bin/cmake --build /home/nano/ros2_uav_ws/build/v4l2_camera -- -j4 -l4
[126.791s] Invoking command in '/home/nano/ros2_uav_ws/build/v4l2_camera': CMAKE_PREFIX_PATH=/opt/ros/humble /usr/bin/cmake --install /home/nano/ros2_uav_ws/build/v4l2_camera
[126.823s] -- Install configuration: ""
[126.824s] -- Installing: /home/nano/ros2_uav_ws/install/v4l2_camera/include
[126.824s] -- Installing: /home/nano/ros2_uav_ws/install/v4l2_camera/include/v4l2_camera
[126.824s] -- Installing: /home/nano/ros2_uav_ws/install/v4l2_camera/include/v4l2_camera/pixel_format.hpp
[126.825s] -- Installing: /home/nano/ros2_uav_ws/install/v4l2_camera/include/v4l2_camera/image_format.hpp
[126.827s] -- Installing: /home/nano/ros2_uav_ws/install/v4l2_camera/include/v4l2_camera/visibility_control.h
[126.827s] -- Installing: /home/nano/ros2_uav_ws/install/v4l2_camera/include/v4l2_camera/v4l2_camera_device.hpp
[126.828s] -- Installing: /home/nano/ros2_uav_ws/install/v4l2_camera/include/v4l2_camera/v4l2_camera.hpp
[126.829s] -- Installing: /home/nano/ros2_uav_ws/install/v4l2_camera/include/v4l2_camera/fourcc.hpp
[126.830s] -- Installing: /home/nano/ros2_uav_ws/install/v4l2_camera/include/v4l2_camera/control.hpp
[126.831s] -- Installing: /home/nano/ros2_uav_ws/install/v4l2_camera/include/v4l2_camera/parameters.hpp
[126.833s] -- Installing: /home/nano/ros2_uav_ws/install/v4l2_camera/lib/libv4l2_camera.so
[126.892s] -- Set runtime path of "/home/nano/ros2_uav_ws/install/v4l2_camera/lib/libv4l2_camera.so" to ""
[126.892s] -- Installing: /home/nano/ros2_uav_ws/install/v4l2_camera/lib/v4l2_camera/v4l2_camera_node
[126.896s] -- Set runtime path of "/home/nano/ros2_uav_ws/install/v4l2_camera/lib/v4l2_camera/v4l2_camera_node" to ""
[126.896s] -- Installing: /home/nano/ros2_uav_ws/install/v4l2_camera/lib/v4l2_camera/v4l2_camera_compose_test
[126.929s] -- Set runtime path of "/home/nano/ros2_uav_ws/install/v4l2_camera/lib/v4l2_camera/v4l2_camera_compose_test" to ""
[126.930s] -- Installing: /home/nano/ros2_uav_ws/install/v4l2_camera/share/v4l2_camera/environment/library_path.sh
[126.931s] -- Installing: /home/nano/ros2_uav_ws/install/v4l2_camera/share/v4l2_camera/environment/library_path.dsv
[126.933s] -- Installing: /home/nano/ros2_uav_ws/install/v4l2_camera/share/ament_index/resource_index/package_run_dependencies/v4l2_camera
[126.935s] -- Installing: /home/nano/ros2_uav_ws/install/v4l2_camera/share/ament_index/resource_index/parent_prefix_path/v4l2_camera
[126.936s] -- Installing: /home/nano/ros2_uav_ws/install/v4l2_camera/share/v4l2_camera/environment/ament_prefix_path.sh
[126.937s] -- Installing: /home/nano/ros2_uav_ws/install/v4l2_camera/share/v4l2_camera/environment/ament_prefix_path.dsv
[126.939s] -- Installing: /home/nano/ros2_uav_ws/install/v4l2_camera/share/v4l2_camera/environment/path.sh
[126.940s] -- Installing: /home/nano/ros2_uav_ws/install/v4l2_camera/share/v4l2_camera/environment/path.dsv
[126.941s] -- Installing: /home/nano/ros2_uav_ws/install/v4l2_camera/share/v4l2_camera/local_setup.bash
[126.942s] -- Installing: /home/nano/ros2_uav_ws/install/v4l2_camera/share/v4l2_camera/local_setup.sh
[126.943s] -- Installing: /home/nano/ros2_uav_ws/install/v4l2_camera/share/v4l2_camera/local_setup.zsh
[126.944s] -- Installing: /home/nano/ros2_uav_ws/install/v4l2_camera/share/v4l2_camera/local_setup.dsv
[126.945s] -- Installing: /home/nano/ros2_uav_ws/install/v4l2_camera/share/v4l2_camera/package.dsv
[126.947s] -- Installing: /home/nano/ros2_uav_ws/install/v4l2_camera/share/ament_index/resource_index/packages/v4l2_camera
[126.948s] -- Installing: /home/nano/ros2_uav_ws/install/v4l2_camera/share/ament_index/resource_index/rclcpp_components/v4l2_camera
[126.950s] -- Installing: /home/nano/ros2_uav_ws/install/v4l2_camera/share/v4l2_camera/cmake/export_v4l2_cameraExport.cmake
[126.951s] -- Installing: /home/nano/ros2_uav_ws/install/v4l2_camera/share/v4l2_camera/cmake/export_v4l2_cameraExport-noconfig.cmake
[126.952s] -- Installing: /home/nano/ros2_uav_ws/install/v4l2_camera/share/v4l2_camera/cmake/ament_cmake_export_include_directories-extras.cmake
[126.955s] -- Installing: /home/nano/ros2_uav_ws/install/v4l2_camera/share/v4l2_camera/cmake/ament_cmake_export_targets-extras.cmake
[126.956s] -- Installing: /home/nano/ros2_uav_ws/install/v4l2_camera/share/v4l2_camera/cmake/ament_cmake_export_libraries-extras.cmake
[126.957s] -- Installing: /home/nano/ros2_uav_ws/install/v4l2_camera/share/v4l2_camera/cmake/ament_cmake_export_dependencies-extras.cmake
[126.959s] -- Installing: /home/nano/ros2_uav_ws/install/v4l2_camera/share/v4l2_camera/cmake/v4l2_cameraConfig.cmake
[126.960s] -- Installing: /home/nano/ros2_uav_ws/install/v4l2_camera/share/v4l2_camera/cmake/v4l2_cameraConfig-version.cmake
[126.962s] -- Installing: /home/nano/ros2_uav_ws/install/v4l2_camera/share/v4l2_camera/package.xml
[126.968s] Invoked command in '/home/nano/ros2_uav_ws/build/v4l2_camera' returned '0': CMAKE_PREFIX_PATH=/opt/ros/humble /usr/bin/cmake --install /home/nano/ros2_uav_ws/build/v4l2_camera
