[0.121s] Invoking command in '/home/nano/ros2_uav_ws/build/keyboard_msgs': CMAKE_PREFIX_PATH=${CMAKE_PREFIX_PATH}:/home/nano/ros2_uav_ws/install/nano_test_pkg:/home/nano/ros2_uav_ws/install/px4_offboard:/opt/ros/humble /usr/bin/cmake --build /home/nano/ros2_uav_ws/build/keyboard_msgs -- -j4 -l4
[0.727s] [35m[1mConsolidate compiler generated dependencies of target keyboard_msgs__rosidl_generator_c[0m
[0.791s] [  3%] Built target keyboard_msgs__cpp
[0.878s] [ 12%] Built target keyboard_msgs__rosidl_generator_c
[0.878s] [ 12%] Built target ament_cmake_python_symlink_keyboard_msgs
[0.926s] [35m[1mConsolidate compiler generated dependencies of target keyboard_msgs__rosidl_typesupport_cpp[0m
[0.929s] [35m[1mConsolidate compiler generated dependencies of target keyboard_msgs__rosidl_typesupport_fastrtps_cpp[0m
[0.989s] [35m[1mConsolidate compiler generated dependencies of target keyboard_msgs__rosidl_typesupport_fastrtps_c[0m
[1.041s] [ 22%] Built target keyboard_msgs__rosidl_typesupport_cpp
[1.090s] [35m[1mConsolidate compiler generated dependencies of target keyboard_msgs__rosidl_typesupport_introspection_cpp[0m
[1.091s] [ 32%] Built target keyboard_msgs__rosidl_typesupport_fastrtps_cpp
[1.114s] [ 41%] Built target keyboard_msgs__rosidl_typesupport_fastrtps_c
[1.194s] [35m[1mConsolidate compiler generated dependencies of target keyboard_msgs__rosidl_typesupport_introspection_c[0m
[1.220s] [35m[1mConsolidate compiler generated dependencies of target keyboard_msgs__rosidl_typesupport_c[0m
[1.232s] [ 51%] Built target keyboard_msgs__rosidl_typesupport_introspection_cpp
[1.309s] [ 61%] Built target keyboard_msgs__rosidl_typesupport_introspection_c
[1.346s] [ 70%] Built target keyboard_msgs__rosidl_typesupport_c
[1.558s] [ 70%] Built target keyboard_msgs
[1.783s] [ 74%] Built target keyboard_msgs__py
[1.897s] [35m[1mConsolidate compiler generated dependencies of target keyboard_msgs__rosidl_generator_py[0m
[2.027s] [ 80%] Built target keyboard_msgs__rosidl_generator_py
[2.197s] [35m[1mConsolidate compiler generated dependencies of target keyboard_msgs__rosidl_typesupport_fastrtps_c__pyext[0m
[2.212s] [35m[1mConsolidate compiler generated dependencies of target keyboard_msgs__rosidl_typesupport_c__pyext[0m
[2.236s] [35m[1mConsolidate compiler generated dependencies of target keyboard_msgs__rosidl_typesupport_introspection_c__pyext[0m
[2.336s] [ 87%] Built target keyboard_msgs__rosidl_typesupport_fastrtps_c__pyext
[2.399s] [ 93%] Built target keyboard_msgs__rosidl_typesupport_introspection_c__pyext
[2.408s] [100%] Built target keyboard_msgs__rosidl_typesupport_c__pyext
[4.389s] running egg_info
[4.681s] writing keyboard_msgs.egg-info/PKG-INFO
[4.689s] writing dependency_links to keyboard_msgs.egg-info/dependency_links.txt
[4.693s] writing top-level names to keyboard_msgs.egg-info/top_level.txt
[5.635s] reading manifest file 'keyboard_msgs.egg-info/SOURCES.txt'
[5.645s] writing manifest file 'keyboard_msgs.egg-info/SOURCES.txt'
[5.893s] [100%] Built target ament_cmake_python_build_keyboard_msgs_egg
[5.974s] Invoked command in '/home/nano/ros2_uav_ws/build/keyboard_msgs' returned '0': CMAKE_PREFIX_PATH=${CMAKE_PREFIX_PATH}:/home/nano/ros2_uav_ws/install/nano_test_pkg:/home/nano/ros2_uav_ws/install/px4_offboard:/opt/ros/humble /usr/bin/cmake --build /home/nano/ros2_uav_ws/build/keyboard_msgs -- -j4 -l4
[6.767s] Invoking command in '/home/nano/ros2_uav_ws/build/keyboard_msgs': CMAKE_PREFIX_PATH=${CMAKE_PREFIX_PATH}:/home/nano/ros2_uav_ws/install/nano_test_pkg:/home/nano/ros2_uav_ws/install/px4_offboard:/opt/ros/humble /usr/bin/cmake --install /home/nano/ros2_uav_ws/build/keyboard_msgs
[6.890s] -- Install configuration: ""
[6.897s] -- Execute custom install script
[6.915s] -- Up-to-date symlink: /home/nano/ros2_uav_ws/install/keyboard_msgs/share/ament_index/resource_index/rosidl_interfaces/keyboard_msgs
[6.929s] -- Up-to-date symlink: /home/nano/ros2_uav_ws/install/keyboard_msgs/include/keyboard_msgs/keyboard_msgs/msg/detail/key__functions.h
[6.933s] -- Up-to-date symlink: /home/nano/ros2_uav_ws/install/keyboard_msgs/include/keyboard_msgs/keyboard_msgs/msg/detail/key__struct.h
[6.935s] -- Up-to-date symlink: /home/nano/ros2_uav_ws/install/keyboard_msgs/include/keyboard_msgs/keyboard_msgs/msg/detail/key__type_support.h
[6.938s] -- Up-to-date symlink: /home/nano/ros2_uav_ws/install/keyboard_msgs/include/keyboard_msgs/keyboard_msgs/msg/key.h
[6.950s] -- Up-to-date symlink: /home/nano/ros2_uav_ws/install/keyboard_msgs/include/keyboard_msgs/keyboard_msgs/msg/rosidl_generator_c__visibility_control.h
[6.955s] -- Up-to-date symlink: /home/nano/ros2_uav_ws/install/keyboard_msgs/share/keyboard_msgs/environment/library_path.sh
[6.957s] -- Up-to-date symlink: /home/nano/ros2_uav_ws/install/keyboard_msgs/share/keyboard_msgs/environment/library_path.dsv
[6.962s] -- Up-to-date symlink: /home/nano/ros2_uav_ws/install/keyboard_msgs/include/keyboard_msgs/keyboard_msgs/msg/detail/key__rosidl_typesupport_fastrtps_c.h
[6.966s] -- Up-to-date symlink: /home/nano/ros2_uav_ws/install/keyboard_msgs/include/keyboard_msgs/keyboard_msgs/msg/rosidl_typesupport_fastrtps_c__visibility_control.h
[6.979s] -- Up-to-date symlink: /home/nano/ros2_uav_ws/install/keyboard_msgs/include/keyboard_msgs/keyboard_msgs/msg/detail/key__builder.hpp
[6.982s] -- Up-to-date symlink: /home/nano/ros2_uav_ws/install/keyboard_msgs/include/keyboard_msgs/keyboard_msgs/msg/detail/key__struct.hpp
[6.984s] -- Up-to-date symlink: /home/nano/ros2_uav_ws/install/keyboard_msgs/include/keyboard_msgs/keyboard_msgs/msg/detail/key__traits.hpp
[6.990s] -- Up-to-date symlink: /home/nano/ros2_uav_ws/install/keyboard_msgs/include/keyboard_msgs/keyboard_msgs/msg/key.hpp
[7.010s] -- Up-to-date symlink: /home/nano/ros2_uav_ws/install/keyboard_msgs/include/keyboard_msgs/keyboard_msgs/msg/detail/key__rosidl_typesupport_fastrtps_cpp.hpp
[7.015s] -- Up-to-date symlink: /home/nano/ros2_uav_ws/install/keyboard_msgs/include/keyboard_msgs/keyboard_msgs/msg/rosidl_typesupport_fastrtps_cpp__visibility_control.h
[7.021s] -- Up-to-date symlink: /home/nano/ros2_uav_ws/install/keyboard_msgs/include/keyboard_msgs/keyboard_msgs/msg/detail/key__rosidl_typesupport_introspection_c.h
[7.032s] -- Up-to-date symlink: /home/nano/ros2_uav_ws/install/keyboard_msgs/include/keyboard_msgs/keyboard_msgs/msg/rosidl_typesupport_introspection_c__visibility_control.h
[7.038s] -- Up-to-date symlink: /home/nano/ros2_uav_ws/install/keyboard_msgs/include/keyboard_msgs/keyboard_msgs/msg/detail/key__rosidl_typesupport_introspection_cpp.hpp
[7.051s] -- Up-to-date symlink: /home/nano/ros2_uav_ws/install/keyboard_msgs/share/keyboard_msgs/environment/pythonpath.sh
[7.052s] -- Up-to-date symlink: /home/nano/ros2_uav_ws/install/keyboard_msgs/share/keyboard_msgs/environment/pythonpath.dsv
[7.062s] -- Up-to-date symlink: /home/nano/ros2_uav_ws/install/keyboard_msgs/local/lib/python3.10/dist-packages/keyboard_msgs-1.0.0-py3.10.egg-info/PKG-INFO
[7.075s] -- Up-to-date symlink: /home/nano/ros2_uav_ws/install/keyboard_msgs/local/lib/python3.10/dist-packages/keyboard_msgs-1.0.0-py3.10.egg-info/SOURCES.txt
[7.088s] -- Up-to-date symlink: /home/nano/ros2_uav_ws/install/keyboard_msgs/local/lib/python3.10/dist-packages/keyboard_msgs-1.0.0-py3.10.egg-info/dependency_links.txt
[7.093s] -- Up-to-date symlink: /home/nano/ros2_uav_ws/install/keyboard_msgs/local/lib/python3.10/dist-packages/keyboard_msgs-1.0.0-py3.10.egg-info/top_level.txt
[7.118s] -- Up-to-date symlink: /home/nano/ros2_uav_ws/install/keyboard_msgs/local/lib/python3.10/dist-packages/keyboard_msgs/__init__.py
[7.122s] -- Up-to-date symlink: /home/nano/ros2_uav_ws/install/keyboard_msgs/local/lib/python3.10/dist-packages/keyboard_msgs/_keyboard_msgs_s.ep.rosidl_typesupport_c.c
[7.129s] -- Up-to-date symlink: /home/nano/ros2_uav_ws/install/keyboard_msgs/local/lib/python3.10/dist-packages/keyboard_msgs/_keyboard_msgs_s.ep.rosidl_typesupport_fastrtps_c.c
[7.139s] -- Up-to-date symlink: /home/nano/ros2_uav_ws/install/keyboard_msgs/local/lib/python3.10/dist-packages/keyboard_msgs/_keyboard_msgs_s.ep.rosidl_typesupport_introspection_c.c
[7.156s] -- Up-to-date symlink: /home/nano/ros2_uav_ws/install/keyboard_msgs/local/lib/python3.10/dist-packages/keyboard_msgs/keyboard_msgs_s__rosidl_typesupport_c.cpython-310-aarch64-linux-gnu.so
[7.162s] -- Up-to-date symlink: /home/nano/ros2_uav_ws/install/keyboard_msgs/local/lib/python3.10/dist-packages/keyboard_msgs/keyboard_msgs_s__rosidl_typesupport_fastrtps_c.cpython-310-aarch64-linux-gnu.so
[7.167s] -- Up-to-date symlink: /home/nano/ros2_uav_ws/install/keyboard_msgs/local/lib/python3.10/dist-packages/keyboard_msgs/keyboard_msgs_s__rosidl_typesupport_introspection_c.cpython-310-aarch64-linux-gnu.so
[7.172s] -- Up-to-date symlink: /home/nano/ros2_uav_ws/install/keyboard_msgs/local/lib/python3.10/dist-packages/keyboard_msgs/libkeyboard_msgs__rosidl_generator_py.so
[7.177s] -- Up-to-date symlink: /home/nano/ros2_uav_ws/install/keyboard_msgs/local/lib/python3.10/dist-packages/keyboard_msgs/msg/__init__.py
[7.181s] -- Up-to-date symlink: /home/nano/ros2_uav_ws/install/keyboard_msgs/local/lib/python3.10/dist-packages/keyboard_msgs/msg/_key.py
[7.183s] -- Up-to-date symlink: /home/nano/ros2_uav_ws/install/keyboard_msgs/local/lib/python3.10/dist-packages/keyboard_msgs/msg/_key_s.c
[7.186s] -- Up-to-date symlink: /home/nano/ros2_uav_ws/install/keyboard_msgs/local/lib/python3.10/dist-packages/keyboard_msgs/keyboard_msgs_s__rosidl_typesupport_fastrtps_c.cpython-310-aarch64-linux-gnu.so
[7.189s] -- Up-to-date symlink: /home/nano/ros2_uav_ws/install/keyboard_msgs/local/lib/python3.10/dist-packages/keyboard_msgs/keyboard_msgs_s__rosidl_typesupport_introspection_c.cpython-310-aarch64-linux-gnu.so
[7.194s] -- Up-to-date symlink: /home/nano/ros2_uav_ws/install/keyboard_msgs/local/lib/python3.10/dist-packages/keyboard_msgs/keyboard_msgs_s__rosidl_typesupport_c.cpython-310-aarch64-linux-gnu.so
[7.213s] -- Up-to-date symlink: /home/nano/ros2_uav_ws/install/keyboard_msgs/share/keyboard_msgs/msg/Key.idl
[7.228s] -- Up-to-date symlink: /home/nano/ros2_uav_ws/install/keyboard_msgs/share/keyboard_msgs/msg/Key.msg
[7.241s] -- Up-to-date symlink: /home/nano/ros2_uav_ws/install/keyboard_msgs/share/ament_index/resource_index/package_run_dependencies/keyboard_msgs
[7.262s] -- Up-to-date symlink: /home/nano/ros2_uav_ws/install/keyboard_msgs/share/ament_index/resource_index/parent_prefix_path/keyboard_msgs
[7.277s] -- Up-to-date symlink: /home/nano/ros2_uav_ws/install/keyboard_msgs/share/keyboard_msgs/environment/ament_prefix_path.sh
[7.280s] -- Up-to-date symlink: /home/nano/ros2_uav_ws/install/keyboard_msgs/share/keyboard_msgs/environment/ament_prefix_path.dsv
[7.289s] -- Up-to-date symlink: /home/nano/ros2_uav_ws/install/keyboard_msgs/share/keyboard_msgs/environment/path.sh
[7.291s] -- Up-to-date symlink: /home/nano/ros2_uav_ws/install/keyboard_msgs/share/keyboard_msgs/environment/path.dsv
[7.295s] -- Up-to-date symlink: /home/nano/ros2_uav_ws/install/keyboard_msgs/share/keyboard_msgs/local_setup.bash
[7.309s] -- Up-to-date symlink: /home/nano/ros2_uav_ws/install/keyboard_msgs/share/keyboard_msgs/local_setup.sh
[7.315s] -- Up-to-date symlink: /home/nano/ros2_uav_ws/install/keyboard_msgs/share/keyboard_msgs/local_setup.zsh
[7.330s] -- Up-to-date symlink: /home/nano/ros2_uav_ws/install/keyboard_msgs/share/keyboard_msgs/local_setup.dsv
[7.331s] -- Symlinking: /home/nano/ros2_uav_ws/install/keyboard_msgs/share/keyboard_msgs/package.dsv
[7.386s] -- Up-to-date symlink: /home/nano/ros2_uav_ws/install/keyboard_msgs/share/ament_index/resource_index/packages/keyboard_msgs
[7.400s] -- Up-to-date symlink: /home/nano/ros2_uav_ws/install/keyboard_msgs/share/keyboard_msgs/cmake/rosidl_cmake-extras.cmake
[7.403s] -- Up-to-date symlink: /home/nano/ros2_uav_ws/install/keyboard_msgs/share/keyboard_msgs/cmake/ament_cmake_export_dependencies-extras.cmake
[7.406s] -- Up-to-date symlink: /home/nano/ros2_uav_ws/install/keyboard_msgs/share/keyboard_msgs/cmake/ament_cmake_export_include_directories-extras.cmake
[7.411s] -- Up-to-date symlink: /home/nano/ros2_uav_ws/install/keyboard_msgs/share/keyboard_msgs/cmake/ament_cmake_export_libraries-extras.cmake
[7.419s] -- Up-to-date symlink: /home/nano/ros2_uav_ws/install/keyboard_msgs/share/keyboard_msgs/cmake/ament_cmake_export_targets-extras.cmake
[7.427s] -- Up-to-date symlink: /home/nano/ros2_uav_ws/install/keyboard_msgs/share/keyboard_msgs/cmake/rosidl_cmake_export_typesupport_targets-extras.cmake
[7.438s] -- Up-to-date symlink: /home/nano/ros2_uav_ws/install/keyboard_msgs/share/keyboard_msgs/cmake/rosidl_cmake_export_typesupport_libraries-extras.cmake
[7.444s] -- Up-to-date symlink: /home/nano/ros2_uav_ws/install/keyboard_msgs/share/keyboard_msgs/cmake/keyboard_msgsConfig.cmake
[7.448s] -- Up-to-date symlink: /home/nano/ros2_uav_ws/install/keyboard_msgs/share/keyboard_msgs/cmake/keyboard_msgsConfig-version.cmake
[7.450s] -- Up-to-date symlink: /home/nano/ros2_uav_ws/install/keyboard_msgs/share/keyboard_msgs/package.xml
[7.454s] -- Up-to-date: /home/nano/ros2_uav_ws/install/keyboard_msgs/lib/libkeyboard_msgs__rosidl_generator_c.so
[7.470s] -- Up-to-date: /home/nano/ros2_uav_ws/install/keyboard_msgs/lib/libkeyboard_msgs__rosidl_typesupport_fastrtps_c.so
[7.474s] -- Up-to-date: /home/nano/ros2_uav_ws/install/keyboard_msgs/lib/libkeyboard_msgs__rosidl_typesupport_fastrtps_cpp.so
[7.479s] -- Up-to-date: /home/nano/ros2_uav_ws/install/keyboard_msgs/lib/libkeyboard_msgs__rosidl_typesupport_introspection_c.so
[7.482s] -- Up-to-date: /home/nano/ros2_uav_ws/install/keyboard_msgs/lib/libkeyboard_msgs__rosidl_typesupport_c.so
[7.496s] -- Up-to-date: /home/nano/ros2_uav_ws/install/keyboard_msgs/lib/libkeyboard_msgs__rosidl_typesupport_introspection_cpp.so
[7.499s] -- Up-to-date: /home/nano/ros2_uav_ws/install/keyboard_msgs/lib/libkeyboard_msgs__rosidl_typesupport_cpp.so
[8.142s] Listing '/home/nano/ros2_uav_ws/install/keyboard_msgs/local/lib/python3.10/dist-packages/keyboard_msgs'...
[8.148s] Listing '/home/nano/ros2_uav_ws/install/keyboard_msgs/local/lib/python3.10/dist-packages/keyboard_msgs/msg'...
[8.256s] -- Up-to-date: /home/nano/ros2_uav_ws/install/keyboard_msgs/lib/libkeyboard_msgs__rosidl_generator_py.so
[8.276s] -- Up-to-date: /home/nano/ros2_uav_ws/install/keyboard_msgs/share/keyboard_msgs/cmake/export_keyboard_msgs__rosidl_generator_cExport.cmake
[8.278s] -- Up-to-date: /home/nano/ros2_uav_ws/install/keyboard_msgs/share/keyboard_msgs/cmake/export_keyboard_msgs__rosidl_generator_cExport-noconfig.cmake
[8.280s] -- Up-to-date: /home/nano/ros2_uav_ws/install/keyboard_msgs/share/keyboard_msgs/cmake/export_keyboard_msgs__rosidl_typesupport_fastrtps_cExport.cmake
[8.281s] -- Up-to-date: /home/nano/ros2_uav_ws/install/keyboard_msgs/share/keyboard_msgs/cmake/export_keyboard_msgs__rosidl_typesupport_fastrtps_cExport-noconfig.cmake
[8.282s] -- Up-to-date: /home/nano/ros2_uav_ws/install/keyboard_msgs/share/keyboard_msgs/cmake/export_keyboard_msgs__rosidl_generator_cppExport.cmake
[8.284s] -- Up-to-date: /home/nano/ros2_uav_ws/install/keyboard_msgs/share/keyboard_msgs/cmake/export_keyboard_msgs__rosidl_typesupport_fastrtps_cppExport.cmake
[8.285s] -- Up-to-date: /home/nano/ros2_uav_ws/install/keyboard_msgs/share/keyboard_msgs/cmake/export_keyboard_msgs__rosidl_typesupport_fastrtps_cppExport-noconfig.cmake
[8.291s] -- Up-to-date: /home/nano/ros2_uav_ws/install/keyboard_msgs/share/keyboard_msgs/cmake/keyboard_msgs__rosidl_typesupport_introspection_cExport.cmake
[8.294s] -- Up-to-date: /home/nano/ros2_uav_ws/install/keyboard_msgs/share/keyboard_msgs/cmake/keyboard_msgs__rosidl_typesupport_introspection_cExport-noconfig.cmake
[8.295s] -- Up-to-date: /home/nano/ros2_uav_ws/install/keyboard_msgs/share/keyboard_msgs/cmake/keyboard_msgs__rosidl_typesupport_cExport.cmake
[8.303s] -- Up-to-date: /home/nano/ros2_uav_ws/install/keyboard_msgs/share/keyboard_msgs/cmake/keyboard_msgs__rosidl_typesupport_cExport-noconfig.cmake
[8.304s] -- Up-to-date: /home/nano/ros2_uav_ws/install/keyboard_msgs/share/keyboard_msgs/cmake/keyboard_msgs__rosidl_typesupport_introspection_cppExport.cmake
[8.304s] -- Up-to-date: /home/nano/ros2_uav_ws/install/keyboard_msgs/share/keyboard_msgs/cmake/keyboard_msgs__rosidl_typesupport_introspection_cppExport-noconfig.cmake
[8.305s] -- Up-to-date: /home/nano/ros2_uav_ws/install/keyboard_msgs/share/keyboard_msgs/cmake/keyboard_msgs__rosidl_typesupport_cppExport.cmake
[8.306s] -- Up-to-date: /home/nano/ros2_uav_ws/install/keyboard_msgs/share/keyboard_msgs/cmake/keyboard_msgs__rosidl_typesupport_cppExport-noconfig.cmake
[8.307s] -- Up-to-date: /home/nano/ros2_uav_ws/install/keyboard_msgs/share/keyboard_msgs/cmake/export_keyboard_msgs__rosidl_generator_pyExport.cmake
[8.309s] -- Up-to-date: /home/nano/ros2_uav_ws/install/keyboard_msgs/share/keyboard_msgs/cmake/export_keyboard_msgs__rosidl_generator_pyExport-noconfig.cmake
[8.332s] Invoked command in '/home/nano/ros2_uav_ws/build/keyboard_msgs' returned '0': CMAKE_PREFIX_PATH=${CMAKE_PREFIX_PATH}:/home/nano/ros2_uav_ws/install/nano_test_pkg:/home/nano/ros2_uav_ws/install/px4_offboard:/opt/ros/humble /usr/bin/cmake --install /home/nano/ros2_uav_ws/build/keyboard_msgs
