[0.075s] Invoking command in '/home/nano/ros2_uav_ws/build/v4l2_camera': CMAKE_PREFIX_PATH=${CMAKE_PREFIX_PATH}:/home/nano/ros2_uav_ws/install/nano_test_pkg:/home/nano/ros2_uav_ws/install/px4_offboard:/opt/ros/humble /usr/bin/cmake /home/nano/ros2_uav_ws/src/v4l2_camera -DAMENT_CMAKE_SYMLINK_INSTALL=1 -DCMAKE_INSTALL_PREFIX=/home/nano/ros2_uav_ws/install/v4l2_camera
[0.385s] -- The C compiler identification is GNU 11.4.0
[0.687s] -- The CXX compiler identification is GNU 11.4.0
[0.721s] -- Detecting C compiler ABI info
[1.112s] -- Detecting C compiler ABI info - done
[1.140s] -- Check for working C compiler: /usr/bin/cc - skipped
[1.141s] -- Detecting C compile features
[1.143s] -- Detecting C compile features - done
[1.154s] -- Detecting CXX compiler ABI info
[1.577s] -- Detecting CXX compiler ABI info - done
[1.604s] -- Check for working CXX compiler: /usr/bin/c++ - skipped
[1.607s] -- Detecting CXX compile features
[1.611s] -- Detecting CXX compile features - done
[1.634s] -- Found ament_cmake: 1.3.9 (/opt/ros/humble/share/ament_cmake/cmake)
[3.974s] -- Found Python3: /usr/bin/python3 (found version "3.10.12") found components: Interpreter 
[4.354s] -- Override CMake install command with custom implementation using symlinks instead of copying resources
[4.609s] -- Found ament_cmake_ros: 0.10.0 (/opt/ros/humble/share/ament_cmake_ros/cmake)
[4.680s] -- Found rclcpp: 16.0.9 (/opt/ros/humble/share/rclcpp/cmake)
[5.015s] -- Found rosidl_generator_c: 3.1.5 (/opt/ros/humble/share/rosidl_generator_c/cmake)
[5.057s] -- Found rosidl_adapter: 3.1.5 (/opt/ros/humble/share/rosidl_adapter/cmake)
[5.112s] -- Found rosidl_generator_cpp: 3.1.5 (/opt/ros/humble/share/rosidl_generator_cpp/cmake)
[5.193s] -- Using all available rosidl_typesupport_c: rosidl_typesupport_fastrtps_c;rosidl_typesupport_introspection_c
[5.308s] -- Using all available rosidl_typesupport_cpp: rosidl_typesupport_fastrtps_cpp;rosidl_typesupport_introspection_cpp
[5.710s] -- Found rmw_implementation_cmake: 6.1.2 (/opt/ros/humble/share/rmw_implementation_cmake/cmake)
[5.733s] -- Found rmw_fastrtps_cpp: 6.2.6 (/opt/ros/humble/share/rmw_fastrtps_cpp/cmake)
[6.408s] -- Found OpenSSL: /usr/lib/aarch64-linux-gnu/libcrypto.so (found version "3.0.2")  
[6.681s] -- Found FastRTPS: /opt/ros/humble/include  
[7.143s] -- Using RMW implementation 'rmw_fastrtps_cpp' as default
[7.229s] -- Looking for pthread.h
[7.613s] -- Looking for pthread.h - found
[7.615s] -- Performing Test CMAKE_HAVE_LIBC_PTHREAD
[8.015s] -- Performing Test CMAKE_HAVE_LIBC_PTHREAD - Success
[8.020s] -- Found Threads: TRUE  
[8.843s] -- Found rclcpp_components: 16.0.9 (/opt/ros/humble/share/rclcpp_components/cmake)
[9.347s] -- Found camera_info_manager: 3.1.9 (/opt/ros/humble/share/camera_info_manager/cmake)
[10.143s] -- Found cv_bridge: 3.2.1 (/opt/ros/humble/share/cv_bridge/cmake)
[10.242s] -- Found image_transport: 3.1.9 (/opt/ros/humble/share/image_transport/cmake)
[10.590s] -- Found ament_lint_auto: 0.12.11 (/opt/ros/humble/share/ament_lint_auto/cmake)
[11.166s] -- Added test 'cppcheck' to perform static code analysis on C / C++ code
[11.167s] -- Configured cppcheck include dirs: $<BUILD_INTERFACE:/home/nano/ros2_uav_ws/src/v4l2_camera/include>
[11.168s] -- Configured cppcheck exclude dirs and/or files: 
[11.207s] -- Added test 'cpplint' to check C / C++ code against the Google style
[11.208s] -- Configured cpplint exclude dirs and/or files: 
[11.223s] -- Added test 'lint_cmake' to check CMake code style
[11.266s] -- Added test 'uncrustify' to check C / C++ code style
[11.266s] -- Configured uncrustify additional arguments: 
[11.273s] -- Added test 'xmllint' to check XML markup files
[11.307s] -- Configuring done
[11.438s] -- Generating done
[11.447s] -- Build files have been written to: /home/nano/ros2_uav_ws/build/v4l2_camera
[11.500s] Invoked command in '/home/nano/ros2_uav_ws/build/v4l2_camera' returned '0': CMAKE_PREFIX_PATH=${CMAKE_PREFIX_PATH}:/home/nano/ros2_uav_ws/install/nano_test_pkg:/home/nano/ros2_uav_ws/install/px4_offboard:/opt/ros/humble /usr/bin/cmake /home/nano/ros2_uav_ws/src/v4l2_camera -DAMENT_CMAKE_SYMLINK_INSTALL=1 -DCMAKE_INSTALL_PREFIX=/home/nano/ros2_uav_ws/install/v4l2_camera
[11.512s] Invoking command in '/home/nano/ros2_uav_ws/build/v4l2_camera': CMAKE_PREFIX_PATH=${CMAKE_PREFIX_PATH}:/home/nano/ros2_uav_ws/install/nano_test_pkg:/home/nano/ros2_uav_ws/install/px4_offboard:/opt/ros/humble /usr/bin/cmake --build /home/nano/ros2_uav_ws/build/v4l2_camera -- -j4 -l4
[11.782s] [ 12%] [32mBuilding CXX object CMakeFiles/v4l2_camera.dir/src/parameters.cpp.o[0m
[11.810s] [ 25%] [32mBuilding CXX object CMakeFiles/v4l2_camera.dir/src/v4l2_camera.cpp.o[0m
[11.811s] [ 37%] [32mBuilding CXX object CMakeFiles/v4l2_camera.dir/src/v4l2_camera_device.cpp.o[0m
[77.102s] [ 50%] [32m[1mLinking CXX shared library libv4l2_camera.so[0m
[80.657s] [ 50%] Built target v4l2_camera
[80.794s] [ 62%] [32mBuilding CXX object CMakeFiles/v4l2_camera_node.dir/src/v4l2_camera_node.cpp.o[0m
[80.824s] [ 75%] [32mBuilding CXX object CMakeFiles/v4l2_camera_compose_test.dir/src/v4l2_camera_compose_test.cpp.o[0m
[108.855s] [ 87%] [32m[1mLinking CXX executable v4l2_camera_node[0m
[112.062s] [ 87%] Built target v4l2_camera_node
[140.308s] [100%] [32m[1mLinking CXX executable v4l2_camera_compose_test[0m
[144.559s] [100%] Built target v4l2_camera_compose_test
[144.617s] Invoked command in '/home/nano/ros2_uav_ws/build/v4l2_camera' returned '0': CMAKE_PREFIX_PATH=${CMAKE_PREFIX_PATH}:/home/nano/ros2_uav_ws/install/nano_test_pkg:/home/nano/ros2_uav_ws/install/px4_offboard:/opt/ros/humble /usr/bin/cmake --build /home/nano/ros2_uav_ws/build/v4l2_camera -- -j4 -l4
[145.018s] Invoking command in '/home/nano/ros2_uav_ws/build/v4l2_camera': CMAKE_PREFIX_PATH=${CMAKE_PREFIX_PATH}:/home/nano/ros2_uav_ws/install/nano_test_pkg:/home/nano/ros2_uav_ws/install/px4_offboard:/opt/ros/humble /usr/bin/cmake --install /home/nano/ros2_uav_ws/build/v4l2_camera
[145.046s] -- Install configuration: ""
[145.049s] -- Execute custom install script
[145.053s] -- Symlinking: /home/nano/ros2_uav_ws/install/v4l2_camera/include/v4l2_camera/control.hpp
[145.106s] -- Symlinking: /home/nano/ros2_uav_ws/install/v4l2_camera/include/v4l2_camera/fourcc.hpp
[145.168s] -- Symlinking: /home/nano/ros2_uav_ws/install/v4l2_camera/include/v4l2_camera/image_format.hpp
[145.219s] -- Symlinking: /home/nano/ros2_uav_ws/install/v4l2_camera/include/v4l2_camera/parameters.hpp
[145.262s] -- Symlinking: /home/nano/ros2_uav_ws/install/v4l2_camera/include/v4l2_camera/pixel_format.hpp
[145.306s] -- Symlinking: /home/nano/ros2_uav_ws/install/v4l2_camera/include/v4l2_camera/v4l2_camera.hpp
[145.350s] -- Symlinking: /home/nano/ros2_uav_ws/install/v4l2_camera/include/v4l2_camera/v4l2_camera_device.hpp
[145.422s] -- Symlinking: /home/nano/ros2_uav_ws/install/v4l2_camera/include/v4l2_camera/visibility_control.h
[145.477s] -- Symlinking: /home/nano/ros2_uav_ws/install/v4l2_camera/share/v4l2_camera/environment/library_path.sh
[145.524s] -- Symlinking: /home/nano/ros2_uav_ws/install/v4l2_camera/share/v4l2_camera/environment/library_path.dsv
[145.564s] -- Symlinking: /home/nano/ros2_uav_ws/install/v4l2_camera/share/ament_index/resource_index/package_run_dependencies/v4l2_camera
[145.607s] -- Symlinking: /home/nano/ros2_uav_ws/install/v4l2_camera/share/ament_index/resource_index/parent_prefix_path/v4l2_camera
[145.652s] -- Symlinking: /home/nano/ros2_uav_ws/install/v4l2_camera/share/v4l2_camera/environment/ament_prefix_path.sh
[145.704s] -- Symlinking: /home/nano/ros2_uav_ws/install/v4l2_camera/share/v4l2_camera/environment/ament_prefix_path.dsv
[145.762s] -- Symlinking: /home/nano/ros2_uav_ws/install/v4l2_camera/share/v4l2_camera/environment/path.sh
[145.806s] -- Symlinking: /home/nano/ros2_uav_ws/install/v4l2_camera/share/v4l2_camera/environment/path.dsv
[145.851s] -- Symlinking: /home/nano/ros2_uav_ws/install/v4l2_camera/share/v4l2_camera/local_setup.bash
[145.894s] -- Symlinking: /home/nano/ros2_uav_ws/install/v4l2_camera/share/v4l2_camera/local_setup.sh
[145.940s] -- Symlinking: /home/nano/ros2_uav_ws/install/v4l2_camera/share/v4l2_camera/local_setup.zsh
[145.982s] -- Symlinking: /home/nano/ros2_uav_ws/install/v4l2_camera/share/v4l2_camera/local_setup.dsv
[146.030s] -- Symlinking: /home/nano/ros2_uav_ws/install/v4l2_camera/share/v4l2_camera/package.dsv
[146.079s] -- Symlinking: /home/nano/ros2_uav_ws/install/v4l2_camera/share/ament_index/resource_index/packages/v4l2_camera
[146.138s] -- Symlinking: /home/nano/ros2_uav_ws/install/v4l2_camera/share/ament_index/resource_index/rclcpp_components/v4l2_camera
[146.192s] -- Symlinking: /home/nano/ros2_uav_ws/install/v4l2_camera/share/v4l2_camera/cmake/ament_cmake_export_include_directories-extras.cmake
[146.240s] -- Symlinking: /home/nano/ros2_uav_ws/install/v4l2_camera/share/v4l2_camera/cmake/ament_cmake_export_targets-extras.cmake
[146.277s] -- Symlinking: /home/nano/ros2_uav_ws/install/v4l2_camera/share/v4l2_camera/cmake/ament_cmake_export_libraries-extras.cmake
[146.317s] -- Symlinking: /home/nano/ros2_uav_ws/install/v4l2_camera/share/v4l2_camera/cmake/ament_cmake_export_dependencies-extras.cmake
[146.356s] -- Symlinking: /home/nano/ros2_uav_ws/install/v4l2_camera/share/v4l2_camera/cmake/v4l2_cameraConfig.cmake
[146.417s] -- Symlinking: /home/nano/ros2_uav_ws/install/v4l2_camera/share/v4l2_camera/cmake/v4l2_cameraConfig-version.cmake
[146.475s] -- Symlinking: /home/nano/ros2_uav_ws/install/v4l2_camera/share/v4l2_camera/package.xml
[146.535s] -- Installing: /home/nano/ros2_uav_ws/install/v4l2_camera/lib/libv4l2_camera.so
[146.641s] -- Set runtime path of "/home/nano/ros2_uav_ws/install/v4l2_camera/lib/libv4l2_camera.so" to ""
[146.644s] -- Installing: /home/nano/ros2_uav_ws/install/v4l2_camera/lib/v4l2_camera/v4l2_camera_node
[146.651s] -- Set runtime path of "/home/nano/ros2_uav_ws/install/v4l2_camera/lib/v4l2_camera/v4l2_camera_node" to ""
[146.654s] -- Installing: /home/nano/ros2_uav_ws/install/v4l2_camera/lib/v4l2_camera/v4l2_camera_compose_test
[146.693s] -- Set runtime path of "/home/nano/ros2_uav_ws/install/v4l2_camera/lib/v4l2_camera/v4l2_camera_compose_test" to ""
[146.693s] -- Installing: /home/nano/ros2_uav_ws/install/v4l2_camera/share/v4l2_camera/cmake/export_v4l2_cameraExport.cmake
[146.695s] -- Installing: /home/nano/ros2_uav_ws/install/v4l2_camera/share/v4l2_camera/cmake/export_v4l2_cameraExport-noconfig.cmake
[146.711s] Invoked command in '/home/nano/ros2_uav_ws/build/v4l2_camera' returned '0': CMAKE_PREFIX_PATH=${CMAKE_PREFIX_PATH}:/home/nano/ros2_uav_ws/install/nano_test_pkg:/home/nano/ros2_uav_ws/install/px4_offboard:/opt/ros/humble /usr/bin/cmake --install /home/nano/ros2_uav_ws/build/v4l2_camera
