[0.047s] Invoking command in '/home/nano/ros2_uav_ws/build/keyboard': AMENT_PREFIX_PATH=/home/nano/ros2_uav_ws/install/keyboard_msgs:${AMENT_PREFIX_PATH} CMAKE_PREFIX_PATH=/home/nano/ros2_uav_ws/install/keyboard_msgs:/opt/ros/humble LD_LIBRARY_PATH=/home/nano/ros2_uav_ws/install/keyboard_msgs/lib:${LD_LIBRARY_PATH} PYTHONPATH=/home/nano/ros2_uav_ws/install/keyboard_msgs/local/lib/python3.10/dist-packages:${PYTHONPATH} /usr/bin/cmake /home/nano/ros2_uav_ws/src/ros2-keyboard/keyboard -DAMENT_CMAKE_SYMLINK_INSTALL=1 -DCMAKE_INSTALL_PREFIX=/home/nano/ros2_uav_ws/install/keyboard
[0.311s] -- The C compiler identification is GNU 11.4.0
[0.577s] -- The CXX compiler identification is GNU 11.4.0
[0.607s] -- Detecting C compiler ABI info
[0.936s] -- Detecting C compiler ABI info - done
[0.962s] -- Check for working C compiler: /usr/bin/cc - skipped
[0.963s] -- Detecting C compile features
[0.965s] -- Detecting C compile features - done
[0.976s] -- Detecting CXX compiler ABI info
[1.340s] -- Detecting CXX compiler ABI info - done
[1.367s] -- Check for working CXX compiler: /usr/bin/c++ - skipped
[1.368s] -- Detecting CXX compile features
[1.370s] -- Detecting CXX compile features - done
[1.393s] -- Found ament_cmake: 1.3.9 (/opt/ros/humble/share/ament_cmake/cmake)
[3.319s] -- Found Python3: /usr/bin/python3 (found version "3.10.12") found components: Interpreter 
[3.648s] -- Override CMake install command with custom implementation using symlinks instead of copying resources
[3.927s] -- Found rclcpp: 16.0.9 (/opt/ros/humble/share/rclcpp/cmake)
[4.313s] -- Found rosidl_generator_c: 3.1.5 (/opt/ros/humble/share/rosidl_generator_c/cmake)
[4.347s] -- Found rosidl_adapter: 3.1.5 (/opt/ros/humble/share/rosidl_adapter/cmake)
[4.406s] -- Found rosidl_generator_cpp: 3.1.5 (/opt/ros/humble/share/rosidl_generator_cpp/cmake)
[4.489s] -- Using all available rosidl_typesupport_c: rosidl_typesupport_fastrtps_c;rosidl_typesupport_introspection_c
[4.608s] -- Using all available rosidl_typesupport_cpp: rosidl_typesupport_fastrtps_cpp;rosidl_typesupport_introspection_cpp
[5.289s] -- Found rmw_implementation_cmake: 6.1.2 (/opt/ros/humble/share/rmw_implementation_cmake/cmake)
[5.321s] -- Found rmw_fastrtps_cpp: 6.2.6 (/opt/ros/humble/share/rmw_fastrtps_cpp/cmake)
[6.033s] -- Found OpenSSL: /usr/lib/aarch64-linux-gnu/libcrypto.so (found version "3.0.2")  
[6.301s] -- Found FastRTPS: /opt/ros/humble/include  
[6.743s] -- Using RMW implementation 'rmw_fastrtps_cpp' as default
[6.853s] -- Looking for pthread.h
[7.212s] -- Looking for pthread.h - found
[7.213s] -- Performing Test CMAKE_HAVE_LIBC_PTHREAD
[7.561s] -- Performing Test CMAKE_HAVE_LIBC_PTHREAD - Success
[7.566s] -- Found Threads: TRUE  
[8.384s] -- Found SDL: /usr/lib/aarch64-linux-gnu/libSDLmain.a;/usr/lib/aarch64-linux-gnu/libSDL.so (found version "1.2.15") 
[8.387s] -- Found keyboard_msgs: 1.0.0 (/home/nano/ros2_uav_ws/install/keyboard_msgs/share/keyboard_msgs/cmake)
[8.574s] -- Found ament_lint_auto: 0.12.11 (/opt/ros/humble/share/ament_lint_auto/cmake)
[9.090s] -- Added test 'copyright' to check source files copyright and LICENSE
[9.098s] -- Added test 'cppcheck' to perform static code analysis on C / C++ code
[9.099s] -- Configured cppcheck include dirs: $<BUILD_INTERFACE:/home/nano/ros2_uav_ws/src/ros2-keyboard/keyboard/include>
[9.099s] -- Configured cppcheck exclude dirs and/or files: 
[9.106s] -- Added test 'cpplint' to check C / C++ code against the Google style
[9.107s] -- Configured cpplint exclude dirs and/or files: 
[9.110s] -- Added test 'flake8' to check Python code syntax and style conventions
[9.113s] -- Added test 'lint_cmake' to check CMake code style
[9.115s] -- Added test 'pep257' to check Python code against some of the docstring style conventions in PEP 257
[9.123s] -- Added test 'uncrustify' to check C / C++ code style
[9.124s] -- Configured uncrustify additional arguments: 
[9.126s] -- Added test 'xmllint' to check XML markup files
[9.134s] -- Configuring done
[9.201s] -- Generating done
[9.208s] -- Build files have been written to: /home/nano/ros2_uav_ws/build/keyboard
[9.251s] Invoked command in '/home/nano/ros2_uav_ws/build/keyboard' returned '0': AMENT_PREFIX_PATH=/home/nano/ros2_uav_ws/install/keyboard_msgs:${AMENT_PREFIX_PATH} CMAKE_PREFIX_PATH=/home/nano/ros2_uav_ws/install/keyboard_msgs:/opt/ros/humble LD_LIBRARY_PATH=/home/nano/ros2_uav_ws/install/keyboard_msgs/lib:${LD_LIBRARY_PATH} PYTHONPATH=/home/nano/ros2_uav_ws/install/keyboard_msgs/local/lib/python3.10/dist-packages:${PYTHONPATH} /usr/bin/cmake /home/nano/ros2_uav_ws/src/ros2-keyboard/keyboard -DAMENT_CMAKE_SYMLINK_INSTALL=1 -DCMAKE_INSTALL_PREFIX=/home/nano/ros2_uav_ws/install/keyboard
[9.260s] Invoking command in '/home/nano/ros2_uav_ws/build/keyboard': AMENT_PREFIX_PATH=/home/nano/ros2_uav_ws/install/keyboard_msgs:${AMENT_PREFIX_PATH} CMAKE_PREFIX_PATH=/home/nano/ros2_uav_ws/install/keyboard_msgs:/opt/ros/humble LD_LIBRARY_PATH=/home/nano/ros2_uav_ws/install/keyboard_msgs/lib:${LD_LIBRARY_PATH} PYTHONPATH=/home/nano/ros2_uav_ws/install/keyboard_msgs/local/lib/python3.10/dist-packages:${PYTHONPATH} /usr/bin/cmake --build /home/nano/ros2_uav_ws/build/keyboard -- -j4 -l4
[9.480s] [ 50%] [32mBuilding CXX object CMakeFiles/keyboard.dir/src/keyboard.cpp.o[0m
[32.735s] [100%] [32m[1mLinking CXX executable keyboard[0m
[34.203s] [100%] Built target keyboard
[34.245s] Invoked command in '/home/nano/ros2_uav_ws/build/keyboard' returned '0': AMENT_PREFIX_PATH=/home/nano/ros2_uav_ws/install/keyboard_msgs:${AMENT_PREFIX_PATH} CMAKE_PREFIX_PATH=/home/nano/ros2_uav_ws/install/keyboard_msgs:/opt/ros/humble LD_LIBRARY_PATH=/home/nano/ros2_uav_ws/install/keyboard_msgs/lib:${LD_LIBRARY_PATH} PYTHONPATH=/home/nano/ros2_uav_ws/install/keyboard_msgs/local/lib/python3.10/dist-packages:${PYTHONPATH} /usr/bin/cmake --build /home/nano/ros2_uav_ws/build/keyboard -- -j4 -l4
[34.383s] Invoking command in '/home/nano/ros2_uav_ws/build/keyboard': AMENT_PREFIX_PATH=/home/nano/ros2_uav_ws/install/keyboard_msgs:${AMENT_PREFIX_PATH} CMAKE_PREFIX_PATH=/home/nano/ros2_uav_ws/install/keyboard_msgs:/opt/ros/humble LD_LIBRARY_PATH=/home/nano/ros2_uav_ws/install/keyboard_msgs/lib:${LD_LIBRARY_PATH} PYTHONPATH=/home/nano/ros2_uav_ws/install/keyboard_msgs/local/lib/python3.10/dist-packages:${PYTHONPATH} /usr/bin/cmake --install /home/nano/ros2_uav_ws/build/keyboard
[34.411s] -- Install configuration: ""
[34.412s] -- Execute custom install script
[34.415s] -- Symlinking: /home/nano/ros2_uav_ws/install/keyboard/lib/keyboard/keyboard
[34.449s] -- Symlinking: /home/nano/ros2_uav_ws/install/keyboard/lib/keyboard/keyboard_to_joy.py
[34.486s] -- Symlinking: /home/nano/ros2_uav_ws/install/keyboard/share/ament_index/resource_index/package_run_dependencies/keyboard
[34.521s] -- Symlinking: /home/nano/ros2_uav_ws/install/keyboard/share/ament_index/resource_index/parent_prefix_path/keyboard
[34.558s] -- Symlinking: /home/nano/ros2_uav_ws/install/keyboard/share/keyboard/environment/ament_prefix_path.sh
[34.605s] -- Symlinking: /home/nano/ros2_uav_ws/install/keyboard/share/keyboard/environment/ament_prefix_path.dsv
[34.641s] -- Symlinking: /home/nano/ros2_uav_ws/install/keyboard/share/keyboard/environment/path.sh
[34.681s] -- Symlinking: /home/nano/ros2_uav_ws/install/keyboard/share/keyboard/environment/path.dsv
[34.715s] -- Symlinking: /home/nano/ros2_uav_ws/install/keyboard/share/keyboard/local_setup.bash
[34.749s] -- Symlinking: /home/nano/ros2_uav_ws/install/keyboard/share/keyboard/local_setup.sh
[34.787s] -- Symlinking: /home/nano/ros2_uav_ws/install/keyboard/share/keyboard/local_setup.zsh
[34.822s] -- Symlinking: /home/nano/ros2_uav_ws/install/keyboard/share/keyboard/local_setup.dsv
[34.859s] -- Symlinking: /home/nano/ros2_uav_ws/install/keyboard/share/keyboard/package.dsv
[34.893s] -- Symlinking: /home/nano/ros2_uav_ws/install/keyboard/share/ament_index/resource_index/packages/keyboard
[34.928s] -- Symlinking: /home/nano/ros2_uav_ws/install/keyboard/share/keyboard/cmake/keyboardConfig.cmake
[34.964s] -- Symlinking: /home/nano/ros2_uav_ws/install/keyboard/share/keyboard/cmake/keyboardConfig-version.cmake
[34.999s] -- Symlinking: /home/nano/ros2_uav_ws/install/keyboard/share/keyboard/package.xml
[35.041s] Invoked command in '/home/nano/ros2_uav_ws/build/keyboard' returned '0': AMENT_PREFIX_PATH=/home/nano/ros2_uav_ws/install/keyboard_msgs:${AMENT_PREFIX_PATH} CMAKE_PREFIX_PATH=/home/nano/ros2_uav_ws/install/keyboard_msgs:/opt/ros/humble LD_LIBRARY_PATH=/home/nano/ros2_uav_ws/install/keyboard_msgs/lib:${LD_LIBRARY_PATH} PYTHONPATH=/home/nano/ros2_uav_ws/install/keyboard_msgs/local/lib/python3.10/dist-packages:${PYTHONPATH} /usr/bin/cmake --install /home/nano/ros2_uav_ws/build/keyboard
