[  0%] Built target ament_cmake_python_symlink_px4_msgs
[  0%] Built target px4_msgs__cpp
[ 12%] Built target px4_msgs__rosidl_generator_c
[35m[1mConsolidate compiler generated dependencies of target px4_msgs__rosidl_typesupport_cpp[0m
[35m[1mConsolidate compiler generated dependencies of target px4_msgs__rosidl_typesupport_fastrtps_cpp[0m
[35m[1mConsolidate compiler generated dependencies of target px4_msgs__rosidl_typesupport_introspection_cpp[0m
[ 24%] Built target px4_msgs__rosidl_typesupport_cpp
[ 36%] Built target px4_msgs__rosidl_typesupport_fastrtps_cpp
[35m[1mConsolidate compiler generated dependencies of target px4_msgs__rosidl_typesupport_fastrtps_c[0m
[35m[1mConsolidate compiler generated dependencies of target px4_msgs__rosidl_typesupport_introspection_c[0m
[ 49%] Built target px4_msgs__rosidl_typesupport_introspection_cpp
[ 50%] [34m[1mGenerating C type support dispatch for ROS interfaces[0m
[ 63%] Built target px4_msgs__rosidl_typesupport_introspection_c
running egg_info
writing px4_msgs.egg-info/PKG-INFO
writing dependency_links to px4_msgs.egg-info/dependency_links.txt
writing top-level names to px4_msgs.egg-info/top_level.txt
[ 76%] Built target px4_msgs__rosidl_typesupport_fastrtps_c
reading manifest file 'px4_msgs.egg-info/SOURCES.txt'
writing manifest file 'px4_msgs.egg-info/SOURCES.txt'
[ 76%] Built target ament_cmake_python_build_px4_msgs_egg
