[5.219s] Invoking command in '/home/nano/ros2_uav_ws/src/ROS2_PX4_Offboard_Example/px4_offboard': AMENT_PREFIX_PATH=/home/nano/ros2_uav_ws/install/px4_msgs:${AMENT_PREFIX_PATH} CMAKE_PREFIX_PATH=/home/nano/ros2_uav_ws/install/px4_msgs LD_LIBRARY_PATH=/home/nano/ros2_uav_ws/install/px4_msgs/lib:${LD_LIBRARY_PATH} PYTHONPATH=/home/nano/ros2_uav_ws/build/px4_offboard/prefix_override:/home/nano/.local/lib/python3.10/site-packages/colcon_core/task/python/colcon_distutils_commands:/home/nano/ros2_uav_ws/install/px4_offboard/lib/python3.10/site-packages:/home/nano/ros2_uav_ws/install/px4_msgs/local/lib/python3.10/dist-packages:${PYTHONPATH} /usr/bin/python3 -W ignore:setup.py install is deprecated setup.py egg_info --egg-base ../../../build/px4_offboard build --build-base /home/nano/ros2_uav_ws/build/px4_offboard/build install --record /home/nano/ros2_uav_ws/build/px4_offboard/install.log --single-version-externally-managed install_data
[6.577s] running egg_info
[6.579s] creating ../../../build/px4_offboard/px4_offboard.egg-info
[6.660s] writing ../../../build/px4_offboard/px4_offboard.egg-info/PKG-INFO
[6.662s] writing dependency_links to ../../../build/px4_offboard/px4_offboard.egg-info/dependency_links.txt
[6.663s] writing entry points to ../../../build/px4_offboard/px4_offboard.egg-info/entry_points.txt
[6.664s] writing requirements to ../../../build/px4_offboard/px4_offboard.egg-info/requires.txt
[6.665s] writing top-level names to ../../../build/px4_offboard/px4_offboard.egg-info/top_level.txt
[6.666s] writing manifest file '../../../build/px4_offboard/px4_offboard.egg-info/SOURCES.txt'
[6.843s] reading manifest file '../../../build/px4_offboard/px4_offboard.egg-info/SOURCES.txt'
[6.844s] adding license file 'LICENSE'
[6.848s] writing manifest file '../../../build/px4_offboard/px4_offboard.egg-info/SOURCES.txt'
[6.848s] running build
[6.849s] running build_py
[6.849s] creating /home/nano/ros2_uav_ws/build/px4_offboard/build
[6.850s] creating /home/nano/ros2_uav_ws/build/px4_offboard/build/lib
[6.850s] creating /home/nano/ros2_uav_ws/build/px4_offboard/build/lib/px4_offboard
[6.851s] copying px4_offboard/control.py -> /home/nano/ros2_uav_ws/build/px4_offboard/build/lib/px4_offboard
[6.853s] copying px4_offboard/processes.py -> /home/nano/ros2_uav_ws/build/px4_offboard/build/lib/px4_offboard
[6.855s] copying px4_offboard/velocity_control.py -> /home/nano/ros2_uav_ws/build/px4_offboard/build/lib/px4_offboard
[6.857s] copying px4_offboard/__init__.py -> /home/nano/ros2_uav_ws/build/px4_offboard/build/lib/px4_offboard
[6.858s] copying px4_offboard/visualizer.py -> /home/nano/ros2_uav_ws/build/px4_offboard/build/lib/px4_offboard
[6.860s] running install
[6.882s] running install_lib
[6.966s] creating /home/nano/ros2_uav_ws/install/px4_offboard/lib/python3.10/site-packages/px4_offboard
[6.967s] copying /home/nano/ros2_uav_ws/build/px4_offboard/build/lib/px4_offboard/control.py -> /home/nano/ros2_uav_ws/install/px4_offboard/lib/python3.10/site-packages/px4_offboard
[6.968s] copying /home/nano/ros2_uav_ws/build/px4_offboard/build/lib/px4_offboard/processes.py -> /home/nano/ros2_uav_ws/install/px4_offboard/lib/python3.10/site-packages/px4_offboard
[6.969s] copying /home/nano/ros2_uav_ws/build/px4_offboard/build/lib/px4_offboard/velocity_control.py -> /home/nano/ros2_uav_ws/install/px4_offboard/lib/python3.10/site-packages/px4_offboard
[6.971s] copying /home/nano/ros2_uav_ws/build/px4_offboard/build/lib/px4_offboard/__init__.py -> /home/nano/ros2_uav_ws/install/px4_offboard/lib/python3.10/site-packages/px4_offboard
[6.971s] copying /home/nano/ros2_uav_ws/build/px4_offboard/build/lib/px4_offboard/visualizer.py -> /home/nano/ros2_uav_ws/install/px4_offboard/lib/python3.10/site-packages/px4_offboard
[6.974s] byte-compiling /home/nano/ros2_uav_ws/install/px4_offboard/lib/python3.10/site-packages/px4_offboard/control.py to control.cpython-310.pyc
[6.979s] byte-compiling /home/nano/ros2_uav_ws/install/px4_offboard/lib/python3.10/site-packages/px4_offboard/processes.py to processes.cpython-310.pyc
[6.980s] byte-compiling /home/nano/ros2_uav_ws/install/px4_offboard/lib/python3.10/site-packages/px4_offboard/velocity_control.py to velocity_control.cpython-310.pyc
[6.987s] byte-compiling /home/nano/ros2_uav_ws/install/px4_offboard/lib/python3.10/site-packages/px4_offboard/__init__.py to __init__.cpython-310.pyc
[6.989s] byte-compiling /home/nano/ros2_uav_ws/install/px4_offboard/lib/python3.10/site-packages/px4_offboard/visualizer.py to visualizer.cpython-310.pyc
[6.993s] running install_data
[6.994s] creating /home/nano/ros2_uav_ws/install/px4_offboard/share/ament_index
[6.995s] creating /home/nano/ros2_uav_ws/install/px4_offboard/share/ament_index/resource_index
[6.995s] creating /home/nano/ros2_uav_ws/install/px4_offboard/share/ament_index/resource_index/packages
[6.995s] copying resource/px4_offboard -> /home/nano/ros2_uav_ws/install/px4_offboard/share/ament_index/resource_index/packages
[6.996s] copying resource/visualize.rviz -> /home/nano/ros2_uav_ws/install/px4_offboard/share/ament_index/resource_index/packages
[7.000s] copying package.xml -> /home/nano/ros2_uav_ws/install/px4_offboard/share/px4_offboard
[7.001s] copying launch/offboard_velocity_control.launch.py -> /home/nano/ros2_uav_ws/install/px4_offboard/share/px4_offboard
[7.003s] copying resource/visualize.rviz -> /home/nano/ros2_uav_ws/install/px4_offboard/share/px4_offboard
[7.004s] running install_egg_info
[7.095s] Copying ../../../build/px4_offboard/px4_offboard.egg-info to /home/nano/ros2_uav_ws/install/px4_offboard/lib/python3.10/site-packages/px4_offboard-0.0.0-py3.10.egg-info
[7.101s] running install_scripts
[7.829s] Installing control script to /home/nano/ros2_uav_ws/install/px4_offboard/lib/px4_offboard
[7.830s] Installing offboard_control script to /home/nano/ros2_uav_ws/install/px4_offboard/lib/px4_offboard
[7.831s] Installing processes script to /home/nano/ros2_uav_ws/install/px4_offboard/lib/px4_offboard
[7.832s] Installing velocity_control script to /home/nano/ros2_uav_ws/install/px4_offboard/lib/px4_offboard
[7.833s] Installing visualizer script to /home/nano/ros2_uav_ws/install/px4_offboard/lib/px4_offboard
[7.835s] writing list of installed files to '/home/nano/ros2_uav_ws/build/px4_offboard/install.log'
[7.976s] Invoked command in '/home/nano/ros2_uav_ws/src/ROS2_PX4_Offboard_Example/px4_offboard' returned '0': AMENT_PREFIX_PATH=/home/nano/ros2_uav_ws/install/px4_msgs:${AMENT_PREFIX_PATH} CMAKE_PREFIX_PATH=/home/nano/ros2_uav_ws/install/px4_msgs LD_LIBRARY_PATH=/home/nano/ros2_uav_ws/install/px4_msgs/lib:${LD_LIBRARY_PATH} PYTHONPATH=/home/nano/ros2_uav_ws/build/px4_offboard/prefix_override:/home/nano/.local/lib/python3.10/site-packages/colcon_core/task/python/colcon_distutils_commands:/home/nano/ros2_uav_ws/install/px4_offboard/lib/python3.10/site-packages:/home/nano/ros2_uav_ws/install/px4_msgs/local/lib/python3.10/dist-packages:${PYTHONPATH} /usr/bin/python3 -W ignore:setup.py install is deprecated setup.py egg_info --egg-base ../../../build/px4_offboard build --build-base /home/nano/ros2_uav_ws/build/px4_offboard/build install --record /home/nano/ros2_uav_ws/build/px4_offboard/install.log --single-version-externally-managed install_data
