[0.091s] Invoking command in '/home/nano/ros2_uav_ws/build/px4_ros_com': CMAKE_PREFIX_PATH=/home/nano/ros2_uav_ws/install/px4_msgs:/home/nano/ros2_uav_ws/install/v4l2_camera:/home/nano/ros2_uav_ws/install/px4_ros_com:/home/nano/ros2_uav_ws/install/keyboard:/home/nano/ros2_uav_ws/install/keyboard_msgs:/home/nano/ros2_uav_ws/install/nano_test_pkg:/home/nano/ros2_uav_ws/install/px4_offboard:/opt/ros/humble LD_LIBRARY_PATH=/home/nano/ros2_uav_ws/install/px4_msgs/lib:/home/nano/ros2_uav_ws/install/v4l2_camera/lib:/home/nano/ros2_uav_ws/install/px4_ros_com/lib:/home/nano/ros2_uav_ws/install/keyboard_msgs/lib:/opt/ros/humble/opt/rviz_ogre_vendor/lib:/opt/ros/humble/lib/aarch64-linux-gnu:/opt/ros/humble/lib /usr/bin/cmake --build /home/nano/ros2_uav_ws/build/px4_ros_com -- -j4 -l4
[0.528s] [  8%] [32m[1mLinking CXX executable debug_vect_advertiser[0m
[0.535s] [ 16%] [32m[1mLinking CXX executable sensor_combined_listener[0m
[0.571s] [ 25%] [32m[1mLinking CXX shared library libframe_transforms.so[0m
[0.580s] [ 33%] [32m[1mLinking CXX executable vehicle_gps_position_listener[0m
[3.418s] [ 41%] Built target debug_vect_advertiser
[3.735s] [ 50%] [32m[1mLinking CXX executable offboard_control[0m
[4.058s] [ 58%] Built target frame_transforms
[4.340s] [ 66%] [32m[1mLinking CXX executable offboard_control_srv[0m
[4.838s] [ 75%] Built target sensor_combined_listener
[5.214s] [ 75%] Built target ament_cmake_python_symlink_px4_ros_com
[5.317s] [ 83%] Built target vehicle_gps_position_listener
[5.894s] [ 91%] Built target offboard_control
[6.969s] [100%] Built target offboard_control_srv
[7.138s] running egg_info
[7.254s] writing px4_ros_com.egg-info/PKG-INFO
[7.257s] writing dependency_links to px4_ros_com.egg-info/dependency_links.txt
[7.260s] writing top-level names to px4_ros_com.egg-info/top_level.txt
[7.596s] reading manifest file 'px4_ros_com.egg-info/SOURCES.txt'
[7.600s] writing manifest file 'px4_ros_com.egg-info/SOURCES.txt'
[7.782s] [100%] Built target ament_cmake_python_build_px4_ros_com_egg
[7.834s] Invoked command in '/home/nano/ros2_uav_ws/build/px4_ros_com' returned '0': CMAKE_PREFIX_PATH=/home/nano/ros2_uav_ws/install/px4_msgs:/home/nano/ros2_uav_ws/install/v4l2_camera:/home/nano/ros2_uav_ws/install/px4_ros_com:/home/nano/ros2_uav_ws/install/keyboard:/home/nano/ros2_uav_ws/install/keyboard_msgs:/home/nano/ros2_uav_ws/install/nano_test_pkg:/home/nano/ros2_uav_ws/install/px4_offboard:/opt/ros/humble LD_LIBRARY_PATH=/home/nano/ros2_uav_ws/install/px4_msgs/lib:/home/nano/ros2_uav_ws/install/v4l2_camera/lib:/home/nano/ros2_uav_ws/install/px4_ros_com/lib:/home/nano/ros2_uav_ws/install/keyboard_msgs/lib:/opt/ros/humble/opt/rviz_ogre_vendor/lib:/opt/ros/humble/lib/aarch64-linux-gnu:/opt/ros/humble/lib /usr/bin/cmake --build /home/nano/ros2_uav_ws/build/px4_ros_com -- -j4 -l4
[8.156s] Invoking command in '/home/nano/ros2_uav_ws/build/px4_ros_com': CMAKE_PREFIX_PATH=/home/nano/ros2_uav_ws/install/px4_msgs:/home/nano/ros2_uav_ws/install/v4l2_camera:/home/nano/ros2_uav_ws/install/px4_ros_com:/home/nano/ros2_uav_ws/install/keyboard:/home/nano/ros2_uav_ws/install/keyboard_msgs:/home/nano/ros2_uav_ws/install/nano_test_pkg:/home/nano/ros2_uav_ws/install/px4_offboard:/opt/ros/humble LD_LIBRARY_PATH=/home/nano/ros2_uav_ws/install/px4_msgs/lib:/home/nano/ros2_uav_ws/install/v4l2_camera/lib:/home/nano/ros2_uav_ws/install/px4_ros_com/lib:/home/nano/ros2_uav_ws/install/keyboard_msgs/lib:/opt/ros/humble/opt/rviz_ogre_vendor/lib:/opt/ros/humble/lib/aarch64-linux-gnu:/opt/ros/humble/lib /usr/bin/cmake --install /home/nano/ros2_uav_ws/build/px4_ros_com
[8.191s] -- Install configuration: ""
[8.194s] -- Execute custom install script
[8.198s] -- Up-to-date symlink: /home/nano/ros2_uav_ws/install/px4_ros_com/lib/px4_ros_com/sensor_combined_listener
[8.202s] -- Up-to-date symlink: /home/nano/ros2_uav_ws/install/px4_ros_com/lib/px4_ros_com/vehicle_gps_position_listener
[8.204s] -- Up-to-date symlink: /home/nano/ros2_uav_ws/install/px4_ros_com/lib/px4_ros_com/debug_vect_advertiser
[8.205s] -- Up-to-date symlink: /home/nano/ros2_uav_ws/install/px4_ros_com/lib/px4_ros_com/offboard_control
[8.208s] -- Up-to-date symlink: /home/nano/ros2_uav_ws/install/px4_ros_com/lib/px4_ros_com/offboard_control_srv
[8.211s] -- Up-to-date symlink: /home/nano/ros2_uav_ws/install/px4_ros_com/share/px4_ros_com/environment/library_path.sh
[8.212s] -- Up-to-date symlink: /home/nano/ros2_uav_ws/install/px4_ros_com/share/px4_ros_com/environment/library_path.dsv
[8.215s] -- Up-to-date symlink: /home/nano/ros2_uav_ws/install/px4_ros_com/include/px4_ros_com/frame_transforms.h
[8.219s] -- Up-to-date symlink: /home/nano/ros2_uav_ws/install/px4_ros_com/share/px4_ros_com//launch/offboard_control_launch.yaml
[8.221s] -- Up-to-date symlink: /home/nano/ros2_uav_ws/install/px4_ros_com/share/px4_ros_com//launch/sensor_combined_listener.launch.py
[8.225s] -- Up-to-date symlink: /home/nano/ros2_uav_ws/install/px4_ros_com/share/px4_ros_com//test/__init__.py
[8.226s] -- Up-to-date symlink: /home/nano/ros2_uav_ws/install/px4_ros_com/share/px4_ros_com//test/pipeline_io_test.py
[8.228s] -- Up-to-date symlink: /home/nano/ros2_uav_ws/install/px4_ros_com/share/px4_ros_com//test/test_input.py
[8.233s] -- Up-to-date symlink: /home/nano/ros2_uav_ws/install/px4_ros_com/share/px4_ros_com//test/test_output.py
[8.234s] -- Up-to-date symlink: /home/nano/ros2_uav_ws/install/px4_ros_com/share/px4_ros_com/environment/pythonpath.sh
[8.235s] -- Up-to-date symlink: /home/nano/ros2_uav_ws/install/px4_ros_com/share/px4_ros_com/environment/pythonpath.dsv
[8.235s] -- Up-to-date symlink: /home/nano/ros2_uav_ws/install/px4_ros_com/local/lib/python3.10/dist-packages/px4_ros_com-0.1.0-py3.10.egg-info/PKG-INFO
[8.236s] -- Up-to-date symlink: /home/nano/ros2_uav_ws/install/px4_ros_com/local/lib/python3.10/dist-packages/px4_ros_com-0.1.0-py3.10.egg-info/SOURCES.txt
[8.238s] -- Up-to-date symlink: /home/nano/ros2_uav_ws/install/px4_ros_com/local/lib/python3.10/dist-packages/px4_ros_com-0.1.0-py3.10.egg-info/dependency_links.txt
[8.240s] -- Up-to-date symlink: /home/nano/ros2_uav_ws/install/px4_ros_com/local/lib/python3.10/dist-packages/px4_ros_com-0.1.0-py3.10.egg-info/top_level.txt
[8.244s] -- Up-to-date symlink: /home/nano/ros2_uav_ws/install/px4_ros_com/local/lib/python3.10/dist-packages/px4_ros_com/__init__.py
[8.245s] -- Up-to-date symlink: /home/nano/ros2_uav_ws/install/px4_ros_com/local/lib/python3.10/dist-packages/px4_ros_com/module_to_import.py
[8.247s] -- Up-to-date symlink: /home/nano/ros2_uav_ws/install/px4_ros_com/lib/px4_ros_com/offboard_control.py
[8.250s] -- Up-to-date symlink: /home/nano/ros2_uav_ws/install/px4_ros_com/share/ament_index/resource_index/package_run_dependencies/px4_ros_com
[8.252s] -- Up-to-date symlink: /home/nano/ros2_uav_ws/install/px4_ros_com/share/ament_index/resource_index/parent_prefix_path/px4_ros_com
[8.255s] -- Up-to-date symlink: /home/nano/ros2_uav_ws/install/px4_ros_com/share/px4_ros_com/environment/ament_prefix_path.sh
[8.256s] -- Up-to-date symlink: /home/nano/ros2_uav_ws/install/px4_ros_com/share/px4_ros_com/environment/ament_prefix_path.dsv
[8.258s] -- Up-to-date symlink: /home/nano/ros2_uav_ws/install/px4_ros_com/share/px4_ros_com/environment/path.sh
[8.259s] -- Up-to-date symlink: /home/nano/ros2_uav_ws/install/px4_ros_com/share/px4_ros_com/environment/path.dsv
[8.261s] -- Up-to-date symlink: /home/nano/ros2_uav_ws/install/px4_ros_com/share/px4_ros_com/local_setup.bash
[8.263s] -- Up-to-date symlink: /home/nano/ros2_uav_ws/install/px4_ros_com/share/px4_ros_com/local_setup.sh
[8.264s] -- Up-to-date symlink: /home/nano/ros2_uav_ws/install/px4_ros_com/share/px4_ros_com/local_setup.zsh
[8.266s] -- Up-to-date symlink: /home/nano/ros2_uav_ws/install/px4_ros_com/share/px4_ros_com/local_setup.dsv
[8.267s] -- Symlinking: /home/nano/ros2_uav_ws/install/px4_ros_com/share/px4_ros_com/package.dsv
[8.308s] -- Up-to-date symlink: /home/nano/ros2_uav_ws/install/px4_ros_com/share/ament_index/resource_index/packages/px4_ros_com
[8.313s] -- Up-to-date symlink: /home/nano/ros2_uav_ws/install/px4_ros_com/share/px4_ros_com/cmake/ament_cmake_export_dependencies-extras.cmake
[8.315s] -- Up-to-date symlink: /home/nano/ros2_uav_ws/install/px4_ros_com/share/px4_ros_com/cmake/ament_cmake_export_targets-extras.cmake
[8.329s] -- Up-to-date symlink: /home/nano/ros2_uav_ws/install/px4_ros_com/share/px4_ros_com/cmake/ament_cmake_export_include_directories-extras.cmake
[8.329s] -- Up-to-date symlink: /home/nano/ros2_uav_ws/install/px4_ros_com/share/px4_ros_com/cmake/ament_cmake_export_libraries-extras.cmake
[8.330s] -- Up-to-date symlink: /home/nano/ros2_uav_ws/install/px4_ros_com/share/px4_ros_com/cmake/px4_ros_comConfig.cmake
[8.331s] -- Up-to-date symlink: /home/nano/ros2_uav_ws/install/px4_ros_com/share/px4_ros_com/cmake/px4_ros_comConfig-version.cmake
[8.331s] -- Up-to-date symlink: /home/nano/ros2_uav_ws/install/px4_ros_com/share/px4_ros_com/package.xml
[8.332s] -- Installing: /home/nano/ros2_uav_ws/install/px4_ros_com/lib/libframe_transforms.so
[8.361s] -- Set runtime path of "/home/nano/ros2_uav_ws/install/px4_ros_com/lib/libframe_transforms.so" to ""
[8.564s] Listing '/home/nano/ros2_uav_ws/install/px4_ros_com/local/lib/python3.10/dist-packages/px4_ros_com'...
[8.597s] -- Up-to-date: /home/nano/ros2_uav_ws/install/px4_ros_com/share/px4_ros_com/cmake/export_frame_transformsExport.cmake
[8.598s] -- Up-to-date: /home/nano/ros2_uav_ws/install/px4_ros_com/share/px4_ros_com/cmake/export_frame_transformsExport-noconfig.cmake
[8.605s] Invoked command in '/home/nano/ros2_uav_ws/build/px4_ros_com' returned '0': CMAKE_PREFIX_PATH=/home/nano/ros2_uav_ws/install/px4_msgs:/home/nano/ros2_uav_ws/install/v4l2_camera:/home/nano/ros2_uav_ws/install/px4_ros_com:/home/nano/ros2_uav_ws/install/keyboard:/home/nano/ros2_uav_ws/install/keyboard_msgs:/home/nano/ros2_uav_ws/install/nano_test_pkg:/home/nano/ros2_uav_ws/install/px4_offboard:/opt/ros/humble LD_LIBRARY_PATH=/home/nano/ros2_uav_ws/install/px4_msgs/lib:/home/nano/ros2_uav_ws/install/v4l2_camera/lib:/home/nano/ros2_uav_ws/install/px4_ros_com/lib:/home/nano/ros2_uav_ws/install/keyboard_msgs/lib:/opt/ros/humble/opt/rviz_ogre_vendor/lib:/opt/ros/humble/lib/aarch64-linux-gnu:/opt/ros/humble/lib /usr/bin/cmake --install /home/nano/ros2_uav_ws/build/px4_ros_com
