[0.713s] DEBUG:colcon:Command line arguments: ['/home/nano/.local/bin/colcon', 'build', '--symlink-install']
[0.713s] DEBUG:colcon:Parsed command line arguments: Namespace(log_base=None, log_level=None, verb_name='build', build_base='build', install_base='install', merge_install=False, symlink_install=True, test_result_base=None, continue_on_error=False, executor='parallel', parallel_workers=4, event_handlers=None, ignore_user_meta=False, metas=['./colcon.meta'], base_paths=['.'], packages_ignore=None, packages_ignore_regex=None, paths=None, packages_up_to=None, packages_up_to_regex=None, packages_above=None, packages_above_and_dependencies=None, packages_above_depth=None, packages_select_by_dep=None, packages_skip_by_dep=None, packages_skip_up_to=None, packages_select_build_failed=False, packages_skip_build_finished=False, packages_select_test_failures=False, packages_skip_test_passed=False, packages_select=None, packages_skip=None, packages_select_regex=None, packages_skip_regex=None, packages_start=None, packages_end=None, cmake_args=None, cmake_target=None, cmake_target_skip_unavailable=False, cmake_clean_cache=False, cmake_clean_first=False, cmake_force_configure=False, ament_cmake_args=None, catkin_cmake_args=None, catkin_skip_building_tests=False, verb_parser=<colcon_defaults.argument_parser.defaults.DefaultArgumentsDecorator object at 0xffff8881fdc0>, verb_extension=<colcon_core.verb.build.BuildVerb object at 0xffff88751060>, main=<bound method BuildVerb.main of <colcon_core.verb.build.BuildVerb object at 0xffff88751060>>)
[0.933s] Level 1:colcon.colcon_core.package_discovery:discover_packages(colcon_meta) check parameters
[0.933s] Level 1:colcon.colcon_core.package_discovery:discover_packages(recursive) check parameters
[0.933s] Level 1:colcon.colcon_core.package_discovery:discover_packages(ignore) check parameters
[0.934s] Level 1:colcon.colcon_core.package_discovery:discover_packages(path) check parameters
[0.934s] Level 1:colcon.colcon_core.package_discovery:discover_packages(colcon_meta) discover
[0.934s] Level 1:colcon.colcon_core.package_discovery:discover_packages(recursive) discover
[0.934s] INFO:colcon.colcon_core.package_discovery:Crawling recursively for packages in '/home/nano/ros2_uav_ws'
[0.934s] Level 1:colcon.colcon_core.package_identification:_identify(.) by extensions ['ignore', 'ignore_ament_install']
[0.935s] Level 1:colcon.colcon_core.package_identification:_identify(.) by extension 'ignore'
[0.935s] Level 1:colcon.colcon_core.package_identification:_identify(.) by extension 'ignore_ament_install'
[0.935s] Level 1:colcon.colcon_core.package_identification:_identify(.) by extensions ['colcon_pkg']
[0.935s] Level 1:colcon.colcon_core.package_identification:_identify(.) by extension 'colcon_pkg'
[0.936s] Level 1:colcon.colcon_core.package_identification:_identify(.) by extensions ['colcon_meta']
[0.936s] Level 1:colcon.colcon_core.package_identification:_identify(.) by extension 'colcon_meta'
[0.936s] Level 1:colcon.colcon_core.package_identification:_identify(.) by extensions ['ros']
[0.936s] Level 1:colcon.colcon_core.package_identification:_identify(.) by extension 'ros'
[1.010s] Level 1:colcon.colcon_core.package_identification:_identify(.) by extensions ['cmake', 'python']
[1.011s] Level 1:colcon.colcon_core.package_identification:_identify(.) by extension 'cmake'
[1.011s] Level 1:colcon.colcon_core.package_identification:_identify(.) by extension 'python'
[1.011s] Level 1:colcon.colcon_core.package_identification:_identify(.) by extensions ['python_setup_py']
[1.011s] Level 1:colcon.colcon_core.package_identification:_identify(.) by extension 'python_setup_py'
[1.012s] Level 1:colcon.colcon_core.package_identification:_identify(build) by extensions ['ignore', 'ignore_ament_install']
[1.012s] Level 1:colcon.colcon_core.package_identification:_identify(build) by extension 'ignore'
[1.012s] Level 1:colcon.colcon_core.package_identification:_identify(build) ignored
[1.013s] Level 1:colcon.colcon_core.package_identification:_identify(install) by extensions ['ignore', 'ignore_ament_install']
[1.014s] Level 1:colcon.colcon_core.package_identification:_identify(install) by extension 'ignore'
[1.014s] Level 1:colcon.colcon_core.package_identification:_identify(install) ignored
[1.014s] Level 1:colcon.colcon_core.package_identification:_identify(log) by extensions ['ignore', 'ignore_ament_install']
[1.015s] Level 1:colcon.colcon_core.package_identification:_identify(log) by extension 'ignore'
[1.015s] Level 1:colcon.colcon_core.package_identification:_identify(log) ignored
[1.015s] Level 1:colcon.colcon_core.package_identification:_identify(src) by extensions ['ignore', 'ignore_ament_install']
[1.016s] Level 1:colcon.colcon_core.package_identification:_identify(src) by extension 'ignore'
[1.016s] Level 1:colcon.colcon_core.package_identification:_identify(src) by extension 'ignore_ament_install'
[1.016s] Level 1:colcon.colcon_core.package_identification:_identify(src) by extensions ['colcon_pkg']
[1.017s] Level 1:colcon.colcon_core.package_identification:_identify(src) by extension 'colcon_pkg'
[1.017s] Level 1:colcon.colcon_core.package_identification:_identify(src) by extensions ['colcon_meta']
[1.018s] Level 1:colcon.colcon_core.package_identification:_identify(src) by extension 'colcon_meta'
[1.018s] Level 1:colcon.colcon_core.package_identification:_identify(src) by extensions ['ros']
[1.019s] Level 1:colcon.colcon_core.package_identification:_identify(src) by extension 'ros'
[1.019s] Level 1:colcon.colcon_core.package_identification:_identify(src) by extensions ['cmake', 'python']
[1.020s] Level 1:colcon.colcon_core.package_identification:_identify(src) by extension 'cmake'
[1.020s] Level 1:colcon.colcon_core.package_identification:_identify(src) by extension 'python'
[1.021s] Level 1:colcon.colcon_core.package_identification:_identify(src) by extensions ['python_setup_py']
[1.021s] Level 1:colcon.colcon_core.package_identification:_identify(src) by extension 'python_setup_py'
[1.022s] Level 1:colcon.colcon_core.package_identification:_identify(src/ROS2_PX4_Offboard_Example) by extensions ['ignore', 'ignore_ament_install']
[1.023s] Level 1:colcon.colcon_core.package_identification:_identify(src/ROS2_PX4_Offboard_Example) by extension 'ignore'
[1.023s] Level 1:colcon.colcon_core.package_identification:_identify(src/ROS2_PX4_Offboard_Example) by extension 'ignore_ament_install'
[1.024s] Level 1:colcon.colcon_core.package_identification:_identify(src/ROS2_PX4_Offboard_Example) by extensions ['colcon_pkg']
[1.024s] Level 1:colcon.colcon_core.package_identification:_identify(src/ROS2_PX4_Offboard_Example) by extension 'colcon_pkg'
[1.025s] Level 1:colcon.colcon_core.package_identification:_identify(src/ROS2_PX4_Offboard_Example) by extensions ['colcon_meta']
[1.025s] Level 1:colcon.colcon_core.package_identification:_identify(src/ROS2_PX4_Offboard_Example) by extension 'colcon_meta'
[1.025s] Level 1:colcon.colcon_core.package_identification:_identify(src/ROS2_PX4_Offboard_Example) by extensions ['ros']
[1.025s] Level 1:colcon.colcon_core.package_identification:_identify(src/ROS2_PX4_Offboard_Example) by extension 'ros'
[1.026s] Level 1:colcon.colcon_core.package_identification:_identify(src/ROS2_PX4_Offboard_Example) by extensions ['cmake', 'python']
[1.026s] Level 1:colcon.colcon_core.package_identification:_identify(src/ROS2_PX4_Offboard_Example) by extension 'cmake'
[1.026s] Level 1:colcon.colcon_core.package_identification:_identify(src/ROS2_PX4_Offboard_Example) by extension 'python'
[1.026s] Level 1:colcon.colcon_core.package_identification:_identify(src/ROS2_PX4_Offboard_Example) by extensions ['python_setup_py']
[1.026s] Level 1:colcon.colcon_core.package_identification:_identify(src/ROS2_PX4_Offboard_Example) by extension 'python_setup_py'
[1.027s] Level 1:colcon.colcon_core.package_identification:_identify(src/ROS2_PX4_Offboard_Example/px4_offboard) by extensions ['ignore', 'ignore_ament_install']
[1.027s] Level 1:colcon.colcon_core.package_identification:_identify(src/ROS2_PX4_Offboard_Example/px4_offboard) by extension 'ignore'
[1.028s] Level 1:colcon.colcon_core.package_identification:_identify(src/ROS2_PX4_Offboard_Example/px4_offboard) by extension 'ignore_ament_install'
[1.028s] Level 1:colcon.colcon_core.package_identification:_identify(src/ROS2_PX4_Offboard_Example/px4_offboard) by extensions ['colcon_pkg']
[1.028s] Level 1:colcon.colcon_core.package_identification:_identify(src/ROS2_PX4_Offboard_Example/px4_offboard) by extension 'colcon_pkg'
[1.028s] Level 1:colcon.colcon_core.package_identification:_identify(src/ROS2_PX4_Offboard_Example/px4_offboard) by extensions ['colcon_meta']
[1.028s] Level 1:colcon.colcon_core.package_identification:_identify(src/ROS2_PX4_Offboard_Example/px4_offboard) by extension 'colcon_meta'
[1.029s] Level 1:colcon.colcon_core.package_identification:_identify(src/ROS2_PX4_Offboard_Example/px4_offboard) by extensions ['ros']
[1.029s] Level 1:colcon.colcon_core.package_identification:_identify(src/ROS2_PX4_Offboard_Example/px4_offboard) by extension 'ros'
[1.039s] DEBUG:colcon.colcon_core.package_identification:Package 'src/ROS2_PX4_Offboard_Example/px4_offboard' with type 'ros.ament_python' and name 'px4_offboard'
[1.040s] Level 1:colcon.colcon_core.package_identification:_identify(src/nano_test_pkg) by extensions ['ignore', 'ignore_ament_install']
[1.040s] Level 1:colcon.colcon_core.package_identification:_identify(src/nano_test_pkg) by extension 'ignore'
[1.041s] Level 1:colcon.colcon_core.package_identification:_identify(src/nano_test_pkg) by extension 'ignore_ament_install'
[1.041s] Level 1:colcon.colcon_core.package_identification:_identify(src/nano_test_pkg) by extensions ['colcon_pkg']
[1.041s] Level 1:colcon.colcon_core.package_identification:_identify(src/nano_test_pkg) by extension 'colcon_pkg'
[1.041s] Level 1:colcon.colcon_core.package_identification:_identify(src/nano_test_pkg) by extensions ['colcon_meta']
[1.041s] Level 1:colcon.colcon_core.package_identification:_identify(src/nano_test_pkg) by extension 'colcon_meta'
[1.042s] Level 1:colcon.colcon_core.package_identification:_identify(src/nano_test_pkg) by extensions ['ros']
[1.042s] Level 1:colcon.colcon_core.package_identification:_identify(src/nano_test_pkg) by extension 'ros'
[1.045s] DEBUG:colcon.colcon_core.package_identification:Package 'src/nano_test_pkg' with type 'ros.ament_python' and name 'nano_test_pkg'
[1.046s] Level 1:colcon.colcon_core.package_identification:_identify(src/px4_msgs) by extensions ['ignore', 'ignore_ament_install']
[1.046s] Level 1:colcon.colcon_core.package_identification:_identify(src/px4_msgs) by extension 'ignore'
[1.046s] Level 1:colcon.colcon_core.package_identification:_identify(src/px4_msgs) by extension 'ignore_ament_install'
[1.047s] Level 1:colcon.colcon_core.package_identification:_identify(src/px4_msgs) by extensions ['colcon_pkg']
[1.047s] Level 1:colcon.colcon_core.package_identification:_identify(src/px4_msgs) by extension 'colcon_pkg'
[1.047s] Level 1:colcon.colcon_core.package_identification:_identify(src/px4_msgs) by extensions ['colcon_meta']
[1.047s] Level 1:colcon.colcon_core.package_identification:_identify(src/px4_msgs) by extension 'colcon_meta'
[1.048s] Level 1:colcon.colcon_core.package_identification:_identify(src/px4_msgs) by extensions ['ros']
[1.048s] Level 1:colcon.colcon_core.package_identification:_identify(src/px4_msgs) by extension 'ros'
[1.051s] DEBUG:colcon.colcon_core.package_identification:Package 'src/px4_msgs' with type 'ros.ament_cmake' and name 'px4_msgs'
[1.052s] Level 1:colcon.colcon_core.package_identification:_identify(src/px4_ros_com) by extensions ['ignore', 'ignore_ament_install']
[1.053s] Level 1:colcon.colcon_core.package_identification:_identify(src/px4_ros_com) by extension 'ignore'
[1.054s] Level 1:colcon.colcon_core.package_identification:_identify(src/px4_ros_com) by extension 'ignore_ament_install'
[1.054s] Level 1:colcon.colcon_core.package_identification:_identify(src/px4_ros_com) by extensions ['colcon_pkg']
[1.055s] Level 1:colcon.colcon_core.package_identification:_identify(src/px4_ros_com) by extension 'colcon_pkg'
[1.056s] Level 1:colcon.colcon_core.package_identification:_identify(src/px4_ros_com) by extensions ['colcon_meta']
[1.056s] Level 1:colcon.colcon_core.package_identification:_identify(src/px4_ros_com) by extension 'colcon_meta'
[1.057s] Level 1:colcon.colcon_core.package_identification:_identify(src/px4_ros_com) by extensions ['ros']
[1.058s] Level 1:colcon.colcon_core.package_identification:_identify(src/px4_ros_com) by extension 'ros'
[1.063s] DEBUG:colcon.colcon_core.package_identification:Package 'src/px4_ros_com' with type 'ros.ament_cmake' and name 'px4_ros_com'
[1.064s] Level 1:colcon.colcon_core.package_identification:_identify(src/v4l2_camera) by extensions ['ignore', 'ignore_ament_install']
[1.065s] Level 1:colcon.colcon_core.package_identification:_identify(src/v4l2_camera) by extension 'ignore'
[1.065s] Level 1:colcon.colcon_core.package_identification:_identify(src/v4l2_camera) by extension 'ignore_ament_install'
[1.065s] Level 1:colcon.colcon_core.package_identification:_identify(src/v4l2_camera) by extensions ['colcon_pkg']
[1.066s] Level 1:colcon.colcon_core.package_identification:_identify(src/v4l2_camera) by extension 'colcon_pkg'
[1.066s] Level 1:colcon.colcon_core.package_identification:_identify(src/v4l2_camera) by extensions ['colcon_meta']
[1.066s] Level 1:colcon.colcon_core.package_identification:_identify(src/v4l2_camera) by extension 'colcon_meta'
[1.066s] Level 1:colcon.colcon_core.package_identification:_identify(src/v4l2_camera) by extensions ['ros']
[1.066s] Level 1:colcon.colcon_core.package_identification:_identify(src/v4l2_camera) by extension 'ros'
[1.070s] DEBUG:colcon.colcon_core.package_identification:Package 'src/v4l2_camera' with type 'ros.ament_cmake' and name 'v4l2_camera'
[1.071s] Level 1:colcon.colcon_core.package_discovery:discover_packages(recursive) using defaults
[1.071s] Level 1:colcon.colcon_core.package_discovery:discover_packages(ignore) discover
[1.071s] Level 1:colcon.colcon_core.package_discovery:discover_packages(ignore) using defaults
[1.071s] Level 1:colcon.colcon_core.package_discovery:discover_packages(path) discover
[1.071s] Level 1:colcon.colcon_core.package_discovery:discover_packages(path) using defaults
[1.172s] Level 5:colcon.colcon_core.verb:set package 'px4_msgs' build argument 'cmake_args' from command line to 'None'
[1.173s] Level 5:colcon.colcon_core.verb:set package 'px4_msgs' build argument 'cmake_target' from command line to 'None'
[1.173s] Level 5:colcon.colcon_core.verb:set package 'px4_msgs' build argument 'cmake_target_skip_unavailable' from command line to 'False'
[1.173s] Level 5:colcon.colcon_core.verb:set package 'px4_msgs' build argument 'cmake_clean_cache' from command line to 'False'
[1.173s] Level 5:colcon.colcon_core.verb:set package 'px4_msgs' build argument 'cmake_clean_first' from command line to 'False'
[1.173s] Level 5:colcon.colcon_core.verb:set package 'px4_msgs' build argument 'cmake_force_configure' from command line to 'False'
[1.173s] Level 5:colcon.colcon_core.verb:set package 'px4_msgs' build argument 'ament_cmake_args' from command line to 'None'
[1.173s] Level 5:colcon.colcon_core.verb:set package 'px4_msgs' build argument 'catkin_cmake_args' from command line to 'None'
[1.173s] Level 5:colcon.colcon_core.verb:set package 'px4_msgs' build argument 'catkin_skip_building_tests' from command line to 'False'
[1.174s] DEBUG:colcon.colcon_core.verb:Building package 'px4_msgs' with the following arguments: {'ament_cmake_args': None, 'build_base': '/home/nano/ros2_uav_ws/build/px4_msgs', 'catkin_cmake_args': None, 'catkin_skip_building_tests': False, 'cmake_args': None, 'cmake_clean_cache': False, 'cmake_clean_first': False, 'cmake_force_configure': False, 'cmake_target': None, 'cmake_target_skip_unavailable': False, 'install_base': '/home/nano/ros2_uav_ws/install/px4_msgs', 'merge_install': False, 'path': '/home/nano/ros2_uav_ws/src/px4_msgs', 'symlink_install': True, 'test_result_base': None}
[1.175s] Level 5:colcon.colcon_core.verb:set package 'v4l2_camera' build argument 'cmake_args' from command line to 'None'
[1.175s] Level 5:colcon.colcon_core.verb:set package 'v4l2_camera' build argument 'cmake_target' from command line to 'None'
[1.176s] Level 5:colcon.colcon_core.verb:set package 'v4l2_camera' build argument 'cmake_target_skip_unavailable' from command line to 'False'
[1.176s] Level 5:colcon.colcon_core.verb:set package 'v4l2_camera' build argument 'cmake_clean_cache' from command line to 'False'
[1.176s] Level 5:colcon.colcon_core.verb:set package 'v4l2_camera' build argument 'cmake_clean_first' from command line to 'False'
[1.176s] Level 5:colcon.colcon_core.verb:set package 'v4l2_camera' build argument 'cmake_force_configure' from command line to 'False'
[1.176s] Level 5:colcon.colcon_core.verb:set package 'v4l2_camera' build argument 'ament_cmake_args' from command line to 'None'
[1.176s] Level 5:colcon.colcon_core.verb:set package 'v4l2_camera' build argument 'catkin_cmake_args' from command line to 'None'
[1.176s] Level 5:colcon.colcon_core.verb:set package 'v4l2_camera' build argument 'catkin_skip_building_tests' from command line to 'False'
[1.176s] DEBUG:colcon.colcon_core.verb:Building package 'v4l2_camera' with the following arguments: {'ament_cmake_args': None, 'build_base': '/home/nano/ros2_uav_ws/build/v4l2_camera', 'catkin_cmake_args': None, 'catkin_skip_building_tests': False, 'cmake_args': None, 'cmake_clean_cache': False, 'cmake_clean_first': False, 'cmake_force_configure': False, 'cmake_target': None, 'cmake_target_skip_unavailable': False, 'install_base': '/home/nano/ros2_uav_ws/install/v4l2_camera', 'merge_install': False, 'path': '/home/nano/ros2_uav_ws/src/v4l2_camera', 'symlink_install': True, 'test_result_base': None}
[1.178s] Level 5:colcon.colcon_core.verb:set package 'px4_offboard' build argument 'cmake_args' from command line to 'None'
[1.178s] Level 5:colcon.colcon_core.verb:set package 'px4_offboard' build argument 'cmake_target' from command line to 'None'
[1.179s] Level 5:colcon.colcon_core.verb:set package 'px4_offboard' build argument 'cmake_target_skip_unavailable' from command line to 'False'
[1.179s] Level 5:colcon.colcon_core.verb:set package 'px4_offboard' build argument 'cmake_clean_cache' from command line to 'False'
[1.179s] Level 5:colcon.colcon_core.verb:set package 'px4_offboard' build argument 'cmake_clean_first' from command line to 'False'
[1.179s] Level 5:colcon.colcon_core.verb:set package 'px4_offboard' build argument 'cmake_force_configure' from command line to 'False'
[1.179s] Level 5:colcon.colcon_core.verb:set package 'px4_offboard' build argument 'ament_cmake_args' from command line to 'None'
[1.179s] Level 5:colcon.colcon_core.verb:set package 'px4_offboard' build argument 'catkin_cmake_args' from command line to 'None'
[1.179s] Level 5:colcon.colcon_core.verb:set package 'px4_offboard' build argument 'catkin_skip_building_tests' from command line to 'False'
[1.179s] DEBUG:colcon.colcon_core.verb:Building package 'px4_offboard' with the following arguments: {'ament_cmake_args': None, 'build_base': '/home/nano/ros2_uav_ws/build/px4_offboard', 'catkin_cmake_args': None, 'catkin_skip_building_tests': False, 'cmake_args': None, 'cmake_clean_cache': False, 'cmake_clean_first': False, 'cmake_force_configure': False, 'cmake_target': None, 'cmake_target_skip_unavailable': False, 'install_base': '/home/nano/ros2_uav_ws/install/px4_offboard', 'merge_install': False, 'path': '/home/nano/ros2_uav_ws/src/ROS2_PX4_Offboard_Example/px4_offboard', 'symlink_install': True, 'test_result_base': None}
[1.181s] Level 5:colcon.colcon_core.verb:set package 'px4_ros_com' build argument 'cmake_args' from command line to 'None'
[1.181s] Level 5:colcon.colcon_core.verb:set package 'px4_ros_com' build argument 'cmake_target' from command line to 'None'
[1.181s] Level 5:colcon.colcon_core.verb:set package 'px4_ros_com' build argument 'cmake_target_skip_unavailable' from command line to 'False'
[1.181s] Level 5:colcon.colcon_core.verb:set package 'px4_ros_com' build argument 'cmake_clean_cache' from command line to 'False'
[1.181s] Level 5:colcon.colcon_core.verb:set package 'px4_ros_com' build argument 'cmake_clean_first' from command line to 'False'
[1.182s] Level 5:colcon.colcon_core.verb:set package 'px4_ros_com' build argument 'cmake_force_configure' from command line to 'False'
[1.182s] Level 5:colcon.colcon_core.verb:set package 'px4_ros_com' build argument 'ament_cmake_args' from command line to 'None'
[1.182s] Level 5:colcon.colcon_core.verb:set package 'px4_ros_com' build argument 'catkin_cmake_args' from command line to 'None'
[1.182s] Level 5:colcon.colcon_core.verb:set package 'px4_ros_com' build argument 'catkin_skip_building_tests' from command line to 'False'
[1.182s] DEBUG:colcon.colcon_core.verb:Building package 'px4_ros_com' with the following arguments: {'ament_cmake_args': None, 'build_base': '/home/nano/ros2_uav_ws/build/px4_ros_com', 'catkin_cmake_args': None, 'catkin_skip_building_tests': False, 'cmake_args': None, 'cmake_clean_cache': False, 'cmake_clean_first': False, 'cmake_force_configure': False, 'cmake_target': None, 'cmake_target_skip_unavailable': False, 'install_base': '/home/nano/ros2_uav_ws/install/px4_ros_com', 'merge_install': False, 'path': '/home/nano/ros2_uav_ws/src/px4_ros_com', 'symlink_install': True, 'test_result_base': None}
[1.184s] Level 5:colcon.colcon_core.verb:set package 'nano_test_pkg' build argument 'cmake_args' from command line to 'None'
[1.184s] Level 5:colcon.colcon_core.verb:set package 'nano_test_pkg' build argument 'cmake_target' from command line to 'None'
[1.184s] Level 5:colcon.colcon_core.verb:set package 'nano_test_pkg' build argument 'cmake_target_skip_unavailable' from command line to 'False'
[1.184s] Level 5:colcon.colcon_core.verb:set package 'nano_test_pkg' build argument 'cmake_clean_cache' from command line to 'False'
[1.184s] Level 5:colcon.colcon_core.verb:set package 'nano_test_pkg' build argument 'cmake_clean_first' from command line to 'False'
[1.185s] Level 5:colcon.colcon_core.verb:set package 'nano_test_pkg' build argument 'cmake_force_configure' from command line to 'False'
[1.185s] Level 5:colcon.colcon_core.verb:set package 'nano_test_pkg' build argument 'ament_cmake_args' from command line to 'None'
[1.185s] Level 5:colcon.colcon_core.verb:set package 'nano_test_pkg' build argument 'catkin_cmake_args' from command line to 'None'
[1.185s] Level 5:colcon.colcon_core.verb:set package 'nano_test_pkg' build argument 'catkin_skip_building_tests' from command line to 'False'
[1.185s] DEBUG:colcon.colcon_core.verb:Building package 'nano_test_pkg' with the following arguments: {'ament_cmake_args': None, 'build_base': '/home/nano/ros2_uav_ws/build/nano_test_pkg', 'catkin_cmake_args': None, 'catkin_skip_building_tests': False, 'cmake_args': None, 'cmake_clean_cache': False, 'cmake_clean_first': False, 'cmake_force_configure': False, 'cmake_target': None, 'cmake_target_skip_unavailable': False, 'install_base': '/home/nano/ros2_uav_ws/install/nano_test_pkg', 'merge_install': False, 'path': '/home/nano/ros2_uav_ws/src/nano_test_pkg', 'symlink_install': True, 'test_result_base': None}
[1.186s] INFO:colcon.colcon_core.executor:Executing jobs using 'parallel' executor
[1.193s] DEBUG:colcon.colcon_parallel_executor.executor.parallel:run_until_complete
[1.194s] INFO:colcon.colcon_ros.task.ament_cmake.build:Building ROS package in '/home/nano/ros2_uav_ws/src/px4_msgs' with build type 'ament_cmake'
[1.195s] INFO:colcon.colcon_cmake.task.cmake.build:Building CMake package in '/home/nano/ros2_uav_ws/src/px4_msgs'
[1.207s] INFO:colcon.colcon_core.plugin_system:Skipping extension 'colcon_core.shell.bat': Not used on non-Windows systems
[1.208s] INFO:colcon.colcon_core.shell:Skip shell extension 'powershell' for command environment: Not usable outside of PowerShell
[1.209s] DEBUG:colcon.colcon_core.shell:Skip shell extension 'dsv' for command environment
[1.246s] INFO:colcon.colcon_ros.task.ament_cmake.build:Building ROS package in '/home/nano/ros2_uav_ws/src/v4l2_camera' with build type 'ament_cmake'
[1.247s] INFO:colcon.colcon_cmake.task.cmake.build:Building CMake package in '/home/nano/ros2_uav_ws/src/v4l2_camera'
[1.250s] INFO:colcon.colcon_core.shell:Skip shell extension 'powershell' for command environment: Not usable outside of PowerShell
[1.250s] DEBUG:colcon.colcon_core.shell:Skip shell extension 'dsv' for command environment
[1.294s] DEBUG:colcon.colcon_core.event_handler.log_command:Invoking command in '/home/nano/ros2_uav_ws/build/px4_msgs': CMAKE_PREFIX_PATH=/opt/ros/humble /usr/bin/cmake --build /home/nano/ros2_uav_ws/build/px4_msgs -- -j4 -l4
[1.325s] DEBUG:colcon.colcon_core.event_handler.log_command:Invoking command in '/home/nano/ros2_uav_ws/build/v4l2_camera': CMAKE_PREFIX_PATH=/opt/ros/humble /usr/bin/cmake --build /home/nano/ros2_uav_ws/build/v4l2_camera -- -j4 -l4
[2.344s] DEBUG:colcon.colcon_core.event_handler.log_command:Invoked command in '/home/nano/ros2_uav_ws/build/v4l2_camera' returned '0': CMAKE_PREFIX_PATH=/opt/ros/humble /usr/bin/cmake --build /home/nano/ros2_uav_ws/build/v4l2_camera -- -j4 -l4
[2.840s] DEBUG:colcon.colcon_core.event_handler.log_command:Invoking command in '/home/nano/ros2_uav_ws/build/v4l2_camera': CMAKE_PREFIX_PATH=/opt/ros/humble /usr/bin/cmake --install /home/nano/ros2_uav_ws/build/v4l2_camera
[3.102s] Level 1:colcon.colcon_core.environment:create_environment_scripts_only(v4l2_camera)
[3.105s] DEBUG:colcon.colcon_core.event_handler.log_command:Invoked command in '/home/nano/ros2_uav_ws/build/v4l2_camera' returned '0': CMAKE_PREFIX_PATH=/opt/ros/humble /usr/bin/cmake --install /home/nano/ros2_uav_ws/build/v4l2_camera
[3.134s] Level 1:colcon.colcon_core.environment:checking '/home/nano/ros2_uav_ws/install/v4l2_camera' for CMake module files
[3.139s] Level 1:colcon.colcon_core.environment:checking '/home/nano/ros2_uav_ws/install/v4l2_camera' for CMake config files
[3.144s] Level 1:colcon.colcon_core.shell:create_environment_hook('v4l2_camera', 'cmake_prefix_path')
[3.146s] INFO:colcon.colcon_core.shell:Creating environment hook '/home/nano/ros2_uav_ws/install/v4l2_camera/share/v4l2_camera/hook/cmake_prefix_path.ps1'
[3.152s] INFO:colcon.colcon_core.shell:Creating environment descriptor '/home/nano/ros2_uav_ws/install/v4l2_camera/share/v4l2_camera/hook/cmake_prefix_path.dsv'
[3.156s] INFO:colcon.colcon_core.shell:Creating environment hook '/home/nano/ros2_uav_ws/install/v4l2_camera/share/v4l2_camera/hook/cmake_prefix_path.sh'
[3.164s] Level 1:colcon.colcon_core.environment:checking '/home/nano/ros2_uav_ws/install/v4l2_camera/lib'
[3.166s] Level 1:colcon.colcon_core.shell:create_environment_hook('v4l2_camera', 'ld_library_path_lib')
[3.171s] INFO:colcon.colcon_core.shell:Creating environment hook '/home/nano/ros2_uav_ws/install/v4l2_camera/share/v4l2_camera/hook/ld_library_path_lib.ps1'
[3.174s] INFO:colcon.colcon_core.shell:Creating environment descriptor '/home/nano/ros2_uav_ws/install/v4l2_camera/share/v4l2_camera/hook/ld_library_path_lib.dsv'
[3.177s] INFO:colcon.colcon_core.shell:Creating environment hook '/home/nano/ros2_uav_ws/install/v4l2_camera/share/v4l2_camera/hook/ld_library_path_lib.sh'
[3.180s] Level 1:colcon.colcon_core.environment:checking '/home/nano/ros2_uav_ws/install/v4l2_camera/bin'
[3.181s] Level 1:colcon.colcon_core.environment:checking '/home/nano/ros2_uav_ws/install/v4l2_camera/lib/pkgconfig/v4l2_camera.pc'
[3.192s] Level 1:colcon.colcon_core.environment:checking '/home/nano/ros2_uav_ws/install/v4l2_camera/lib/python3.10/site-packages'
[3.194s] Level 1:colcon.colcon_core.environment:checking '/home/nano/ros2_uav_ws/install/v4l2_camera/bin'
[3.196s] INFO:colcon.colcon_core.shell:Creating package script '/home/nano/ros2_uav_ws/install/v4l2_camera/share/v4l2_camera/package.ps1'
[3.203s] INFO:colcon.colcon_core.shell:Creating package descriptor '/home/nano/ros2_uav_ws/install/v4l2_camera/share/v4l2_camera/package.dsv'
[3.207s] INFO:colcon.colcon_core.shell:Creating package script '/home/nano/ros2_uav_ws/install/v4l2_camera/share/v4l2_camera/package.sh'
[3.213s] INFO:colcon.colcon_core.shell:Creating package script '/home/nano/ros2_uav_ws/install/v4l2_camera/share/v4l2_camera/package.bash'
[3.220s] INFO:colcon.colcon_core.shell:Creating package script '/home/nano/ros2_uav_ws/install/v4l2_camera/share/v4l2_camera/package.zsh'
[3.225s] Level 1:colcon.colcon_core.environment:create_file_with_runtime_dependencies(/home/nano/ros2_uav_ws/install/v4l2_camera/share/colcon-core/packages/v4l2_camera)
[3.592s] Level 1:colcon.colcon_core.environment:create_environment_scripts_only(v4l2_camera)
[3.594s] Level 1:colcon.colcon_core.environment:checking '/home/nano/ros2_uav_ws/install/v4l2_camera' for CMake module files
[3.601s] Level 1:colcon.colcon_core.environment:checking '/home/nano/ros2_uav_ws/install/v4l2_camera' for CMake config files
[3.606s] Level 1:colcon.colcon_core.shell:create_environment_hook('v4l2_camera', 'cmake_prefix_path')
[3.608s] INFO:colcon.colcon_core.shell:Creating environment hook '/home/nano/ros2_uav_ws/install/v4l2_camera/share/v4l2_camera/hook/cmake_prefix_path.ps1'
[3.613s] INFO:colcon.colcon_core.shell:Creating environment descriptor '/home/nano/ros2_uav_ws/install/v4l2_camera/share/v4l2_camera/hook/cmake_prefix_path.dsv'
[3.617s] INFO:colcon.colcon_core.shell:Creating environment hook '/home/nano/ros2_uav_ws/install/v4l2_camera/share/v4l2_camera/hook/cmake_prefix_path.sh'
[3.627s] Level 1:colcon.colcon_core.environment:checking '/home/nano/ros2_uav_ws/install/v4l2_camera/lib'
[3.628s] Level 1:colcon.colcon_core.shell:create_environment_hook('v4l2_camera', 'ld_library_path_lib')
[3.630s] INFO:colcon.colcon_core.shell:Creating environment hook '/home/nano/ros2_uav_ws/install/v4l2_camera/share/v4l2_camera/hook/ld_library_path_lib.ps1'
[3.634s] INFO:colcon.colcon_core.shell:Creating environment descriptor '/home/nano/ros2_uav_ws/install/v4l2_camera/share/v4l2_camera/hook/ld_library_path_lib.dsv'
[3.638s] INFO:colcon.colcon_core.shell:Creating environment hook '/home/nano/ros2_uav_ws/install/v4l2_camera/share/v4l2_camera/hook/ld_library_path_lib.sh'
[3.641s] Level 1:colcon.colcon_core.environment:checking '/home/nano/ros2_uav_ws/install/v4l2_camera/bin'
[3.642s] Level 1:colcon.colcon_core.environment:checking '/home/nano/ros2_uav_ws/install/v4l2_camera/lib/pkgconfig/v4l2_camera.pc'
[3.643s] Level 1:colcon.colcon_core.environment:checking '/home/nano/ros2_uav_ws/install/v4l2_camera/lib/python3.10/site-packages'
[3.644s] Level 1:colcon.colcon_core.environment:checking '/home/nano/ros2_uav_ws/install/v4l2_camera/bin'
[3.646s] INFO:colcon.colcon_core.shell:Creating package script '/home/nano/ros2_uav_ws/install/v4l2_camera/share/v4l2_camera/package.ps1'
[3.650s] INFO:colcon.colcon_core.shell:Creating package descriptor '/home/nano/ros2_uav_ws/install/v4l2_camera/share/v4l2_camera/package.dsv'
[3.659s] INFO:colcon.colcon_core.shell:Creating package script '/home/nano/ros2_uav_ws/install/v4l2_camera/share/v4l2_camera/package.sh'
[3.665s] INFO:colcon.colcon_core.shell:Creating package script '/home/nano/ros2_uav_ws/install/v4l2_camera/share/v4l2_camera/package.bash'
[3.671s] INFO:colcon.colcon_core.shell:Creating package script '/home/nano/ros2_uav_ws/install/v4l2_camera/share/v4l2_camera/package.zsh'
[3.676s] Level 1:colcon.colcon_core.environment:create_file_with_runtime_dependencies(/home/nano/ros2_uav_ws/install/v4l2_camera/share/colcon-core/packages/v4l2_camera)
[6.341s] DEBUG:colcon.colcon_core.event_handler.log_command:Invoked command in '/home/nano/ros2_uav_ws/build/px4_msgs' returned '2': CMAKE_PREFIX_PATH=/opt/ros/humble /usr/bin/cmake --build /home/nano/ros2_uav_ws/build/px4_msgs -- -j4 -l4
[39.568s] Level 1:colcon.colcon_core.environment:create_environment_scripts_only(px4_msgs)
[39.569s] Level 1:colcon.colcon_core.environment:checking '/home/nano/ros2_uav_ws/install/px4_msgs' for CMake module files
[39.573s] Level 1:colcon.colcon_core.environment:checking '/home/nano/ros2_uav_ws/install/px4_msgs' for CMake config files
[39.582s] Level 1:colcon.colcon_core.shell:create_environment_hook('px4_msgs', 'cmake_prefix_path')
[39.584s] INFO:colcon.colcon_core.shell:Creating environment hook '/home/nano/ros2_uav_ws/install/px4_msgs/share/px4_msgs/hook/cmake_prefix_path.ps1'
[39.587s] INFO:colcon.colcon_core.shell:Creating environment descriptor '/home/nano/ros2_uav_ws/install/px4_msgs/share/px4_msgs/hook/cmake_prefix_path.dsv'
[39.588s] INFO:colcon.colcon_core.shell:Creating environment hook '/home/nano/ros2_uav_ws/install/px4_msgs/share/px4_msgs/hook/cmake_prefix_path.sh'
[39.592s] Level 1:colcon.colcon_core.environment:checking '/home/nano/ros2_uav_ws/install/px4_msgs/lib'
[39.593s] Level 1:colcon.colcon_core.shell:create_environment_hook('px4_msgs', 'ld_library_path_lib')
[39.594s] INFO:colcon.colcon_core.shell:Creating environment hook '/home/nano/ros2_uav_ws/install/px4_msgs/share/px4_msgs/hook/ld_library_path_lib.ps1'
[39.596s] INFO:colcon.colcon_core.shell:Creating environment descriptor '/home/nano/ros2_uav_ws/install/px4_msgs/share/px4_msgs/hook/ld_library_path_lib.dsv'
[39.599s] INFO:colcon.colcon_core.shell:Creating environment hook '/home/nano/ros2_uav_ws/install/px4_msgs/share/px4_msgs/hook/ld_library_path_lib.sh'
[39.601s] Level 1:colcon.colcon_core.environment:checking '/home/nano/ros2_uav_ws/install/px4_msgs/bin'
[39.602s] Level 1:colcon.colcon_core.environment:checking '/home/nano/ros2_uav_ws/install/px4_msgs/lib/pkgconfig/px4_msgs.pc'
[39.603s] Level 1:colcon.colcon_core.environment:checking '/home/nano/ros2_uav_ws/install/px4_msgs/lib/python3.10/site-packages'
[39.604s] Level 1:colcon.colcon_core.environment:checking '/home/nano/ros2_uav_ws/install/px4_msgs/bin'
[39.605s] INFO:colcon.colcon_core.shell:Creating package script '/home/nano/ros2_uav_ws/install/px4_msgs/share/px4_msgs/package.ps1'
[39.608s] INFO:colcon.colcon_core.shell:Creating package descriptor '/home/nano/ros2_uav_ws/install/px4_msgs/share/px4_msgs/package.dsv'
[39.611s] INFO:colcon.colcon_core.shell:Creating package script '/home/nano/ros2_uav_ws/install/px4_msgs/share/px4_msgs/package.sh'
[39.615s] INFO:colcon.colcon_core.shell:Creating package script '/home/nano/ros2_uav_ws/install/px4_msgs/share/px4_msgs/package.bash'
[39.618s] INFO:colcon.colcon_core.shell:Creating package script '/home/nano/ros2_uav_ws/install/px4_msgs/share/px4_msgs/package.zsh'
[39.621s] Level 1:colcon.colcon_core.environment:create_file_with_runtime_dependencies(/home/nano/ros2_uav_ws/install/px4_msgs/share/colcon-core/packages/px4_msgs)
[39.632s] DEBUG:colcon.colcon_parallel_executor.executor.parallel:closing loop
[39.633s] DEBUG:colcon.colcon_parallel_executor.executor.parallel:loop closed
[39.633s] DEBUG:colcon.colcon_parallel_executor.executor.parallel:run_until_complete finished with '2'
[39.634s] DEBUG:colcon.colcon_core.event_reactor:joining thread
[39.674s] INFO:colcon.colcon_core.plugin_system:Skipping extension 'colcon_notification.desktop_notification.terminal_notifier': Not used on non-Darwin systems
[39.676s] INFO:colcon.colcon_core.plugin_system:Skipping extension 'colcon_notification.desktop_notification.win32': Not used on non-Windows systems
[39.676s] INFO:colcon.colcon_notification.desktop_notification:Sending desktop notification using 'notify2'
[39.742s] DEBUG:colcon.colcon_core.event_reactor:joined thread
[39.744s] INFO:colcon.colcon_core.shell:Creating prefix script '/home/nano/ros2_uav_ws/install/local_setup.ps1'
[39.748s] INFO:colcon.colcon_core.shell:Creating prefix util module '/home/nano/ros2_uav_ws/install/_local_setup_util_ps1.py'
[39.756s] INFO:colcon.colcon_core.shell:Creating prefix chain script '/home/nano/ros2_uav_ws/install/setup.ps1'
[39.763s] INFO:colcon.colcon_core.shell:Creating prefix script '/home/nano/ros2_uav_ws/install/local_setup.sh'
[39.767s] INFO:colcon.colcon_core.shell:Creating prefix util module '/home/nano/ros2_uav_ws/install/_local_setup_util_sh.py'
[39.770s] INFO:colcon.colcon_core.shell:Creating prefix chain script '/home/nano/ros2_uav_ws/install/setup.sh'
[39.777s] INFO:colcon.colcon_core.shell:Creating prefix script '/home/nano/ros2_uav_ws/install/local_setup.bash'
[39.782s] INFO:colcon.colcon_core.shell:Creating prefix chain script '/home/nano/ros2_uav_ws/install/setup.bash'
[39.788s] INFO:colcon.colcon_core.shell:Creating prefix script '/home/nano/ros2_uav_ws/install/local_setup.zsh'
[39.792s] INFO:colcon.colcon_core.shell:Creating prefix chain script '/home/nano/ros2_uav_ws/install/setup.zsh'
