[0.079s] Invoking command in '/home/nano/ros2_uav_ws/build/v4l2_camera': CMAKE_PREFIX_PATH=${CMAKE_PREFIX_PATH}:/home/nano/ros2_uav_ws/install/nano_test_pkg:/home/nano/ros2_uav_ws/install/px4_offboard:/opt/ros/humble /usr/bin/cmake --build /home/nano/ros2_uav_ws/build/v4l2_camera -- -j4 -l4
[0.457s] [ 50%] Built target v4l2_camera
[0.639s] [ 75%] Built target v4l2_camera_compose_test
[0.705s] [100%] Built target v4l2_camera_node
[0.766s] Invoked command in '/home/nano/ros2_uav_ws/build/v4l2_camera' returned '0': CMAKE_PREFIX_PATH=${CMAKE_PREFIX_PATH}:/home/nano/ros2_uav_ws/install/nano_test_pkg:/home/nano/ros2_uav_ws/install/px4_offboard:/opt/ros/humble /usr/bin/cmake --build /home/nano/ros2_uav_ws/build/v4l2_camera -- -j4 -l4
[1.099s] Invoking command in '/home/nano/ros2_uav_ws/build/v4l2_camera': CMAKE_PREFIX_PATH=${CMAKE_PREFIX_PATH}:/home/nano/ros2_uav_ws/install/nano_test_pkg:/home/nano/ros2_uav_ws/install/px4_offboard:/opt/ros/humble /usr/bin/cmake --install /home/nano/ros2_uav_ws/build/v4l2_camera
[1.148s] -- Install configuration: ""
[1.151s] -- Execute custom install script
[1.154s] -- Up-to-date symlink: /home/nano/ros2_uav_ws/install/v4l2_camera/include/v4l2_camera/control.hpp
[1.156s] -- Up-to-date symlink: /home/nano/ros2_uav_ws/install/v4l2_camera/include/v4l2_camera/fourcc.hpp
[1.158s] -- Up-to-date symlink: /home/nano/ros2_uav_ws/install/v4l2_camera/include/v4l2_camera/image_format.hpp
[1.161s] -- Up-to-date symlink: /home/nano/ros2_uav_ws/install/v4l2_camera/include/v4l2_camera/parameters.hpp
[1.162s] -- Up-to-date symlink: /home/nano/ros2_uav_ws/install/v4l2_camera/include/v4l2_camera/pixel_format.hpp
[1.163s] -- Up-to-date symlink: /home/nano/ros2_uav_ws/install/v4l2_camera/include/v4l2_camera/v4l2_camera.hpp
[1.166s] -- Up-to-date symlink: /home/nano/ros2_uav_ws/install/v4l2_camera/include/v4l2_camera/v4l2_camera_device.hpp
[1.167s] -- Up-to-date symlink: /home/nano/ros2_uav_ws/install/v4l2_camera/include/v4l2_camera/visibility_control.h
[1.168s] -- Up-to-date symlink: /home/nano/ros2_uav_ws/install/v4l2_camera/share/v4l2_camera/environment/library_path.sh
[1.169s] -- Up-to-date symlink: /home/nano/ros2_uav_ws/install/v4l2_camera/share/v4l2_camera/environment/library_path.dsv
[1.171s] -- Up-to-date symlink: /home/nano/ros2_uav_ws/install/v4l2_camera/share/ament_index/resource_index/package_run_dependencies/v4l2_camera
[1.172s] -- Up-to-date symlink: /home/nano/ros2_uav_ws/install/v4l2_camera/share/ament_index/resource_index/parent_prefix_path/v4l2_camera
[1.174s] -- Up-to-date symlink: /home/nano/ros2_uav_ws/install/v4l2_camera/share/v4l2_camera/environment/ament_prefix_path.sh
[1.176s] -- Up-to-date symlink: /home/nano/ros2_uav_ws/install/v4l2_camera/share/v4l2_camera/environment/ament_prefix_path.dsv
[1.178s] -- Up-to-date symlink: /home/nano/ros2_uav_ws/install/v4l2_camera/share/v4l2_camera/environment/path.sh
[1.180s] -- Up-to-date symlink: /home/nano/ros2_uav_ws/install/v4l2_camera/share/v4l2_camera/environment/path.dsv
[1.182s] -- Up-to-date symlink: /home/nano/ros2_uav_ws/install/v4l2_camera/share/v4l2_camera/local_setup.bash
[1.185s] -- Up-to-date symlink: /home/nano/ros2_uav_ws/install/v4l2_camera/share/v4l2_camera/local_setup.sh
[1.190s] -- Up-to-date symlink: /home/nano/ros2_uav_ws/install/v4l2_camera/share/v4l2_camera/local_setup.zsh
[1.192s] -- Up-to-date symlink: /home/nano/ros2_uav_ws/install/v4l2_camera/share/v4l2_camera/local_setup.dsv
[1.194s] -- Symlinking: /home/nano/ros2_uav_ws/install/v4l2_camera/share/v4l2_camera/package.dsv
[1.270s] -- Up-to-date symlink: /home/nano/ros2_uav_ws/install/v4l2_camera/share/ament_index/resource_index/packages/v4l2_camera
[1.272s] -- Up-to-date symlink: /home/nano/ros2_uav_ws/install/v4l2_camera/share/ament_index/resource_index/rclcpp_components/v4l2_camera
[1.275s] -- Up-to-date symlink: /home/nano/ros2_uav_ws/install/v4l2_camera/share/v4l2_camera/cmake/ament_cmake_export_include_directories-extras.cmake
[1.278s] -- Up-to-date symlink: /home/nano/ros2_uav_ws/install/v4l2_camera/share/v4l2_camera/cmake/ament_cmake_export_targets-extras.cmake
[1.282s] -- Up-to-date symlink: /home/nano/ros2_uav_ws/install/v4l2_camera/share/v4l2_camera/cmake/ament_cmake_export_libraries-extras.cmake
[1.283s] -- Up-to-date symlink: /home/nano/ros2_uav_ws/install/v4l2_camera/share/v4l2_camera/cmake/ament_cmake_export_dependencies-extras.cmake
[1.284s] -- Up-to-date symlink: /home/nano/ros2_uav_ws/install/v4l2_camera/share/v4l2_camera/cmake/v4l2_cameraConfig.cmake
[1.285s] -- Up-to-date symlink: /home/nano/ros2_uav_ws/install/v4l2_camera/share/v4l2_camera/cmake/v4l2_cameraConfig-version.cmake
[1.287s] -- Up-to-date symlink: /home/nano/ros2_uav_ws/install/v4l2_camera/share/v4l2_camera/package.xml
[1.288s] -- Up-to-date: /home/nano/ros2_uav_ws/install/v4l2_camera/lib/libv4l2_camera.so
[1.289s] -- Up-to-date: /home/nano/ros2_uav_ws/install/v4l2_camera/lib/v4l2_camera/v4l2_camera_node
[1.291s] -- Up-to-date: /home/nano/ros2_uav_ws/install/v4l2_camera/lib/v4l2_camera/v4l2_camera_compose_test
[1.294s] -- Up-to-date: /home/nano/ros2_uav_ws/install/v4l2_camera/share/v4l2_camera/cmake/export_v4l2_cameraExport.cmake
[1.295s] -- Up-to-date: /home/nano/ros2_uav_ws/install/v4l2_camera/share/v4l2_camera/cmake/export_v4l2_cameraExport-noconfig.cmake
[1.326s] Invoked command in '/home/nano/ros2_uav_ws/build/v4l2_camera' returned '0': CMAKE_PREFIX_PATH=${CMAKE_PREFIX_PATH}:/home/nano/ros2_uav_ws/install/nano_test_pkg:/home/nano/ros2_uav_ws/install/px4_offboard:/opt/ros/humble /usr/bin/cmake --install /home/nano/ros2_uav_ws/build/v4l2_camera
