[7.044s] Invoking command in '/home/nano/ros2_uav_ws/build/px4_offboard': AMENT_PREFIX_PATH=/home/nano/ros2_uav_ws/install/px4_msgs:${AMENT_PREFIX_PATH} CMAKE_PREFIX_PATH=/home/nano/ros2_uav_ws/install/px4_msgs LD_LIBRARY_PATH=/home/nano/ros2_uav_ws/install/px4_msgs/lib:${LD_LIBRARY_PATH} PYTHONPATH=/home/nano/ros2_uav_ws/build/px4_offboard/prefix_override:/home/nano/.local/lib/python3.10/site-packages/colcon_core/task/python/colcon_distutils_commands:/home/nano/ros2_uav_ws/install/px4_offboard/lib/python3.10/site-packages:/home/nano/ros2_uav_ws/install/px4_msgs/local/lib/python3.10/dist-packages:${PYTHONPATH} /usr/bin/python3 -W ignore:setup.py install is deprecated setup.py develop --editable --build-directory /home/nano/ros2_uav_ws/build/px4_offboard/build --no-deps symlink_data
[9.579s] running develop
[9.586s] /home/nano/.local/lib/python3.10/site-packages/setuptools/command/develop.py:42: EasyInstallDeprecationWarning: easy_install command is deprecated.
[9.587s] !!
[9.588s] 
[9.588s]         ********************************************************************************
[9.589s]         Please avoid running ``setup.py`` and ``easy_install``.
[9.589s]         Instead, use pypa/build, pypa/installer or other
[9.590s]         standards-based tools.
[9.591s] 
[9.592s]         See https://github.com/pypa/setuptools/issues/917 for details.
[9.592s]         ********************************************************************************
[9.593s] 
[9.593s] !!
[9.594s]   easy_install.initialize_options(self)
[11.630s] running egg_info
[11.783s] writing px4_offboard.egg-info/PKG-INFO
[11.787s] writing dependency_links to px4_offboard.egg-info/dependency_links.txt
[11.789s] writing entry points to px4_offboard.egg-info/entry_points.txt
[11.791s] writing requirements to px4_offboard.egg-info/requires.txt
[11.793s] writing top-level names to px4_offboard.egg-info/top_level.txt
[12.052s] reading manifest file 'px4_offboard.egg-info/SOURCES.txt'
[12.060s] writing manifest file 'px4_offboard.egg-info/SOURCES.txt'
[12.245s] running build_ext
[12.245s] Creating /home/nano/ros2_uav_ws/install/px4_offboard/lib/python3.10/site-packages/px4-offboard.egg-link (link to .)
[12.252s] Installing control script to /home/nano/ros2_uav_ws/install/px4_offboard/lib/px4_offboard
[12.253s] Installing offboard_control script to /home/nano/ros2_uav_ws/install/px4_offboard/lib/px4_offboard
[12.254s] Installing processes script to /home/nano/ros2_uav_ws/install/px4_offboard/lib/px4_offboard
[12.256s] Installing velocity_control script to /home/nano/ros2_uav_ws/install/px4_offboard/lib/px4_offboard
[12.257s] Installing visualizer script to /home/nano/ros2_uav_ws/install/px4_offboard/lib/px4_offboard
[12.260s] 
[12.261s] Installed /home/nano/ros2_uav_ws/build/px4_offboard
[12.261s] running symlink_data
[12.529s] Invoked command in '/home/nano/ros2_uav_ws/build/px4_offboard' returned '0': AMENT_PREFIX_PATH=/home/nano/ros2_uav_ws/install/px4_msgs:${AMENT_PREFIX_PATH} CMAKE_PREFIX_PATH=/home/nano/ros2_uav_ws/install/px4_msgs LD_LIBRARY_PATH=/home/nano/ros2_uav_ws/install/px4_msgs/lib:${LD_LIBRARY_PATH} PYTHONPATH=/home/nano/ros2_uav_ws/build/px4_offboard/prefix_override:/home/nano/.local/lib/python3.10/site-packages/colcon_core/task/python/colcon_distutils_commands:/home/nano/ros2_uav_ws/install/px4_offboard/lib/python3.10/site-packages:/home/nano/ros2_uav_ws/install/px4_msgs/local/lib/python3.10/dist-packages:${PYTHONPATH} /usr/bin/python3 -W ignore:setup.py install is deprecated setup.py develop --editable --build-directory /home/nano/ros2_uav_ws/build/px4_offboard/build --no-deps symlink_data
