-- The C compiler identification is GNU 11.4.0
-- The CXX compiler identification is GNU 11.4.0
-- Detecting C compiler ABI info
-- Detecting C compiler ABI info - done
-- Check for working C compiler: /usr/bin/cc - skipped
-- Detecting C compile features
-- Detecting C compile features - done
-- Detecting CXX compiler ABI info
-- Detecting CXX compiler ABI info - done
-- Check for working CXX compiler: /usr/bin/c++ - skipped
-- Detecting CXX compile features
-- Detecting CXX compile features - done
-- Found rosidl_default_generators: 1.2.0 (/opt/ros/humble/share/rosidl_default_generators/cmake)
-- Found ament_cmake_core: 1.3.9 (/opt/ros/humble/share/ament_cmake_core/cmake)
-- Found Python3: /usr/bin/python3 (found version "3.10.12") found components: Interpreter 
-- Using all available rosidl_typesupport_c: rosidl_typesupport_fastrtps_c;rosidl_typesupport_introspection_c
-- Found rosidl_adapter: 3.1.5 (/opt/ros/humble/share/rosidl_adapter/cmake)
-- Using all available rosidl_typesupport_cpp: rosidl_typesupport_fastrtps_cpp;rosidl_typesupport_introspection_cpp
-- Found ament_cmake_ros: 0.10.0 (/opt/ros/humble/share/ament_cmake_ros/cmake)
-- Using all available rosidl_typesupport_c: rosidl_typesupport_fastrtps_c;rosidl_typesupport_introspection_c
-- Using all available rosidl_typesupport_cpp: rosidl_typesupport_fastrtps_cpp;rosidl_typesupport_introspection_cpp
-- Found PythonInterp: /usr/bin/python3 (found suitable version "3.10.12", minimum required is "3.6") 
-- Found python_cmake_module: 0.10.0 (/opt/ros/humble/share/python_cmake_module/cmake)
-- Found PythonLibs: /usr/lib/aarch64-linux-gnu/libpython3.10.so (found suitable version "3.10.12", minimum required is "3.5") 
-- Using PYTHON_EXECUTABLE: /usr/bin/python3
-- Using PYTHON_INCLUDE_DIRS: /usr/include/python3.10
-- Using PYTHON_LIBRARIES: /usr/lib/aarch64-linux-gnu/libpython3.10.so
-- Found PythonExtra: .so  
-- Found ament_lint_auto: 0.12.11 (/opt/ros/humble/share/ament_lint_auto/cmake)
-- Added test 'lint_cmake' to check CMake code style
-- Added test 'xmllint' to check XML markup files
-- Configuring done
-- Generating done
-- Build files have been written to: /home/nano/ros2_uav_ws/build/drone_msgs
[  3%] [34m[1mGenerating C code for ROS interfaces[0m
[  6%] [34m[1mGenerating C++ code for ROS interfaces[0m
[  6%] Built target ament_cmake_python_copy_drone_msgs
[  6%] Built target drone_msgs__cpp
[  9%] [34m[1mGenerating C++ type support for eProsima Fast-RTPS[0m
[ 12%] [34m[1mGenerating C++ introspection for ROS interfaces[0m
running egg_info
creating drone_msgs.egg-info
[ 16%] [32mBuilding C object CMakeFiles/drone_msgs__rosidl_generator_c.dir/rosidl_generator_c/drone_msgs/srv/detail/arm_disarm__functions.c.o[0m
writing drone_msgs.egg-info/PKG-INFO
writing dependency_links to drone_msgs.egg-info/dependency_links.txt
writing top-level names to drone_msgs.egg-info/top_level.txt
writing manifest file 'drone_msgs.egg-info/SOURCES.txt'
[ 19%] [32m[1mLinking C shared library libdrone_msgs__rosidl_generator_c.so[0m
[ 19%] Built target drone_msgs__rosidl_generator_c
[ 22%] [34m[1mGenerating C++ type support dispatch for ROS interfaces[0m
reading manifest file 'drone_msgs.egg-info/SOURCES.txt'
writing manifest file 'drone_msgs.egg-info/SOURCES.txt'
[ 25%] [32mBuilding CXX object CMakeFiles/drone_msgs__rosidl_typesupport_introspection_cpp.dir/rosidl_typesupport_introspection_cpp/drone_msgs/srv/detail/arm_disarm__type_support.cpp.o[0m
[ 25%] Built target ament_cmake_python_build_drone_msgs_egg
[ 29%] [34m[1mGenerating C type support for eProsima Fast-RTPS[0m
[ 32%] [32mBuilding CXX object CMakeFiles/drone_msgs__rosidl_typesupport_fastrtps_cpp.dir/rosidl_typesupport_fastrtps_cpp/drone_msgs/srv/detail/dds_fastrtps/arm_disarm__type_support.cpp.o[0m
[ 35%] [32mBuilding CXX object CMakeFiles/drone_msgs__rosidl_typesupport_fastrtps_c.dir/rosidl_typesupport_fastrtps_c/drone_msgs/srv/detail/arm_disarm__type_support_c.cpp.o[0m
[ 38%] [32mBuilding CXX object CMakeFiles/drone_msgs__rosidl_typesupport_cpp.dir/rosidl_typesupport_cpp/drone_msgs/srv/arm_disarm__type_support.cpp.o[0m
[ 41%] [32m[1mLinking CXX shared library libdrone_msgs__rosidl_typesupport_introspection_cpp.so[0m
[ 41%] Built target drone_msgs__rosidl_typesupport_introspection_cpp
[ 45%] [34m[1mGenerating C introspection for ROS interfaces[0m
[ 48%] [32mBuilding C object CMakeFiles/drone_msgs__rosidl_typesupport_introspection_c.dir/rosidl_typesupport_introspection_c/drone_msgs/srv/detail/arm_disarm__type_support.c.o[0m
[ 51%] [32m[1mLinking C shared library libdrone_msgs__rosidl_typesupport_introspection_c.so[0m
[ 54%] [32m[1mLinking CXX shared library libdrone_msgs__rosidl_typesupport_fastrtps_c.so[0m
[ 54%] Built target drone_msgs__rosidl_typesupport_introspection_c
[ 58%] [32m[1mLinking CXX shared library libdrone_msgs__rosidl_typesupport_cpp.so[0m
[ 58%] Built target drone_msgs__rosidl_typesupport_fastrtps_c
[ 58%] Built target drone_msgs__rosidl_typesupport_cpp
[ 61%] [32m[1mLinking CXX shared library libdrone_msgs__rosidl_typesupport_fastrtps_cpp.so[0m
[ 61%] Built target drone_msgs__rosidl_typesupport_fastrtps_cpp
[ 64%] [34m[1mGenerating C type support dispatch for ROS interfaces[0m
[ 67%] [32mBuilding CXX object CMakeFiles/drone_msgs__rosidl_typesupport_c.dir/rosidl_typesupport_c/drone_msgs/srv/arm_disarm__type_support.cpp.o[0m
[ 70%] [32m[1mLinking CXX shared library libdrone_msgs__rosidl_typesupport_c.so[0m
[ 70%] Built target drone_msgs__rosidl_typesupport_c
[ 70%] Built target drone_msgs
[ 74%] [34m[1mGenerating Python code for ROS interfaces[0m
[ 74%] Built target drone_msgs__py
[ 77%] [32mBuilding C object CMakeFiles/drone_msgs__rosidl_generator_py.dir/rosidl_generator_py/drone_msgs/srv/_arm_disarm_s.c.o[0m
[ 80%] [32m[1mLinking C shared library rosidl_generator_py/drone_msgs/libdrone_msgs__rosidl_generator_py.so[0m
[ 80%] Built target drone_msgs__rosidl_generator_py
[ 83%] [32mBuilding C object CMakeFiles/drone_msgs__rosidl_typesupport_fastrtps_c__pyext.dir/rosidl_generator_py/drone_msgs/_drone_msgs_s.ep.rosidl_typesupport_fastrtps_c.c.o[0m
[ 87%] [32m[1mLinking C shared library rosidl_generator_py/drone_msgs/drone_msgs_s__rosidl_typesupport_fastrtps_c.cpython-310-aarch64-linux-gnu.so[0m
[ 87%] Built target drone_msgs__rosidl_typesupport_fastrtps_c__pyext
[ 90%] [32mBuilding C object CMakeFiles/drone_msgs__rosidl_typesupport_c__pyext.dir/rosidl_generator_py/drone_msgs/_drone_msgs_s.ep.rosidl_typesupport_c.c.o[0m
[ 93%] [32m[1mLinking C shared library rosidl_generator_py/drone_msgs/drone_msgs_s__rosidl_typesupport_c.cpython-310-aarch64-linux-gnu.so[0m
[ 93%] Built target drone_msgs__rosidl_typesupport_c__pyext
[ 96%] [32mBuilding C object CMakeFiles/drone_msgs__rosidl_typesupport_introspection_c__pyext.dir/rosidl_generator_py/drone_msgs/_drone_msgs_s.ep.rosidl_typesupport_introspection_c.c.o[0m
[100%] [32m[1mLinking C shared library rosidl_generator_py/drone_msgs/drone_msgs_s__rosidl_typesupport_introspection_c.cpython-310-aarch64-linux-gnu.so[0m
[100%] Built target drone_msgs__rosidl_typesupport_introspection_c__pyext
-- Install configuration: ""
-- Installing: /home/nano/ros2_uav_ws/install/drone_msgs/share/ament_index/resource_index/rosidl_interfaces/drone_msgs
-- Installing: /home/nano/ros2_uav_ws/install/drone_msgs/include/drone_msgs/drone_msgs
-- Installing: /home/nano/ros2_uav_ws/install/drone_msgs/include/drone_msgs/drone_msgs/srv
-- Installing: /home/nano/ros2_uav_ws/install/drone_msgs/include/drone_msgs/drone_msgs/srv/detail
-- Installing: /home/nano/ros2_uav_ws/install/drone_msgs/include/drone_msgs/drone_msgs/srv/detail/arm_disarm__functions.c
-- Installing: /home/nano/ros2_uav_ws/install/drone_msgs/include/drone_msgs/drone_msgs/srv/detail/arm_disarm__functions.h
-- Installing: /home/nano/ros2_uav_ws/install/drone_msgs/include/drone_msgs/drone_msgs/srv/detail/arm_disarm__type_support.h
-- Installing: /home/nano/ros2_uav_ws/install/drone_msgs/include/drone_msgs/drone_msgs/srv/detail/arm_disarm__struct.h
-- Installing: /home/nano/ros2_uav_ws/install/drone_msgs/include/drone_msgs/drone_msgs/srv/arm_disarm.h
-- Installing: /home/nano/ros2_uav_ws/install/drone_msgs/include/drone_msgs/drone_msgs/msg
-- Installing: /home/nano/ros2_uav_ws/install/drone_msgs/include/drone_msgs/drone_msgs/msg/rosidl_generator_c__visibility_control.h
-- Installing: /home/nano/ros2_uav_ws/install/drone_msgs/share/drone_msgs/environment/library_path.sh
-- Installing: /home/nano/ros2_uav_ws/install/drone_msgs/share/drone_msgs/environment/library_path.dsv
-- Installing: /home/nano/ros2_uav_ws/install/drone_msgs/lib/libdrone_msgs__rosidl_generator_c.so
-- Set runtime path of "/home/nano/ros2_uav_ws/install/drone_msgs/lib/libdrone_msgs__rosidl_generator_c.so" to ""
-- Up-to-date: /home/nano/ros2_uav_ws/install/drone_msgs/include/drone_msgs/drone_msgs
-- Up-to-date: /home/nano/ros2_uav_ws/install/drone_msgs/include/drone_msgs/drone_msgs/srv
-- Up-to-date: /home/nano/ros2_uav_ws/install/drone_msgs/include/drone_msgs/drone_msgs/srv/detail
-- Installing: /home/nano/ros2_uav_ws/install/drone_msgs/include/drone_msgs/drone_msgs/srv/detail/arm_disarm__rosidl_typesupport_fastrtps_c.h
-- Up-to-date: /home/nano/ros2_uav_ws/install/drone_msgs/include/drone_msgs/drone_msgs/msg
-- Installing: /home/nano/ros2_uav_ws/install/drone_msgs/include/drone_msgs/drone_msgs/msg/rosidl_typesupport_fastrtps_c__visibility_control.h
-- Installing: /home/nano/ros2_uav_ws/install/drone_msgs/lib/libdrone_msgs__rosidl_typesupport_fastrtps_c.so
-- Set runtime path of "/home/nano/ros2_uav_ws/install/drone_msgs/lib/libdrone_msgs__rosidl_typesupport_fastrtps_c.so" to ""
-- Up-to-date: /home/nano/ros2_uav_ws/install/drone_msgs/include/drone_msgs/drone_msgs
-- Up-to-date: /home/nano/ros2_uav_ws/install/drone_msgs/include/drone_msgs/drone_msgs/srv
-- Up-to-date: /home/nano/ros2_uav_ws/install/drone_msgs/include/drone_msgs/drone_msgs/srv/detail
-- Installing: /home/nano/ros2_uav_ws/install/drone_msgs/include/drone_msgs/drone_msgs/srv/detail/arm_disarm__type_support.c
-- Installing: /home/nano/ros2_uav_ws/install/drone_msgs/include/drone_msgs/drone_msgs/srv/detail/arm_disarm__rosidl_typesupport_introspection_c.h
-- Up-to-date: /home/nano/ros2_uav_ws/install/drone_msgs/include/drone_msgs/drone_msgs/msg
-- Installing: /home/nano/ros2_uav_ws/install/drone_msgs/include/drone_msgs/drone_msgs/msg/rosidl_typesupport_introspection_c__visibility_control.h
-- Installing: /home/nano/ros2_uav_ws/install/drone_msgs/lib/libdrone_msgs__rosidl_typesupport_introspection_c.so
-- Set runtime path of "/home/nano/ros2_uav_ws/install/drone_msgs/lib/libdrone_msgs__rosidl_typesupport_introspection_c.so" to ""
-- Installing: /home/nano/ros2_uav_ws/install/drone_msgs/lib/libdrone_msgs__rosidl_typesupport_c.so
-- Set runtime path of "/home/nano/ros2_uav_ws/install/drone_msgs/lib/libdrone_msgs__rosidl_typesupport_c.so" to ""
-- Up-to-date: /home/nano/ros2_uav_ws/install/drone_msgs/include/drone_msgs/drone_msgs
-- Up-to-date: /home/nano/ros2_uav_ws/install/drone_msgs/include/drone_msgs/drone_msgs/srv
-- Installing: /home/nano/ros2_uav_ws/install/drone_msgs/include/drone_msgs/drone_msgs/srv/arm_disarm.hpp
-- Up-to-date: /home/nano/ros2_uav_ws/install/drone_msgs/include/drone_msgs/drone_msgs/srv/detail
-- Installing: /home/nano/ros2_uav_ws/install/drone_msgs/include/drone_msgs/drone_msgs/srv/detail/arm_disarm__traits.hpp
-- Installing: /home/nano/ros2_uav_ws/install/drone_msgs/include/drone_msgs/drone_msgs/srv/detail/arm_disarm__struct.hpp
-- Installing: /home/nano/ros2_uav_ws/install/drone_msgs/include/drone_msgs/drone_msgs/srv/detail/arm_disarm__builder.hpp
-- Up-to-date: /home/nano/ros2_uav_ws/install/drone_msgs/include/drone_msgs/drone_msgs
-- Up-to-date: /home/nano/ros2_uav_ws/install/drone_msgs/include/drone_msgs/drone_msgs/srv
-- Up-to-date: /home/nano/ros2_uav_ws/install/drone_msgs/include/drone_msgs/drone_msgs/srv/detail
-- Installing: /home/nano/ros2_uav_ws/install/drone_msgs/include/drone_msgs/drone_msgs/srv/detail/arm_disarm__rosidl_typesupport_fastrtps_cpp.hpp
-- Installing: /home/nano/ros2_uav_ws/install/drone_msgs/include/drone_msgs/drone_msgs/srv/detail/dds_fastrtps
-- Up-to-date: /home/nano/ros2_uav_ws/install/drone_msgs/include/drone_msgs/drone_msgs/msg
-- Installing: /home/nano/ros2_uav_ws/install/drone_msgs/include/drone_msgs/drone_msgs/msg/rosidl_typesupport_fastrtps_cpp__visibility_control.h
-- Installing: /home/nano/ros2_uav_ws/install/drone_msgs/lib/libdrone_msgs__rosidl_typesupport_fastrtps_cpp.so
-- Set runtime path of "/home/nano/ros2_uav_ws/install/drone_msgs/lib/libdrone_msgs__rosidl_typesupport_fastrtps_cpp.so" to ""
-- Up-to-date: /home/nano/ros2_uav_ws/install/drone_msgs/include/drone_msgs/drone_msgs
-- Up-to-date: /home/nano/ros2_uav_ws/install/drone_msgs/include/drone_msgs/drone_msgs/srv
-- Up-to-date: /home/nano/ros2_uav_ws/install/drone_msgs/include/drone_msgs/drone_msgs/srv/detail
-- Installing: /home/nano/ros2_uav_ws/install/drone_msgs/include/drone_msgs/drone_msgs/srv/detail/arm_disarm__rosidl_typesupport_introspection_cpp.hpp
-- Installing: /home/nano/ros2_uav_ws/install/drone_msgs/include/drone_msgs/drone_msgs/srv/detail/arm_disarm__type_support.cpp
-- Installing: /home/nano/ros2_uav_ws/install/drone_msgs/lib/libdrone_msgs__rosidl_typesupport_introspection_cpp.so
-- Set runtime path of "/home/nano/ros2_uav_ws/install/drone_msgs/lib/libdrone_msgs__rosidl_typesupport_introspection_cpp.so" to ""
-- Installing: /home/nano/ros2_uav_ws/install/drone_msgs/lib/libdrone_msgs__rosidl_typesupport_cpp.so
-- Set runtime path of "/home/nano/ros2_uav_ws/install/drone_msgs/lib/libdrone_msgs__rosidl_typesupport_cpp.so" to ""
-- Installing: /home/nano/ros2_uav_ws/install/drone_msgs/share/drone_msgs/environment/pythonpath.sh
-- Installing: /home/nano/ros2_uav_ws/install/drone_msgs/share/drone_msgs/environment/pythonpath.dsv
-- Installing: /home/nano/ros2_uav_ws/install/drone_msgs/local/lib/python3.10/dist-packages/drone_msgs-0.0.0-py3.10.egg-info
-- Installing: /home/nano/ros2_uav_ws/install/drone_msgs/local/lib/python3.10/dist-packages/drone_msgs-0.0.0-py3.10.egg-info/dependency_links.txt
-- Installing: /home/nano/ros2_uav_ws/install/drone_msgs/local/lib/python3.10/dist-packages/drone_msgs-0.0.0-py3.10.egg-info/top_level.txt
-- Installing: /home/nano/ros2_uav_ws/install/drone_msgs/local/lib/python3.10/dist-packages/drone_msgs-0.0.0-py3.10.egg-info/SOURCES.txt
-- Installing: /home/nano/ros2_uav_ws/install/drone_msgs/local/lib/python3.10/dist-packages/drone_msgs-0.0.0-py3.10.egg-info/PKG-INFO
-- Installing: /home/nano/ros2_uav_ws/install/drone_msgs/local/lib/python3.10/dist-packages/drone_msgs
-- Installing: /home/nano/ros2_uav_ws/install/drone_msgs/local/lib/python3.10/dist-packages/drone_msgs/libdrone_msgs__rosidl_generator_py.so
-- Installing: /home/nano/ros2_uav_ws/install/drone_msgs/local/lib/python3.10/dist-packages/drone_msgs/srv
-- Installing: /home/nano/ros2_uav_ws/install/drone_msgs/local/lib/python3.10/dist-packages/drone_msgs/srv/_arm_disarm_s.c
-- Installing: /home/nano/ros2_uav_ws/install/drone_msgs/local/lib/python3.10/dist-packages/drone_msgs/srv/__init__.py
-- Installing: /home/nano/ros2_uav_ws/install/drone_msgs/local/lib/python3.10/dist-packages/drone_msgs/srv/_arm_disarm.py
-- Installing: /home/nano/ros2_uav_ws/install/drone_msgs/local/lib/python3.10/dist-packages/drone_msgs/_drone_msgs_s.ep.rosidl_typesupport_fastrtps_c.c
-- Installing: /home/nano/ros2_uav_ws/install/drone_msgs/local/lib/python3.10/dist-packages/drone_msgs/drone_msgs_s__rosidl_typesupport_c.cpython-310-aarch64-linux-gnu.so
-- Installing: /home/nano/ros2_uav_ws/install/drone_msgs/local/lib/python3.10/dist-packages/drone_msgs/drone_msgs_s__rosidl_typesupport_fastrtps_c.cpython-310-aarch64-linux-gnu.so
-- Installing: /home/nano/ros2_uav_ws/install/drone_msgs/local/lib/python3.10/dist-packages/drone_msgs/__init__.py
-- Installing: /home/nano/ros2_uav_ws/install/drone_msgs/local/lib/python3.10/dist-packages/drone_msgs/drone_msgs_s__rosidl_typesupport_introspection_c.cpython-310-aarch64-linux-gnu.so
-- Installing: /home/nano/ros2_uav_ws/install/drone_msgs/local/lib/python3.10/dist-packages/drone_msgs/_drone_msgs_s.ep.rosidl_typesupport_introspection_c.c
-- Installing: /home/nano/ros2_uav_ws/install/drone_msgs/local/lib/python3.10/dist-packages/drone_msgs/_drone_msgs_s.ep.rosidl_typesupport_c.c
Listing '/home/nano/ros2_uav_ws/install/drone_msgs/local/lib/python3.10/dist-packages/drone_msgs'...
Compiling '/home/nano/ros2_uav_ws/install/drone_msgs/local/lib/python3.10/dist-packages/drone_msgs/__init__.py'...
Listing '/home/nano/ros2_uav_ws/install/drone_msgs/local/lib/python3.10/dist-packages/drone_msgs/srv'...
Compiling '/home/nano/ros2_uav_ws/install/drone_msgs/local/lib/python3.10/dist-packages/drone_msgs/srv/__init__.py'...
Compiling '/home/nano/ros2_uav_ws/install/drone_msgs/local/lib/python3.10/dist-packages/drone_msgs/srv/_arm_disarm.py'...
-- Installing: /home/nano/ros2_uav_ws/install/drone_msgs/local/lib/python3.10/dist-packages/drone_msgs/drone_msgs_s__rosidl_typesupport_fastrtps_c.cpython-310-aarch64-linux-gnu.so
-- Set runtime path of "/home/nano/ros2_uav_ws/install/drone_msgs/local/lib/python3.10/dist-packages/drone_msgs/drone_msgs_s__rosidl_typesupport_fastrtps_c.cpython-310-aarch64-linux-gnu.so" to ""
-- Installing: /home/nano/ros2_uav_ws/install/drone_msgs/local/lib/python3.10/dist-packages/drone_msgs/drone_msgs_s__rosidl_typesupport_introspection_c.cpython-310-aarch64-linux-gnu.so
-- Set runtime path of "/home/nano/ros2_uav_ws/install/drone_msgs/local/lib/python3.10/dist-packages/drone_msgs/drone_msgs_s__rosidl_typesupport_introspection_c.cpython-310-aarch64-linux-gnu.so" to ""
-- Installing: /home/nano/ros2_uav_ws/install/drone_msgs/local/lib/python3.10/dist-packages/drone_msgs/drone_msgs_s__rosidl_typesupport_c.cpython-310-aarch64-linux-gnu.so
-- Set runtime path of "/home/nano/ros2_uav_ws/install/drone_msgs/local/lib/python3.10/dist-packages/drone_msgs/drone_msgs_s__rosidl_typesupport_c.cpython-310-aarch64-linux-gnu.so" to ""
-- Installing: /home/nano/ros2_uav_ws/install/drone_msgs/lib/libdrone_msgs__rosidl_generator_py.so
-- Set runtime path of "/home/nano/ros2_uav_ws/install/drone_msgs/lib/libdrone_msgs__rosidl_generator_py.so" to ""
-- Installing: /home/nano/ros2_uav_ws/install/drone_msgs/share/drone_msgs/srv/ArmDisarm.idl
-- Installing: /home/nano/ros2_uav_ws/install/drone_msgs/share/drone_msgs/srv/ArmDisarm.srv
-- Installing: /home/nano/ros2_uav_ws/install/drone_msgs/share/drone_msgs/srv/ArmDisarm_Request.msg
-- Installing: /home/nano/ros2_uav_ws/install/drone_msgs/share/drone_msgs/srv/ArmDisarm_Response.msg
-- Installing: /home/nano/ros2_uav_ws/install/drone_msgs/share/ament_index/resource_index/package_run_dependencies/drone_msgs
-- Installing: /home/nano/ros2_uav_ws/install/drone_msgs/share/ament_index/resource_index/parent_prefix_path/drone_msgs
-- Installing: /home/nano/ros2_uav_ws/install/drone_msgs/share/drone_msgs/environment/ament_prefix_path.sh
-- Installing: /home/nano/ros2_uav_ws/install/drone_msgs/share/drone_msgs/environment/ament_prefix_path.dsv
-- Installing: /home/nano/ros2_uav_ws/install/drone_msgs/share/drone_msgs/environment/path.sh
-- Installing: /home/nano/ros2_uav_ws/install/drone_msgs/share/drone_msgs/environment/path.dsv
-- Installing: /home/nano/ros2_uav_ws/install/drone_msgs/share/drone_msgs/local_setup.bash
-- Installing: /home/nano/ros2_uav_ws/install/drone_msgs/share/drone_msgs/local_setup.sh
-- Installing: /home/nano/ros2_uav_ws/install/drone_msgs/share/drone_msgs/local_setup.zsh
-- Installing: /home/nano/ros2_uav_ws/install/drone_msgs/share/drone_msgs/local_setup.dsv
-- Installing: /home/nano/ros2_uav_ws/install/drone_msgs/share/drone_msgs/package.dsv
-- Installing: /home/nano/ros2_uav_ws/install/drone_msgs/share/ament_index/resource_index/packages/drone_msgs
-- Installing: /home/nano/ros2_uav_ws/install/drone_msgs/share/drone_msgs/cmake/export_drone_msgs__rosidl_generator_cExport.cmake
-- Installing: /home/nano/ros2_uav_ws/install/drone_msgs/share/drone_msgs/cmake/export_drone_msgs__rosidl_generator_cExport-noconfig.cmake
-- Installing: /home/nano/ros2_uav_ws/install/drone_msgs/share/drone_msgs/cmake/export_drone_msgs__rosidl_typesupport_fastrtps_cExport.cmake
-- Installing: /home/nano/ros2_uav_ws/install/drone_msgs/share/drone_msgs/cmake/export_drone_msgs__rosidl_typesupport_fastrtps_cExport-noconfig.cmake
-- Installing: /home/nano/ros2_uav_ws/install/drone_msgs/share/drone_msgs/cmake/drone_msgs__rosidl_typesupport_introspection_cExport.cmake
-- Installing: /home/nano/ros2_uav_ws/install/drone_msgs/share/drone_msgs/cmake/drone_msgs__rosidl_typesupport_introspection_cExport-noconfig.cmake
-- Installing: /home/nano/ros2_uav_ws/install/drone_msgs/share/drone_msgs/cmake/drone_msgs__rosidl_typesupport_cExport.cmake
-- Installing: /home/nano/ros2_uav_ws/install/drone_msgs/share/drone_msgs/cmake/drone_msgs__rosidl_typesupport_cExport-noconfig.cmake
-- Installing: /home/nano/ros2_uav_ws/install/drone_msgs/share/drone_msgs/cmake/export_drone_msgs__rosidl_generator_cppExport.cmake
-- Installing: /home/nano/ros2_uav_ws/install/drone_msgs/share/drone_msgs/cmake/export_drone_msgs__rosidl_typesupport_fastrtps_cppExport.cmake
-- Installing: /home/nano/ros2_uav_ws/install/drone_msgs/share/drone_msgs/cmake/export_drone_msgs__rosidl_typesupport_fastrtps_cppExport-noconfig.cmake
-- Installing: /home/nano/ros2_uav_ws/install/drone_msgs/share/drone_msgs/cmake/drone_msgs__rosidl_typesupport_introspection_cppExport.cmake
-- Installing: /home/nano/ros2_uav_ws/install/drone_msgs/share/drone_msgs/cmake/drone_msgs__rosidl_typesupport_introspection_cppExport-noconfig.cmake
-- Installing: /home/nano/ros2_uav_ws/install/drone_msgs/share/drone_msgs/cmake/drone_msgs__rosidl_typesupport_cppExport.cmake
-- Installing: /home/nano/ros2_uav_ws/install/drone_msgs/share/drone_msgs/cmake/drone_msgs__rosidl_typesupport_cppExport-noconfig.cmake
-- Installing: /home/nano/ros2_uav_ws/install/drone_msgs/share/drone_msgs/cmake/export_drone_msgs__rosidl_generator_pyExport.cmake
-- Installing: /home/nano/ros2_uav_ws/install/drone_msgs/share/drone_msgs/cmake/export_drone_msgs__rosidl_generator_pyExport-noconfig.cmake
-- Installing: /home/nano/ros2_uav_ws/install/drone_msgs/share/drone_msgs/cmake/rosidl_cmake-extras.cmake
-- Installing: /home/nano/ros2_uav_ws/install/drone_msgs/share/drone_msgs/cmake/ament_cmake_export_include_directories-extras.cmake
-- Installing: /home/nano/ros2_uav_ws/install/drone_msgs/share/drone_msgs/cmake/ament_cmake_export_libraries-extras.cmake
-- Installing: /home/nano/ros2_uav_ws/install/drone_msgs/share/drone_msgs/cmake/ament_cmake_export_targets-extras.cmake
-- Installing: /home/nano/ros2_uav_ws/install/drone_msgs/share/drone_msgs/cmake/rosidl_cmake_export_typesupport_targets-extras.cmake
-- Installing: /home/nano/ros2_uav_ws/install/drone_msgs/share/drone_msgs/cmake/ament_cmake_export_dependencies-extras.cmake
-- Installing: /home/nano/ros2_uav_ws/install/drone_msgs/share/drone_msgs/cmake/rosidl_cmake_export_typesupport_libraries-extras.cmake
-- Installing: /home/nano/ros2_uav_ws/install/drone_msgs/share/drone_msgs/cmake/drone_msgsConfig.cmake
-- Installing: /home/nano/ros2_uav_ws/install/drone_msgs/share/drone_msgs/cmake/drone_msgsConfig-version.cmake
-- Installing: /home/nano/ros2_uav_ws/install/drone_msgs/share/drone_msgs/package.xml
