[0.110s] Invoking command in '/home/nano/ros2_uav_ws/build/v4l2_camera': CMAKE_PREFIX_PATH=/opt/ros/humble /usr/bin/cmake --build /home/nano/ros2_uav_ws/build/v4l2_camera -- -j4 -l4
[0.804s] [35m[1mConsolidate compiler generated dependencies of target v4l2_camera[0m
[1.186s] [ 50%] Built target v4l2_camera
[1.267s] [35m[1mConsolidate compiler generated dependencies of target v4l2_camera_node[0m
[1.288s] [35m[1mConsolidate compiler generated dependencies of target v4l2_camera_compose_test[0m
[1.382s] [ 75%] Built target v4l2_camera_node
[1.416s] [100%] Built target v4l2_camera_compose_test
[1.480s] Invoked command in '/home/nano/ros2_uav_ws/build/v4l2_camera' returned '0': CMAKE_PREFIX_PATH=/opt/ros/humble /usr/bin/cmake --build /home/nano/ros2_uav_ws/build/v4l2_camera -- -j4 -l4
[1.803s] Invoking command in '/home/nano/ros2_uav_ws/build/v4l2_camera': CMAKE_PREFIX_PATH=/opt/ros/humble /usr/bin/cmake --install /home/nano/ros2_uav_ws/build/v4l2_camera
[1.848s] -- Install configuration: ""
[1.857s] -- Execute custom install script
[1.863s] -- Up-to-date symlink: /home/nano/ros2_uav_ws/install/v4l2_camera/include/v4l2_camera/control.hpp
[1.868s] -- Up-to-date symlink: /home/nano/ros2_uav_ws/install/v4l2_camera/include/v4l2_camera/fourcc.hpp
[1.870s] -- Up-to-date symlink: /home/nano/ros2_uav_ws/install/v4l2_camera/include/v4l2_camera/image_format.hpp
[1.872s] -- Up-to-date symlink: /home/nano/ros2_uav_ws/install/v4l2_camera/include/v4l2_camera/parameters.hpp
[1.874s] -- Up-to-date symlink: /home/nano/ros2_uav_ws/install/v4l2_camera/include/v4l2_camera/pixel_format.hpp
[1.881s] -- Up-to-date symlink: /home/nano/ros2_uav_ws/install/v4l2_camera/include/v4l2_camera/v4l2_camera.hpp
[1.882s] -- Up-to-date symlink: /home/nano/ros2_uav_ws/install/v4l2_camera/include/v4l2_camera/v4l2_camera_device.hpp
[1.883s] -- Up-to-date symlink: /home/nano/ros2_uav_ws/install/v4l2_camera/include/v4l2_camera/visibility_control.h
[1.887s] -- Up-to-date symlink: /home/nano/ros2_uav_ws/install/v4l2_camera/share/v4l2_camera/environment/library_path.sh
[1.890s] -- Up-to-date symlink: /home/nano/ros2_uav_ws/install/v4l2_camera/share/v4l2_camera/environment/library_path.dsv
[1.893s] -- Up-to-date symlink: /home/nano/ros2_uav_ws/install/v4l2_camera/share/ament_index/resource_index/package_run_dependencies/v4l2_camera
[1.895s] -- Up-to-date symlink: /home/nano/ros2_uav_ws/install/v4l2_camera/share/ament_index/resource_index/parent_prefix_path/v4l2_camera
[1.899s] -- Up-to-date symlink: /home/nano/ros2_uav_ws/install/v4l2_camera/share/v4l2_camera/environment/ament_prefix_path.sh
[1.903s] -- Up-to-date symlink: /home/nano/ros2_uav_ws/install/v4l2_camera/share/v4l2_camera/environment/ament_prefix_path.dsv
[1.908s] -- Up-to-date symlink: /home/nano/ros2_uav_ws/install/v4l2_camera/share/v4l2_camera/environment/path.sh
[1.912s] -- Up-to-date symlink: /home/nano/ros2_uav_ws/install/v4l2_camera/share/v4l2_camera/environment/path.dsv
[1.915s] -- Up-to-date symlink: /home/nano/ros2_uav_ws/install/v4l2_camera/share/v4l2_camera/local_setup.bash
[1.919s] -- Up-to-date symlink: /home/nano/ros2_uav_ws/install/v4l2_camera/share/v4l2_camera/local_setup.sh
[1.922s] -- Up-to-date symlink: /home/nano/ros2_uav_ws/install/v4l2_camera/share/v4l2_camera/local_setup.zsh
[1.926s] -- Up-to-date symlink: /home/nano/ros2_uav_ws/install/v4l2_camera/share/v4l2_camera/local_setup.dsv
[1.928s] -- Symlinking: /home/nano/ros2_uav_ws/install/v4l2_camera/share/v4l2_camera/package.dsv
[1.996s] -- Up-to-date symlink: /home/nano/ros2_uav_ws/install/v4l2_camera/share/ament_index/resource_index/packages/v4l2_camera
[2.000s] -- Up-to-date symlink: /home/nano/ros2_uav_ws/install/v4l2_camera/share/ament_index/resource_index/rclcpp_components/v4l2_camera
[2.005s] -- Up-to-date symlink: /home/nano/ros2_uav_ws/install/v4l2_camera/share/v4l2_camera/cmake/ament_cmake_export_include_directories-extras.cmake
[2.009s] -- Up-to-date symlink: /home/nano/ros2_uav_ws/install/v4l2_camera/share/v4l2_camera/cmake/ament_cmake_export_targets-extras.cmake
[2.014s] -- Up-to-date symlink: /home/nano/ros2_uav_ws/install/v4l2_camera/share/v4l2_camera/cmake/ament_cmake_export_libraries-extras.cmake
[2.020s] -- Up-to-date symlink: /home/nano/ros2_uav_ws/install/v4l2_camera/share/v4l2_camera/cmake/ament_cmake_export_dependencies-extras.cmake
[2.024s] -- Up-to-date symlink: /home/nano/ros2_uav_ws/install/v4l2_camera/share/v4l2_camera/cmake/v4l2_cameraConfig.cmake
[2.029s] -- Up-to-date symlink: /home/nano/ros2_uav_ws/install/v4l2_camera/share/v4l2_camera/cmake/v4l2_cameraConfig-version.cmake
[2.031s] -- Up-to-date symlink: /home/nano/ros2_uav_ws/install/v4l2_camera/share/v4l2_camera/package.xml
[2.042s] -- Up-to-date: /home/nano/ros2_uav_ws/install/v4l2_camera/lib/libv4l2_camera.so
[2.050s] -- Up-to-date: /home/nano/ros2_uav_ws/install/v4l2_camera/lib/v4l2_camera/v4l2_camera_node
[2.059s] -- Up-to-date: /home/nano/ros2_uav_ws/install/v4l2_camera/lib/v4l2_camera/v4l2_camera_compose_test
[2.070s] -- Up-to-date: /home/nano/ros2_uav_ws/install/v4l2_camera/share/v4l2_camera/cmake/export_v4l2_cameraExport.cmake
[2.073s] -- Up-to-date: /home/nano/ros2_uav_ws/install/v4l2_camera/share/v4l2_camera/cmake/export_v4l2_cameraExport-noconfig.cmake
[2.091s] Invoked command in '/home/nano/ros2_uav_ws/build/v4l2_camera' returned '0': CMAKE_PREFIX_PATH=/opt/ros/humble /usr/bin/cmake --install /home/nano/ros2_uav_ws/build/v4l2_camera
