[6.891s] Invoking command in '/home/nano/ros2_uav_ws/src/ROS2_PX4_Offboard_Example/px4_offboard': CMAKE_PREFIX_PATH=/home/nano/ros2_uav_ws/install/px4_msgs:/home/nano/ros2_uav_ws/install/v4l2_camera:/home/nano/ros2_uav_ws/install/px4_ros_com:/home/nano/ros2_uav_ws/install/drone_msgs LD_LIBRARY_PATH=/home/nano/ros2_uav_ws/install/px4_msgs/lib:/home/nano/ros2_uav_ws/install/v4l2_camera/lib:/home/nano/ros2_uav_ws/install/px4_ros_com/lib:/home/nano/ros2_uav_ws/install/drone_msgs/lib:/opt/ros/humble/opt/rviz_ogre_vendor/lib:/opt/ros/humble/lib/aarch64-linux-gnu:/opt/ros/humble/lib PYTHONPATH=/home/nano/ros2_uav_ws/build/px4_offboard/prefix_override:/home/nano/.local/lib/python3.10/site-packages/colcon_core/task/python/colcon_distutils_commands:/home/nano/ros2_uav_ws/install/px4_offboard/lib/python3.10/site-packages:${PYTHONPATH} /usr/bin/python3 -W ignore:setup.py install is deprecated setup.py egg_info --egg-base ../../../build/px4_offboard build --build-base /home/nano/ros2_uav_ws/build/px4_offboard/build install --record /home/nano/ros2_uav_ws/build/px4_offboard/install.log --single-version-externally-managed install_data
[8.573s] running egg_info
[8.688s] writing ../../../build/px4_offboard/px4_offboard.egg-info/PKG-INFO
[8.691s] writing dependency_links to ../../../build/px4_offboard/px4_offboard.egg-info/dependency_links.txt
[8.692s] writing entry points to ../../../build/px4_offboard/px4_offboard.egg-info/entry_points.txt
[8.694s] writing requirements to ../../../build/px4_offboard/px4_offboard.egg-info/requires.txt
[8.695s] writing top-level names to ../../../build/px4_offboard/px4_offboard.egg-info/top_level.txt
[8.943s] reading manifest file '../../../build/px4_offboard/px4_offboard.egg-info/SOURCES.txt'
[8.945s] adding license file 'LICENSE'
[8.953s] writing manifest file '../../../build/px4_offboard/px4_offboard.egg-info/SOURCES.txt'
[8.953s] running build
[8.954s] running build_py
[8.955s] copying px4_offboard/control.py -> /home/nano/ros2_uav_ws/build/px4_offboard/build/lib/px4_offboard
[8.956s] copying px4_offboard/processes.py -> /home/nano/ros2_uav_ws/build/px4_offboard/build/lib/px4_offboard
[8.957s] copying px4_offboard/velocity_control.py -> /home/nano/ros2_uav_ws/build/px4_offboard/build/lib/px4_offboard
[8.958s] copying px4_offboard/__init__.py -> /home/nano/ros2_uav_ws/build/px4_offboard/build/lib/px4_offboard
[8.968s] copying px4_offboard/visualizer.py -> /home/nano/ros2_uav_ws/build/px4_offboard/build/lib/px4_offboard
[8.968s] running install
[8.991s] running install_lib
[9.109s] running install_data
[9.110s] copying resource/px4_offboard -> /home/nano/ros2_uav_ws/install/px4_offboard/share/ament_index/resource_index/packages
[9.111s] copying resource/visualize.rviz -> /home/nano/ros2_uav_ws/install/px4_offboard/share/ament_index/resource_index/packages
[9.112s] copying package.xml -> /home/nano/ros2_uav_ws/install/px4_offboard/share/px4_offboard
[9.154s] copying launch/offboard_velocity_control.launch.py -> /home/nano/ros2_uav_ws/install/px4_offboard/share/px4_offboard
[9.157s] copying resource/visualize.rviz -> /home/nano/ros2_uav_ws/install/px4_offboard/share/px4_offboard
[9.159s] running install_egg_info
[9.296s] removing '/home/nano/ros2_uav_ws/install/px4_offboard/lib/python3.10/site-packages/px4_offboard-0.0.0-py3.10.egg-info' (and everything under it)
[9.300s] Copying ../../../build/px4_offboard/px4_offboard.egg-info to /home/nano/ros2_uav_ws/install/px4_offboard/lib/python3.10/site-packages/px4_offboard-0.0.0-py3.10.egg-info
[9.306s] running install_scripts
[10.382s] Installing control script to /home/nano/ros2_uav_ws/install/px4_offboard/lib/px4_offboard
[10.384s] Installing offboard_control script to /home/nano/ros2_uav_ws/install/px4_offboard/lib/px4_offboard
[10.386s] Installing processes script to /home/nano/ros2_uav_ws/install/px4_offboard/lib/px4_offboard
[10.389s] Installing velocity_control script to /home/nano/ros2_uav_ws/install/px4_offboard/lib/px4_offboard
[10.390s] Installing visualizer script to /home/nano/ros2_uav_ws/install/px4_offboard/lib/px4_offboard
[10.394s] writing list of installed files to '/home/nano/ros2_uav_ws/build/px4_offboard/install.log'
[10.637s] Invoked command in '/home/nano/ros2_uav_ws/src/ROS2_PX4_Offboard_Example/px4_offboard' returned '0': CMAKE_PREFIX_PATH=/home/nano/ros2_uav_ws/install/px4_msgs:/home/nano/ros2_uav_ws/install/v4l2_camera:/home/nano/ros2_uav_ws/install/px4_ros_com:/home/nano/ros2_uav_ws/install/drone_msgs LD_LIBRARY_PATH=/home/nano/ros2_uav_ws/install/px4_msgs/lib:/home/nano/ros2_uav_ws/install/v4l2_camera/lib:/home/nano/ros2_uav_ws/install/px4_ros_com/lib:/home/nano/ros2_uav_ws/install/drone_msgs/lib:/opt/ros/humble/opt/rviz_ogre_vendor/lib:/opt/ros/humble/lib/aarch64-linux-gnu:/opt/ros/humble/lib PYTHONPATH=/home/nano/ros2_uav_ws/build/px4_offboard/prefix_override:/home/nano/.local/lib/python3.10/site-packages/colcon_core/task/python/colcon_distutils_commands:/home/nano/ros2_uav_ws/install/px4_offboard/lib/python3.10/site-packages:${PYTHONPATH} /usr/bin/python3 -W ignore:setup.py install is deprecated setup.py egg_info --egg-base ../../../build/px4_offboard build --build-base /home/nano/ros2_uav_ws/build/px4_offboard/build install --record /home/nano/ros2_uav_ws/build/px4_offboard/install.log --single-version-externally-managed install_data
