[0.143s] DEBUG:colcon:Command line arguments: ['/home/vboxuser/.local/bin/colcon', 'list', '-p', '--base-paths', '/home/vboxuser/fake_ws/drone_control_nano']
[0.143s] DEBUG:colcon:Parsed command line arguments: Namespace(log_base=None, log_level=None, verb_name='list', build_base='build', ignore_user_meta=False, metas=['./colcon.meta'], base_paths=['/home/vboxuser/fake_ws/drone_control_nano'], packages_ignore=None, packages_ignore_regex=None, paths=None, packages_up_to=None, packages_up_to_regex=None, packages_above=None, packages_above_and_dependencies=None, packages_above_depth=None, packages_select_by_dep=None, packages_skip_by_dep=None, packages_skip_up_to=None, packages_select_build_failed=False, packages_skip_build_finished=False, packages_select_test_failures=False, packages_skip_test_passed=False, packages_select=None, packages_skip=None, packages_select_regex=None, packages_skip_regex=None, packages_start=None, packages_end=None, allow_overriding=[], topological_order=False, names_only=False, paths_only=True, topological_graph=False, topological_graph_dot=False, topological_graph_density=False, topological_graph_legend=False, topological_graph_dot_cluster=False, topological_graph_dot_include_skipped=False, verb_parser=<colcon_defaults.argument_parser.defaults.DefaultArgumentsDecorator object at 0x7c8351b463e0>, verb_extension=<colcon_package_information.verb.list.ListVerb object at 0x7c8351b45750>, main=<bound method ListVerb.main of <colcon_package_information.verb.list.ListVerb object at 0x7c8351b45750>>)
[0.320s] Level 1:colcon.colcon_core.package_discovery:discover_packages(colcon_meta) check parameters
[0.320s] Level 1:colcon.colcon_core.package_discovery:discover_packages(recursive) check parameters
[0.320s] Level 1:colcon.colcon_core.package_discovery:discover_packages(ignore) check parameters
[0.320s] Level 1:colcon.colcon_core.package_discovery:discover_packages(path) check parameters
[0.320s] Level 1:colcon.colcon_core.package_discovery:discover_packages(recursive) discover
[0.320s] INFO:colcon.colcon_core.package_discovery:Crawling recursively for packages in '/home/vboxuser/fake_ws/drone_control_nano'
[0.320s] Level 1:colcon.colcon_core.package_identification:_identify(/home/vboxuser/fake_ws/drone_control_nano) by extensions ['ignore', 'ignore_ament_install']
[0.320s] Level 1:colcon.colcon_core.package_identification:_identify(/home/vboxuser/fake_ws/drone_control_nano) by extension 'ignore'
[0.320s] Level 1:colcon.colcon_core.package_identification:_identify(/home/vboxuser/fake_ws/drone_control_nano) by extension 'ignore_ament_install'
[0.320s] Level 1:colcon.colcon_core.package_identification:_identify(/home/vboxuser/fake_ws/drone_control_nano) by extensions ['colcon_pkg']
[0.320s] Level 1:colcon.colcon_core.package_identification:_identify(/home/vboxuser/fake_ws/drone_control_nano) by extension 'colcon_pkg'
[0.320s] Level 1:colcon.colcon_core.package_identification:_identify(/home/vboxuser/fake_ws/drone_control_nano) by extensions ['colcon_meta']
[0.320s] Level 1:colcon.colcon_core.package_identification:_identify(/home/vboxuser/fake_ws/drone_control_nano) by extension 'colcon_meta'
[0.320s] Level 1:colcon.colcon_core.package_identification:_identify(/home/vboxuser/fake_ws/drone_control_nano) by extensions ['ros']
[0.320s] Level 1:colcon.colcon_core.package_identification:_identify(/home/vboxuser/fake_ws/drone_control_nano) by extension 'ros'
[0.343s] Level 1:colcon.colcon_core.package_identification:_identify(/home/vboxuser/fake_ws/drone_control_nano) by extensions ['cmake', 'python']
[0.343s] Level 1:colcon.colcon_core.package_identification:_identify(/home/vboxuser/fake_ws/drone_control_nano) by extension 'cmake'
[0.343s] Level 1:colcon.colcon_core.package_identification:_identify(/home/vboxuser/fake_ws/drone_control_nano) by extension 'python'
[0.343s] Level 1:colcon.colcon_core.package_identification:_identify(/home/vboxuser/fake_ws/drone_control_nano) by extensions ['python_setup_py']
[0.343s] Level 1:colcon.colcon_core.package_identification:_identify(/home/vboxuser/fake_ws/drone_control_nano) by extension 'python_setup_py'
[0.343s] Level 1:colcon.colcon_core.package_identification:_identify(/home/vboxuser/fake_ws/drone_control_nano/build) by extensions ['ignore', 'ignore_ament_install']
[0.343s] Level 1:colcon.colcon_core.package_identification:_identify(/home/vboxuser/fake_ws/drone_control_nano/build) by extension 'ignore'
[0.343s] Level 1:colcon.colcon_core.package_identification:_identify(/home/vboxuser/fake_ws/drone_control_nano/build) ignored
[0.343s] Level 1:colcon.colcon_core.package_identification:_identify(/home/vboxuser/fake_ws/drone_control_nano/install) by extensions ['ignore', 'ignore_ament_install']
[0.343s] Level 1:colcon.colcon_core.package_identification:_identify(/home/vboxuser/fake_ws/drone_control_nano/install) by extension 'ignore'
[0.343s] Level 1:colcon.colcon_core.package_identification:_identify(/home/vboxuser/fake_ws/drone_control_nano/install) ignored
[0.344s] Level 1:colcon.colcon_core.package_identification:_identify(/home/vboxuser/fake_ws/drone_control_nano/log) by extensions ['ignore', 'ignore_ament_install']
[0.344s] Level 1:colcon.colcon_core.package_identification:_identify(/home/vboxuser/fake_ws/drone_control_nano/log) by extension 'ignore'
[0.344s] Level 1:colcon.colcon_core.package_identification:_identify(/home/vboxuser/fake_ws/drone_control_nano/log) ignored
[0.344s] Level 1:colcon.colcon_core.package_identification:_identify(/home/vboxuser/fake_ws/drone_control_nano/src) by extensions ['ignore', 'ignore_ament_install']
[0.344s] Level 1:colcon.colcon_core.package_identification:_identify(/home/vboxuser/fake_ws/drone_control_nano/src) by extension 'ignore'
[0.344s] Level 1:colcon.colcon_core.package_identification:_identify(/home/vboxuser/fake_ws/drone_control_nano/src) by extension 'ignore_ament_install'
[0.344s] Level 1:colcon.colcon_core.package_identification:_identify(/home/vboxuser/fake_ws/drone_control_nano/src) by extensions ['colcon_pkg']
[0.344s] Level 1:colcon.colcon_core.package_identification:_identify(/home/vboxuser/fake_ws/drone_control_nano/src) by extension 'colcon_pkg'
[0.344s] Level 1:colcon.colcon_core.package_identification:_identify(/home/vboxuser/fake_ws/drone_control_nano/src) by extensions ['colcon_meta']
[0.344s] Level 1:colcon.colcon_core.package_identification:_identify(/home/vboxuser/fake_ws/drone_control_nano/src) by extension 'colcon_meta'
[0.344s] Level 1:colcon.colcon_core.package_identification:_identify(/home/vboxuser/fake_ws/drone_control_nano/src) by extensions ['ros']
[0.344s] Level 1:colcon.colcon_core.package_identification:_identify(/home/vboxuser/fake_ws/drone_control_nano/src) by extension 'ros'
[0.344s] Level 1:colcon.colcon_core.package_identification:_identify(/home/vboxuser/fake_ws/drone_control_nano/src) by extensions ['cmake', 'python']
[0.344s] Level 1:colcon.colcon_core.package_identification:_identify(/home/vboxuser/fake_ws/drone_control_nano/src) by extension 'cmake'
[0.344s] Level 1:colcon.colcon_core.package_identification:_identify(/home/vboxuser/fake_ws/drone_control_nano/src) by extension 'python'
[0.344s] Level 1:colcon.colcon_core.package_identification:_identify(/home/vboxuser/fake_ws/drone_control_nano/src) by extensions ['python_setup_py']
[0.344s] Level 1:colcon.colcon_core.package_identification:_identify(/home/vboxuser/fake_ws/drone_control_nano/src) by extension 'python_setup_py'
[0.344s] Level 1:colcon.colcon_core.package_identification:_identify(/home/vboxuser/fake_ws/drone_control_nano/src/ROS2_PX4_Offboard_Example) by extensions ['ignore', 'ignore_ament_install']
[0.344s] Level 1:colcon.colcon_core.package_identification:_identify(/home/vboxuser/fake_ws/drone_control_nano/src/ROS2_PX4_Offboard_Example) by extension 'ignore'
[0.344s] Level 1:colcon.colcon_core.package_identification:_identify(/home/vboxuser/fake_ws/drone_control_nano/src/ROS2_PX4_Offboard_Example) by extension 'ignore_ament_install'
[0.344s] Level 1:colcon.colcon_core.package_identification:_identify(/home/vboxuser/fake_ws/drone_control_nano/src/ROS2_PX4_Offboard_Example) by extensions ['colcon_pkg']
[0.344s] Level 1:colcon.colcon_core.package_identification:_identify(/home/vboxuser/fake_ws/drone_control_nano/src/ROS2_PX4_Offboard_Example) by extension 'colcon_pkg'
[0.344s] Level 1:colcon.colcon_core.package_identification:_identify(/home/vboxuser/fake_ws/drone_control_nano/src/ROS2_PX4_Offboard_Example) by extensions ['colcon_meta']
[0.344s] Level 1:colcon.colcon_core.package_identification:_identify(/home/vboxuser/fake_ws/drone_control_nano/src/ROS2_PX4_Offboard_Example) by extension 'colcon_meta'
[0.344s] Level 1:colcon.colcon_core.package_identification:_identify(/home/vboxuser/fake_ws/drone_control_nano/src/ROS2_PX4_Offboard_Example) by extensions ['ros']
[0.344s] Level 1:colcon.colcon_core.package_identification:_identify(/home/vboxuser/fake_ws/drone_control_nano/src/ROS2_PX4_Offboard_Example) by extension 'ros'
[0.344s] Level 1:colcon.colcon_core.package_identification:_identify(/home/vboxuser/fake_ws/drone_control_nano/src/ROS2_PX4_Offboard_Example) by extensions ['cmake', 'python']
[0.344s] Level 1:colcon.colcon_core.package_identification:_identify(/home/vboxuser/fake_ws/drone_control_nano/src/ROS2_PX4_Offboard_Example) by extension 'cmake'
[0.344s] Level 1:colcon.colcon_core.package_identification:_identify(/home/vboxuser/fake_ws/drone_control_nano/src/ROS2_PX4_Offboard_Example) by extension 'python'
[0.344s] Level 1:colcon.colcon_core.package_identification:_identify(/home/vboxuser/fake_ws/drone_control_nano/src/ROS2_PX4_Offboard_Example) by extensions ['python_setup_py']
[0.344s] Level 1:colcon.colcon_core.package_identification:_identify(/home/vboxuser/fake_ws/drone_control_nano/src/ROS2_PX4_Offboard_Example) by extension 'python_setup_py'
[0.345s] Level 1:colcon.colcon_core.package_identification:_identify(/home/vboxuser/fake_ws/drone_control_nano/src/nano_test_pkg) by extensions ['ignore', 'ignore_ament_install']
[0.345s] Level 1:colcon.colcon_core.package_identification:_identify(/home/vboxuser/fake_ws/drone_control_nano/src/nano_test_pkg) by extension 'ignore'
[0.345s] Level 1:colcon.colcon_core.package_identification:_identify(/home/vboxuser/fake_ws/drone_control_nano/src/nano_test_pkg) by extension 'ignore_ament_install'
[0.345s] Level 1:colcon.colcon_core.package_identification:_identify(/home/vboxuser/fake_ws/drone_control_nano/src/nano_test_pkg) by extensions ['colcon_pkg']
[0.345s] Level 1:colcon.colcon_core.package_identification:_identify(/home/vboxuser/fake_ws/drone_control_nano/src/nano_test_pkg) by extension 'colcon_pkg'
[0.345s] Level 1:colcon.colcon_core.package_identification:_identify(/home/vboxuser/fake_ws/drone_control_nano/src/nano_test_pkg) by extensions ['colcon_meta']
[0.345s] Level 1:colcon.colcon_core.package_identification:_identify(/home/vboxuser/fake_ws/drone_control_nano/src/nano_test_pkg) by extension 'colcon_meta'
[0.345s] Level 1:colcon.colcon_core.package_identification:_identify(/home/vboxuser/fake_ws/drone_control_nano/src/nano_test_pkg) by extensions ['ros']
[0.345s] Level 1:colcon.colcon_core.package_identification:_identify(/home/vboxuser/fake_ws/drone_control_nano/src/nano_test_pkg) by extension 'ros'
[0.348s] DEBUG:colcon.colcon_core.package_identification:Package '/home/vboxuser/fake_ws/drone_control_nano/src/nano_test_pkg' with type 'ros.ament_python' and name 'nano_test_pkg'
[0.348s] Level 1:colcon.colcon_core.package_identification:_identify(/home/vboxuser/fake_ws/drone_control_nano/src/px4_msgs) by extensions ['ignore', 'ignore_ament_install']
[0.348s] Level 1:colcon.colcon_core.package_identification:_identify(/home/vboxuser/fake_ws/drone_control_nano/src/px4_msgs) by extension 'ignore'
[0.348s] Level 1:colcon.colcon_core.package_identification:_identify(/home/vboxuser/fake_ws/drone_control_nano/src/px4_msgs) by extension 'ignore_ament_install'
[0.348s] Level 1:colcon.colcon_core.package_identification:_identify(/home/vboxuser/fake_ws/drone_control_nano/src/px4_msgs) by extensions ['colcon_pkg']
[0.348s] Level 1:colcon.colcon_core.package_identification:_identify(/home/vboxuser/fake_ws/drone_control_nano/src/px4_msgs) by extension 'colcon_pkg'
[0.348s] Level 1:colcon.colcon_core.package_identification:_identify(/home/vboxuser/fake_ws/drone_control_nano/src/px4_msgs) by extensions ['colcon_meta']
[0.348s] Level 1:colcon.colcon_core.package_identification:_identify(/home/vboxuser/fake_ws/drone_control_nano/src/px4_msgs) by extension 'colcon_meta'
[0.348s] Level 1:colcon.colcon_core.package_identification:_identify(/home/vboxuser/fake_ws/drone_control_nano/src/px4_msgs) by extensions ['ros']
[0.348s] Level 1:colcon.colcon_core.package_identification:_identify(/home/vboxuser/fake_ws/drone_control_nano/src/px4_msgs) by extension 'ros'
[0.348s] Level 1:colcon.colcon_core.package_identification:_identify(/home/vboxuser/fake_ws/drone_control_nano/src/px4_msgs) by extensions ['cmake', 'python']
[0.348s] Level 1:colcon.colcon_core.package_identification:_identify(/home/vboxuser/fake_ws/drone_control_nano/src/px4_msgs) by extension 'cmake'
[0.349s] Level 1:colcon.colcon_core.package_identification:_identify(/home/vboxuser/fake_ws/drone_control_nano/src/px4_msgs) by extension 'python'
[0.349s] Level 1:colcon.colcon_core.package_identification:_identify(/home/vboxuser/fake_ws/drone_control_nano/src/px4_msgs) by extensions ['python_setup_py']
[0.349s] Level 1:colcon.colcon_core.package_identification:_identify(/home/vboxuser/fake_ws/drone_control_nano/src/px4_msgs) by extension 'python_setup_py'
[0.349s] Level 1:colcon.colcon_core.package_identification:_identify(/home/vboxuser/fake_ws/drone_control_nano/src/px4_ros_com) by extensions ['ignore', 'ignore_ament_install']
[0.349s] Level 1:colcon.colcon_core.package_identification:_identify(/home/vboxuser/fake_ws/drone_control_nano/src/px4_ros_com) by extension 'ignore'
[0.349s] Level 1:colcon.colcon_core.package_identification:_identify(/home/vboxuser/fake_ws/drone_control_nano/src/px4_ros_com) by extension 'ignore_ament_install'
[0.349s] Level 1:colcon.colcon_core.package_identification:_identify(/home/vboxuser/fake_ws/drone_control_nano/src/px4_ros_com) by extensions ['colcon_pkg']
[0.349s] Level 1:colcon.colcon_core.package_identification:_identify(/home/vboxuser/fake_ws/drone_control_nano/src/px4_ros_com) by extension 'colcon_pkg'
[0.349s] Level 1:colcon.colcon_core.package_identification:_identify(/home/vboxuser/fake_ws/drone_control_nano/src/px4_ros_com) by extensions ['colcon_meta']
[0.349s] Level 1:colcon.colcon_core.package_identification:_identify(/home/vboxuser/fake_ws/drone_control_nano/src/px4_ros_com) by extension 'colcon_meta'
[0.349s] Level 1:colcon.colcon_core.package_identification:_identify(/home/vboxuser/fake_ws/drone_control_nano/src/px4_ros_com) by extensions ['ros']
[0.349s] Level 1:colcon.colcon_core.package_identification:_identify(/home/vboxuser/fake_ws/drone_control_nano/src/px4_ros_com) by extension 'ros'
[0.349s] Level 1:colcon.colcon_core.package_identification:_identify(/home/vboxuser/fake_ws/drone_control_nano/src/px4_ros_com) by extensions ['cmake', 'python']
[0.349s] Level 1:colcon.colcon_core.package_identification:_identify(/home/vboxuser/fake_ws/drone_control_nano/src/px4_ros_com) by extension 'cmake'
[0.349s] Level 1:colcon.colcon_core.package_identification:_identify(/home/vboxuser/fake_ws/drone_control_nano/src/px4_ros_com) by extension 'python'
[0.349s] Level 1:colcon.colcon_core.package_identification:_identify(/home/vboxuser/fake_ws/drone_control_nano/src/px4_ros_com) by extensions ['python_setup_py']
[0.349s] Level 1:colcon.colcon_core.package_identification:_identify(/home/vboxuser/fake_ws/drone_control_nano/src/px4_ros_com) by extension 'python_setup_py'
[0.349s] Level 1:colcon.colcon_core.package_identification:_identify(/home/vboxuser/fake_ws/drone_control_nano/src/v4l2_camera) by extensions ['ignore', 'ignore_ament_install']
[0.349s] Level 1:colcon.colcon_core.package_identification:_identify(/home/vboxuser/fake_ws/drone_control_nano/src/v4l2_camera) by extension 'ignore'
[0.349s] Level 1:colcon.colcon_core.package_identification:_identify(/home/vboxuser/fake_ws/drone_control_nano/src/v4l2_camera) by extension 'ignore_ament_install'
[0.349s] Level 1:colcon.colcon_core.package_identification:_identify(/home/vboxuser/fake_ws/drone_control_nano/src/v4l2_camera) by extensions ['colcon_pkg']
[0.349s] Level 1:colcon.colcon_core.package_identification:_identify(/home/vboxuser/fake_ws/drone_control_nano/src/v4l2_camera) by extension 'colcon_pkg'
[0.350s] Level 1:colcon.colcon_core.package_identification:_identify(/home/vboxuser/fake_ws/drone_control_nano/src/v4l2_camera) by extensions ['colcon_meta']
[0.350s] Level 1:colcon.colcon_core.package_identification:_identify(/home/vboxuser/fake_ws/drone_control_nano/src/v4l2_camera) by extension 'colcon_meta'
[0.350s] Level 1:colcon.colcon_core.package_identification:_identify(/home/vboxuser/fake_ws/drone_control_nano/src/v4l2_camera) by extensions ['ros']
[0.350s] Level 1:colcon.colcon_core.package_identification:_identify(/home/vboxuser/fake_ws/drone_control_nano/src/v4l2_camera) by extension 'ros'
[0.350s] Level 1:colcon.colcon_core.package_identification:_identify(/home/vboxuser/fake_ws/drone_control_nano/src/v4l2_camera) by extensions ['cmake', 'python']
[0.350s] Level 1:colcon.colcon_core.package_identification:_identify(/home/vboxuser/fake_ws/drone_control_nano/src/v4l2_camera) by extension 'cmake'
[0.350s] Level 1:colcon.colcon_core.package_identification:_identify(/home/vboxuser/fake_ws/drone_control_nano/src/v4l2_camera) by extension 'python'
[0.350s] Level 1:colcon.colcon_core.package_identification:_identify(/home/vboxuser/fake_ws/drone_control_nano/src/v4l2_camera) by extensions ['python_setup_py']
[0.350s] Level 1:colcon.colcon_core.package_identification:_identify(/home/vboxuser/fake_ws/drone_control_nano/src/v4l2_camera) by extension 'python_setup_py'
[0.350s] Level 1:colcon.colcon_core.package_discovery:discover_packages(recursive) using defaults
