[6.906s] Invoking command in '/home/nano/ros2_uav_ws/src/ROS2_PX4_Offboard_Example/px4_offboard': AMENT_PREFIX_PATH=/home/nano/ros2_uav_ws/install/px4_msgs:${AMENT_PREFIX_PATH} CMAKE_PREFIX_PATH=/home/nano/ros2_uav_ws/install/px4_msgs LD_LIBRARY_PATH=/home/nano/ros2_uav_ws/install/px4_msgs/lib:${LD_LIBRARY_PATH} PYTHONPATH=/home/nano/ros2_uav_ws/build/px4_offboard/prefix_override:/home/nano/.local/lib/python3.10/site-packages/colcon_core/task/python/colcon_distutils_commands:/home/nano/ros2_uav_ws/install/px4_offboard/lib/python3.10/site-packages:/home/nano/ros2_uav_ws/install/px4_msgs/local/lib/python3.10/dist-packages:${PYTHONPATH} /usr/bin/python3 -W ignore:setup.py install is deprecated setup.py egg_info --egg-base ../../../build/px4_offboard build --build-base /home/nano/ros2_uav_ws/build/px4_offboard/build install --record /home/nano/ros2_uav_ws/build/px4_offboard/install.log --single-version-externally-managed install_data
[8.763s] running egg_info
[8.900s] writing ../../../build/px4_offboard/px4_offboard.egg-info/PKG-INFO
[8.907s] writing dependency_links to ../../../build/px4_offboard/px4_offboard.egg-info/dependency_links.txt
[8.909s] writing entry points to ../../../build/px4_offboard/px4_offboard.egg-info/entry_points.txt
[8.910s] writing requirements to ../../../build/px4_offboard/px4_offboard.egg-info/requires.txt
[8.912s] writing top-level names to ../../../build/px4_offboard/px4_offboard.egg-info/top_level.txt
[9.192s] reading manifest file '../../../build/px4_offboard/px4_offboard.egg-info/SOURCES.txt'
[9.197s] adding license file 'LICENSE'
[9.200s] writing manifest file '../../../build/px4_offboard/px4_offboard.egg-info/SOURCES.txt'
[9.202s] running build
[9.202s] running build_py
[9.205s] copying px4_offboard/control.py -> /home/nano/ros2_uav_ws/build/px4_offboard/build/lib/px4_offboard
[9.208s] copying px4_offboard/processes.py -> /home/nano/ros2_uav_ws/build/px4_offboard/build/lib/px4_offboard
[9.210s] copying px4_offboard/velocity_control.py -> /home/nano/ros2_uav_ws/build/px4_offboard/build/lib/px4_offboard
[9.214s] copying px4_offboard/__init__.py -> /home/nano/ros2_uav_ws/build/px4_offboard/build/lib/px4_offboard
[9.215s] copying px4_offboard/visualizer.py -> /home/nano/ros2_uav_ws/build/px4_offboard/build/lib/px4_offboard
[9.217s] running install
[9.242s] running install_lib
[9.391s] running install_data
[9.394s] copying resource/px4_offboard -> /home/nano/ros2_uav_ws/install/px4_offboard/share/ament_index/resource_index/packages
[9.395s] copying resource/visualize.rviz -> /home/nano/ros2_uav_ws/install/px4_offboard/share/ament_index/resource_index/packages
[9.398s] copying package.xml -> /home/nano/ros2_uav_ws/install/px4_offboard/share/px4_offboard
[9.399s] copying launch/offboard_velocity_control.launch.py -> /home/nano/ros2_uav_ws/install/px4_offboard/share/px4_offboard
[9.401s] copying resource/visualize.rviz -> /home/nano/ros2_uav_ws/install/px4_offboard/share/px4_offboard
[9.403s] running install_egg_info
[9.542s] removing '/home/nano/ros2_uav_ws/install/px4_offboard/lib/python3.10/site-packages/px4_offboard-0.0.0-py3.10.egg-info' (and everything under it)
[9.544s] Copying ../../../build/px4_offboard/px4_offboard.egg-info to /home/nano/ros2_uav_ws/install/px4_offboard/lib/python3.10/site-packages/px4_offboard-0.0.0-py3.10.egg-info
[9.555s] running install_scripts
[10.715s] Installing control script to /home/nano/ros2_uav_ws/install/px4_offboard/lib/px4_offboard
[10.719s] Installing offboard_control script to /home/nano/ros2_uav_ws/install/px4_offboard/lib/px4_offboard
[10.721s] Installing processes script to /home/nano/ros2_uav_ws/install/px4_offboard/lib/px4_offboard
[10.722s] Installing velocity_control script to /home/nano/ros2_uav_ws/install/px4_offboard/lib/px4_offboard
[10.724s] Installing visualizer script to /home/nano/ros2_uav_ws/install/px4_offboard/lib/px4_offboard
[10.726s] writing list of installed files to '/home/nano/ros2_uav_ws/build/px4_offboard/install.log'
[10.898s] Invoked command in '/home/nano/ros2_uav_ws/src/ROS2_PX4_Offboard_Example/px4_offboard' returned '0': AMENT_PREFIX_PATH=/home/nano/ros2_uav_ws/install/px4_msgs:${AMENT_PREFIX_PATH} CMAKE_PREFIX_PATH=/home/nano/ros2_uav_ws/install/px4_msgs LD_LIBRARY_PATH=/home/nano/ros2_uav_ws/install/px4_msgs/lib:${LD_LIBRARY_PATH} PYTHONPATH=/home/nano/ros2_uav_ws/build/px4_offboard/prefix_override:/home/nano/.local/lib/python3.10/site-packages/colcon_core/task/python/colcon_distutils_commands:/home/nano/ros2_uav_ws/install/px4_offboard/lib/python3.10/site-packages:/home/nano/ros2_uav_ws/install/px4_msgs/local/lib/python3.10/dist-packages:${PYTHONPATH} /usr/bin/python3 -W ignore:setup.py install is deprecated setup.py egg_info --egg-base ../../../build/px4_offboard build --build-base /home/nano/ros2_uav_ws/build/px4_offboard/build install --record /home/nano/ros2_uav_ws/build/px4_offboard/install.log --single-version-externally-managed install_data
